[ 2015-09-16T20:53:44+08:00 ] 127.0.0.1 /taobaoke/
INFO: [ app_init ] --START--
INFO: Run Behavior\BuildLiteBehavior [ RunTime:0.000000s ]
INFO: Run Common\Behavior\InitHookBehavior [ RunTime:0.000000s ]
INFO: [ app_init ] --END-- [ RunTime:0.000000s ]
INFO: [ app_begin ] --START--
INFO: Run Behavior\ReadHtmlCacheBehavior [ RunTime:0.000000s ]
INFO: [ app_begin ] --END-- [ RunTime:0.000000s ]
SQL: SHOW COLUMNS FROM `onethink_config` [ RunTime:0.0469s ]
SQL: SELECT `type`,`name`,`value` FROM `onethink_config` WHERE `status` = 1  [ RunTime:0.0313s ]
NOTIC: [8] Use of undefined constant UID - assumed 'UID' D:\Program Files\PHPStudy\WWW\taobaoke\Application\Home\Controller\HomeController.class.php 第 38 行.
SQL: SHOW COLUMNS FROM `onethink_tag` [ RunTime:0.0313s ]
SQL: SELECT `id`,`tag_name`,`status` FROM `onethink_tag` WHERE `status` >= 0 ORDER BY id desc  [ RunTime:0.0000s ]
SQL: SHOW COLUMNS FROM `onethink_document` [ RunTime:0.0156s ]
SQL: SELECT * FROM `onethink_document` WHERE `status` = 1 AND `position` = 4 LIMIT 9   [ RunTime:0.0000s ]
SQL: SHOW COLUMNS FROM `onethink_category_goods` [ RunTime:0.0313s ]
SQL: SELECT `id`,`category_name`,`type`,`p_id`,`goods_num`,`status`,`sort` FROM `onethink_category_goods` WHERE `status` >= 0 ORDER BY id desc  [ RunTime:0.0000s ]
SQL: SHOW COLUMNS FROM `onethink_topic` [ RunTime:0.0000s ]
SQL: SELECT `id`,`topic_name`,`icon`,`pic_url`,`status`,`discription` FROM `onethink_topic` WHERE `status` >= 0 ORDER BY id desc  [ RunTime:0.0000s ]
SQL: SHOW COLUMNS FROM `onethink_ad` [ RunTime:0.0469s ]
SQL: SELECT COUNT(*) AS tp_count FROM `onethink_ad` WHERE `status` >= 0 LIMIT 1   [ RunTime:0.0469s ]
SQL: SELECT `id`,`title`,`pic_url`,`link`,`status`,`create_time` FROM `onethink_ad` WHERE `status` >= 0 ORDER BY id desc LIMIT 0,12   [ RunTime:0.0000s ]
SQL: SHOW COLUMNS FROM `onethink_goods` [ RunTime:0.0313s ]
SQL: SHOW COLUMNS FROM `onethink_goods` [ RunTime:0.0156s ]
SQL: SELECT COUNT(*) AS tp_count FROM `onethink_goods` WHERE `status` >= 0 LIMIT 1   [ RunTime:0.0000s ]
SQL: SELECT `goods_id`,`num_iid`,`title`,`cate_id`,`tid`,`goods_type`,`provcity`,`nick`,`add_id`,`add_uname`,`seller_credit`,`discount_price`,`price`,`volume`,`comment_count`,`pic_url`,`item_url`,`click_url`,`shop_url`,`sclick_url`,`item_body`,`status`,`seo_title`,`seo_keywords`,`seo_description`,`ctime`,`hits`,`favor`,`sort`,`tag` FROM `onethink_goods` WHERE `status` >= 0 ORDER BY goods_id desc LIMIT 0,12   [ RunTime:0.0000s ]
NOTIC: [8] Undefined variable: totalPage D:\Program Files\PHPStudy\WWW\taobaoke\Application\Home\Controller\IndexController.class.php 第 16 行.
NOTIC: [8] Undefined variable: flink D:\Program Files\PHPStudy\WWW\taobaoke\Application\Home\Controller\IndexController.class.php 第 17 行.
INFO: [ view_parse ] --START--
INFO: [ template_filter ] --START--
INFO: Run Behavior\ContentReplaceBehavior [ RunTime:0.000000s ]
INFO: [ template_filter ] --END-- [ RunTime:0.000000s ]
NOTIC: [8] Undefined variable: nav_url D:\Program Files\PHPStudy\WWW\taobaoke\Runtime\Cache\Home\769e70f2e46f34ceb60619bbda5e4691.php 第 50 行.
SQL: SHOW COLUMNS FROM `onethink_channel` [ RunTime:0.0313s ]
SQL: SELECT `id`,`pid`,`title`,`url`,`sort`,`create_time`,`update_time`,`status`,`target` FROM `onethink_channel` WHERE ( status=1 ) ORDER BY sort  [ RunTime:0.0156s ]
NOTIC: [8] Undefined variable: my D:\Program Files\PHPStudy\WWW\taobaoke\Runtime\Cache\Home\769e70f2e46f34ceb60619bbda5e4691.php 第 140 行.
NOTIC: [8] Undefined index: goods_id D:\Program Files\PHPStudy\WWW\taobaoke\Runtime\Cache\Home\769e70f2e46f34ceb60619bbda5e4691.php 第 236 行.
NOTIC: [8] Undefined index: goods_id D:\Program Files\PHPStudy\WWW\taobaoke\Runtime\Cache\Home\769e70f2e46f34ceb60619bbda5e4691.php 第 236 行.
NOTIC: [8] Undefined index: goods_id D:\Program Files\PHPStudy\WWW\taobaoke\Runtime\Cache\Home\769e70f2e46f34ceb60619bbda5e4691.php 第 236 行.
NOTIC: [8] Undefined index: goods_id D:\Program Files\PHPStudy\WWW\taobaoke\Runtime\Cache\Home\769e70f2e46f34ceb60619bbda5e4691.php 第 236 行.
NOTIC: [8] Undefined index: goods_id D:\Program Files\PHPStudy\WWW\taobaoke\Runtime\Cache\Home\769e70f2e46f34ceb60619bbda5e4691.php 第 236 行.
NOTIC: [8] Undefined index: goods_id D:\Program Files\PHPStudy\WWW\taobaoke\Runtime\Cache\Home\769e70f2e46f34ceb60619bbda5e4691.php 第 236 行.
NOTIC: [8] Undefined index: goods_id D:\Program Files\PHPStudy\WWW\taobaoke\Runtime\Cache\Home\769e70f2e46f34ceb60619bbda5e4691.php 第 236 行.
NOTIC: [8] Undefined index: goods_id D:\Program Files\PHPStudy\WWW\taobaoke\Runtime\Cache\Home\769e70f2e46f34ceb60619bbda5e4691.php 第 236 行.
NOTIC: [8] Undefined index: goods_id D:\Program Files\PHPStudy\WWW\taobaoke\Runtime\Cache\Home\769e70f2e46f34ceb60619bbda5e4691.php 第 236 行.
NOTIC: [8] Undefined index: goods_id D:\Program Files\PHPStudy\WWW\taobaoke\Runtime\Cache\Home\769e70f2e46f34ceb60619bbda5e4691.php 第 236 行.
NOTIC: [8] Undefined index: goods_id D:\Program Files\PHPStudy\WWW\taobaoke\Runtime\Cache\Home\769e70f2e46f34ceb60619bbda5e4691.php 第 236 行.
NOTIC: [8] Undefined index: goods_id D:\Program Files\PHPStudy\WWW\taobaoke\Runtime\Cache\Home\769e70f2e46f34ceb60619bbda5e4691.php 第 236 行.
NOTIC: [8] Use of undefined constant path - assumed 'path' D:\Program Files\PHPStudy\WWW\taobaoke\Runtime\Cache\Home\769e70f2e46f34ceb60619bbda5e4691.php 第 259 行.
SQL: SHOW COLUMNS FROM `onethink_picture` [ RunTime:0.0000s ]
SQL: SELECT * FROM `onethink_picture` WHERE `status` = 1 AND `id` = 23 LIMIT 1   [ RunTime:0.0000s ]
NOTIC: [8] Use of undefined constant path - assumed 'path' D:\Program Files\PHPStudy\WWW\taobaoke\Runtime\Cache\Home\769e70f2e46f34ceb60619bbda5e4691.php 第 259 行.
SQL: SELECT * FROM `onethink_picture` WHERE `status` = 1 AND `id` = 24 LIMIT 1   [ RunTime:0.0000s ]
NOTIC: [8] Use of undefined constant path - assumed 'path' D:\Program Files\PHPStudy\WWW\taobaoke\Runtime\Cache\Home\769e70f2e46f34ceb60619bbda5e4691.php 第 259 行.
SQL: SELECT * FROM `onethink_picture` WHERE `status` = 1 AND `id` = 24 LIMIT 1   [ RunTime:0.0000s ]
NOTIC: [8] Use of undefined constant path - assumed 'path' D:\Program Files\PHPStudy\WWW\taobaoke\Runtime\Cache\Home\769e70f2e46f34ceb60619bbda5e4691.php 第 259 行.
SQL: SELECT * FROM `onethink_picture` WHERE `status` = 1 AND `id` = 24 LIMIT 1   [ RunTime:0.0000s ]
NOTIC: [8] Use of undefined constant path - assumed 'path' D:\Program Files\PHPStudy\WWW\taobaoke\Runtime\Cache\Home\769e70f2e46f34ceb60619bbda5e4691.php 第 259 行.
SQL: SELECT * FROM `onethink_picture` WHERE `status` = 1 AND `id` = 24 LIMIT 1   [ RunTime:0.0000s ]
NOTIC: [8] Undefined variable: articleSort D:\Program Files\PHPStudy\WWW\taobaoke\Runtime\Cache\Home\769e70f2e46f34ceb60619bbda5e4691.php 第 297 行.
NOTIC: [8] Undefined variable: articleSort D:\Program Files\PHPStudy\WWW\taobaoke\Runtime\Cache\Home\769e70f2e46f34ceb60619bbda5e4691.php 第 298 行.
NOTIC: [8] Undefined variable: article D:\Program Files\PHPStudy\WWW\taobaoke\Runtime\Cache\Home\769e70f2e46f34ceb60619bbda5e4691.php 第 298 行.
NOTIC: [8] Undefined variable: articleSort D:\Program Files\PHPStudy\WWW\taobaoke\Runtime\Cache\Home\769e70f2e46f34ceb60619bbda5e4691.php 第 302 行.
NOTIC: [8] Undefined variable: articleSort D:\Program Files\PHPStudy\WWW\taobaoke\Runtime\Cache\Home\769e70f2e46f34ceb60619bbda5e4691.php 第 303 行.
NOTIC: [8] Undefined variable: article D:\Program Files\PHPStudy\WWW\taobaoke\Runtime\Cache\Home\769e70f2e46f34ceb60619bbda5e4691.php 第 303 行.
NOTIC: [8] Undefined variable: articleSort D:\Program Files\PHPStudy\WWW\taobaoke\Runtime\Cache\Home\769e70f2e46f34ceb60619bbda5e4691.php 第 307 行.
NOTIC: [8] Undefined variable: articleSort D:\Program Files\PHPStudy\WWW\taobaoke\Runtime\Cache\Home\769e70f2e46f34ceb60619bbda5e4691.php 第 308 行.
NOTIC: [8] Undefined variable: article D:\Program Files\PHPStudy\WWW\taobaoke\Runtime\Cache\Home\769e70f2e46f34ceb60619bbda5e4691.php 第 308 行.
NOTIC: [8] Undefined variable: articleSort D:\Program Files\PHPStudy\WWW\taobaoke\Runtime\Cache\Home\769e70f2e46f34ceb60619bbda5e4691.php 第 312 行.
NOTIC: [8] Undefined variable: articleSort D:\Program Files\PHPStudy\WWW\taobaoke\Runtime\Cache\Home\769e70f2e46f34ceb60619bbda5e4691.php 第 313 行.
NOTIC: [8] Undefined variable: article D:\Program Files\PHPStudy\WWW\taobaoke\Runtime\Cache\Home\769e70f2e46f34ceb60619bbda5e4691.php 第 313 行.
INFO: Run Behavior\ParseTemplateBehavior [ RunTime:0.109375s ]
INFO: [ view_parse ] --END-- [ RunTime:0.109375s ]
INFO: [ view_filter ] --START--
INFO: Run Behavior\WriteHtmlCacheBehavior [ RunTime:0.000000s ]
INFO: [ view_filter ] --END-- [ RunTime:0.000000s ]
INFO: [ app_end ] --START--
INFO: Run Behavior\ShowPageTraceBehavior [ RunTime:0.015625s ]
INFO: [ app_end ] --END-- [ RunTime:0.015625s ]

[ 2015-09-16T20:53:46+08:00 ] 127.0.0.1 /taobaoke/
INFO: [ app_init ] --START--
INFO: Run Behavior\BuildLiteBehavior [ RunTime:0.000000s ]
INFO: Run Common\Behavior\InitHookBehavior [ RunTime:0.000000s ]
INFO: [ app_init ] --END-- [ RunTime:0.000000s ]
INFO: [ app_begin ] --START--
INFO: Run Behavior\ReadHtmlCacheBehavior [ RunTime:0.031250s ]
INFO: [ app_begin ] --END-- [ RunTime:0.031250s ]
SQL: SHOW COLUMNS FROM `onethink_config` [ RunTime:0.0000s ]
SQL: SELECT `type`,`name`,`value` FROM `onethink_config` WHERE `status` = 1  [ RunTime:0.0000s ]
NOTIC: [8] Use of undefined constant UID - assumed 'UID' D:\Program Files\PHPStudy\WWW\taobaoke\Application\Home\Controller\HomeController.class.php 第 38 行.
SQL: SHOW COLUMNS FROM `onethink_tag` [ RunTime:0.0000s ]
SQL: SELECT `id`,`tag_name`,`status` FROM `onethink_tag` WHERE `status` >= 0 ORDER BY id desc  [ RunTime:0.0000s ]
SQL: SHOW COLUMNS FROM `onethink_document` [ RunTime:0.0156s ]
SQL: SELECT * FROM `onethink_document` WHERE `status` = 1 AND `position` = 4 LIMIT 9   [ RunTime:0.0000s ]
SQL: SHOW COLUMNS FROM `onethink_category_goods` [ RunTime:0.0156s ]
SQL: SELECT `id`,`category_name`,`type`,`p_id`,`goods_num`,`status`,`sort` FROM `onethink_category_goods` WHERE `status` >= 0 ORDER BY id desc  [ RunTime:0.0000s ]
SQL: SHOW COLUMNS FROM `onethink_topic` [ RunTime:0.0000s ]
SQL: SELECT `id`,`topic_name`,`icon`,`pic_url`,`status`,`discription` FROM `onethink_topic` WHERE `status` >= 0 ORDER BY id desc  [ RunTime:0.0000s ]
SQL: SHOW COLUMNS FROM `onethink_ad` [ RunTime:0.0156s ]
SQL: SELECT COUNT(*) AS tp_count FROM `onethink_ad` WHERE `status` >= 0 LIMIT 1   [ RunTime:0.0000s ]
SQL: SELECT `id`,`title`,`pic_url`,`link`,`status`,`create_time` FROM `onethink_ad` WHERE `status` >= 0 ORDER BY id desc LIMIT 0,12   [ RunTime:0.0000s ]
SQL: SHOW COLUMNS FROM `onethink_goods` [ RunTime:0.0156s ]
SQL: SHOW COLUMNS FROM `onethink_goods` [ RunTime:0.0000s ]
SQL: SELECT COUNT(*) AS tp_count FROM `onethink_goods` WHERE `status` >= 0 LIMIT 1   [ RunTime:0.0156s ]
SQL: SELECT `goods_id`,`num_iid`,`title`,`cate_id`,`tid`,`goods_type`,`provcity`,`nick`,`add_id`,`add_uname`,`seller_credit`,`discount_price`,`price`,`volume`,`comment_count`,`pic_url`,`item_url`,`click_url`,`shop_url`,`sclick_url`,`item_body`,`status`,`seo_title`,`seo_keywords`,`seo_description`,`ctime`,`hits`,`favor`,`sort`,`tag` FROM `onethink_goods` WHERE `status` >= 0 ORDER BY goods_id desc LIMIT 0,12   [ RunTime:0.0000s ]
NOTIC: [8] Undefined variable: totalPage D:\Program Files\PHPStudy\WWW\taobaoke\Application\Home\Controller\IndexController.class.php 第 16 行.
NOTIC: [8] Undefined variable: flink D:\Program Files\PHPStudy\WWW\taobaoke\Application\Home\Controller\IndexController.class.php 第 17 行.
INFO: [ view_parse ] --START--
INFO: [ template_filter ] --START--
INFO: Run Behavior\ContentReplaceBehavior [ RunTime:0.000000s ]
INFO: [ template_filter ] --END-- [ RunTime:0.000000s ]
NOTIC: [8] Undefined variable: nav_url D:\Program Files\PHPStudy\WWW\taobaoke\Runtime\Cache\Home\769e70f2e46f34ceb60619bbda5e4691.php 第 50 行.
SQL: SHOW COLUMNS FROM `onethink_channel` [ RunTime:0.0000s ]
SQL: SELECT `id`,`pid`,`title`,`url`,`sort`,`create_time`,`update_time`,`status`,`target` FROM `onethink_channel` WHERE ( status=1 ) ORDER BY sort  [ RunTime:0.0156s ]
NOTIC: [8] Undefined variable: my D:\Program Files\PHPStudy\WWW\taobaoke\Runtime\Cache\Home\769e70f2e46f34ceb60619bbda5e4691.php 第 140 行.
NOTIC: [8] Undefined index: goods_id D:\Program Files\PHPStudy\WWW\taobaoke\Runtime\Cache\Home\769e70f2e46f34ceb60619bbda5e4691.php 第 236 行.
NOTIC: [8] Undefined index: goods_id D:\Program Files\PHPStudy\WWW\taobaoke\Runtime\Cache\Home\769e70f2e46f34ceb60619bbda5e4691.php 第 236 行.
NOTIC: [8] Undefined index: goods_id D:\Program Files\PHPStudy\WWW\taobaoke\Runtime\Cache\Home\769e70f2e46f34ceb60619bbda5e4691.php 第 236 行.
NOTIC: [8] Undefined index: goods_id D:\Program Files\PHPStudy\WWW\taobaoke\Runtime\Cache\Home\769e70f2e46f34ceb60619bbda5e4691.php 第 236 行.
NOTIC: [8] Undefined index: goods_id D:\Program Files\PHPStudy\WWW\taobaoke\Runtime\Cache\Home\769e70f2e46f34ceb60619bbda5e4691.php 第 236 行.
NOTIC: [8] Undefined index: goods_id D:\Program Files\PHPStudy\WWW\taobaoke\Runtime\Cache\Home\769e70f2e46f34ceb60619bbda5e4691.php 第 236 行.
NOTIC: [8] Undefined index: goods_id D:\Program Files\PHPStudy\WWW\taobaoke\Runtime\Cache\Home\769e70f2e46f34ceb60619bbda5e4691.php 第 236 行.
NOTIC: [8] Undefined index: goods_id D:\Program Files\PHPStudy\WWW\taobaoke\Runtime\Cache\Home\769e70f2e46f34ceb60619bbda5e4691.php 第 236 行.
NOTIC: [8] Undefined index: goods_id D:\Program Files\PHPStudy\WWW\taobaoke\Runtime\Cache\Home\769e70f2e46f34ceb60619bbda5e4691.php 第 236 行.
NOTIC: [8] Undefined index: goods_id D:\Program Files\PHPStudy\WWW\taobaoke\Runtime\Cache\Home\769e70f2e46f34ceb60619bbda5e4691.php 第 236 行.
NOTIC: [8] Undefined index: goods_id D:\Program Files\PHPStudy\WWW\taobaoke\Runtime\Cache\Home\769e70f2e46f34ceb60619bbda5e4691.php 第 236 行.
NOTIC: [8] Undefined index: goods_id D:\Program Files\PHPStudy\WWW\taobaoke\Runtime\Cache\Home\769e70f2e46f34ceb60619bbda5e4691.php 第 236 行.
NOTIC: [8] Use of undefined constant path - assumed 'path' D:\Program Files\PHPStudy\WWW\taobaoke\Runtime\Cache\Home\769e70f2e46f34ceb60619bbda5e4691.php 第 259 行.
SQL: SHOW COLUMNS FROM `onethink_picture` [ RunTime:0.0313s ]
SQL: SELECT * FROM `onethink_picture` WHERE `status` = 1 AND `id` = 23 LIMIT 1   [ RunTime:0.0000s ]
NOTIC: [8] Use of undefined constant path - assumed 'path' D:\Program Files\PHPStudy\WWW\taobaoke\Runtime\Cache\Home\769e70f2e46f34ceb60619bbda5e4691.php 第 259 行.
SQL: SELECT * FROM `onethink_picture` WHERE `status` = 1 AND `id` = 24 LIMIT 1   [ RunTime:0.0000s ]
NOTIC: [8] Use of undefined constant path - assumed 'path' D:\Program Files\PHPStudy\WWW\taobaoke\Runtime\Cache\Home\769e70f2e46f34ceb60619bbda5e4691.php 第 259 行.
SQL: SELECT * FROM `onethink_picture` WHERE `status` = 1 AND `id` = 24 LIMIT 1   [ RunTime:0.0000s ]
NOTIC: [8] Use of undefined constant path - assumed 'path' D:\Program Files\PHPStudy\WWW\taobaoke\Runtime\Cache\Home\769e70f2e46f34ceb60619bbda5e4691.php 第 259 行.
SQL: SELECT * FROM `onethink_picture` WHERE `status` = 1 AND `id` = 24 LIMIT 1   [ RunTime:0.0000s ]
NOTIC: [8] Use of undefined constant path - assumed 'path' D:\Program Files\PHPStudy\WWW\taobaoke\Runtime\Cache\Home\769e70f2e46f34ceb60619bbda5e4691.php 第 259 行.
SQL: SELECT * FROM `onethink_picture` WHERE `status` = 1 AND `id` = 24 LIMIT 1   [ RunTime:0.0000s ]
NOTIC: [8] Undefined variable: articleSort D:\Program Files\PHPStudy\WWW\taobaoke\Runtime\Cache\Home\769e70f2e46f34ceb60619bbda5e4691.php 第 297 行.
NOTIC: [8] Undefined variable: articleSort D:\Program Files\PHPStudy\WWW\taobaoke\Runtime\Cache\Home\769e70f2e46f34ceb60619bbda5e4691.php 第 298 行.
NOTIC: [8] Undefined variable: article D:\Program Files\PHPStudy\WWW\taobaoke\Runtime\Cache\Home\769e70f2e46f34ceb60619bbda5e4691.php 第 298 行.
NOTIC: [8] Undefined variable: articleSort D:\Program Files\PHPStudy\WWW\taobaoke\Runtime\Cache\Home\769e70f2e46f34ceb60619bbda5e4691.php 第 302 行.
NOTIC: [8] Undefined variable: articleSort D:\Program Files\PHPStudy\WWW\taobaoke\Runtime\Cache\Home\769e70f2e46f34ceb60619bbda5e4691.php 第 303 行.
NOTIC: [8] Undefined variable: article D:\Program Files\PHPStudy\WWW\taobaoke\Runtime\Cache\Home\769e70f2e46f34ceb60619bbda5e4691.php 第 303 行.
NOTIC: [8] Undefined variable: articleSort D:\Program Files\PHPStudy\WWW\taobaoke\Runtime\Cache\Home\769e70f2e46f34ceb60619bbda5e4691.php 第 307 行.
NOTIC: [8] Undefined variable: articleSort D:\Program Files\PHPStudy\WWW\taobaoke\Runtime\Cache\Home\769e70f2e46f34ceb60619bbda5e4691.php 第 308 行.
NOTIC: [8] Undefined variable: article D:\Program Files\PHPStudy\WWW\taobaoke\Runtime\Cache\Home\769e70f2e46f34ceb60619bbda5e4691.php 第 308 行.
NOTIC: [8] Undefined variable: articleSort D:\Program Files\PHPStudy\WWW\taobaoke\Runtime\Cache\Home\769e70f2e46f34ceb60619bbda5e4691.php 第 312 行.
NOTIC: [8] Undefined variable: articleSort D:\Program Files\PHPStudy\WWW\taobaoke\Runtime\Cache\Home\769e70f2e46f34ceb60619bbda5e4691.php 第 313 行.
NOTIC: [8] Undefined variable: article D:\Program Files\PHPStudy\WWW\taobaoke\Runtime\Cache\Home\769e70f2e46f34ceb60619bbda5e4691.php 第 313 行.
INFO: Run Behavior\ParseTemplateBehavior [ RunTime:0.125000s ]
INFO: [ view_parse ] --END-- [ RunTime:0.125000s ]
INFO: [ view_filter ] --START--
INFO: Run Behavior\WriteHtmlCacheBehavior [ RunTime:0.000000s ]
INFO: [ view_filter ] --END-- [ RunTime:0.000000s ]
INFO: [ app_end ] --START--
INFO: Run Behavior\ShowPageTraceBehavior [ RunTime:0.000000s ]
INFO: [ app_end ] --END-- [ RunTime:0.000000s ]

[ 2015-09-16T21:02:17+08:00 ] 127.0.0.1 /taobaoke/index.php?s=/Home/Index/index.html
INFO: [ app_init ] --START--
INFO: Run Behavior\BuildLiteBehavior [ RunTime:0.000000s ]
INFO: Run Common\Behavior\InitHookBehavior [ RunTime:0.000000s ]
INFO: [ app_init ] --END-- [ RunTime:0.000000s ]
INFO: [ app_begin ] --START--
INFO: Run Behavior\ReadHtmlCacheBehavior [ RunTime:0.000000s ]
INFO: [ app_begin ] --END-- [ RunTime:0.000000s ]
SQL: SHOW COLUMNS FROM `onethink_config` [ RunTime:0.0000s ]
SQL: SELECT `type`,`name`,`value` FROM `onethink_config` WHERE `status` = 1  [ RunTime:0.0000s ]
NOTIC: [8] Use of undefined constant UID - assumed 'UID' D:\Program Files\PHPStudy\WWW\taobaoke\Application\Home\Controller\HomeController.class.php 第 38 行.
SQL: SHOW COLUMNS FROM `onethink_tag` [ RunTime:0.0156s ]
SQL: SELECT `id`,`tag_name`,`status` FROM `onethink_tag` WHERE `status` >= 0 ORDER BY id desc  [ RunTime:0.0000s ]
SQL: SHOW COLUMNS FROM `onethink_document` [ RunTime:0.0000s ]
SQL: SELECT * FROM `onethink_document` WHERE `status` = 1 AND `position` = 4 LIMIT 9   [ RunTime:0.0000s ]
SQL: SHOW COLUMNS FROM `onethink_category_goods` [ RunTime:0.0156s ]
SQL: SELECT `id`,`category_name`,`type`,`p_id`,`goods_num`,`status`,`sort` FROM `onethink_category_goods` WHERE `status` >= 0 ORDER BY id desc  [ RunTime:0.0000s ]
SQL: SHOW COLUMNS FROM `onethink_topic` [ RunTime:0.0000s ]
SQL: SELECT `id`,`topic_name`,`icon`,`pic_url`,`status`,`discription` FROM `onethink_topic` WHERE `status` >= 0 ORDER BY id desc  [ RunTime:0.0000s ]
SQL: SHOW COLUMNS FROM `onethink_ad` [ RunTime:0.0000s ]
SQL: SELECT COUNT(*) AS tp_count FROM `onethink_ad` WHERE `status` >= 0 LIMIT 1   [ RunTime:0.0000s ]
SQL: SELECT `id`,`title`,`pic_url`,`link`,`status`,`create_time` FROM `onethink_ad` WHERE `status` >= 0 ORDER BY id desc LIMIT 0,12   [ RunTime:0.0000s ]
SQL: SHOW COLUMNS FROM `onethink_goods` [ RunTime:0.0156s ]
SQL: SHOW COLUMNS FROM `onethink_goods` [ RunTime:0.0000s ]
SQL: SELECT COUNT(*) AS tp_count FROM `onethink_goods` WHERE `status` >= 0 LIMIT 1   [ RunTime:0.0000s ]
SQL: SELECT `goods_id`,`num_iid`,`title`,`cate_id`,`tid`,`goods_type`,`provcity`,`nick`,`add_id`,`add_uname`,`seller_credit`,`discount_price`,`price`,`volume`,`comment_count`,`pic_url`,`item_url`,`click_url`,`shop_url`,`sclick_url`,`item_body`,`status`,`seo_title`,`seo_keywords`,`seo_description`,`ctime`,`hits`,`favor`,`sort`,`tag` FROM `onethink_goods` WHERE `status` >= 0 ORDER BY goods_id desc LIMIT 0,12   [ RunTime:0.0000s ]
NOTIC: [8] Undefined variable: totalPage D:\Program Files\PHPStudy\WWW\taobaoke\Application\Home\Controller\IndexController.class.php 第 16 行.
NOTIC: [8] Undefined variable: flink D:\Program Files\PHPStudy\WWW\taobaoke\Application\Home\Controller\IndexController.class.php 第 17 行.
INFO: [ view_parse ] --START--
INFO: [ template_filter ] --START--
INFO: Run Behavior\ContentReplaceBehavior [ RunTime:0.000000s ]
INFO: [ template_filter ] --END-- [ RunTime:0.000000s ]
SQL: SHOW COLUMNS FROM `onethink_channel` [ RunTime:0.0000s ]
SQL: SELECT `id`,`pid`,`title`,`url`,`sort`,`create_time`,`update_time`,`status`,`target` FROM `onethink_channel` WHERE ( status=1 ) ORDER BY sort  [ RunTime:0.0000s ]
NOTIC: [8] Undefined variable: my D:\Program Files\PHPStudy\WWW\taobaoke\Runtime\Cache\Home\769e70f2e46f34ceb60619bbda5e4691.php 第 140 行.
NOTIC: [8] Undefined index: goods_id D:\Program Files\PHPStudy\WWW\taobaoke\Runtime\Cache\Home\769e70f2e46f34ceb60619bbda5e4691.php 第 236 行.
NOTIC: [8] Undefined index: goods_id D:\Program Files\PHPStudy\WWW\taobaoke\Runtime\Cache\Home\769e70f2e46f34ceb60619bbda5e4691.php 第 236 行.
NOTIC: [8] Undefined index: goods_id D:\Program Files\PHPStudy\WWW\taobaoke\Runtime\Cache\Home\769e70f2e46f34ceb60619bbda5e4691.php 第 236 行.
NOTIC: [8] Undefined index: goods_id D:\Program Files\PHPStudy\WWW\taobaoke\Runtime\Cache\Home\769e70f2e46f34ceb60619bbda5e4691.php 第 236 行.
NOTIC: [8] Undefined index: goods_id D:\Program Files\PHPStudy\WWW\taobaoke\Runtime\Cache\Home\769e70f2e46f34ceb60619bbda5e4691.php 第 236 行.
NOTIC: [8] Undefined index: goods_id D:\Program Files\PHPStudy\WWW\taobaoke\Runtime\Cache\Home\769e70f2e46f34ceb60619bbda5e4691.php 第 236 行.
NOTIC: [8] Undefined index: goods_id D:\Program Files\PHPStudy\WWW\taobaoke\Runtime\Cache\Home\769e70f2e46f34ceb60619bbda5e4691.php 第 236 行.
NOTIC: [8] Undefined index: goods_id D:\Program Files\PHPStudy\WWW\taobaoke\Runtime\Cache\Home\769e70f2e46f34ceb60619bbda5e4691.php 第 236 行.
NOTIC: [8] Undefined index: goods_id D:\Program Files\PHPStudy\WWW\taobaoke\Runtime\Cache\Home\769e70f2e46f34ceb60619bbda5e4691.php 第 236 行.
NOTIC: [8] Undefined index: goods_id D:\Program Files\PHPStudy\WWW\taobaoke\Runtime\Cache\Home\769e70f2e46f34ceb60619bbda5e4691.php 第 236 行.
NOTIC: [8] Undefined index: goods_id D:\Program Files\PHPStudy\WWW\taobaoke\Runtime\Cache\Home\769e70f2e46f34ceb60619bbda5e4691.php 第 236 行.
NOTIC: [8] Undefined index: goods_id D:\Program Files\PHPStudy\WWW\taobaoke\Runtime\Cache\Home\769e70f2e46f34ceb60619bbda5e4691.php 第 236 行.
NOTIC: [8] Use of undefined constant path - assumed 'path' D:\Program Files\PHPStudy\WWW\taobaoke\Runtime\Cache\Home\769e70f2e46f34ceb60619bbda5e4691.php 第 259 行.
SQL: SHOW COLUMNS FROM `onethink_picture` [ RunTime:0.0000s ]
SQL: SELECT * FROM `onethink_picture` WHERE `status` = 1 AND `id` = 23 LIMIT 1   [ RunTime:0.0000s ]
NOTIC: [8] Use of undefined constant path - assumed 'path' D:\Program Files\PHPStudy\WWW\taobaoke\Runtime\Cache\Home\769e70f2e46f34ceb60619bbda5e4691.php 第 259 行.
SQL: SELECT * FROM `onethink_picture` WHERE `status` = 1 AND `id` = 24 LIMIT 1   [ RunTime:0.0000s ]
NOTIC: [8] Use of undefined constant path - assumed 'path' D:\Program Files\PHPStudy\WWW\taobaoke\Runtime\Cache\Home\769e70f2e46f34ceb60619bbda5e4691.php 第 259 行.
SQL: SELECT * FROM `onethink_picture` WHERE `status` = 1 AND `id` = 24 LIMIT 1   [ RunTime:0.0000s ]
NOTIC: [8] Use of undefined constant path - assumed 'path' D:\Program Files\PHPStudy\WWW\taobaoke\Runtime\Cache\Home\769e70f2e46f34ceb60619bbda5e4691.php 第 259 行.
SQL: SELECT * FROM `onethink_picture` WHERE `status` = 1 AND `id` = 24 LIMIT 1   [ RunTime:0.0000s ]
NOTIC: [8] Use of undefined constant path - assumed 'path' D:\Program Files\PHPStudy\WWW\taobaoke\Runtime\Cache\Home\769e70f2e46f34ceb60619bbda5e4691.php 第 259 行.
SQL: SELECT * FROM `onethink_picture` WHERE `status` = 1 AND `id` = 24 LIMIT 1   [ RunTime:0.0000s ]
NOTIC: [8] Undefined variable: articleSort D:\Program Files\PHPStudy\WWW\taobaoke\Runtime\Cache\Home\769e70f2e46f34ceb60619bbda5e4691.php 第 297 行.
NOTIC: [8] Undefined variable: articleSort D:\Program Files\PHPStudy\WWW\taobaoke\Runtime\Cache\Home\769e70f2e46f34ceb60619bbda5e4691.php 第 298 行.
NOTIC: [8] Undefined variable: article D:\Program Files\PHPStudy\WWW\taobaoke\Runtime\Cache\Home\769e70f2e46f34ceb60619bbda5e4691.php 第 298 行.
NOTIC: [8] Undefined variable: articleSort D:\Program Files\PHPStudy\WWW\taobaoke\Runtime\Cache\Home\769e70f2e46f34ceb60619bbda5e4691.php 第 302 行.
NOTIC: [8] Undefined variable: articleSort D:\Program Files\PHPStudy\WWW\taobaoke\Runtime\Cache\Home\769e70f2e46f34ceb60619bbda5e4691.php 第 303 行.
NOTIC: [8] Undefined variable: article D:\Program Files\PHPStudy\WWW\taobaoke\Runtime\Cache\Home\769e70f2e46f34ceb60619bbda5e4691.php 第 303 行.
NOTIC: [8] Undefined variable: articleSort D:\Program Files\PHPStudy\WWW\taobaoke\Runtime\Cache\Home\769e70f2e46f34ceb60619bbda5e4691.php 第 307 行.
NOTIC: [8] Undefined variable: articleSort D:\Program Files\PHPStudy\WWW\taobaoke\Runtime\Cache\Home\769e70f2e46f34ceb60619bbda5e4691.php 第 308 行.
NOTIC: [8] Undefined variable: article D:\Program Files\PHPStudy\WWW\taobaoke\Runtime\Cache\Home\769e70f2e46f34ceb60619bbda5e4691.php 第 308 行.
NOTIC: [8] Undefined variable: articleSort D:\Program Files\PHPStudy\WWW\taobaoke\Runtime\Cache\Home\769e70f2e46f34ceb60619bbda5e4691.php 第 312 行.
NOTIC: [8] Undefined variable: articleSort D:\Program Files\PHPStudy\WWW\taobaoke\Runtime\Cache\Home\769e70f2e46f34ceb60619bbda5e4691.php 第 313 行.
NOTIC: [8] Undefined variable: article D:\Program Files\PHPStudy\WWW\taobaoke\Runtime\Cache\Home\769e70f2e46f34ceb60619bbda5e4691.php 第 313 行.
INFO: Run Behavior\ParseTemplateBehavior [ RunTime:0.093750s ]
INFO: [ view_parse ] --END-- [ RunTime:0.093750s ]
INFO: [ view_filter ] --START--
INFO: Run Behavior\WriteHtmlCacheBehavior [ RunTime:0.000000s ]
INFO: [ view_filter ] --END-- [ RunTime:0.000000s ]
INFO: [ app_end ] --START--
INFO: Run Behavior\ShowPageTraceBehavior [ RunTime:0.000000s ]
INFO: [ app_end ] --END-- [ RunTime:0.000000s ]

[ 2015-09-16T21:02:18+08:00 ] 127.0.0.1 /taobaoke/
INFO: [ app_init ] --START--
INFO: Run Behavior\BuildLiteBehavior [ RunTime:0.000000s ]
INFO: Run Common\Behavior\InitHookBehavior [ RunTime:0.000000s ]
INFO: [ app_init ] --END-- [ RunTime:0.000000s ]
INFO: [ app_begin ] --START--
INFO: Run Behavior\ReadHtmlCacheBehavior [ RunTime:0.000000s ]
INFO: [ app_begin ] --END-- [ RunTime:0.000000s ]
SQL: SHOW COLUMNS FROM `onethink_config` [ RunTime:0.0156s ]
SQL: SELECT `type`,`name`,`value` FROM `onethink_config` WHERE `status` = 1  [ RunTime:0.0000s ]
NOTIC: [8] Use of undefined constant UID - assumed 'UID' D:\Program Files\PHPStudy\WWW\taobaoke\Application\Home\Controller\HomeController.class.php 第 38 行.
SQL: SHOW COLUMNS FROM `onethink_tag` [ RunTime:0.0156s ]
SQL: SELECT `id`,`tag_name`,`status` FROM `onethink_tag` WHERE `status` >= 0 ORDER BY id desc  [ RunTime:0.0000s ]
SQL: SHOW COLUMNS FROM `onethink_document` [ RunTime:0.0156s ]
SQL: SELECT * FROM `onethink_document` WHERE `status` = 1 AND `position` = 4 LIMIT 9   [ RunTime:0.0000s ]
SQL: SHOW COLUMNS FROM `onethink_category_goods` [ RunTime:0.0000s ]
SQL: SELECT `id`,`category_name`,`type`,`p_id`,`goods_num`,`status`,`sort` FROM `onethink_category_goods` WHERE `status` >= 0 ORDER BY id desc  [ RunTime:0.0000s ]
SQL: SHOW COLUMNS FROM `onethink_topic` [ RunTime:0.0156s ]
SQL: SELECT `id`,`topic_name`,`icon`,`pic_url`,`status`,`discription` FROM `onethink_topic` WHERE `status` >= 0 ORDER BY id desc  [ RunTime:0.0000s ]
SQL: SHOW COLUMNS FROM `onethink_ad` [ RunTime:0.0156s ]
SQL: SELECT COUNT(*) AS tp_count FROM `onethink_ad` WHERE `status` >= 0 LIMIT 1   [ RunTime:0.0000s ]
SQL: SELECT `id`,`title`,`pic_url`,`link`,`status`,`create_time` FROM `onethink_ad` WHERE `status` >= 0 ORDER BY id desc LIMIT 0,12   [ RunTime:0.0000s ]
SQL: SHOW COLUMNS FROM `onethink_goods` [ RunTime:0.0000s ]
SQL: SHOW COLUMNS FROM `onethink_goods` [ RunTime:0.0156s ]
SQL: SELECT COUNT(*) AS tp_count FROM `onethink_goods` WHERE `status` >= 0 LIMIT 1   [ RunTime:0.0000s ]
SQL: SELECT `goods_id`,`num_iid`,`title`,`cate_id`,`tid`,`goods_type`,`provcity`,`nick`,`add_id`,`add_uname`,`seller_credit`,`discount_price`,`price`,`volume`,`comment_count`,`pic_url`,`item_url`,`click_url`,`shop_url`,`sclick_url`,`item_body`,`status`,`seo_title`,`seo_keywords`,`seo_description`,`ctime`,`hits`,`favor`,`sort`,`tag` FROM `onethink_goods` WHERE `status` >= 0 ORDER BY goods_id desc LIMIT 0,12   [ RunTime:0.0000s ]
NOTIC: [8] Undefined variable: totalPage D:\Program Files\PHPStudy\WWW\taobaoke\Application\Home\Controller\IndexController.class.php 第 16 行.
NOTIC: [8] Undefined variable: flink D:\Program Files\PHPStudy\WWW\taobaoke\Application\Home\Controller\IndexController.class.php 第 17 行.
INFO: [ view_parse ] --START--
INFO: [ template_filter ] --START--
INFO: Run Behavior\ContentReplaceBehavior [ RunTime:0.000000s ]
INFO: [ template_filter ] --END-- [ RunTime:0.000000s ]
NOTIC: [8] Undefined variable: nav_url D:\Program Files\PHPStudy\WWW\taobaoke\Runtime\Cache\Home\769e70f2e46f34ceb60619bbda5e4691.php 第 50 行.
SQL: SHOW COLUMNS FROM `onethink_channel` [ RunTime:0.0000s ]
SQL: SELECT `id`,`pid`,`title`,`url`,`sort`,`create_time`,`update_time`,`status`,`target` FROM `onethink_channel` WHERE ( status=1 ) ORDER BY sort  [ RunTime:0.0000s ]
NOTIC: [8] Undefined variable: my D:\Program Files\PHPStudy\WWW\taobaoke\Runtime\Cache\Home\769e70f2e46f34ceb60619bbda5e4691.php 第 140 行.
NOTIC: [8] Undefined index: goods_id D:\Program Files\PHPStudy\WWW\taobaoke\Runtime\Cache\Home\769e70f2e46f34ceb60619bbda5e4691.php 第 236 行.
NOTIC: [8] Undefined index: goods_id D:\Program Files\PHPStudy\WWW\taobaoke\Runtime\Cache\Home\769e70f2e46f34ceb60619bbda5e4691.php 第 236 行.
NOTIC: [8] Undefined index: goods_id D:\Program Files\PHPStudy\WWW\taobaoke\Runtime\Cache\Home\769e70f2e46f34ceb60619bbda5e4691.php 第 236 行.
NOTIC: [8] Undefined index: goods_id D:\Program Files\PHPStudy\WWW\taobaoke\Runtime\Cache\Home\769e70f2e46f34ceb60619bbda5e4691.php 第 236 行.
NOTIC: [8] Undefined index: goods_id D:\Program Files\PHPStudy\WWW\taobaoke\Runtime\Cache\Home\769e70f2e46f34ceb60619bbda5e4691.php 第 236 行.
NOTIC: [8] Undefined index: goods_id D:\Program Files\PHPStudy\WWW\taobaoke\Runtime\Cache\Home\769e70f2e46f34ceb60619bbda5e4691.php 第 236 行.
NOTIC: [8] Undefined index: goods_id D:\Program Files\PHPStudy\WWW\taobaoke\Runtime\Cache\Home\769e70f2e46f34ceb60619bbda5e4691.php 第 236 行.
NOTIC: [8] Undefined index: goods_id D:\Program Files\PHPStudy\WWW\taobaoke\Runtime\Cache\Home\769e70f2e46f34ceb60619bbda5e4691.php 第 236 行.
NOTIC: [8] Undefined index: goods_id D:\Program Files\PHPStudy\WWW\taobaoke\Runtime\Cache\Home\769e70f2e46f34ceb60619bbda5e4691.php 第 236 行.
NOTIC: [8] Undefined index: goods_id D:\Program Files\PHPStudy\WWW\taobaoke\Runtime\Cache\Home\769e70f2e46f34ceb60619bbda5e4691.php 第 236 行.
NOTIC: [8] Undefined index: goods_id D:\Program Files\PHPStudy\WWW\taobaoke\Runtime\Cache\Home\769e70f2e46f34ceb60619bbda5e4691.php 第 236 行.
NOTIC: [8] Undefined index: goods_id D:\Program Files\PHPStudy\WWW\taobaoke\Runtime\Cache\Home\769e70f2e46f34ceb60619bbda5e4691.php 第 236 行.
NOTIC: [8] Use of undefined constant path - assumed 'path' D:\Program Files\PHPStudy\WWW\taobaoke\Runtime\Cache\Home\769e70f2e46f34ceb60619bbda5e4691.php 第 259 行.
SQL: SHOW COLUMNS FROM `onethink_picture` [ RunTime:0.0625s ]
SQL: SELECT * FROM `onethink_picture` WHERE `status` = 1 AND `id` = 23 LIMIT 1   [ RunTime:0.0000s ]
NOTIC: [8] Use of undefined constant path - assumed 'path' D:\Program Files\PHPStudy\WWW\taobaoke\Runtime\Cache\Home\769e70f2e46f34ceb60619bbda5e4691.php 第 259 行.
SQL: SELECT * FROM `onethink_picture` WHERE `status` = 1 AND `id` = 24 LIMIT 1   [ RunTime:0.0000s ]
NOTIC: [8] Use of undefined constant path - assumed 'path' D:\Program Files\PHPStudy\WWW\taobaoke\Runtime\Cache\Home\769e70f2e46f34ceb60619bbda5e4691.php 第 259 行.
SQL: SELECT * FROM `onethink_picture` WHERE `status` = 1 AND `id` = 24 LIMIT 1   [ RunTime:0.0000s ]
NOTIC: [8] Use of undefined constant path - assumed 'path' D:\Program Files\PHPStudy\WWW\taobaoke\Runtime\Cache\Home\769e70f2e46f34ceb60619bbda5e4691.php 第 259 行.
SQL: SELECT * FROM `onethink_picture` WHERE `status` = 1 AND `id` = 24 LIMIT 1   [ RunTime:0.0000s ]
NOTIC: [8] Use of undefined constant path - assumed 'path' D:\Program Files\PHPStudy\WWW\taobaoke\Runtime\Cache\Home\769e70f2e46f34ceb60619bbda5e4691.php 第 259 行.
SQL: SELECT * FROM `onethink_picture` WHERE `status` = 1 AND `id` = 24 LIMIT 1   [ RunTime:0.0000s ]
NOTIC: [8] Undefined variable: articleSort D:\Program Files\PHPStudy\WWW\taobaoke\Runtime\Cache\Home\769e70f2e46f34ceb60619bbda5e4691.php 第 297 行.
NOTIC: [8] Undefined variable: articleSort D:\Program Files\PHPStudy\WWW\taobaoke\Runtime\Cache\Home\769e70f2e46f34ceb60619bbda5e4691.php 第 298 行.
NOTIC: [8] Undefined variable: article D:\Program Files\PHPStudy\WWW\taobaoke\Runtime\Cache\Home\769e70f2e46f34ceb60619bbda5e4691.php 第 298 行.
NOTIC: [8] Undefined variable: articleSort D:\Program Files\PHPStudy\WWW\taobaoke\Runtime\Cache\Home\769e70f2e46f34ceb60619bbda5e4691.php 第 302 行.
NOTIC: [8] Undefined variable: articleSort D:\Program Files\PHPStudy\WWW\taobaoke\Runtime\Cache\Home\769e70f2e46f34ceb60619bbda5e4691.php 第 303 行.
NOTIC: [8] Undefined variable: article D:\Program Files\PHPStudy\WWW\taobaoke\Runtime\Cache\Home\769e70f2e46f34ceb60619bbda5e4691.php 第 303 行.
NOTIC: [8] Undefined variable: articleSort D:\Program Files\PHPStudy\WWW\taobaoke\Runtime\Cache\Home\769e70f2e46f34ceb60619bbda5e4691.php 第 307 行.
NOTIC: [8] Undefined variable: articleSort D:\Program Files\PHPStudy\WWW\taobaoke\Runtime\Cache\Home\769e70f2e46f34ceb60619bbda5e4691.php 第 308 行.
NOTIC: [8] Undefined variable: article D:\Program Files\PHPStudy\WWW\taobaoke\Runtime\Cache\Home\769e70f2e46f34ceb60619bbda5e4691.php 第 308 行.
NOTIC: [8] Undefined variable: articleSort D:\Program Files\PHPStudy\WWW\taobaoke\Runtime\Cache\Home\769e70f2e46f34ceb60619bbda5e4691.php 第 312 行.
NOTIC: [8] Undefined variable: articleSort D:\Program Files\PHPStudy\WWW\taobaoke\Runtime\Cache\Home\769e70f2e46f34ceb60619bbda5e4691.php 第 313 行.
NOTIC: [8] Undefined variable: article D:\Program Files\PHPStudy\WWW\taobaoke\Runtime\Cache\Home\769e70f2e46f34ceb60619bbda5e4691.php 第 313 行.
INFO: Run Behavior\ParseTemplateBehavior [ RunTime:0.140625s ]
INFO: [ view_parse ] --END-- [ RunTime:0.140625s ]
INFO: [ view_filter ] --START--
INFO: Run Behavior\WriteHtmlCacheBehavior [ RunTime:0.000000s ]
INFO: [ view_filter ] --END-- [ RunTime:0.000000s ]
INFO: [ app_end ] --START--
INFO: Run Behavior\ShowPageTraceBehavior [ RunTime:0.000000s ]
INFO: [ app_end ] --END-- [ RunTime:0.000000s ]

[ 2015-09-16T21:28:49+08:00 ] 127.0.0.1 /taobaoke/
INFO: [ app_init ] --START--
INFO: Run Behavior\BuildLiteBehavior [ RunTime:0.000000s ]
INFO: Run Common\Behavior\InitHookBehavior [ RunTime:0.000000s ]
INFO: [ app_init ] --END-- [ RunTime:0.000000s ]
INFO: [ app_begin ] --START--
INFO: Run Behavior\ReadHtmlCacheBehavior [ RunTime:0.000000s ]
INFO: [ app_begin ] --END-- [ RunTime:0.000000s ]
SQL: SHOW COLUMNS FROM `onethink_config` [ RunTime:0.0156s ]
SQL: SELECT `type`,`name`,`value` FROM `onethink_config` WHERE `status` = 1  [ RunTime:0.0000s ]
NOTIC: [8] Use of undefined constant UID - assumed 'UID' D:\Program Files\PHPStudy\WWW\taobaoke\Application\Home\Controller\HomeController.class.php 第 38 行.
SQL: SHOW COLUMNS FROM `onethink_tag` [ RunTime:0.0156s ]
SQL: SELECT `id`,`tag_name`,`status` FROM `onethink_tag` WHERE `status` >= 0 ORDER BY id desc  [ RunTime:0.0000s ]
SQL: SHOW COLUMNS FROM `onethink_document` [ RunTime:0.0156s ]
SQL: SELECT * FROM `onethink_document` WHERE `status` = 1 AND `position` = 4 LIMIT 9   [ RunTime:0.0000s ]
SQL: SHOW COLUMNS FROM `onethink_category_goods` [ RunTime:0.0156s ]
SQL: SELECT `id`,`category_name`,`type`,`p_id`,`goods_num`,`status`,`sort` FROM `onethink_category_goods` WHERE `status` >= 0 ORDER BY id desc  [ RunTime:0.0000s ]
SQL: SHOW COLUMNS FROM `onethink_topic` [ RunTime:0.0156s ]
SQL: SELECT `id`,`topic_name`,`icon`,`pic_url`,`status`,`discription` FROM `onethink_topic` WHERE `status` >= 0 ORDER BY id desc  [ RunTime:0.0000s ]
SQL: SHOW COLUMNS FROM `onethink_ad` [ RunTime:0.0000s ]
SQL: SELECT COUNT(*) AS tp_count FROM `onethink_ad` WHERE `status` >= 0 LIMIT 1   [ RunTime:0.0000s ]
SQL: SELECT `id`,`title`,`pic_url`,`link`,`status`,`create_time` FROM `onethink_ad` WHERE `status` >= 0 ORDER BY id desc LIMIT 0,12   [ RunTime:0.0000s ]
SQL: SHOW COLUMNS FROM `onethink_goods` [ RunTime:0.0000s ]
SQL: SHOW COLUMNS FROM `onethink_goods` [ RunTime:0.0156s ]
SQL: SELECT COUNT(*) AS tp_count FROM `onethink_goods` WHERE `status` >= 0 LIMIT 1   [ RunTime:0.0000s ]
SQL: SELECT `goods_id`,`num_iid`,`title`,`cate_id`,`tid`,`goods_type`,`provcity`,`nick`,`add_id`,`add_uname`,`seller_credit`,`discount_price`,`price`,`volume`,`comment_count`,`pic_url`,`item_url`,`click_url`,`shop_url`,`sclick_url`,`item_body`,`status`,`seo_title`,`seo_keywords`,`seo_description`,`ctime`,`hits`,`favor`,`sort`,`tag` FROM `onethink_goods` WHERE `status` >= 0 ORDER BY goods_id desc LIMIT 0,12   [ RunTime:0.0000s ]
NOTIC: [8] Undefined variable: totalPage D:\Program Files\PHPStudy\WWW\taobaoke\Application\Home\Controller\IndexController.class.php 第 16 行.
NOTIC: [8] Undefined variable: flink D:\Program Files\PHPStudy\WWW\taobaoke\Application\Home\Controller\IndexController.class.php 第 17 行.
INFO: [ view_parse ] --START--
INFO: [ template_filter ] --START--
INFO: Run Behavior\ContentReplaceBehavior [ RunTime:0.000000s ]
INFO: [ template_filter ] --END-- [ RunTime:0.000000s ]
NOTIC: [8] Undefined variable: nav_url D:\Program Files\PHPStudy\WWW\taobaoke\Runtime\Cache\Home\769e70f2e46f34ceb60619bbda5e4691.php 第 50 行.
SQL: SHOW COLUMNS FROM `onethink_channel` [ RunTime:0.0000s ]
SQL: SELECT `id`,`pid`,`title`,`url`,`sort`,`create_time`,`update_time`,`status`,`target` FROM `onethink_channel` WHERE ( status=1 ) ORDER BY sort  [ RunTime:0.0000s ]
NOTIC: [8] Undefined variable: my D:\Program Files\PHPStudy\WWW\taobaoke\Runtime\Cache\Home\769e70f2e46f34ceb60619bbda5e4691.php 第 140 行.
NOTIC: [8] Undefined index: goods_id D:\Program Files\PHPStudy\WWW\taobaoke\Runtime\Cache\Home\769e70f2e46f34ceb60619bbda5e4691.php 第 236 行.
NOTIC: [8] Undefined index: goods_id D:\Program Files\PHPStudy\WWW\taobaoke\Runtime\Cache\Home\769e70f2e46f34ceb60619bbda5e4691.php 第 236 行.
NOTIC: [8] Undefined index: goods_id D:\Program Files\PHPStudy\WWW\taobaoke\Runtime\Cache\Home\769e70f2e46f34ceb60619bbda5e4691.php 第 236 行.
NOTIC: [8] Undefined index: goods_id D:\Program Files\PHPStudy\WWW\taobaoke\Runtime\Cache\Home\769e70f2e46f34ceb60619bbda5e4691.php 第 236 行.
NOTIC: [8] Undefined index: goods_id D:\Program Files\PHPStudy\WWW\taobaoke\Runtime\Cache\Home\769e70f2e46f34ceb60619bbda5e4691.php 第 236 行.
NOTIC: [8] Undefined index: goods_id D:\Program Files\PHPStudy\WWW\taobaoke\Runtime\Cache\Home\769e70f2e46f34ceb60619bbda5e4691.php 第 236 行.
NOTIC: [8] Undefined index: goods_id D:\Program Files\PHPStudy\WWW\taobaoke\Runtime\Cache\Home\769e70f2e46f34ceb60619bbda5e4691.php 第 236 行.
NOTIC: [8] Undefined index: goods_id D:\Program Files\PHPStudy\WWW\taobaoke\Runtime\Cache\Home\769e70f2e46f34ceb60619bbda5e4691.php 第 236 行.
NOTIC: [8] Undefined index: goods_id D:\Program Files\PHPStudy\WWW\taobaoke\Runtime\Cache\Home\769e70f2e46f34ceb60619bbda5e4691.php 第 236 行.
NOTIC: [8] Undefined index: goods_id D:\Program Files\PHPStudy\WWW\taobaoke\Runtime\Cache\Home\769e70f2e46f34ceb60619bbda5e4691.php 第 236 行.
NOTIC: [8] Undefined index: goods_id D:\Program Files\PHPStudy\WWW\taobaoke\Runtime\Cache\Home\769e70f2e46f34ceb60619bbda5e4691.php 第 236 行.
NOTIC: [8] Undefined index: goods_id D:\Program Files\PHPStudy\WWW\taobaoke\Runtime\Cache\Home\769e70f2e46f34ceb60619bbda5e4691.php 第 236 行.
NOTIC: [8] Use of undefined constant path - assumed 'path' D:\Program Files\PHPStudy\WWW\taobaoke\Runtime\Cache\Home\769e70f2e46f34ceb60619bbda5e4691.php 第 259 行.
SQL: SHOW COLUMNS FROM `onethink_picture` [ RunTime:0.0000s ]
SQL: SELECT * FROM `onethink_picture` WHERE `status` = 1 AND `id` = 23 LIMIT 1   [ RunTime:0.0000s ]
NOTIC: [8] Use of undefined constant path - assumed 'path' D:\Program Files\PHPStudy\WWW\taobaoke\Runtime\Cache\Home\769e70f2e46f34ceb60619bbda5e4691.php 第 259 行.
SQL: SELECT * FROM `onethink_picture` WHERE `status` = 1 AND `id` = 24 LIMIT 1   [ RunTime:0.0000s ]
NOTIC: [8] Use of undefined constant path - assumed 'path' D:\Program Files\PHPStudy\WWW\taobaoke\Runtime\Cache\Home\769e70f2e46f34ceb60619bbda5e4691.php 第 259 行.
SQL: SELECT * FROM `onethink_picture` WHERE `status` = 1 AND `id` = 24 LIMIT 1   [ RunTime:0.0000s ]
NOTIC: [8] Use of undefined constant path - assumed 'path' D:\Program Files\PHPStudy\WWW\taobaoke\Runtime\Cache\Home\769e70f2e46f34ceb60619bbda5e4691.php 第 259 行.
SQL: SELECT * FROM `onethink_picture` WHERE `status` = 1 AND `id` = 24 LIMIT 1   [ RunTime:0.0000s ]
NOTIC: [8] Use of undefined constant path - assumed 'path' D:\Program Files\PHPStudy\WWW\taobaoke\Runtime\Cache\Home\769e70f2e46f34ceb60619bbda5e4691.php 第 259 行.
SQL: SELECT * FROM `onethink_picture` WHERE `status` = 1 AND `id` = 24 LIMIT 1   [ RunTime:0.0156s ]
NOTIC: [8] Undefined variable: articleSort D:\Program Files\PHPStudy\WWW\taobaoke\Runtime\Cache\Home\769e70f2e46f34ceb60619bbda5e4691.php 第 297 行.
NOTIC: [8] Undefined variable: articleSort D:\Program Files\PHPStudy\WWW\taobaoke\Runtime\Cache\Home\769e70f2e46f34ceb60619bbda5e4691.php 第 298 行.
NOTIC: [8] Undefined variable: article D:\Program Files\PHPStudy\WWW\taobaoke\Runtime\Cache\Home\769e70f2e46f34ceb60619bbda5e4691.php 第 298 行.
NOTIC: [8] Undefined variable: articleSort D:\Program Files\PHPStudy\WWW\taobaoke\Runtime\Cache\Home\769e70f2e46f34ceb60619bbda5e4691.php 第 302 行.
NOTIC: [8] Undefined variable: articleSort D:\Program Files\PHPStudy\WWW\taobaoke\Runtime\Cache\Home\769e70f2e46f34ceb60619bbda5e4691.php 第 303 行.
NOTIC: [8] Undefined variable: article D:\Program Files\PHPStudy\WWW\taobaoke\Runtime\Cache\Home\769e70f2e46f34ceb60619bbda5e4691.php 第 303 行.
NOTIC: [8] Undefined variable: articleSort D:\Program Files\PHPStudy\WWW\taobaoke\Runtime\Cache\Home\769e70f2e46f34ceb60619bbda5e4691.php 第 307 行.
NOTIC: [8] Undefined variable: articleSort D:\Program Files\PHPStudy\WWW\taobaoke\Runtime\Cache\Home\769e70f2e46f34ceb60619bbda5e4691.php 第 308 行.
NOTIC: [8] Undefined variable: article D:\Program Files\PHPStudy\WWW\taobaoke\Runtime\Cache\Home\769e70f2e46f34ceb60619bbda5e4691.php 第 308 行.
NOTIC: [8] Undefined variable: articleSort D:\Program Files\PHPStudy\WWW\taobaoke\Runtime\Cache\Home\769e70f2e46f34ceb60619bbda5e4691.php 第 312 行.
NOTIC: [8] Undefined variable: articleSort D:\Program Files\PHPStudy\WWW\taobaoke\Runtime\Cache\Home\769e70f2e46f34ceb60619bbda5e4691.php 第 313 行.
NOTIC: [8] Undefined variable: article D:\Program Files\PHPStudy\WWW\taobaoke\Runtime\Cache\Home\769e70f2e46f34ceb60619bbda5e4691.php 第 313 行.
INFO: Run Behavior\ParseTemplateBehavior [ RunTime:0.093750s ]
INFO: [ view_parse ] --END-- [ RunTime:0.093750s ]
INFO: [ view_filter ] --START--
INFO: Run Behavior\WriteHtmlCacheBehavior [ RunTime:0.000000s ]
INFO: [ view_filter ] --END-- [ RunTime:0.000000s ]
INFO: [ app_end ] --START--
INFO: Run Behavior\ShowPageTraceBehavior [ RunTime:0.000000s ]
INFO: [ app_end ] --END-- [ RunTime:0.000000s ]

[ 2015-09-16T21:28:50+08:00 ] 127.0.0.1 /taobaoke/
INFO: [ app_init ] --START--
INFO: Run Behavior\BuildLiteBehavior [ RunTime:0.000000s ]
INFO: Run Common\Behavior\InitHookBehavior [ RunTime:0.015625s ]
INFO: [ app_init ] --END-- [ RunTime:0.015625s ]
INFO: [ app_begin ] --START--
INFO: Run Behavior\ReadHtmlCacheBehavior [ RunTime:0.000000s ]
INFO: [ app_begin ] --END-- [ RunTime:0.000000s ]
SQL: SHOW COLUMNS FROM `onethink_config` [ RunTime:0.0156s ]
SQL: SELECT `type`,`name`,`value` FROM `onethink_config` WHERE `status` = 1  [ RunTime:0.0000s ]
NOTIC: [8] Use of undefined constant UID - assumed 'UID' D:\Program Files\PHPStudy\WWW\taobaoke\Application\Home\Controller\HomeController.class.php 第 38 行.
SQL: SHOW COLUMNS FROM `onethink_tag` [ RunTime:0.0000s ]
SQL: SELECT `id`,`tag_name`,`status` FROM `onethink_tag` WHERE `status` >= 0 ORDER BY id desc  [ RunTime:0.0000s ]
SQL: SHOW COLUMNS FROM `onethink_document` [ RunTime:0.0000s ]
SQL: SELECT * FROM `onethink_document` WHERE `status` = 1 AND `position` = 4 LIMIT 9   [ RunTime:0.0000s ]
SQL: SHOW COLUMNS FROM `onethink_category_goods` [ RunTime:0.0156s ]
SQL: SELECT `id`,`category_name`,`type`,`p_id`,`goods_num`,`status`,`sort` FROM `onethink_category_goods` WHERE `status` >= 0 ORDER BY id desc  [ RunTime:0.0000s ]
SQL: SHOW COLUMNS FROM `onethink_topic` [ RunTime:0.0156s ]
SQL: SELECT `id`,`topic_name`,`icon`,`pic_url`,`status`,`discription` FROM `onethink_topic` WHERE `status` >= 0 ORDER BY id desc  [ RunTime:0.0000s ]
SQL: SHOW COLUMNS FROM `onethink_ad` [ RunTime:0.0156s ]
SQL: SELECT COUNT(*) AS tp_count FROM `onethink_ad` WHERE `status` >= 0 LIMIT 1   [ RunTime:0.0000s ]
SQL: SELECT `id`,`title`,`pic_url`,`link`,`status`,`create_time` FROM `onethink_ad` WHERE `status` >= 0 ORDER BY id desc LIMIT 0,12   [ RunTime:0.0000s ]
SQL: SHOW COLUMNS FROM `onethink_goods` [ RunTime:0.0156s ]
SQL: SHOW COLUMNS FROM `onethink_goods` [ RunTime:0.0156s ]
SQL: SELECT COUNT(*) AS tp_count FROM `onethink_goods` WHERE `status` >= 0 LIMIT 1   [ RunTime:0.0000s ]
SQL: SELECT `goods_id`,`num_iid`,`title`,`cate_id`,`tid`,`goods_type`,`provcity`,`nick`,`add_id`,`add_uname`,`seller_credit`,`discount_price`,`price`,`volume`,`comment_count`,`pic_url`,`item_url`,`click_url`,`shop_url`,`sclick_url`,`item_body`,`status`,`seo_title`,`seo_keywords`,`seo_description`,`ctime`,`hits`,`favor`,`sort`,`tag` FROM `onethink_goods` WHERE `status` >= 0 ORDER BY goods_id desc LIMIT 0,12   [ RunTime:0.0000s ]
NOTIC: [8] Undefined variable: totalPage D:\Program Files\PHPStudy\WWW\taobaoke\Application\Home\Controller\IndexController.class.php 第 16 行.
NOTIC: [8] Undefined variable: flink D:\Program Files\PHPStudy\WWW\taobaoke\Application\Home\Controller\IndexController.class.php 第 17 行.
INFO: [ view_parse ] --START--
INFO: [ template_filter ] --START--
INFO: Run Behavior\ContentReplaceBehavior [ RunTime:0.000000s ]
INFO: [ template_filter ] --END-- [ RunTime:0.000000s ]
NOTIC: [8] Undefined variable: nav_url D:\Program Files\PHPStudy\WWW\taobaoke\Runtime\Cache\Home\769e70f2e46f34ceb60619bbda5e4691.php 第 50 行.
SQL: SHOW COLUMNS FROM `onethink_channel` [ RunTime:0.0156s ]
SQL: SELECT `id`,`pid`,`title`,`url`,`sort`,`create_time`,`update_time`,`status`,`target` FROM `onethink_channel` WHERE ( status=1 ) ORDER BY sort  [ RunTime:0.0000s ]
NOTIC: [8] Undefined variable: my D:\Program Files\PHPStudy\WWW\taobaoke\Runtime\Cache\Home\769e70f2e46f34ceb60619bbda5e4691.php 第 140 行.
NOTIC: [8] Undefined index: goods_id D:\Program Files\PHPStudy\WWW\taobaoke\Runtime\Cache\Home\769e70f2e46f34ceb60619bbda5e4691.php 第 236 行.
NOTIC: [8] Undefined index: goods_id D:\Program Files\PHPStudy\WWW\taobaoke\Runtime\Cache\Home\769e70f2e46f34ceb60619bbda5e4691.php 第 236 行.
NOTIC: [8] Undefined index: goods_id D:\Program Files\PHPStudy\WWW\taobaoke\Runtime\Cache\Home\769e70f2e46f34ceb60619bbda5e4691.php 第 236 行.
NOTIC: [8] Undefined index: goods_id D:\Program Files\PHPStudy\WWW\taobaoke\Runtime\Cache\Home\769e70f2e46f34ceb60619bbda5e4691.php 第 236 行.
NOTIC: [8] Undefined index: goods_id D:\Program Files\PHPStudy\WWW\taobaoke\Runtime\Cache\Home\769e70f2e46f34ceb60619bbda5e4691.php 第 236 行.
NOTIC: [8] Undefined index: goods_id D:\Program Files\PHPStudy\WWW\taobaoke\Runtime\Cache\Home\769e70f2e46f34ceb60619bbda5e4691.php 第 236 行.
NOTIC: [8] Undefined index: goods_id D:\Program Files\PHPStudy\WWW\taobaoke\Runtime\Cache\Home\769e70f2e46f34ceb60619bbda5e4691.php 第 236 行.
NOTIC: [8] Undefined index: goods_id D:\Program Files\PHPStudy\WWW\taobaoke\Runtime\Cache\Home\769e70f2e46f34ceb60619bbda5e4691.php 第 236 行.
NOTIC: [8] Undefined index: goods_id D:\Program Files\PHPStudy\WWW\taobaoke\Runtime\Cache\Home\769e70f2e46f34ceb60619bbda5e4691.php 第 236 行.
NOTIC: [8] Undefined index: goods_id D:\Program Files\PHPStudy\WWW\taobaoke\Runtime\Cache\Home\769e70f2e46f34ceb60619bbda5e4691.php 第 236 行.
NOTIC: [8] Undefined index: goods_id D:\Program Files\PHPStudy\WWW\taobaoke\Runtime\Cache\Home\769e70f2e46f34ceb60619bbda5e4691.php 第 236 行.
NOTIC: [8] Undefined index: goods_id D:\Program Files\PHPStudy\WWW\taobaoke\Runtime\Cache\Home\769e70f2e46f34ceb60619bbda5e4691.php 第 236 行.
NOTIC: [8] Use of undefined constant path - assumed 'path' D:\Program Files\PHPStudy\WWW\taobaoke\Runtime\Cache\Home\769e70f2e46f34ceb60619bbda5e4691.php 第 259 行.
SQL: SHOW COLUMNS FROM `onethink_picture` [ RunTime:0.0156s ]
SQL: SELECT * FROM `onethink_picture` WHERE `status` = 1 AND `id` = 23 LIMIT 1   [ RunTime:0.0000s ]
NOTIC: [8] Use of undefined constant path - assumed 'path' D:\Program Files\PHPStudy\WWW\taobaoke\Runtime\Cache\Home\769e70f2e46f34ceb60619bbda5e4691.php 第 259 行.
SQL: SELECT * FROM `onethink_picture` WHERE `status` = 1 AND `id` = 24 LIMIT 1   [ RunTime:0.0000s ]
NOTIC: [8] Use of undefined constant path - assumed 'path' D:\Program Files\PHPStudy\WWW\taobaoke\Runtime\Cache\Home\769e70f2e46f34ceb60619bbda5e4691.php 第 259 行.
SQL: SELECT * FROM `onethink_picture` WHERE `status` = 1 AND `id` = 24 LIMIT 1   [ RunTime:0.0000s ]
NOTIC: [8] Use of undefined constant path - assumed 'path' D:\Program Files\PHPStudy\WWW\taobaoke\Runtime\Cache\Home\769e70f2e46f34ceb60619bbda5e4691.php 第 259 行.
SQL: SELECT * FROM `onethink_picture` WHERE `status` = 1 AND `id` = 24 LIMIT 1   [ RunTime:0.0000s ]
NOTIC: [8] Use of undefined constant path - assumed 'path' D:\Program Files\PHPStudy\WWW\taobaoke\Runtime\Cache\Home\769e70f2e46f34ceb60619bbda5e4691.php 第 259 行.
SQL: SELECT * FROM `onethink_picture` WHERE `status` = 1 AND `id` = 24 LIMIT 1   [ RunTime:0.0000s ]
NOTIC: [8] Undefined variable: articleSort D:\Program Files\PHPStudy\WWW\taobaoke\Runtime\Cache\Home\769e70f2e46f34ceb60619bbda5e4691.php 第 297 行.
NOTIC: [8] Undefined variable: articleSort D:\Program Files\PHPStudy\WWW\taobaoke\Runtime\Cache\Home\769e70f2e46f34ceb60619bbda5e4691.php 第 298 行.
NOTIC: [8] Undefined variable: article D:\Program Files\PHPStudy\WWW\taobaoke\Runtime\Cache\Home\769e70f2e46f34ceb60619bbda5e4691.php 第 298 行.
NOTIC: [8] Undefined variable: articleSort D:\Program Files\PHPStudy\WWW\taobaoke\Runtime\Cache\Home\769e70f2e46f34ceb60619bbda5e4691.php 第 302 行.
NOTIC: [8] Undefined variable: articleSort D:\Program Files\PHPStudy\WWW\taobaoke\Runtime\Cache\Home\769e70f2e46f34ceb60619bbda5e4691.php 第 303 行.
NOTIC: [8] Undefined variable: article D:\Program Files\PHPStudy\WWW\taobaoke\Runtime\Cache\Home\769e70f2e46f34ceb60619bbda5e4691.php 第 303 行.
NOTIC: [8] Undefined variable: articleSort D:\Program Files\PHPStudy\WWW\taobaoke\Runtime\Cache\Home\769e70f2e46f34ceb60619bbda5e4691.php 第 307 行.
NOTIC: [8] Undefined variable: articleSort D:\Program Files\PHPStudy\WWW\taobaoke\Runtime\Cache\Home\769e70f2e46f34ceb60619bbda5e4691.php 第 308 行.
NOTIC: [8] Undefined variable: article D:\Program Files\PHPStudy\WWW\taobaoke\Runtime\Cache\Home\769e70f2e46f34ceb60619bbda5e4691.php 第 308 行.
NOTIC: [8] Undefined variable: articleSort D:\Program Files\PHPStudy\WWW\taobaoke\Runtime\Cache\Home\769e70f2e46f34ceb60619bbda5e4691.php 第 312 行.
NOTIC: [8] Undefined variable: articleSort D:\Program Files\PHPStudy\WWW\taobaoke\Runtime\Cache\Home\769e70f2e46f34ceb60619bbda5e4691.php 第 313 行.
NOTIC: [8] Undefined variable: article D:\Program Files\PHPStudy\WWW\taobaoke\Runtime\Cache\Home\769e70f2e46f34ceb60619bbda5e4691.php 第 313 行.
INFO: Run Behavior\ParseTemplateBehavior [ RunTime:0.109375s ]
INFO: [ view_parse ] --END-- [ RunTime:0.109375s ]
INFO: [ view_filter ] --START--
INFO: Run Behavior\WriteHtmlCacheBehavior [ RunTime:0.000000s ]
INFO: [ view_filter ] --END-- [ RunTime:0.000000s ]
INFO: [ app_end ] --START--
INFO: Run Behavior\ShowPageTraceBehavior [ RunTime:0.015625s ]
INFO: [ app_end ] --END-- [ RunTime:0.015625s ]

[ 2015-09-16T21:39:57+08:00 ] 127.0.0.1 /taobaoke/
INFO: [ app_init ] --START--
INFO: Run Behavior\BuildLiteBehavior [ RunTime:0.000000s ]
INFO: Run Common\Behavior\InitHookBehavior [ RunTime:0.000000s ]
INFO: [ app_init ] --END-- [ RunTime:0.015625s ]
INFO: [ app_begin ] --START--
INFO: Run Behavior\ReadHtmlCacheBehavior [ RunTime:0.000000s ]
INFO: [ app_begin ] --END-- [ RunTime:0.000000s ]
SQL: SHOW COLUMNS FROM `onethink_config` [ RunTime:0.0000s ]
SQL: SELECT `type`,`name`,`value` FROM `onethink_config` WHERE `status` = 1  [ RunTime:0.0000s ]
NOTIC: [8] Use of undefined constant UID - assumed 'UID' D:\Program Files\PHPStudy\WWW\taobaoke\Application\Home\Controller\HomeController.class.php 第 38 行.
SQL: SHOW COLUMNS FROM `onethink_tag` [ RunTime:0.0156s ]
SQL: SELECT `id`,`tag_name`,`status` FROM `onethink_tag` WHERE `status` >= 0 ORDER BY id desc  [ RunTime:0.0000s ]
SQL: SHOW COLUMNS FROM `onethink_document` [ RunTime:0.0000s ]
SQL: SELECT * FROM `onethink_document` WHERE `status` = 1 AND `position` = 4 LIMIT 9   [ RunTime:0.0000s ]
SQL: SHOW COLUMNS FROM `onethink_category_goods` [ RunTime:0.0156s ]
SQL: SELECT `id`,`category_name`,`type`,`p_id`,`goods_num`,`status`,`sort` FROM `onethink_category_goods` WHERE `status` >= 0 ORDER BY id desc  [ RunTime:0.0000s ]
SQL: SHOW COLUMNS FROM `onethink_topic` [ RunTime:0.0000s ]
SQL: SELECT `id`,`topic_name`,`icon`,`pic_url`,`status`,`discription` FROM `onethink_topic` WHERE `status` >= 0 ORDER BY id desc  [ RunTime:0.0000s ]
SQL: SHOW COLUMNS FROM `onethink_ad` [ RunTime:0.0156s ]
SQL: SELECT COUNT(*) AS tp_count FROM `onethink_ad` WHERE `status` >= 0 LIMIT 1   [ RunTime:0.0000s ]
SQL: SELECT `id`,`title`,`pic_url`,`link`,`status`,`create_time` FROM `onethink_ad` WHERE `status` >= 0 ORDER BY id desc LIMIT 0,12   [ RunTime:0.0000s ]
SQL: SHOW COLUMNS FROM `onethink_goods` [ RunTime:0.0156s ]
SQL: SHOW COLUMNS FROM `onethink_goods` [ RunTime:0.0000s ]
SQL: SELECT COUNT(*) AS tp_count FROM `onethink_goods` WHERE `status` >= 0 LIMIT 1   [ RunTime:0.0000s ]
SQL: SELECT `goods_id`,`num_iid`,`title`,`cate_id`,`tid`,`goods_type`,`provcity`,`nick`,`add_id`,`add_uname`,`seller_credit`,`discount_price`,`price`,`volume`,`comment_count`,`pic_url`,`item_url`,`click_url`,`shop_url`,`sclick_url`,`item_body`,`status`,`seo_title`,`seo_keywords`,`seo_description`,`ctime`,`hits`,`favor`,`sort`,`tag` FROM `onethink_goods` WHERE `status` >= 0 ORDER BY goods_id desc LIMIT 0,12   [ RunTime:0.0000s ]
NOTIC: [8] Undefined variable: totalPage D:\Program Files\PHPStudy\WWW\taobaoke\Application\Home\Controller\IndexController.class.php 第 16 行.
NOTIC: [8] Undefined variable: flink D:\Program Files\PHPStudy\WWW\taobaoke\Application\Home\Controller\IndexController.class.php 第 17 行.
INFO: [ view_parse ] --START--
INFO: [ template_filter ] --START--
INFO: Run Behavior\ContentReplaceBehavior [ RunTime:0.000000s ]
INFO: [ template_filter ] --END-- [ RunTime:0.000000s ]
NOTIC: [8] Undefined variable: nav_url D:\Program Files\PHPStudy\WWW\taobaoke\Runtime\Cache\Home\769e70f2e46f34ceb60619bbda5e4691.php 第 50 行.
SQL: SHOW COLUMNS FROM `onethink_channel` [ RunTime:0.0000s ]
SQL: SELECT `id`,`pid`,`title`,`url`,`sort`,`create_time`,`update_time`,`status`,`target` FROM `onethink_channel` WHERE ( status=1 ) ORDER BY sort  [ RunTime:0.0000s ]
NOTIC: [8] Undefined variable: my D:\Program Files\PHPStudy\WWW\taobaoke\Runtime\Cache\Home\769e70f2e46f34ceb60619bbda5e4691.php 第 140 行.
NOTIC: [8] Undefined index: goods_id D:\Program Files\PHPStudy\WWW\taobaoke\Runtime\Cache\Home\769e70f2e46f34ceb60619bbda5e4691.php 第 236 行.
NOTIC: [8] Undefined index: goods_id D:\Program Files\PHPStudy\WWW\taobaoke\Runtime\Cache\Home\769e70f2e46f34ceb60619bbda5e4691.php 第 236 行.
NOTIC: [8] Undefined index: goods_id D:\Program Files\PHPStudy\WWW\taobaoke\Runtime\Cache\Home\769e70f2e46f34ceb60619bbda5e4691.php 第 236 行.
NOTIC: [8] Undefined index: goods_id D:\Program Files\PHPStudy\WWW\taobaoke\Runtime\Cache\Home\769e70f2e46f34ceb60619bbda5e4691.php 第 236 行.
NOTIC: [8] Undefined index: goods_id D:\Program Files\PHPStudy\WWW\taobaoke\Runtime\Cache\Home\769e70f2e46f34ceb60619bbda5e4691.php 第 236 行.
NOTIC: [8] Undefined index: goods_id D:\Program Files\PHPStudy\WWW\taobaoke\Runtime\Cache\Home\769e70f2e46f34ceb60619bbda5e4691.php 第 236 行.
NOTIC: [8] Undefined index: goods_id D:\Program Files\PHPStudy\WWW\taobaoke\Runtime\Cache\Home\769e70f2e46f34ceb60619bbda5e4691.php 第 236 行.
NOTIC: [8] Undefined index: goods_id D:\Program Files\PHPStudy\WWW\taobaoke\Runtime\Cache\Home\769e70f2e46f34ceb60619bbda5e4691.php 第 236 行.
NOTIC: [8] Undefined index: goods_id D:\Program Files\PHPStudy\WWW\taobaoke\Runtime\Cache\Home\769e70f2e46f34ceb60619bbda5e4691.php 第 236 行.
NOTIC: [8] Undefined index: goods_id D:\Program Files\PHPStudy\WWW\taobaoke\Runtime\Cache\Home\769e70f2e46f34ceb60619bbda5e4691.php 第 236 行.
NOTIC: [8] Undefined index: goods_id D:\Program Files\PHPStudy\WWW\taobaoke\Runtime\Cache\Home\769e70f2e46f34ceb60619bbda5e4691.php 第 236 行.
NOTIC: [8] Undefined index: goods_id D:\Program Files\PHPStudy\WWW\taobaoke\Runtime\Cache\Home\769e70f2e46f34ceb60619bbda5e4691.php 第 236 行.
NOTIC: [8] Use of undefined constant path - assumed 'path' D:\Program Files\PHPStudy\WWW\taobaoke\Runtime\Cache\Home\769e70f2e46f34ceb60619bbda5e4691.php 第 259 行.
SQL: SHOW COLUMNS FROM `onethink_picture` [ RunTime:0.0000s ]
SQL: SELECT * FROM `onethink_picture` WHERE `status` = 1 AND `id` = 23 LIMIT 1   [ RunTime:0.0000s ]
NOTIC: [8] Use of undefined constant path - assumed 'path' D:\Program Files\PHPStudy\WWW\taobaoke\Runtime\Cache\Home\769e70f2e46f34ceb60619bbda5e4691.php 第 259 行.
SQL: SELECT * FROM `onethink_picture` WHERE `status` = 1 AND `id` = 24 LIMIT 1   [ RunTime:0.0000s ]
NOTIC: [8] Use of undefined constant path - assumed 'path' D:\Program Files\PHPStudy\WWW\taobaoke\Runtime\Cache\Home\769e70f2e46f34ceb60619bbda5e4691.php 第 259 行.
SQL: SELECT * FROM `onethink_picture` WHERE `status` = 1 AND `id` = 24 LIMIT 1   [ RunTime:0.0000s ]
NOTIC: [8] Use of undefined constant path - assumed 'path' D:\Program Files\PHPStudy\WWW\taobaoke\Runtime\Cache\Home\769e70f2e46f34ceb60619bbda5e4691.php 第 259 行.
SQL: SELECT * FROM `onethink_picture` WHERE `status` = 1 AND `id` = 24 LIMIT 1   [ RunTime:0.0000s ]
NOTIC: [8] Use of undefined constant path - assumed 'path' D:\Program Files\PHPStudy\WWW\taobaoke\Runtime\Cache\Home\769e70f2e46f34ceb60619bbda5e4691.php 第 259 行.
SQL: SELECT * FROM `onethink_picture` WHERE `status` = 1 AND `id` = 24 LIMIT 1   [ RunTime:0.0000s ]
NOTIC: [8] Undefined variable: articleSort D:\Program Files\PHPStudy\WWW\taobaoke\Runtime\Cache\Home\769e70f2e46f34ceb60619bbda5e4691.php 第 297 行.
NOTIC: [8] Undefined variable: articleSort D:\Program Files\PHPStudy\WWW\taobaoke\Runtime\Cache\Home\769e70f2e46f34ceb60619bbda5e4691.php 第 298 行.
NOTIC: [8] Undefined variable: article D:\Program Files\PHPStudy\WWW\taobaoke\Runtime\Cache\Home\769e70f2e46f34ceb60619bbda5e4691.php 第 298 行.
NOTIC: [8] Undefined variable: articleSort D:\Program Files\PHPStudy\WWW\taobaoke\Runtime\Cache\Home\769e70f2e46f34ceb60619bbda5e4691.php 第 302 行.
NOTIC: [8] Undefined variable: articleSort D:\Program Files\PHPStudy\WWW\taobaoke\Runtime\Cache\Home\769e70f2e46f34ceb60619bbda5e4691.php 第 303 行.
NOTIC: [8] Undefined variable: article D:\Program Files\PHPStudy\WWW\taobaoke\Runtime\Cache\Home\769e70f2e46f34ceb60619bbda5e4691.php 第 303 行.
NOTIC: [8] Undefined variable: articleSort D:\Program Files\PHPStudy\WWW\taobaoke\Runtime\Cache\Home\769e70f2e46f34ceb60619bbda5e4691.php 第 307 行.
NOTIC: [8] Undefined variable: articleSort D:\Program Files\PHPStudy\WWW\taobaoke\Runtime\Cache\Home\769e70f2e46f34ceb60619bbda5e4691.php 第 308 行.
NOTIC: [8] Undefined variable: article D:\Program Files\PHPStudy\WWW\taobaoke\Runtime\Cache\Home\769e70f2e46f34ceb60619bbda5e4691.php 第 308 行.
NOTIC: [8] Undefined variable: articleSort D:\Program Files\PHPStudy\WWW\taobaoke\Runtime\Cache\Home\769e70f2e46f34ceb60619bbda5e4691.php 第 312 行.
NOTIC: [8] Undefined variable: articleSort D:\Program Files\PHPStudy\WWW\taobaoke\Runtime\Cache\Home\769e70f2e46f34ceb60619bbda5e4691.php 第 313 行.
NOTIC: [8] Undefined variable: article D:\Program Files\PHPStudy\WWW\taobaoke\Runtime\Cache\Home\769e70f2e46f34ceb60619bbda5e4691.php 第 313 行.
INFO: Run Behavior\ParseTemplateBehavior [ RunTime:0.078125s ]
INFO: [ view_parse ] --END-- [ RunTime:0.078125s ]
INFO: [ view_filter ] --START--
INFO: Run Behavior\WriteHtmlCacheBehavior [ RunTime:0.000000s ]
INFO: [ view_filter ] --END-- [ RunTime:0.000000s ]
INFO: [ app_end ] --START--
INFO: Run Behavior\ShowPageTraceBehavior [ RunTime:0.000000s ]
INFO: [ app_end ] --END-- [ RunTime:0.000000s ]

[ 2015-09-16T21:39:58+08:00 ] 127.0.0.1 /taobaoke/
INFO: [ app_init ] --START--
INFO: Run Behavior\BuildLiteBehavior [ RunTime:0.000000s ]
INFO: Run Common\Behavior\InitHookBehavior [ RunTime:0.015625s ]
INFO: [ app_init ] --END-- [ RunTime:0.015625s ]
INFO: [ app_begin ] --START--
INFO: Run Behavior\ReadHtmlCacheBehavior [ RunTime:0.000000s ]
INFO: [ app_begin ] --END-- [ RunTime:0.000000s ]
SQL: SHOW COLUMNS FROM `onethink_config` [ RunTime:0.0156s ]
SQL: SELECT `type`,`name`,`value` FROM `onethink_config` WHERE `status` = 1  [ RunTime:0.0000s ]
NOTIC: [8] Use of undefined constant UID - assumed 'UID' D:\Program Files\PHPStudy\WWW\taobaoke\Application\Home\Controller\HomeController.class.php 第 38 行.
SQL: SHOW COLUMNS FROM `onethink_tag` [ RunTime:0.0156s ]
SQL: SELECT `id`,`tag_name`,`status` FROM `onethink_tag` WHERE `status` >= 0 ORDER BY id desc  [ RunTime:0.0000s ]
SQL: SHOW COLUMNS FROM `onethink_document` [ RunTime:0.0156s ]
SQL: SELECT * FROM `onethink_document` WHERE `status` = 1 AND `position` = 4 LIMIT 9   [ RunTime:0.0000s ]
SQL: SHOW COLUMNS FROM `onethink_category_goods` [ RunTime:0.0000s ]
SQL: SELECT `id`,`category_name`,`type`,`p_id`,`goods_num`,`status`,`sort` FROM `onethink_category_goods` WHERE `status` >= 0 ORDER BY id desc  [ RunTime:0.0000s ]
SQL: SHOW COLUMNS FROM `onethink_topic` [ RunTime:0.0156s ]
SQL: SELECT `id`,`topic_name`,`icon`,`pic_url`,`status`,`discription` FROM `onethink_topic` WHERE `status` >= 0 ORDER BY id desc  [ RunTime:0.0000s ]
SQL: SHOW COLUMNS FROM `onethink_ad` [ RunTime:0.0000s ]
SQL: SELECT COUNT(*) AS tp_count FROM `onethink_ad` WHERE `status` >= 0 LIMIT 1   [ RunTime:0.0000s ]
SQL: SELECT `id`,`title`,`pic_url`,`link`,`status`,`create_time` FROM `onethink_ad` WHERE `status` >= 0 ORDER BY id desc LIMIT 0,12   [ RunTime:0.0156s ]
SQL: SHOW COLUMNS FROM `onethink_goods` [ RunTime:0.0000s ]
SQL: SHOW COLUMNS FROM `onethink_goods` [ RunTime:0.0156s ]
SQL: SELECT COUNT(*) AS tp_count FROM `onethink_goods` WHERE `status` >= 0 LIMIT 1   [ RunTime:0.0000s ]
SQL: SELECT `goods_id`,`num_iid`,`title`,`cate_id`,`tid`,`goods_type`,`provcity`,`nick`,`add_id`,`add_uname`,`seller_credit`,`discount_price`,`price`,`volume`,`comment_count`,`pic_url`,`item_url`,`click_url`,`shop_url`,`sclick_url`,`item_body`,`status`,`seo_title`,`seo_keywords`,`seo_description`,`ctime`,`hits`,`favor`,`sort`,`tag` FROM `onethink_goods` WHERE `status` >= 0 ORDER BY goods_id desc LIMIT 0,12   [ RunTime:0.0000s ]
NOTIC: [8] Undefined variable: totalPage D:\Program Files\PHPStudy\WWW\taobaoke\Application\Home\Controller\IndexController.class.php 第 16 行.
NOTIC: [8] Undefined variable: flink D:\Program Files\PHPStudy\WWW\taobaoke\Application\Home\Controller\IndexController.class.php 第 17 行.
INFO: [ view_parse ] --START--
INFO: [ template_filter ] --START--
INFO: Run Behavior\ContentReplaceBehavior [ RunTime:0.000000s ]
INFO: [ template_filter ] --END-- [ RunTime:0.000000s ]
NOTIC: [8] Undefined variable: nav_url D:\Program Files\PHPStudy\WWW\taobaoke\Runtime\Cache\Home\769e70f2e46f34ceb60619bbda5e4691.php 第 50 行.
SQL: SHOW COLUMNS FROM `onethink_channel` [ RunTime:0.0000s ]
SQL: SELECT `id`,`pid`,`title`,`url`,`sort`,`create_time`,`update_time`,`status`,`target` FROM `onethink_channel` WHERE ( status=1 ) ORDER BY sort  [ RunTime:0.0000s ]
NOTIC: [8] Undefined variable: my D:\Program Files\PHPStudy\WWW\taobaoke\Runtime\Cache\Home\769e70f2e46f34ceb60619bbda5e4691.php 第 140 行.
NOTIC: [8] Undefined index: goods_id D:\Program Files\PHPStudy\WWW\taobaoke\Runtime\Cache\Home\769e70f2e46f34ceb60619bbda5e4691.php 第 236 行.
NOTIC: [8] Undefined index: goods_id D:\Program Files\PHPStudy\WWW\taobaoke\Runtime\Cache\Home\769e70f2e46f34ceb60619bbda5e4691.php 第 236 行.
NOTIC: [8] Undefined index: goods_id D:\Program Files\PHPStudy\WWW\taobaoke\Runtime\Cache\Home\769e70f2e46f34ceb60619bbda5e4691.php 第 236 行.
NOTIC: [8] Undefined index: goods_id D:\Program Files\PHPStudy\WWW\taobaoke\Runtime\Cache\Home\769e70f2e46f34ceb60619bbda5e4691.php 第 236 行.
NOTIC: [8] Undefined index: goods_id D:\Program Files\PHPStudy\WWW\taobaoke\Runtime\Cache\Home\769e70f2e46f34ceb60619bbda5e4691.php 第 236 行.
NOTIC: [8] Undefined index: goods_id D:\Program Files\PHPStudy\WWW\taobaoke\Runtime\Cache\Home\769e70f2e46f34ceb60619bbda5e4691.php 第 236 行.
NOTIC: [8] Undefined index: goods_id D:\Program Files\PHPStudy\WWW\taobaoke\Runtime\Cache\Home\769e70f2e46f34ceb60619bbda5e4691.php 第 236 行.
NOTIC: [8] Undefined index: goods_id D:\Program Files\PHPStudy\WWW\taobaoke\Runtime\Cache\Home\769e70f2e46f34ceb60619bbda5e4691.php 第 236 行.
NOTIC: [8] Undefined index: goods_id D:\Program Files\PHPStudy\WWW\taobaoke\Runtime\Cache\Home\769e70f2e46f34ceb60619bbda5e4691.php 第 236 行.
NOTIC: [8] Undefined index: goods_id D:\Program Files\PHPStudy\WWW\taobaoke\Runtime\Cache\Home\769e70f2e46f34ceb60619bbda5e4691.php 第 236 行.
NOTIC: [8] Undefined index: goods_id D:\Program Files\PHPStudy\WWW\taobaoke\Runtime\Cache\Home\769e70f2e46f34ceb60619bbda5e4691.php 第 236 行.
NOTIC: [8] Undefined index: goods_id D:\Program Files\PHPStudy\WWW\taobaoke\Runtime\Cache\Home\769e70f2e46f34ceb60619bbda5e4691.php 第 236 行.
NOTIC: [8] Use of undefined constant path - assumed 'path' D:\Program Files\PHPStudy\WWW\taobaoke\Runtime\Cache\Home\769e70f2e46f34ceb60619bbda5e4691.php 第 259 行.
SQL: SHOW COLUMNS FROM `onethink_picture` [ RunTime:0.0000s ]
SQL: SELECT * FROM `onethink_picture` WHERE `status` = 1 AND `id` = 23 LIMIT 1   [ RunTime:0.0000s ]
NOTIC: [8] Use of undefined constant path - assumed 'path' D:\Program Files\PHPStudy\WWW\taobaoke\Runtime\Cache\Home\769e70f2e46f34ceb60619bbda5e4691.php 第 259 行.
SQL: SELECT * FROM `onethink_picture` WHERE `status` = 1 AND `id` = 24 LIMIT 1   [ RunTime:0.0000s ]
NOTIC: [8] Use of undefined constant path - assumed 'path' D:\Program Files\PHPStudy\WWW\taobaoke\Runtime\Cache\Home\769e70f2e46f34ceb60619bbda5e4691.php 第 259 行.
SQL: SELECT * FROM `onethink_picture` WHERE `status` = 1 AND `id` = 24 LIMIT 1   [ RunTime:0.0000s ]
NOTIC: [8] Use of undefined constant path - assumed 'path' D:\Program Files\PHPStudy\WWW\taobaoke\Runtime\Cache\Home\769e70f2e46f34ceb60619bbda5e4691.php 第 259 行.
SQL: SELECT * FROM `onethink_picture` WHERE `status` = 1 AND `id` = 24 LIMIT 1   [ RunTime:0.0000s ]
NOTIC: [8] Use of undefined constant path - assumed 'path' D:\Program Files\PHPStudy\WWW\taobaoke\Runtime\Cache\Home\769e70f2e46f34ceb60619bbda5e4691.php 第 259 行.
SQL: SELECT * FROM `onethink_picture` WHERE `status` = 1 AND `id` = 24 LIMIT 1   [ RunTime:0.0000s ]
NOTIC: [8] Undefined variable: articleSort D:\Program Files\PHPStudy\WWW\taobaoke\Runtime\Cache\Home\769e70f2e46f34ceb60619bbda5e4691.php 第 297 行.
NOTIC: [8] Undefined variable: articleSort D:\Program Files\PHPStudy\WWW\taobaoke\Runtime\Cache\Home\769e70f2e46f34ceb60619bbda5e4691.php 第 298 行.
NOTIC: [8] Undefined variable: article D:\Program Files\PHPStudy\WWW\taobaoke\Runtime\Cache\Home\769e70f2e46f34ceb60619bbda5e4691.php 第 298 行.
NOTIC: [8] Undefined variable: articleSort D:\Program Files\PHPStudy\WWW\taobaoke\Runtime\Cache\Home\769e70f2e46f34ceb60619bbda5e4691.php 第 302 行.
NOTIC: [8] Undefined variable: articleSort D:\Program Files\PHPStudy\WWW\taobaoke\Runtime\Cache\Home\769e70f2e46f34ceb60619bbda5e4691.php 第 303 行.
NOTIC: [8] Undefined variable: article D:\Program Files\PHPStudy\WWW\taobaoke\Runtime\Cache\Home\769e70f2e46f34ceb60619bbda5e4691.php 第 303 行.
NOTIC: [8] Undefined variable: articleSort D:\Program Files\PHPStudy\WWW\taobaoke\Runtime\Cache\Home\769e70f2e46f34ceb60619bbda5e4691.php 第 307 行.
NOTIC: [8] Undefined variable: articleSort D:\Program Files\PHPStudy\WWW\taobaoke\Runtime\Cache\Home\769e70f2e46f34ceb60619bbda5e4691.php 第 308 行.
NOTIC: [8] Undefined variable: article D:\Program Files\PHPStudy\WWW\taobaoke\Runtime\Cache\Home\769e70f2e46f34ceb60619bbda5e4691.php 第 308 行.
NOTIC: [8] Undefined variable: articleSort D:\Program Files\PHPStudy\WWW\taobaoke\Runtime\Cache\Home\769e70f2e46f34ceb60619bbda5e4691.php 第 312 行.
NOTIC: [8] Undefined variable: articleSort D:\Program Files\PHPStudy\WWW\taobaoke\Runtime\Cache\Home\769e70f2e46f34ceb60619bbda5e4691.php 第 313 行.
NOTIC: [8] Undefined variable: article D:\Program Files\PHPStudy\WWW\taobaoke\Runtime\Cache\Home\769e70f2e46f34ceb60619bbda5e4691.php 第 313 行.
INFO: Run Behavior\ParseTemplateBehavior [ RunTime:0.078125s ]
INFO: [ view_parse ] --END-- [ RunTime:0.078125s ]
INFO: [ view_filter ] --START--
INFO: Run Behavior\WriteHtmlCacheBehavior [ RunTime:0.000000s ]
INFO: [ view_filter ] --END-- [ RunTime:0.000000s ]
INFO: [ app_end ] --START--
INFO: Run Behavior\ShowPageTraceBehavior [ RunTime:0.015625s ]
INFO: [ app_end ] --END-- [ RunTime:0.015625s ]

[ 2015-09-16T21:40:02+08:00 ] 127.0.0.1 /taobaoke/index.php?s=/Home/User/register.html
INFO: [ app_init ] --START--
INFO: Run Behavior\BuildLiteBehavior [ RunTime:0.000000s ]
INFO: Run Common\Behavior\InitHookBehavior [ RunTime:0.015625s ]
INFO: [ app_init ] --END-- [ RunTime:0.015625s ]
INFO: [ app_begin ] --START--
INFO: Run Behavior\ReadHtmlCacheBehavior [ RunTime:0.000000s ]
INFO: [ app_begin ] --END-- [ RunTime:0.000000s ]
SQL: SHOW COLUMNS FROM `onethink_config` [ RunTime:0.0000s ]
SQL: SELECT `type`,`name`,`value` FROM `onethink_config` WHERE `status` = 1  [ RunTime:0.0000s ]
NOTIC: [8] Use of undefined constant UID - assumed 'UID' D:\Program Files\PHPStudy\WWW\taobaoke\Application\Home\Controller\HomeController.class.php 第 38 行.
SQL: SHOW COLUMNS FROM `onethink_tag` [ RunTime:0.0156s ]
SQL: SELECT `id`,`tag_name`,`status` FROM `onethink_tag` WHERE `status` >= 0 ORDER BY id desc  [ RunTime:0.0000s ]
SQL: SHOW COLUMNS FROM `onethink_document` [ RunTime:0.0000s ]
SQL: SELECT * FROM `onethink_document` WHERE `status` = 1 AND `position` = 4 LIMIT 9   [ RunTime:0.0156s ]
SQL: SHOW COLUMNS FROM `onethink_category_goods` [ RunTime:0.0000s ]
SQL: SELECT `id`,`category_name`,`type`,`p_id`,`goods_num`,`status`,`sort` FROM `onethink_category_goods` WHERE `status` >= 0 ORDER BY id desc  [ RunTime:0.0000s ]
SQL: SHOW COLUMNS FROM `onethink_topic` [ RunTime:0.0156s ]
SQL: SELECT `id`,`topic_name`,`icon`,`pic_url`,`status`,`discription` FROM `onethink_topic` WHERE `status` >= 0 ORDER BY id desc  [ RunTime:0.0000s ]
INFO: [ view_parse ] --START--
INFO: [ template_filter ] --START--
INFO: Run Behavior\ContentReplaceBehavior [ RunTime:0.000000s ]
INFO: [ template_filter ] --END-- [ RunTime:0.000000s ]
NOTIC: [8] Undefined variable: site_title D:\Program Files\PHPStudy\WWW\taobaoke\Runtime\Cache\Home\9b704f822dd650dff93d491c8d637394.php 第 5 行.
NOTIC: [8] Undefined variable: site_title D:\Program Files\PHPStudy\WWW\taobaoke\Runtime\Cache\Home\9b704f822dd650dff93d491c8d637394.php 第 14 行.
SQL: SHOW COLUMNS FROM `onethink_channel` [ RunTime:0.0156s ]
SQL: SELECT `id`,`pid`,`title`,`url`,`sort`,`create_time`,`update_time`,`status`,`target` FROM `onethink_channel` WHERE ( status=1 ) ORDER BY sort  [ RunTime:0.0000s ]
NOTIC: [8] Undefined variable: my D:\Program Files\PHPStudy\WWW\taobaoke\Runtime\Cache\Home\9b704f822dd650dff93d491c8d637394.php 第 139 行.
NOTIC: [8] Undefined variable: articleSort D:\Program Files\PHPStudy\WWW\taobaoke\Runtime\Cache\Home\9b704f822dd650dff93d491c8d637394.php 第 231 行.
NOTIC: [8] Undefined variable: articleSort D:\Program Files\PHPStudy\WWW\taobaoke\Runtime\Cache\Home\9b704f822dd650dff93d491c8d637394.php 第 232 行.
NOTIC: [8] Undefined variable: article D:\Program Files\PHPStudy\WWW\taobaoke\Runtime\Cache\Home\9b704f822dd650dff93d491c8d637394.php 第 232 行.
NOTIC: [8] Undefined variable: articleSort D:\Program Files\PHPStudy\WWW\taobaoke\Runtime\Cache\Home\9b704f822dd650dff93d491c8d637394.php 第 236 行.
NOTIC: [8] Undefined variable: articleSort D:\Program Files\PHPStudy\WWW\taobaoke\Runtime\Cache\Home\9b704f822dd650dff93d491c8d637394.php 第 237 行.
NOTIC: [8] Undefined variable: article D:\Program Files\PHPStudy\WWW\taobaoke\Runtime\Cache\Home\9b704f822dd650dff93d491c8d637394.php 第 237 行.
NOTIC: [8] Undefined variable: articleSort D:\Program Files\PHPStudy\WWW\taobaoke\Runtime\Cache\Home\9b704f822dd650dff93d491c8d637394.php 第 241 行.
NOTIC: [8] Undefined variable: articleSort D:\Program Files\PHPStudy\WWW\taobaoke\Runtime\Cache\Home\9b704f822dd650dff93d491c8d637394.php 第 242 行.
NOTIC: [8] Undefined variable: article D:\Program Files\PHPStudy\WWW\taobaoke\Runtime\Cache\Home\9b704f822dd650dff93d491c8d637394.php 第 242 行.
NOTIC: [8] Undefined variable: articleSort D:\Program Files\PHPStudy\WWW\taobaoke\Runtime\Cache\Home\9b704f822dd650dff93d491c8d637394.php 第 246 行.
NOTIC: [8] Undefined variable: articleSort D:\Program Files\PHPStudy\WWW\taobaoke\Runtime\Cache\Home\9b704f822dd650dff93d491c8d637394.php 第 247 行.
NOTIC: [8] Undefined variable: article D:\Program Files\PHPStudy\WWW\taobaoke\Runtime\Cache\Home\9b704f822dd650dff93d491c8d637394.php 第 247 行.
INFO: Run Behavior\ParseTemplateBehavior [ RunTime:0.046875s ]
INFO: [ view_parse ] --END-- [ RunTime:0.046875s ]
INFO: [ view_filter ] --START--
INFO: Run Behavior\WriteHtmlCacheBehavior [ RunTime:0.000000s ]
INFO: [ view_filter ] --END-- [ RunTime:0.000000s ]
INFO: [ app_end ] --START--
INFO: Run Behavior\ShowPageTraceBehavior [ RunTime:0.000000s ]
INFO: [ app_end ] --END-- [ RunTime:0.000000s ]

[ 2015-09-16T21:40:14+08:00 ] 127.0.0.1 /taobaoke/index.php?s=/Home/User/register.html
INFO: [ app_init ] --START--
INFO: Run Behavior\BuildLiteBehavior [ RunTime:0.000000s ]
INFO: Run Common\Behavior\InitHookBehavior [ RunTime:0.000000s ]
INFO: [ app_init ] --END-- [ RunTime:0.000000s ]
INFO: [ app_begin ] --START--
INFO: Run Behavior\ReadHtmlCacheBehavior [ RunTime:0.015625s ]
INFO: [ app_begin ] --END-- [ RunTime:0.015625s ]
SQL: SHOW COLUMNS FROM `onethink_config` [ RunTime:0.0156s ]
SQL: SELECT `type`,`name`,`value` FROM `onethink_config` WHERE `status` = 1  [ RunTime:0.0000s ]
NOTIC: [8] Use of undefined constant UID - assumed 'UID' D:\Program Files\PHPStudy\WWW\taobaoke\Application\Home\Controller\HomeController.class.php 第 38 行.
SQL: SHOW COLUMNS FROM `onethink_tag` [ RunTime:0.0156s ]
SQL: SELECT `id`,`tag_name`,`status` FROM `onethink_tag` WHERE `status` >= 0 ORDER BY id desc  [ RunTime:0.0000s ]
SQL: SHOW COLUMNS FROM `onethink_document` [ RunTime:0.0000s ]
SQL: SELECT * FROM `onethink_document` WHERE `status` = 1 AND `position` = 4 LIMIT 9   [ RunTime:0.0000s ]
SQL: SHOW COLUMNS FROM `onethink_category_goods` [ RunTime:0.0156s ]
SQL: SELECT `id`,`category_name`,`type`,`p_id`,`goods_num`,`status`,`sort` FROM `onethink_category_goods` WHERE `status` >= 0 ORDER BY id desc  [ RunTime:0.0000s ]
SQL: SHOW COLUMNS FROM `onethink_topic` [ RunTime:0.0000s ]
SQL: SELECT `id`,`topic_name`,`icon`,`pic_url`,`status`,`discription` FROM `onethink_topic` WHERE `status` >= 0 ORDER BY id desc  [ RunTime:0.0000s ]
INFO: [ view_parse ] --START--
INFO: [ template_filter ] --START--
INFO: Run Behavior\ContentReplaceBehavior [ RunTime:0.000000s ]
INFO: [ template_filter ] --END-- [ RunTime:0.000000s ]
INFO: Run Behavior\ParseTemplateBehavior [ RunTime:0.015625s ]
INFO: [ view_parse ] --END-- [ RunTime:0.015625s ]
INFO: [ view_filter ] --START--
INFO: Run Behavior\WriteHtmlCacheBehavior [ RunTime:0.000000s ]
INFO: [ view_filter ] --END-- [ RunTime:0.000000s ]

[ 2015-09-16T21:40:17+08:00 ] 127.0.0.1 /taobaoke/index.php?s=/Home/User/register.html
INFO: [ app_init ] --START--
INFO: Run Behavior\BuildLiteBehavior [ RunTime:0.000000s ]
INFO: Run Common\Behavior\InitHookBehavior [ RunTime:0.015625s ]
INFO: [ app_init ] --END-- [ RunTime:0.015625s ]
INFO: [ app_begin ] --START--
INFO: Run Behavior\ReadHtmlCacheBehavior [ RunTime:0.000000s ]
INFO: [ app_begin ] --END-- [ RunTime:0.000000s ]
SQL: SHOW COLUMNS FROM `onethink_config` [ RunTime:0.0156s ]
SQL: SELECT `type`,`name`,`value` FROM `onethink_config` WHERE `status` = 1  [ RunTime:0.0000s ]
NOTIC: [8] Use of undefined constant UID - assumed 'UID' D:\Program Files\PHPStudy\WWW\taobaoke\Application\Home\Controller\HomeController.class.php 第 38 行.
SQL: SHOW COLUMNS FROM `onethink_tag` [ RunTime:0.0156s ]
SQL: SELECT `id`,`tag_name`,`status` FROM `onethink_tag` WHERE `status` >= 0 ORDER BY id desc  [ RunTime:0.0000s ]
SQL: SHOW COLUMNS FROM `onethink_document` [ RunTime:0.0156s ]
SQL: SELECT * FROM `onethink_document` WHERE `status` = 1 AND `position` = 4 LIMIT 9   [ RunTime:0.0000s ]
SQL: SHOW COLUMNS FROM `onethink_category_goods` [ RunTime:0.0000s ]
SQL: SELECT `id`,`category_name`,`type`,`p_id`,`goods_num`,`status`,`sort` FROM `onethink_category_goods` WHERE `status` >= 0 ORDER BY id desc  [ RunTime:0.0000s ]
SQL: SHOW COLUMNS FROM `onethink_topic` [ RunTime:0.0156s ]
SQL: SELECT `id`,`topic_name`,`icon`,`pic_url`,`status`,`discription` FROM `onethink_topic` WHERE `status` >= 0 ORDER BY id desc  [ RunTime:0.0000s ]
INFO: [ view_parse ] --START--
INFO: [ template_filter ] --START--
INFO: Run Behavior\ContentReplaceBehavior [ RunTime:0.000000s ]
INFO: [ template_filter ] --END-- [ RunTime:0.000000s ]
NOTIC: [8] Undefined variable: site_title D:\Program Files\PHPStudy\WWW\taobaoke\Runtime\Cache\Home\9b704f822dd650dff93d491c8d637394.php 第 5 行.
NOTIC: [8] Undefined variable: site_title D:\Program Files\PHPStudy\WWW\taobaoke\Runtime\Cache\Home\9b704f822dd650dff93d491c8d637394.php 第 14 行.
SQL: SHOW COLUMNS FROM `onethink_channel` [ RunTime:0.0000s ]
SQL: SELECT `id`,`pid`,`title`,`url`,`sort`,`create_time`,`update_time`,`status`,`target` FROM `onethink_channel` WHERE ( status=1 ) ORDER BY sort  [ RunTime:0.0000s ]
NOTIC: [8] Undefined variable: my D:\Program Files\PHPStudy\WWW\taobaoke\Runtime\Cache\Home\9b704f822dd650dff93d491c8d637394.php 第 139 行.
NOTIC: [8] Undefined variable: articleSort D:\Program Files\PHPStudy\WWW\taobaoke\Runtime\Cache\Home\9b704f822dd650dff93d491c8d637394.php 第 231 行.
NOTIC: [8] Undefined variable: articleSort D:\Program Files\PHPStudy\WWW\taobaoke\Runtime\Cache\Home\9b704f822dd650dff93d491c8d637394.php 第 232 行.
NOTIC: [8] Undefined variable: article D:\Program Files\PHPStudy\WWW\taobaoke\Runtime\Cache\Home\9b704f822dd650dff93d491c8d637394.php 第 232 行.
NOTIC: [8] Undefined variable: articleSort D:\Program Files\PHPStudy\WWW\taobaoke\Runtime\Cache\Home\9b704f822dd650dff93d491c8d637394.php 第 236 行.
NOTIC: [8] Undefined variable: articleSort D:\Program Files\PHPStudy\WWW\taobaoke\Runtime\Cache\Home\9b704f822dd650dff93d491c8d637394.php 第 237 行.
NOTIC: [8] Undefined variable: article D:\Program Files\PHPStudy\WWW\taobaoke\Runtime\Cache\Home\9b704f822dd650dff93d491c8d637394.php 第 237 行.
NOTIC: [8] Undefined variable: articleSort D:\Program Files\PHPStudy\WWW\taobaoke\Runtime\Cache\Home\9b704f822dd650dff93d491c8d637394.php 第 241 行.
NOTIC: [8] Undefined variable: articleSort D:\Program Files\PHPStudy\WWW\taobaoke\Runtime\Cache\Home\9b704f822dd650dff93d491c8d637394.php 第 242 行.
NOTIC: [8] Undefined variable: article D:\Program Files\PHPStudy\WWW\taobaoke\Runtime\Cache\Home\9b704f822dd650dff93d491c8d637394.php 第 242 行.
NOTIC: [8] Undefined variable: articleSort D:\Program Files\PHPStudy\WWW\taobaoke\Runtime\Cache\Home\9b704f822dd650dff93d491c8d637394.php 第 246 行.
NOTIC: [8] Undefined variable: articleSort D:\Program Files\PHPStudy\WWW\taobaoke\Runtime\Cache\Home\9b704f822dd650dff93d491c8d637394.php 第 247 行.
NOTIC: [8] Undefined variable: article D:\Program Files\PHPStudy\WWW\taobaoke\Runtime\Cache\Home\9b704f822dd650dff93d491c8d637394.php 第 247 行.
INFO: Run Behavior\ParseTemplateBehavior [ RunTime:0.046875s ]
INFO: [ view_parse ] --END-- [ RunTime:0.046875s ]
INFO: [ view_filter ] --START--
INFO: Run Behavior\WriteHtmlCacheBehavior [ RunTime:0.000000s ]
INFO: [ view_filter ] --END-- [ RunTime:0.000000s ]
INFO: [ app_end ] --START--
INFO: Run Behavior\ShowPageTraceBehavior [ RunTime:0.000000s ]
INFO: [ app_end ] --END-- [ RunTime:0.000000s ]

