[ 2015-09-28T20:26:13+08:00 ] 127.0.0.1 /taobaoke/
INFO: [ app_init ] --START--
INFO: Run Behavior\BuildLiteBehavior [ RunTime:0.000000s ]
INFO: Run Common\Behavior\InitHookBehavior [ RunTime:0.250000s ]
INFO: [ app_init ] --END-- [ RunTime:0.343750s ]
INFO: [ app_begin ] --START--
INFO: Run Behavior\ReadHtmlCacheBehavior [ RunTime:0.062500s ]
INFO: [ app_begin ] --END-- [ RunTime:0.062500s ]
SQL: SHOW COLUMNS FROM `onethink_config` [ RunTime:0.1719s ]
SQL: SELECT `type`,`name`,`value` FROM `onethink_config` WHERE `status` = 1  [ RunTime:0.0000s ]
NOTIC: [8] Use of undefined constant UID - assumed 'UID' D:\Program Files\PHPStudy\WWW\taobaoke\Application\Home\Controller\HomeController.class.php 第 38 行.
SQL: SHOW COLUMNS FROM `onethink_tag` [ RunTime:0.0625s ]
SQL: SELECT `id`,`tag_name`,`status` FROM `onethink_tag` WHERE `status` >= 0 ORDER BY id desc  [ RunTime:0.0000s ]
SQL: SHOW COLUMNS FROM `onethink_document` [ RunTime:0.0313s ]
SQL: SELECT * FROM `onethink_document` WHERE `status` = 1 AND `position` = 4 LIMIT 9   [ RunTime:0.0156s ]
SQL: SHOW COLUMNS FROM `onethink_category_goods` [ RunTime:0.1250s ]
SQL: SELECT `id`,`category_name`,`type`,`p_id`,`goods_num`,`status`,`sort` FROM `onethink_category_goods` WHERE `status` >= 0 ORDER BY id desc  [ RunTime:0.0156s ]
SQL: SHOW COLUMNS FROM `onethink_topic` [ RunTime:0.2344s ]
SQL: SELECT `id`,`topic_name`,`icon`,`pic_url`,`status`,`discription` FROM `onethink_topic` WHERE `status` >= 0 ORDER BY id desc  [ RunTime:0.0000s ]
SQL: SHOW COLUMNS FROM `onethink_ad` [ RunTime:0.0938s ]
SQL: SELECT COUNT(*) AS tp_count FROM `onethink_ad` WHERE `status` >= 0 LIMIT 1   [ RunTime:0.1094s ]
SQL: SELECT `id`,`title`,`pic_url`,`link`,`status`,`create_time` FROM `onethink_ad` WHERE `status` >= 0 ORDER BY id desc LIMIT 0,12   [ RunTime:0.0000s ]
SQL: SHOW COLUMNS FROM `onethink_goods` [ RunTime:0.0781s ]
SQL: SHOW COLUMNS FROM `onethink_goods` [ RunTime:0.0156s ]
SQL: SELECT COUNT(*) AS tp_count FROM `onethink_goods` WHERE `status` >= 0 LIMIT 1   [ RunTime:0.0000s ]
SQL: SELECT `goods_id`,`num_iid`,`title`,`cate_id`,`tid`,`goods_type`,`provcity`,`nick`,`add_id`,`add_uname`,`seller_credit`,`discount_price`,`price`,`volume`,`comment_count`,`pic_url`,`item_url`,`click_url`,`shop_url`,`sclick_url`,`item_body`,`status`,`seo_title`,`seo_keywords`,`seo_description`,`ctime`,`hits`,`favor`,`sort`,`tag` FROM `onethink_goods` WHERE `status` >= 0 ORDER BY goods_id desc LIMIT 0,12   [ RunTime:0.0000s ]
NOTIC: [8] Undefined variable: totalPage D:\Program Files\PHPStudy\WWW\taobaoke\Application\Home\Controller\IndexController.class.php 第 16 行.
NOTIC: [8] Undefined variable: flink D:\Program Files\PHPStudy\WWW\taobaoke\Application\Home\Controller\IndexController.class.php 第 17 行.
INFO: [ view_parse ] --START--
INFO: [ template_filter ] --START--
INFO: Run Behavior\ContentReplaceBehavior [ RunTime:0.000000s ]
INFO: [ template_filter ] --END-- [ RunTime:0.000000s ]
NOTIC: [8] Undefined variable: nav_url D:\Program Files\PHPStudy\WWW\taobaoke\Runtime\Cache\Home\769e70f2e46f34ceb60619bbda5e4691.php 第 50 行.
SQL: SHOW COLUMNS FROM `onethink_channel` [ RunTime:0.1563s ]
SQL: SELECT `id`,`pid`,`title`,`url`,`sort`,`create_time`,`update_time`,`status`,`target` FROM `onethink_channel` WHERE ( status=1 ) ORDER BY sort  [ RunTime:0.0156s ]
NOTIC: [8] Undefined variable: my D:\Program Files\PHPStudy\WWW\taobaoke\Runtime\Cache\Home\769e70f2e46f34ceb60619bbda5e4691.php 第 140 行.
NOTIC: [8] Undefined index: goods_id D:\Program Files\PHPStudy\WWW\taobaoke\Runtime\Cache\Home\769e70f2e46f34ceb60619bbda5e4691.php 第 236 行.
NOTIC: [8] Undefined index: goods_id D:\Program Files\PHPStudy\WWW\taobaoke\Runtime\Cache\Home\769e70f2e46f34ceb60619bbda5e4691.php 第 236 行.
NOTIC: [8] Undefined index: goods_id D:\Program Files\PHPStudy\WWW\taobaoke\Runtime\Cache\Home\769e70f2e46f34ceb60619bbda5e4691.php 第 236 行.
NOTIC: [8] Undefined index: goods_id D:\Program Files\PHPStudy\WWW\taobaoke\Runtime\Cache\Home\769e70f2e46f34ceb60619bbda5e4691.php 第 236 行.
NOTIC: [8] Undefined index: goods_id D:\Program Files\PHPStudy\WWW\taobaoke\Runtime\Cache\Home\769e70f2e46f34ceb60619bbda5e4691.php 第 236 行.
NOTIC: [8] Undefined index: goods_id D:\Program Files\PHPStudy\WWW\taobaoke\Runtime\Cache\Home\769e70f2e46f34ceb60619bbda5e4691.php 第 236 行.
NOTIC: [8] Undefined index: goods_id D:\Program Files\PHPStudy\WWW\taobaoke\Runtime\Cache\Home\769e70f2e46f34ceb60619bbda5e4691.php 第 236 行.
NOTIC: [8] Undefined index: goods_id D:\Program Files\PHPStudy\WWW\taobaoke\Runtime\Cache\Home\769e70f2e46f34ceb60619bbda5e4691.php 第 236 行.
NOTIC: [8] Undefined index: goods_id D:\Program Files\PHPStudy\WWW\taobaoke\Runtime\Cache\Home\769e70f2e46f34ceb60619bbda5e4691.php 第 236 行.
NOTIC: [8] Undefined index: goods_id D:\Program Files\PHPStudy\WWW\taobaoke\Runtime\Cache\Home\769e70f2e46f34ceb60619bbda5e4691.php 第 236 行.
NOTIC: [8] Undefined index: goods_id D:\Program Files\PHPStudy\WWW\taobaoke\Runtime\Cache\Home\769e70f2e46f34ceb60619bbda5e4691.php 第 236 行.
NOTIC: [8] Undefined index: goods_id D:\Program Files\PHPStudy\WWW\taobaoke\Runtime\Cache\Home\769e70f2e46f34ceb60619bbda5e4691.php 第 236 行.
NOTIC: [8] Use of undefined constant path - assumed 'path' D:\Program Files\PHPStudy\WWW\taobaoke\Runtime\Cache\Home\769e70f2e46f34ceb60619bbda5e4691.php 第 259 行.
SQL: SHOW COLUMNS FROM `onethink_picture` [ RunTime:0.0781s ]
SQL: SELECT * FROM `onethink_picture` WHERE `status` = 1 AND `id` = 23 LIMIT 1   [ RunTime:0.0000s ]
NOTIC: [8] Use of undefined constant path - assumed 'path' D:\Program Files\PHPStudy\WWW\taobaoke\Runtime\Cache\Home\769e70f2e46f34ceb60619bbda5e4691.php 第 259 行.
SQL: SELECT * FROM `onethink_picture` WHERE `status` = 1 AND `id` = 24 LIMIT 1   [ RunTime:0.0000s ]
NOTIC: [8] Use of undefined constant path - assumed 'path' D:\Program Files\PHPStudy\WWW\taobaoke\Runtime\Cache\Home\769e70f2e46f34ceb60619bbda5e4691.php 第 259 行.
SQL: SELECT * FROM `onethink_picture` WHERE `status` = 1 AND `id` = 24 LIMIT 1   [ RunTime:0.0000s ]
NOTIC: [8] Use of undefined constant path - assumed 'path' D:\Program Files\PHPStudy\WWW\taobaoke\Runtime\Cache\Home\769e70f2e46f34ceb60619bbda5e4691.php 第 259 行.
SQL: SELECT * FROM `onethink_picture` WHERE `status` = 1 AND `id` = 24 LIMIT 1   [ RunTime:0.0000s ]
NOTIC: [8] Use of undefined constant path - assumed 'path' D:\Program Files\PHPStudy\WWW\taobaoke\Runtime\Cache\Home\769e70f2e46f34ceb60619bbda5e4691.php 第 259 行.
SQL: SELECT * FROM `onethink_picture` WHERE `status` = 1 AND `id` = 24 LIMIT 1   [ RunTime:0.0000s ]
NOTIC: [8] Undefined variable: articleSort D:\Program Files\PHPStudy\WWW\taobaoke\Runtime\Cache\Home\769e70f2e46f34ceb60619bbda5e4691.php 第 297 行.
NOTIC: [8] Undefined variable: articleSort D:\Program Files\PHPStudy\WWW\taobaoke\Runtime\Cache\Home\769e70f2e46f34ceb60619bbda5e4691.php 第 298 行.
NOTIC: [8] Undefined variable: article D:\Program Files\PHPStudy\WWW\taobaoke\Runtime\Cache\Home\769e70f2e46f34ceb60619bbda5e4691.php 第 298 行.
NOTIC: [8] Undefined variable: articleSort D:\Program Files\PHPStudy\WWW\taobaoke\Runtime\Cache\Home\769e70f2e46f34ceb60619bbda5e4691.php 第 302 行.
NOTIC: [8] Undefined variable: articleSort D:\Program Files\PHPStudy\WWW\taobaoke\Runtime\Cache\Home\769e70f2e46f34ceb60619bbda5e4691.php 第 303 行.
NOTIC: [8] Undefined variable: article D:\Program Files\PHPStudy\WWW\taobaoke\Runtime\Cache\Home\769e70f2e46f34ceb60619bbda5e4691.php 第 303 行.
NOTIC: [8] Undefined variable: articleSort D:\Program Files\PHPStudy\WWW\taobaoke\Runtime\Cache\Home\769e70f2e46f34ceb60619bbda5e4691.php 第 307 行.
NOTIC: [8] Undefined variable: articleSort D:\Program Files\PHPStudy\WWW\taobaoke\Runtime\Cache\Home\769e70f2e46f34ceb60619bbda5e4691.php 第 308 行.
NOTIC: [8] Undefined variable: article D:\Program Files\PHPStudy\WWW\taobaoke\Runtime\Cache\Home\769e70f2e46f34ceb60619bbda5e4691.php 第 308 行.
NOTIC: [8] Undefined variable: articleSort D:\Program Files\PHPStudy\WWW\taobaoke\Runtime\Cache\Home\769e70f2e46f34ceb60619bbda5e4691.php 第 312 行.
NOTIC: [8] Undefined variable: articleSort D:\Program Files\PHPStudy\WWW\taobaoke\Runtime\Cache\Home\769e70f2e46f34ceb60619bbda5e4691.php 第 313 行.
NOTIC: [8] Undefined variable: article D:\Program Files\PHPStudy\WWW\taobaoke\Runtime\Cache\Home\769e70f2e46f34ceb60619bbda5e4691.php 第 313 行.
INFO: Run Behavior\ParseTemplateBehavior [ RunTime:0.640625s ]
INFO: [ view_parse ] --END-- [ RunTime:0.640625s ]
INFO: [ view_filter ] --START--
INFO: Run Behavior\WriteHtmlCacheBehavior [ RunTime:0.031250s ]
INFO: [ view_filter ] --END-- [ RunTime:0.031250s ]
INFO: [ app_end ] --START--
INFO: Run Behavior\ShowPageTraceBehavior [ RunTime:0.046875s ]
INFO: [ app_end ] --END-- [ RunTime:0.046875s ]

[ 2015-09-28T20:26:15+08:00 ] 127.0.0.1 /taobaoke/
INFO: [ app_init ] --START--
INFO: Run Behavior\BuildLiteBehavior [ RunTime:0.000000s ]
INFO: Run Common\Behavior\InitHookBehavior [ RunTime:0.031250s ]
INFO: [ app_init ] --END-- [ RunTime:0.031250s ]
INFO: [ app_begin ] --START--
INFO: Run Behavior\ReadHtmlCacheBehavior [ RunTime:0.000000s ]
INFO: [ app_begin ] --END-- [ RunTime:0.000000s ]
SQL: SHOW COLUMNS FROM `onethink_config` [ RunTime:0.0156s ]
SQL: SELECT `type`,`name`,`value` FROM `onethink_config` WHERE `status` = 1  [ RunTime:0.0000s ]
NOTIC: [8] Use of undefined constant UID - assumed 'UID' D:\Program Files\PHPStudy\WWW\taobaoke\Application\Home\Controller\HomeController.class.php 第 38 行.
SQL: SHOW COLUMNS FROM `onethink_tag` [ RunTime:0.0156s ]
SQL: SELECT `id`,`tag_name`,`status` FROM `onethink_tag` WHERE `status` >= 0 ORDER BY id desc  [ RunTime:0.0000s ]
SQL: SHOW COLUMNS FROM `onethink_document` [ RunTime:0.0000s ]
SQL: SELECT * FROM `onethink_document` WHERE `status` = 1 AND `position` = 4 LIMIT 9   [ RunTime:0.0000s ]
SQL: SHOW COLUMNS FROM `onethink_category_goods` [ RunTime:0.0313s ]
SQL: SELECT `id`,`category_name`,`type`,`p_id`,`goods_num`,`status`,`sort` FROM `onethink_category_goods` WHERE `status` >= 0 ORDER BY id desc  [ RunTime:0.0000s ]
SQL: SHOW COLUMNS FROM `onethink_topic` [ RunTime:0.0000s ]
SQL: SELECT `id`,`topic_name`,`icon`,`pic_url`,`status`,`discription` FROM `onethink_topic` WHERE `status` >= 0 ORDER BY id desc  [ RunTime:0.0156s ]
SQL: SHOW COLUMNS FROM `onethink_ad` [ RunTime:0.0000s ]
SQL: SELECT COUNT(*) AS tp_count FROM `onethink_ad` WHERE `status` >= 0 LIMIT 1   [ RunTime:0.0000s ]
SQL: SELECT `id`,`title`,`pic_url`,`link`,`status`,`create_time` FROM `onethink_ad` WHERE `status` >= 0 ORDER BY id desc LIMIT 0,12   [ RunTime:0.0156s ]
SQL: SHOW COLUMNS FROM `onethink_goods` [ RunTime:0.0156s ]
SQL: SHOW COLUMNS FROM `onethink_goods` [ RunTime:0.0156s ]
SQL: SELECT COUNT(*) AS tp_count FROM `onethink_goods` WHERE `status` >= 0 LIMIT 1   [ RunTime:0.0000s ]
SQL: SELECT `goods_id`,`num_iid`,`title`,`cate_id`,`tid`,`goods_type`,`provcity`,`nick`,`add_id`,`add_uname`,`seller_credit`,`discount_price`,`price`,`volume`,`comment_count`,`pic_url`,`item_url`,`click_url`,`shop_url`,`sclick_url`,`item_body`,`status`,`seo_title`,`seo_keywords`,`seo_description`,`ctime`,`hits`,`favor`,`sort`,`tag` FROM `onethink_goods` WHERE `status` >= 0 ORDER BY goods_id desc LIMIT 0,12   [ RunTime:0.0000s ]
NOTIC: [8] Undefined variable: totalPage D:\Program Files\PHPStudy\WWW\taobaoke\Application\Home\Controller\IndexController.class.php 第 16 行.
NOTIC: [8] Undefined variable: flink D:\Program Files\PHPStudy\WWW\taobaoke\Application\Home\Controller\IndexController.class.php 第 17 行.
INFO: [ view_parse ] --START--
INFO: [ template_filter ] --START--
INFO: Run Behavior\ContentReplaceBehavior [ RunTime:0.000000s ]
INFO: [ template_filter ] --END-- [ RunTime:0.000000s ]
NOTIC: [8] Undefined variable: nav_url D:\Program Files\PHPStudy\WWW\taobaoke\Runtime\Cache\Home\769e70f2e46f34ceb60619bbda5e4691.php 第 50 行.
SQL: SHOW COLUMNS FROM `onethink_channel` [ RunTime:0.0156s ]
SQL: SELECT `id`,`pid`,`title`,`url`,`sort`,`create_time`,`update_time`,`status`,`target` FROM `onethink_channel` WHERE ( status=1 ) ORDER BY sort  [ RunTime:0.0000s ]
NOTIC: [8] Undefined variable: my D:\Program Files\PHPStudy\WWW\taobaoke\Runtime\Cache\Home\769e70f2e46f34ceb60619bbda5e4691.php 第 140 行.
NOTIC: [8] Undefined index: goods_id D:\Program Files\PHPStudy\WWW\taobaoke\Runtime\Cache\Home\769e70f2e46f34ceb60619bbda5e4691.php 第 236 行.
NOTIC: [8] Undefined index: goods_id D:\Program Files\PHPStudy\WWW\taobaoke\Runtime\Cache\Home\769e70f2e46f34ceb60619bbda5e4691.php 第 236 行.
NOTIC: [8] Undefined index: goods_id D:\Program Files\PHPStudy\WWW\taobaoke\Runtime\Cache\Home\769e70f2e46f34ceb60619bbda5e4691.php 第 236 行.
NOTIC: [8] Undefined index: goods_id D:\Program Files\PHPStudy\WWW\taobaoke\Runtime\Cache\Home\769e70f2e46f34ceb60619bbda5e4691.php 第 236 行.
NOTIC: [8] Undefined index: goods_id D:\Program Files\PHPStudy\WWW\taobaoke\Runtime\Cache\Home\769e70f2e46f34ceb60619bbda5e4691.php 第 236 行.
NOTIC: [8] Undefined index: goods_id D:\Program Files\PHPStudy\WWW\taobaoke\Runtime\Cache\Home\769e70f2e46f34ceb60619bbda5e4691.php 第 236 行.
NOTIC: [8] Undefined index: goods_id D:\Program Files\PHPStudy\WWW\taobaoke\Runtime\Cache\Home\769e70f2e46f34ceb60619bbda5e4691.php 第 236 行.
NOTIC: [8] Undefined index: goods_id D:\Program Files\PHPStudy\WWW\taobaoke\Runtime\Cache\Home\769e70f2e46f34ceb60619bbda5e4691.php 第 236 行.
NOTIC: [8] Undefined index: goods_id D:\Program Files\PHPStudy\WWW\taobaoke\Runtime\Cache\Home\769e70f2e46f34ceb60619bbda5e4691.php 第 236 行.
NOTIC: [8] Undefined index: goods_id D:\Program Files\PHPStudy\WWW\taobaoke\Runtime\Cache\Home\769e70f2e46f34ceb60619bbda5e4691.php 第 236 行.
NOTIC: [8] Undefined index: goods_id D:\Program Files\PHPStudy\WWW\taobaoke\Runtime\Cache\Home\769e70f2e46f34ceb60619bbda5e4691.php 第 236 行.
NOTIC: [8] Undefined index: goods_id D:\Program Files\PHPStudy\WWW\taobaoke\Runtime\Cache\Home\769e70f2e46f34ceb60619bbda5e4691.php 第 236 行.
NOTIC: [8] Use of undefined constant path - assumed 'path' D:\Program Files\PHPStudy\WWW\taobaoke\Runtime\Cache\Home\769e70f2e46f34ceb60619bbda5e4691.php 第 259 行.
SQL: SHOW COLUMNS FROM `onethink_picture` [ RunTime:0.0156s ]
SQL: SELECT * FROM `onethink_picture` WHERE `status` = 1 AND `id` = 23 LIMIT 1   [ RunTime:0.0000s ]
NOTIC: [8] Use of undefined constant path - assumed 'path' D:\Program Files\PHPStudy\WWW\taobaoke\Runtime\Cache\Home\769e70f2e46f34ceb60619bbda5e4691.php 第 259 行.
SQL: SELECT * FROM `onethink_picture` WHERE `status` = 1 AND `id` = 24 LIMIT 1   [ RunTime:0.0000s ]
NOTIC: [8] Use of undefined constant path - assumed 'path' D:\Program Files\PHPStudy\WWW\taobaoke\Runtime\Cache\Home\769e70f2e46f34ceb60619bbda5e4691.php 第 259 行.
SQL: SELECT * FROM `onethink_picture` WHERE `status` = 1 AND `id` = 24 LIMIT 1   [ RunTime:0.0000s ]
NOTIC: [8] Use of undefined constant path - assumed 'path' D:\Program Files\PHPStudy\WWW\taobaoke\Runtime\Cache\Home\769e70f2e46f34ceb60619bbda5e4691.php 第 259 行.
SQL: SELECT * FROM `onethink_picture` WHERE `status` = 1 AND `id` = 24 LIMIT 1   [ RunTime:0.0000s ]
NOTIC: [8] Use of undefined constant path - assumed 'path' D:\Program Files\PHPStudy\WWW\taobaoke\Runtime\Cache\Home\769e70f2e46f34ceb60619bbda5e4691.php 第 259 行.
SQL: SELECT * FROM `onethink_picture` WHERE `status` = 1 AND `id` = 24 LIMIT 1   [ RunTime:0.0000s ]
NOTIC: [8] Undefined variable: articleSort D:\Program Files\PHPStudy\WWW\taobaoke\Runtime\Cache\Home\769e70f2e46f34ceb60619bbda5e4691.php 第 297 行.
NOTIC: [8] Undefined variable: articleSort D:\Program Files\PHPStudy\WWW\taobaoke\Runtime\Cache\Home\769e70f2e46f34ceb60619bbda5e4691.php 第 298 行.
NOTIC: [8] Undefined variable: article D:\Program Files\PHPStudy\WWW\taobaoke\Runtime\Cache\Home\769e70f2e46f34ceb60619bbda5e4691.php 第 298 行.
NOTIC: [8] Undefined variable: articleSort D:\Program Files\PHPStudy\WWW\taobaoke\Runtime\Cache\Home\769e70f2e46f34ceb60619bbda5e4691.php 第 302 行.
NOTIC: [8] Undefined variable: articleSort D:\Program Files\PHPStudy\WWW\taobaoke\Runtime\Cache\Home\769e70f2e46f34ceb60619bbda5e4691.php 第 303 行.
NOTIC: [8] Undefined variable: article D:\Program Files\PHPStudy\WWW\taobaoke\Runtime\Cache\Home\769e70f2e46f34ceb60619bbda5e4691.php 第 303 行.
NOTIC: [8] Undefined variable: articleSort D:\Program Files\PHPStudy\WWW\taobaoke\Runtime\Cache\Home\769e70f2e46f34ceb60619bbda5e4691.php 第 307 行.
NOTIC: [8] Undefined variable: articleSort D:\Program Files\PHPStudy\WWW\taobaoke\Runtime\Cache\Home\769e70f2e46f34ceb60619bbda5e4691.php 第 308 行.
NOTIC: [8] Undefined variable: article D:\Program Files\PHPStudy\WWW\taobaoke\Runtime\Cache\Home\769e70f2e46f34ceb60619bbda5e4691.php 第 308 行.
NOTIC: [8] Undefined variable: articleSort D:\Program Files\PHPStudy\WWW\taobaoke\Runtime\Cache\Home\769e70f2e46f34ceb60619bbda5e4691.php 第 312 行.
NOTIC: [8] Undefined variable: articleSort D:\Program Files\PHPStudy\WWW\taobaoke\Runtime\Cache\Home\769e70f2e46f34ceb60619bbda5e4691.php 第 313 行.
NOTIC: [8] Undefined variable: article D:\Program Files\PHPStudy\WWW\taobaoke\Runtime\Cache\Home\769e70f2e46f34ceb60619bbda5e4691.php 第 313 行.
INFO: Run Behavior\ParseTemplateBehavior [ RunTime:0.109375s ]
INFO: [ view_parse ] --END-- [ RunTime:0.109375s ]
INFO: [ view_filter ] --START--
INFO: Run Behavior\WriteHtmlCacheBehavior [ RunTime:0.000000s ]
INFO: [ view_filter ] --END-- [ RunTime:0.000000s ]
INFO: [ app_end ] --START--
INFO: Run Behavior\ShowPageTraceBehavior [ RunTime:0.000000s ]
INFO: [ app_end ] --END-- [ RunTime:0.000000s ]

[ 2015-09-28T20:26:57+08:00 ] 192.168.1.236 /taobaoke/
INFO: [ app_init ] --START--
INFO: Run Behavior\BuildLiteBehavior [ RunTime:0.000000s ]
INFO: Run Common\Behavior\InitHookBehavior [ RunTime:0.000000s ]
INFO: [ app_init ] --END-- [ RunTime:0.000000s ]
INFO: [ app_begin ] --START--
INFO: Run Behavior\ReadHtmlCacheBehavior [ RunTime:0.000000s ]
INFO: [ app_begin ] --END-- [ RunTime:0.000000s ]
SQL: SHOW COLUMNS FROM `onethink_config` [ RunTime:0.0000s ]
SQL: SELECT `type`,`name`,`value` FROM `onethink_config` WHERE `status` = 1  [ RunTime:0.0000s ]
NOTIC: [8] Use of undefined constant UID - assumed 'UID' D:\Program Files\PHPStudy\WWW\taobaoke\Application\Home\Controller\HomeController.class.php 第 38 行.
SQL: SHOW COLUMNS FROM `onethink_tag` [ RunTime:0.0000s ]
SQL: SELECT `id`,`tag_name`,`status` FROM `onethink_tag` WHERE `status` >= 0 ORDER BY id desc  [ RunTime:0.0000s ]
SQL: SHOW COLUMNS FROM `onethink_document` [ RunTime:0.0000s ]
SQL: SELECT * FROM `onethink_document` WHERE `status` = 1 AND `position` = 4 LIMIT 9   [ RunTime:0.0000s ]
SQL: SHOW COLUMNS FROM `onethink_category_goods` [ RunTime:0.0156s ]
SQL: SELECT `id`,`category_name`,`type`,`p_id`,`goods_num`,`status`,`sort` FROM `onethink_category_goods` WHERE `status` >= 0 ORDER BY id desc  [ RunTime:0.0000s ]
SQL: SHOW COLUMNS FROM `onethink_topic` [ RunTime:0.0000s ]
SQL: SELECT `id`,`topic_name`,`icon`,`pic_url`,`status`,`discription` FROM `onethink_topic` WHERE `status` >= 0 ORDER BY id desc  [ RunTime:0.0000s ]
SQL: SHOW COLUMNS FROM `onethink_ad` [ RunTime:0.0000s ]
SQL: SELECT COUNT(*) AS tp_count FROM `onethink_ad` WHERE `status` >= 0 LIMIT 1   [ RunTime:0.0000s ]
SQL: SELECT `id`,`title`,`pic_url`,`link`,`status`,`create_time` FROM `onethink_ad` WHERE `status` >= 0 ORDER BY id desc LIMIT 0,12   [ RunTime:0.0000s ]
SQL: SHOW COLUMNS FROM `onethink_goods` [ RunTime:0.0156s ]
SQL: SHOW COLUMNS FROM `onethink_goods` [ RunTime:0.0000s ]
SQL: SELECT COUNT(*) AS tp_count FROM `onethink_goods` WHERE `status` >= 0 LIMIT 1   [ RunTime:0.0000s ]
SQL: SELECT `goods_id`,`num_iid`,`title`,`cate_id`,`tid`,`goods_type`,`provcity`,`nick`,`add_id`,`add_uname`,`seller_credit`,`discount_price`,`price`,`volume`,`comment_count`,`pic_url`,`item_url`,`click_url`,`shop_url`,`sclick_url`,`item_body`,`status`,`seo_title`,`seo_keywords`,`seo_description`,`ctime`,`hits`,`favor`,`sort`,`tag` FROM `onethink_goods` WHERE `status` >= 0 ORDER BY goods_id desc LIMIT 0,12   [ RunTime:0.0000s ]
NOTIC: [8] Undefined variable: totalPage D:\Program Files\PHPStudy\WWW\taobaoke\Application\Home\Controller\IndexController.class.php 第 16 行.
NOTIC: [8] Undefined variable: flink D:\Program Files\PHPStudy\WWW\taobaoke\Application\Home\Controller\IndexController.class.php 第 17 行.
INFO: [ view_parse ] --START--
INFO: [ template_filter ] --START--
INFO: Run Behavior\ContentReplaceBehavior [ RunTime:0.000000s ]
INFO: [ template_filter ] --END-- [ RunTime:0.000000s ]
NOTIC: [8] Undefined variable: nav_url D:\Program Files\PHPStudy\WWW\taobaoke\Runtime\Cache\Home\769e70f2e46f34ceb60619bbda5e4691.php 第 50 行.
SQL: SHOW COLUMNS FROM `onethink_channel` [ RunTime:0.0000s ]
SQL: SELECT `id`,`pid`,`title`,`url`,`sort`,`create_time`,`update_time`,`status`,`target` FROM `onethink_channel` WHERE ( status=1 ) ORDER BY sort  [ RunTime:0.0000s ]
NOTIC: [8] Undefined variable: my D:\Program Files\PHPStudy\WWW\taobaoke\Runtime\Cache\Home\769e70f2e46f34ceb60619bbda5e4691.php 第 140 行.
NOTIC: [8] Undefined index: goods_id D:\Program Files\PHPStudy\WWW\taobaoke\Runtime\Cache\Home\769e70f2e46f34ceb60619bbda5e4691.php 第 236 行.
NOTIC: [8] Undefined index: goods_id D:\Program Files\PHPStudy\WWW\taobaoke\Runtime\Cache\Home\769e70f2e46f34ceb60619bbda5e4691.php 第 236 行.
NOTIC: [8] Undefined index: goods_id D:\Program Files\PHPStudy\WWW\taobaoke\Runtime\Cache\Home\769e70f2e46f34ceb60619bbda5e4691.php 第 236 行.
NOTIC: [8] Undefined index: goods_id D:\Program Files\PHPStudy\WWW\taobaoke\Runtime\Cache\Home\769e70f2e46f34ceb60619bbda5e4691.php 第 236 行.
NOTIC: [8] Undefined index: goods_id D:\Program Files\PHPStudy\WWW\taobaoke\Runtime\Cache\Home\769e70f2e46f34ceb60619bbda5e4691.php 第 236 行.
NOTIC: [8] Undefined index: goods_id D:\Program Files\PHPStudy\WWW\taobaoke\Runtime\Cache\Home\769e70f2e46f34ceb60619bbda5e4691.php 第 236 行.
NOTIC: [8] Undefined index: goods_id D:\Program Files\PHPStudy\WWW\taobaoke\Runtime\Cache\Home\769e70f2e46f34ceb60619bbda5e4691.php 第 236 行.
NOTIC: [8] Undefined index: goods_id D:\Program Files\PHPStudy\WWW\taobaoke\Runtime\Cache\Home\769e70f2e46f34ceb60619bbda5e4691.php 第 236 行.
NOTIC: [8] Undefined index: goods_id D:\Program Files\PHPStudy\WWW\taobaoke\Runtime\Cache\Home\769e70f2e46f34ceb60619bbda5e4691.php 第 236 行.
NOTIC: [8] Undefined index: goods_id D:\Program Files\PHPStudy\WWW\taobaoke\Runtime\Cache\Home\769e70f2e46f34ceb60619bbda5e4691.php 第 236 行.
NOTIC: [8] Undefined index: goods_id D:\Program Files\PHPStudy\WWW\taobaoke\Runtime\Cache\Home\769e70f2e46f34ceb60619bbda5e4691.php 第 236 行.
NOTIC: [8] Undefined index: goods_id D:\Program Files\PHPStudy\WWW\taobaoke\Runtime\Cache\Home\769e70f2e46f34ceb60619bbda5e4691.php 第 236 行.
NOTIC: [8] Use of undefined constant path - assumed 'path' D:\Program Files\PHPStudy\WWW\taobaoke\Runtime\Cache\Home\769e70f2e46f34ceb60619bbda5e4691.php 第 259 行.
SQL: SHOW COLUMNS FROM `onethink_picture` [ RunTime:0.0000s ]
SQL: SELECT * FROM `onethink_picture` WHERE `status` = 1 AND `id` = 23 LIMIT 1   [ RunTime:0.0000s ]
NOTIC: [8] Use of undefined constant path - assumed 'path' D:\Program Files\PHPStudy\WWW\taobaoke\Runtime\Cache\Home\769e70f2e46f34ceb60619bbda5e4691.php 第 259 行.
SQL: SELECT * FROM `onethink_picture` WHERE `status` = 1 AND `id` = 24 LIMIT 1   [ RunTime:0.0000s ]
NOTIC: [8] Use of undefined constant path - assumed 'path' D:\Program Files\PHPStudy\WWW\taobaoke\Runtime\Cache\Home\769e70f2e46f34ceb60619bbda5e4691.php 第 259 行.
SQL: SELECT * FROM `onethink_picture` WHERE `status` = 1 AND `id` = 24 LIMIT 1   [ RunTime:0.0000s ]
NOTIC: [8] Use of undefined constant path - assumed 'path' D:\Program Files\PHPStudy\WWW\taobaoke\Runtime\Cache\Home\769e70f2e46f34ceb60619bbda5e4691.php 第 259 行.
SQL: SELECT * FROM `onethink_picture` WHERE `status` = 1 AND `id` = 24 LIMIT 1   [ RunTime:0.0000s ]
NOTIC: [8] Use of undefined constant path - assumed 'path' D:\Program Files\PHPStudy\WWW\taobaoke\Runtime\Cache\Home\769e70f2e46f34ceb60619bbda5e4691.php 第 259 行.
SQL: SELECT * FROM `onethink_picture` WHERE `status` = 1 AND `id` = 24 LIMIT 1   [ RunTime:0.0000s ]
NOTIC: [8] Undefined variable: articleSort D:\Program Files\PHPStudy\WWW\taobaoke\Runtime\Cache\Home\769e70f2e46f34ceb60619bbda5e4691.php 第 297 行.
NOTIC: [8] Undefined variable: articleSort D:\Program Files\PHPStudy\WWW\taobaoke\Runtime\Cache\Home\769e70f2e46f34ceb60619bbda5e4691.php 第 298 行.
NOTIC: [8] Undefined variable: article D:\Program Files\PHPStudy\WWW\taobaoke\Runtime\Cache\Home\769e70f2e46f34ceb60619bbda5e4691.php 第 298 行.
NOTIC: [8] Undefined variable: articleSort D:\Program Files\PHPStudy\WWW\taobaoke\Runtime\Cache\Home\769e70f2e46f34ceb60619bbda5e4691.php 第 302 行.
NOTIC: [8] Undefined variable: articleSort D:\Program Files\PHPStudy\WWW\taobaoke\Runtime\Cache\Home\769e70f2e46f34ceb60619bbda5e4691.php 第 303 行.
NOTIC: [8] Undefined variable: article D:\Program Files\PHPStudy\WWW\taobaoke\Runtime\Cache\Home\769e70f2e46f34ceb60619bbda5e4691.php 第 303 行.
NOTIC: [8] Undefined variable: articleSort D:\Program Files\PHPStudy\WWW\taobaoke\Runtime\Cache\Home\769e70f2e46f34ceb60619bbda5e4691.php 第 307 行.
NOTIC: [8] Undefined variable: articleSort D:\Program Files\PHPStudy\WWW\taobaoke\Runtime\Cache\Home\769e70f2e46f34ceb60619bbda5e4691.php 第 308 行.
NOTIC: [8] Undefined variable: article D:\Program Files\PHPStudy\WWW\taobaoke\Runtime\Cache\Home\769e70f2e46f34ceb60619bbda5e4691.php 第 308 行.
NOTIC: [8] Undefined variable: articleSort D:\Program Files\PHPStudy\WWW\taobaoke\Runtime\Cache\Home\769e70f2e46f34ceb60619bbda5e4691.php 第 312 行.
NOTIC: [8] Undefined variable: articleSort D:\Program Files\PHPStudy\WWW\taobaoke\Runtime\Cache\Home\769e70f2e46f34ceb60619bbda5e4691.php 第 313 行.
NOTIC: [8] Undefined variable: article D:\Program Files\PHPStudy\WWW\taobaoke\Runtime\Cache\Home\769e70f2e46f34ceb60619bbda5e4691.php 第 313 行.
INFO: Run Behavior\ParseTemplateBehavior [ RunTime:0.078125s ]
INFO: [ view_parse ] --END-- [ RunTime:0.078125s ]
INFO: [ view_filter ] --START--
INFO: Run Behavior\WriteHtmlCacheBehavior [ RunTime:0.000000s ]
INFO: [ view_filter ] --END-- [ RunTime:0.000000s ]
INFO: [ app_end ] --START--
INFO: Run Behavior\ShowPageTraceBehavior [ RunTime:0.000000s ]
INFO: [ app_end ] --END-- [ RunTime:0.000000s ]

[ 2015-09-28T20:26:58+08:00 ] 192.168.1.236 /taobaoke/
INFO: [ app_init ] --START--
INFO: Run Behavior\BuildLiteBehavior [ RunTime:0.000000s ]
INFO: Run Common\Behavior\InitHookBehavior [ RunTime:0.000000s ]
INFO: [ app_init ] --END-- [ RunTime:0.015625s ]
INFO: [ app_begin ] --START--
INFO: Run Behavior\ReadHtmlCacheBehavior [ RunTime:0.000000s ]
INFO: [ app_begin ] --END-- [ RunTime:0.000000s ]
SQL: SHOW COLUMNS FROM `onethink_config` [ RunTime:0.0000s ]
SQL: SELECT `type`,`name`,`value` FROM `onethink_config` WHERE `status` = 1  [ RunTime:0.0000s ]
NOTIC: [8] Use of undefined constant UID - assumed 'UID' D:\Program Files\PHPStudy\WWW\taobaoke\Application\Home\Controller\HomeController.class.php 第 38 行.
SQL: SHOW COLUMNS FROM `onethink_tag` [ RunTime:0.0000s ]
SQL: SELECT `id`,`tag_name`,`status` FROM `onethink_tag` WHERE `status` >= 0 ORDER BY id desc  [ RunTime:0.0000s ]
SQL: SHOW COLUMNS FROM `onethink_document` [ RunTime:0.0000s ]
SQL: SELECT * FROM `onethink_document` WHERE `status` = 1 AND `position` = 4 LIMIT 9   [ RunTime:0.0000s ]
SQL: SHOW COLUMNS FROM `onethink_category_goods` [ RunTime:0.0156s ]
SQL: SELECT `id`,`category_name`,`type`,`p_id`,`goods_num`,`status`,`sort` FROM `onethink_category_goods` WHERE `status` >= 0 ORDER BY id desc  [ RunTime:0.0000s ]
SQL: SHOW COLUMNS FROM `onethink_topic` [ RunTime:0.0000s ]
SQL: SELECT `id`,`topic_name`,`icon`,`pic_url`,`status`,`discription` FROM `onethink_topic` WHERE `status` >= 0 ORDER BY id desc  [ RunTime:0.0000s ]
SQL: SHOW COLUMNS FROM `onethink_ad` [ RunTime:0.0156s ]
SQL: SELECT COUNT(*) AS tp_count FROM `onethink_ad` WHERE `status` >= 0 LIMIT 1   [ RunTime:0.0000s ]
SQL: SELECT `id`,`title`,`pic_url`,`link`,`status`,`create_time` FROM `onethink_ad` WHERE `status` >= 0 ORDER BY id desc LIMIT 0,12   [ RunTime:0.0000s ]
SQL: SHOW COLUMNS FROM `onethink_goods` [ RunTime:0.0000s ]
SQL: SHOW COLUMNS FROM `onethink_goods` [ RunTime:0.0156s ]
SQL: SELECT COUNT(*) AS tp_count FROM `onethink_goods` WHERE `status` >= 0 LIMIT 1   [ RunTime:0.0000s ]
SQL: SELECT `goods_id`,`num_iid`,`title`,`cate_id`,`tid`,`goods_type`,`provcity`,`nick`,`add_id`,`add_uname`,`seller_credit`,`discount_price`,`price`,`volume`,`comment_count`,`pic_url`,`item_url`,`click_url`,`shop_url`,`sclick_url`,`item_body`,`status`,`seo_title`,`seo_keywords`,`seo_description`,`ctime`,`hits`,`favor`,`sort`,`tag` FROM `onethink_goods` WHERE `status` >= 0 ORDER BY goods_id desc LIMIT 0,12   [ RunTime:0.0000s ]
NOTIC: [8] Undefined variable: totalPage D:\Program Files\PHPStudy\WWW\taobaoke\Application\Home\Controller\IndexController.class.php 第 16 行.
NOTIC: [8] Undefined variable: flink D:\Program Files\PHPStudy\WWW\taobaoke\Application\Home\Controller\IndexController.class.php 第 17 行.
INFO: [ view_parse ] --START--
INFO: [ template_filter ] --START--
INFO: Run Behavior\ContentReplaceBehavior [ RunTime:0.000000s ]
INFO: [ template_filter ] --END-- [ RunTime:0.000000s ]
NOTIC: [8] Undefined variable: nav_url D:\Program Files\PHPStudy\WWW\taobaoke\Runtime\Cache\Home\769e70f2e46f34ceb60619bbda5e4691.php 第 50 行.
SQL: SHOW COLUMNS FROM `onethink_channel` [ RunTime:0.0156s ]
SQL: SELECT `id`,`pid`,`title`,`url`,`sort`,`create_time`,`update_time`,`status`,`target` FROM `onethink_channel` WHERE ( status=1 ) ORDER BY sort  [ RunTime:0.0000s ]
NOTIC: [8] Undefined variable: my D:\Program Files\PHPStudy\WWW\taobaoke\Runtime\Cache\Home\769e70f2e46f34ceb60619bbda5e4691.php 第 140 行.
NOTIC: [8] Undefined index: goods_id D:\Program Files\PHPStudy\WWW\taobaoke\Runtime\Cache\Home\769e70f2e46f34ceb60619bbda5e4691.php 第 236 行.
NOTIC: [8] Undefined index: goods_id D:\Program Files\PHPStudy\WWW\taobaoke\Runtime\Cache\Home\769e70f2e46f34ceb60619bbda5e4691.php 第 236 行.
NOTIC: [8] Undefined index: goods_id D:\Program Files\PHPStudy\WWW\taobaoke\Runtime\Cache\Home\769e70f2e46f34ceb60619bbda5e4691.php 第 236 行.
NOTIC: [8] Undefined index: goods_id D:\Program Files\PHPStudy\WWW\taobaoke\Runtime\Cache\Home\769e70f2e46f34ceb60619bbda5e4691.php 第 236 行.
NOTIC: [8] Undefined index: goods_id D:\Program Files\PHPStudy\WWW\taobaoke\Runtime\Cache\Home\769e70f2e46f34ceb60619bbda5e4691.php 第 236 行.
NOTIC: [8] Undefined index: goods_id D:\Program Files\PHPStudy\WWW\taobaoke\Runtime\Cache\Home\769e70f2e46f34ceb60619bbda5e4691.php 第 236 行.
NOTIC: [8] Undefined index: goods_id D:\Program Files\PHPStudy\WWW\taobaoke\Runtime\Cache\Home\769e70f2e46f34ceb60619bbda5e4691.php 第 236 行.
NOTIC: [8] Undefined index: goods_id D:\Program Files\PHPStudy\WWW\taobaoke\Runtime\Cache\Home\769e70f2e46f34ceb60619bbda5e4691.php 第 236 行.
NOTIC: [8] Undefined index: goods_id D:\Program Files\PHPStudy\WWW\taobaoke\Runtime\Cache\Home\769e70f2e46f34ceb60619bbda5e4691.php 第 236 行.
NOTIC: [8] Undefined index: goods_id D:\Program Files\PHPStudy\WWW\taobaoke\Runtime\Cache\Home\769e70f2e46f34ceb60619bbda5e4691.php 第 236 行.
NOTIC: [8] Undefined index: goods_id D:\Program Files\PHPStudy\WWW\taobaoke\Runtime\Cache\Home\769e70f2e46f34ceb60619bbda5e4691.php 第 236 行.
NOTIC: [8] Undefined index: goods_id D:\Program Files\PHPStudy\WWW\taobaoke\Runtime\Cache\Home\769e70f2e46f34ceb60619bbda5e4691.php 第 236 行.
NOTIC: [8] Use of undefined constant path - assumed 'path' D:\Program Files\PHPStudy\WWW\taobaoke\Runtime\Cache\Home\769e70f2e46f34ceb60619bbda5e4691.php 第 259 行.
SQL: SHOW COLUMNS FROM `onethink_picture` [ RunTime:0.0000s ]
SQL: SELECT * FROM `onethink_picture` WHERE `status` = 1 AND `id` = 23 LIMIT 1   [ RunTime:0.0000s ]
NOTIC: [8] Use of undefined constant path - assumed 'path' D:\Program Files\PHPStudy\WWW\taobaoke\Runtime\Cache\Home\769e70f2e46f34ceb60619bbda5e4691.php 第 259 行.
SQL: SELECT * FROM `onethink_picture` WHERE `status` = 1 AND `id` = 24 LIMIT 1   [ RunTime:0.0000s ]
NOTIC: [8] Use of undefined constant path - assumed 'path' D:\Program Files\PHPStudy\WWW\taobaoke\Runtime\Cache\Home\769e70f2e46f34ceb60619bbda5e4691.php 第 259 行.
SQL: SELECT * FROM `onethink_picture` WHERE `status` = 1 AND `id` = 24 LIMIT 1   [ RunTime:0.0156s ]
NOTIC: [8] Use of undefined constant path - assumed 'path' D:\Program Files\PHPStudy\WWW\taobaoke\Runtime\Cache\Home\769e70f2e46f34ceb60619bbda5e4691.php 第 259 行.
SQL: SELECT * FROM `onethink_picture` WHERE `status` = 1 AND `id` = 24 LIMIT 1   [ RunTime:0.0000s ]
NOTIC: [8] Use of undefined constant path - assumed 'path' D:\Program Files\PHPStudy\WWW\taobaoke\Runtime\Cache\Home\769e70f2e46f34ceb60619bbda5e4691.php 第 259 行.
SQL: SELECT * FROM `onethink_picture` WHERE `status` = 1 AND `id` = 24 LIMIT 1   [ RunTime:0.0000s ]
NOTIC: [8] Undefined variable: articleSort D:\Program Files\PHPStudy\WWW\taobaoke\Runtime\Cache\Home\769e70f2e46f34ceb60619bbda5e4691.php 第 297 行.
NOTIC: [8] Undefined variable: articleSort D:\Program Files\PHPStudy\WWW\taobaoke\Runtime\Cache\Home\769e70f2e46f34ceb60619bbda5e4691.php 第 298 行.
NOTIC: [8] Undefined variable: article D:\Program Files\PHPStudy\WWW\taobaoke\Runtime\Cache\Home\769e70f2e46f34ceb60619bbda5e4691.php 第 298 行.
NOTIC: [8] Undefined variable: articleSort D:\Program Files\PHPStudy\WWW\taobaoke\Runtime\Cache\Home\769e70f2e46f34ceb60619bbda5e4691.php 第 302 行.
NOTIC: [8] Undefined variable: articleSort D:\Program Files\PHPStudy\WWW\taobaoke\Runtime\Cache\Home\769e70f2e46f34ceb60619bbda5e4691.php 第 303 行.
NOTIC: [8] Undefined variable: article D:\Program Files\PHPStudy\WWW\taobaoke\Runtime\Cache\Home\769e70f2e46f34ceb60619bbda5e4691.php 第 303 行.
NOTIC: [8] Undefined variable: articleSort D:\Program Files\PHPStudy\WWW\taobaoke\Runtime\Cache\Home\769e70f2e46f34ceb60619bbda5e4691.php 第 307 行.
NOTIC: [8] Undefined variable: articleSort D:\Program Files\PHPStudy\WWW\taobaoke\Runtime\Cache\Home\769e70f2e46f34ceb60619bbda5e4691.php 第 308 行.
NOTIC: [8] Undefined variable: article D:\Program Files\PHPStudy\WWW\taobaoke\Runtime\Cache\Home\769e70f2e46f34ceb60619bbda5e4691.php 第 308 行.
NOTIC: [8] Undefined variable: articleSort D:\Program Files\PHPStudy\WWW\taobaoke\Runtime\Cache\Home\769e70f2e46f34ceb60619bbda5e4691.php 第 312 行.
NOTIC: [8] Undefined variable: articleSort D:\Program Files\PHPStudy\WWW\taobaoke\Runtime\Cache\Home\769e70f2e46f34ceb60619bbda5e4691.php 第 313 行.
NOTIC: [8] Undefined variable: article D:\Program Files\PHPStudy\WWW\taobaoke\Runtime\Cache\Home\769e70f2e46f34ceb60619bbda5e4691.php 第 313 行.
INFO: Run Behavior\ParseTemplateBehavior [ RunTime:0.078125s ]
INFO: [ view_parse ] --END-- [ RunTime:0.078125s ]
INFO: [ view_filter ] --START--
INFO: Run Behavior\WriteHtmlCacheBehavior [ RunTime:0.000000s ]
INFO: [ view_filter ] --END-- [ RunTime:0.000000s ]
INFO: [ app_end ] --START--
INFO: Run Behavior\ShowPageTraceBehavior [ RunTime:0.000000s ]
INFO: [ app_end ] --END-- [ RunTime:0.000000s ]

[ 2015-09-28T20:27:23+08:00 ] 192.168.1.236 /taobaoke/index.php?s=/Home/goods/info/id/461.html
INFO: [ app_init ] --START--
INFO: Run Behavior\BuildLiteBehavior [ RunTime:0.000000s ]
INFO: Run Common\Behavior\InitHookBehavior [ RunTime:0.000000s ]
INFO: [ app_init ] --END-- [ RunTime:0.000000s ]
INFO: [ app_begin ] --START--
INFO: Run Behavior\ReadHtmlCacheBehavior [ RunTime:0.000000s ]
INFO: [ app_begin ] --END-- [ RunTime:0.000000s ]
SQL: SHOW COLUMNS FROM `onethink_config` [ RunTime:0.0000s ]
SQL: SELECT `type`,`name`,`value` FROM `onethink_config` WHERE `status` = 1  [ RunTime:0.0000s ]
NOTIC: [8] Use of undefined constant UID - assumed 'UID' D:\Program Files\PHPStudy\WWW\taobaoke\Application\Home\Controller\HomeController.class.php 第 38 行.
SQL: SHOW COLUMNS FROM `onethink_tag` [ RunTime:0.0000s ]
SQL: SELECT `id`,`tag_name`,`status` FROM `onethink_tag` WHERE `status` >= 0 ORDER BY id desc  [ RunTime:0.0156s ]
SQL: SHOW COLUMNS FROM `onethink_document` [ RunTime:0.0000s ]
SQL: SELECT * FROM `onethink_document` WHERE `status` = 1 AND `position` = 4 LIMIT 9   [ RunTime:0.0000s ]
SQL: SHOW COLUMNS FROM `onethink_category_goods` [ RunTime:0.0156s ]
SQL: SELECT `id`,`category_name`,`type`,`p_id`,`goods_num`,`status`,`sort` FROM `onethink_category_goods` WHERE `status` >= 0 ORDER BY id desc  [ RunTime:0.0000s ]
SQL: SHOW COLUMNS FROM `onethink_topic` [ RunTime:0.0000s ]
SQL: SELECT `id`,`topic_name`,`icon`,`pic_url`,`status`,`discription` FROM `onethink_topic` WHERE `status` >= 0 ORDER BY id desc  [ RunTime:0.0000s ]
SQL: SHOW COLUMNS FROM `onethink_goods` [ RunTime:0.0156s ]
SQL: SELECT * FROM `onethink_goods` INNER JOIN onethink_category_goods ON onethink_goods.cate_id = onethink_category_goods.id  WHERE `goods_id` = 461 LIMIT 1   [ RunTime:0.0000s ]
SQL: SHOW COLUMNS FROM `onethink_goods` [ RunTime:0.0000s ]
SQL: UPDATE `onethink_goods` SET `hits`=hits+1 WHERE ( goods_id=461 ) [ RunTime:0.0156s ]
SQL: SHOW COLUMNS FROM `onethink_goods` [ RunTime:0.0156s ]
SQL: SELECT * FROM `onethink_goods` WHERE `cate_id` = 1 ORDER BY hits DESC,goods_id DESC LIMIT 8   [ RunTime:0.0000s ]
INFO: [ view_parse ] --START--
INFO: [ template_filter ] --START--
INFO: Run Behavior\ContentReplaceBehavior [ RunTime:0.000000s ]
INFO: [ template_filter ] --END-- [ RunTime:0.000000s ]
SQL: SHOW COLUMNS FROM `onethink_channel` [ RunTime:0.0000s ]
SQL: SELECT `id`,`pid`,`title`,`url`,`sort`,`create_time`,`update_time`,`status`,`target` FROM `onethink_channel` WHERE ( status=1 ) ORDER BY sort  [ RunTime:0.0000s ]
NOTIC: [8] Undefined variable: my D:\Program Files\PHPStudy\WWW\taobaoke\Runtime\Cache\Home\3869abdc336be8a8db4eb341cb52bda5.php 第 139 行.
NOTIC: [8] Undefined variable: goods_name D:\Program Files\PHPStudy\WWW\taobaoke\Runtime\Cache\Home\3869abdc336be8a8db4eb341cb52bda5.php 第 186 行.
NOTIC: [8] Use of undefined constant CHARSET - assumed 'CHARSET' D:\Program Files\PHPStudy\WWW\taobaoke\Application\Common\Common\function.php 第 1043 行.
NOTIC: [8] Use of undefined constant goods_type - assumed 'goods_type' D:\Program Files\PHPStudy\WWW\taobaoke\Runtime\Cache\Home\3869abdc336be8a8db4eb341cb52bda5.php 第 233 行.
NOTIC: [8] Use of undefined constant goods_type - assumed 'goods_type' D:\Program Files\PHPStudy\WWW\taobaoke\Runtime\Cache\Home\3869abdc336be8a8db4eb341cb52bda5.php 第 233 行.
NOTIC: [8] Undefined variable: articleSort D:\Program Files\PHPStudy\WWW\taobaoke\Runtime\Cache\Home\3869abdc336be8a8db4eb341cb52bda5.php 第 326 行.
NOTIC: [8] Undefined variable: articleSort D:\Program Files\PHPStudy\WWW\taobaoke\Runtime\Cache\Home\3869abdc336be8a8db4eb341cb52bda5.php 第 327 行.
NOTIC: [8] Undefined variable: article D:\Program Files\PHPStudy\WWW\taobaoke\Runtime\Cache\Home\3869abdc336be8a8db4eb341cb52bda5.php 第 327 行.
NOTIC: [8] Undefined variable: articleSort D:\Program Files\PHPStudy\WWW\taobaoke\Runtime\Cache\Home\3869abdc336be8a8db4eb341cb52bda5.php 第 331 行.
NOTIC: [8] Undefined variable: articleSort D:\Program Files\PHPStudy\WWW\taobaoke\Runtime\Cache\Home\3869abdc336be8a8db4eb341cb52bda5.php 第 332 行.
NOTIC: [8] Undefined variable: article D:\Program Files\PHPStudy\WWW\taobaoke\Runtime\Cache\Home\3869abdc336be8a8db4eb341cb52bda5.php 第 332 行.
NOTIC: [8] Undefined variable: articleSort D:\Program Files\PHPStudy\WWW\taobaoke\Runtime\Cache\Home\3869abdc336be8a8db4eb341cb52bda5.php 第 336 行.
NOTIC: [8] Undefined variable: articleSort D:\Program Files\PHPStudy\WWW\taobaoke\Runtime\Cache\Home\3869abdc336be8a8db4eb341cb52bda5.php 第 337 行.
NOTIC: [8] Undefined variable: article D:\Program Files\PHPStudy\WWW\taobaoke\Runtime\Cache\Home\3869abdc336be8a8db4eb341cb52bda5.php 第 337 行.
NOTIC: [8] Undefined variable: articleSort D:\Program Files\PHPStudy\WWW\taobaoke\Runtime\Cache\Home\3869abdc336be8a8db4eb341cb52bda5.php 第 341 行.
NOTIC: [8] Undefined variable: articleSort D:\Program Files\PHPStudy\WWW\taobaoke\Runtime\Cache\Home\3869abdc336be8a8db4eb341cb52bda5.php 第 342 行.
NOTIC: [8] Undefined variable: article D:\Program Files\PHPStudy\WWW\taobaoke\Runtime\Cache\Home\3869abdc336be8a8db4eb341cb52bda5.php 第 342 行.
INFO: Run Behavior\ParseTemplateBehavior [ RunTime:0.062500s ]
INFO: [ view_parse ] --END-- [ RunTime:0.062500s ]
INFO: [ view_filter ] --START--
INFO: Run Behavior\WriteHtmlCacheBehavior [ RunTime:0.000000s ]
INFO: [ view_filter ] --END-- [ RunTime:0.000000s ]
INFO: [ app_end ] --START--
INFO: Run Behavior\ShowPageTraceBehavior [ RunTime:0.000000s ]
INFO: [ app_end ] --END-- [ RunTime:0.000000s ]

[ 2015-09-28T20:27:24+08:00 ] 192.168.1.236 /taobaoke/index.php?s=/Home/Goods/ajGetGoodsDetial.html&url=http%3A%2F%2Fitem.taobao.com%2Fitem.htm%3Fid%3D520652735334
INFO: [ app_init ] --START--
INFO: Run Behavior\BuildLiteBehavior [ RunTime:0.000000s ]
INFO: Run Common\Behavior\InitHookBehavior [ RunTime:0.000000s ]
INFO: [ app_init ] --END-- [ RunTime:0.000000s ]
INFO: [ app_begin ] --START--
INFO: Run Behavior\ReadHtmlCacheBehavior [ RunTime:0.000000s ]
INFO: [ app_begin ] --END-- [ RunTime:0.000000s ]
SQL: SHOW COLUMNS FROM `onethink_config` [ RunTime:0.0000s ]
SQL: SELECT `type`,`name`,`value` FROM `onethink_config` WHERE `status` = 1  [ RunTime:0.0000s ]
NOTIC: [8] Use of undefined constant UID - assumed 'UID' D:\Program Files\PHPStudy\WWW\taobaoke\Application\Home\Controller\HomeController.class.php 第 38 行.
SQL: SHOW COLUMNS FROM `onethink_tag` [ RunTime:0.0000s ]
SQL: SELECT `id`,`tag_name`,`status` FROM `onethink_tag` WHERE `status` >= 0 ORDER BY id desc  [ RunTime:0.0000s ]
SQL: SHOW COLUMNS FROM `onethink_document` [ RunTime:0.0000s ]
SQL: SELECT * FROM `onethink_document` WHERE `status` = 1 AND `position` = 4 LIMIT 9   [ RunTime:0.0000s ]
SQL: SHOW COLUMNS FROM `onethink_category_goods` [ RunTime:0.0156s ]
SQL: SELECT `id`,`category_name`,`type`,`p_id`,`goods_num`,`status`,`sort` FROM `onethink_category_goods` WHERE `status` >= 0 ORDER BY id desc  [ RunTime:0.0000s ]
SQL: SHOW COLUMNS FROM `onethink_topic` [ RunTime:0.0000s ]
SQL: SELECT `id`,`topic_name`,`icon`,`pic_url`,`status`,`discription` FROM `onethink_topic` WHERE `status` >= 0 ORDER BY id desc  [ RunTime:0.0000s ]
NOTIC: [2] file_get_contents(http://item.taobao.com/item.htm?id=520652735334) [<a href='function.file-get-contents'>function.file-get-contents</a>]: failed to open stream: Unable to find the socket transport &quot;ssl&quot; - did you forget to enable it when you configured PHP? D:\Program Files\PHPStudy\WWW\taobaoke\Application\Home\Controller\GoodsController.class.php 第 68 行.
NOTIC: [8] Undefined offset: 0 D:\Program Files\PHPStudy\WWW\taobaoke\Application\Home\Controller\GoodsController.class.php 第 71 行.
NOTIC: [2] file_get_contents(http://) [<a href='function.file-get-contents'>function.file-get-contents</a>]: failed to open stream: operation failed D:\Program Files\PHPStudy\WWW\taobaoke\Application\Home\Controller\GoodsController.class.php 第 72 行.

[ 2015-09-28T21:22:24+08:00 ] 127.0.0.1 /powerone/
INFO: [ app_init ] --START--
INFO: Run Behavior\BuildLiteBehavior [ RunTime:0.000000s ]
INFO: Run Common\Behavior\InitHookBehavior [ RunTime:0.031250s ]
INFO: [ app_init ] --END-- [ RunTime:0.031250s ]
INFO: [ app_begin ] --START--
INFO: Run Behavior\ReadHtmlCacheBehavior [ RunTime:0.015625s ]
INFO: [ app_begin ] --END-- [ RunTime:0.015625s ]
SQL: SHOW COLUMNS FROM `onethink_config` [ RunTime:0.0000s ]
SQL: SELECT `type`,`name`,`value` FROM `onethink_config` WHERE `status` = 1  [ RunTime:0.0000s ]
NOTIC: [8] Use of undefined constant UID - assumed 'UID' D:\Program Files\PHPStudy\WWW\powerone\Application\Home\Controller\HomeController.class.php 第 38 行.
SQL: SHOW COLUMNS FROM `onethink_tag` [ RunTime:0.0000s ]
SQL: SELECT `id`,`tag_name`,`status` FROM `onethink_tag` WHERE `status` >= 0 ORDER BY id desc  [ RunTime:0.0000s ]
SQL: SHOW COLUMNS FROM `onethink_document` [ RunTime:0.0156s ]
SQL: SELECT * FROM `onethink_document` WHERE `status` = 1 AND `position` = 4 LIMIT 9   [ RunTime:0.0000s ]
SQL: SHOW COLUMNS FROM `onethink_category_goods` [ RunTime:0.0156s ]
SQL: SELECT `id`,`category_name`,`type`,`p_id`,`goods_num`,`status`,`sort` FROM `onethink_category_goods` WHERE `status` >= 0 ORDER BY id desc  [ RunTime:0.0000s ]
SQL: SHOW COLUMNS FROM `onethink_topic` [ RunTime:0.0000s ]
SQL: SELECT `id`,`topic_name`,`icon`,`pic_url`,`status`,`discription` FROM `onethink_topic` WHERE `status` >= 0 ORDER BY id desc  [ RunTime:0.0000s ]
SQL: SHOW COLUMNS FROM `onethink_ad` [ RunTime:0.0156s ]
SQL: SELECT COUNT(*) AS tp_count FROM `onethink_ad` WHERE `status` >= 0 LIMIT 1   [ RunTime:0.0000s ]
SQL: SELECT `id`,`title`,`pic_url`,`link`,`status`,`create_time` FROM `onethink_ad` WHERE `status` >= 0 ORDER BY id desc LIMIT 0,12   [ RunTime:0.0000s ]
SQL: SHOW COLUMNS FROM `onethink_goods` [ RunTime:0.0156s ]
SQL: SHOW COLUMNS FROM `onethink_goods` [ RunTime:0.0000s ]
SQL: SELECT COUNT(*) AS tp_count FROM `onethink_goods` WHERE `status` >= 0 LIMIT 1   [ RunTime:0.0000s ]
SQL: SELECT `goods_id`,`num_iid`,`title`,`cate_id`,`tid`,`goods_type`,`provcity`,`nick`,`add_id`,`add_uname`,`seller_credit`,`discount_price`,`price`,`volume`,`comment_count`,`pic_url`,`item_url`,`click_url`,`shop_url`,`sclick_url`,`item_body`,`status`,`seo_title`,`seo_keywords`,`seo_description`,`ctime`,`hits`,`favor`,`sort`,`tag` FROM `onethink_goods` WHERE `status` >= 0 ORDER BY goods_id desc LIMIT 0,12   [ RunTime:0.0000s ]
NOTIC: [8] Undefined variable: totalPage D:\Program Files\PHPStudy\WWW\powerone\Application\Home\Controller\IndexController.class.php 第 16 行.
NOTIC: [8] Undefined variable: flink D:\Program Files\PHPStudy\WWW\powerone\Application\Home\Controller\IndexController.class.php 第 17 行.
INFO: [ view_parse ] --START--

[ 2015-09-28T21:32:56+08:00 ] 127.0.0.1 /powerone/
INFO: [ app_init ] --START--
INFO: Run Behavior\BuildLiteBehavior [ RunTime:0.000000s ]
INFO: Run Common\Behavior\InitHookBehavior [ RunTime:0.015625s ]
INFO: [ app_init ] --END-- [ RunTime:0.015625s ]
INFO: [ app_begin ] --START--
INFO: Run Behavior\ReadHtmlCacheBehavior [ RunTime:0.000000s ]
INFO: [ app_begin ] --END-- [ RunTime:0.000000s ]
SQL: SHOW COLUMNS FROM `onethink_config` [ RunTime:0.0156s ]
SQL: SELECT `type`,`name`,`value` FROM `onethink_config` WHERE `status` = 1  [ RunTime:0.0000s ]
NOTIC: [8] Use of undefined constant UID - assumed 'UID' D:\Program Files\PHPStudy\WWW\powerone\Application\Home\Controller\HomeController.class.php 第 38 行.
SQL: SHOW COLUMNS FROM `onethink_tag` [ RunTime:0.0000s ]
SQL: SELECT `id`,`tag_name`,`status` FROM `onethink_tag` WHERE `status` >= 0 ORDER BY id desc  [ RunTime:0.0000s ]
SQL: SHOW COLUMNS FROM `onethink_document` [ RunTime:0.0156s ]
SQL: SELECT * FROM `onethink_document` WHERE `status` = 1 AND `position` = 4 LIMIT 9   [ RunTime:0.0000s ]
SQL: SHOW COLUMNS FROM `onethink_category_goods` [ RunTime:0.0000s ]
SQL: SELECT `id`,`category_name`,`type`,`p_id`,`goods_num`,`status`,`sort` FROM `onethink_category_goods` WHERE `status` >= 0 ORDER BY id desc  [ RunTime:0.0000s ]
SQL: SHOW COLUMNS FROM `onethink_topic` [ RunTime:0.0000s ]
SQL: SELECT `id`,`topic_name`,`icon`,`pic_url`,`status`,`discription` FROM `onethink_topic` WHERE `status` >= 0 ORDER BY id desc  [ RunTime:0.0000s ]
SQL: SHOW COLUMNS FROM `onethink_ad` [ RunTime:0.0156s ]
SQL: SELECT COUNT(*) AS tp_count FROM `onethink_ad` WHERE `status` >= 0 LIMIT 1   [ RunTime:0.0000s ]
SQL: SELECT `id`,`title`,`pic_url`,`link`,`status`,`create_time` FROM `onethink_ad` WHERE `status` >= 0 ORDER BY id desc LIMIT 0,12   [ RunTime:0.0000s ]
SQL: SHOW COLUMNS FROM `onethink_goods` [ RunTime:0.0000s ]
SQL: SHOW COLUMNS FROM `onethink_goods` [ RunTime:0.0156s ]
SQL: SELECT COUNT(*) AS tp_count FROM `onethink_goods` WHERE `status` >= 0 LIMIT 1   [ RunTime:0.0000s ]
SQL: SELECT `goods_id`,`num_iid`,`title`,`cate_id`,`tid`,`goods_type`,`provcity`,`nick`,`add_id`,`add_uname`,`seller_credit`,`discount_price`,`price`,`volume`,`comment_count`,`pic_url`,`item_url`,`click_url`,`shop_url`,`sclick_url`,`item_body`,`status`,`seo_title`,`seo_keywords`,`seo_description`,`ctime`,`hits`,`favor`,`sort`,`tag` FROM `onethink_goods` WHERE `status` >= 0 ORDER BY goods_id desc LIMIT 0,12   [ RunTime:0.0000s ]
NOTIC: [8] Undefined variable: totalPage D:\Program Files\PHPStudy\WWW\powerone\Application\Home\Controller\IndexController.class.php 第 16 行.
NOTIC: [8] Undefined variable: flink D:\Program Files\PHPStudy\WWW\powerone\Application\Home\Controller\IndexController.class.php 第 17 行.
INFO: [ view_parse ] --START--
INFO: [ template_filter ] --START--
INFO: Run Behavior\ContentReplaceBehavior [ RunTime:0.000000s ]
INFO: [ template_filter ] --END-- [ RunTime:0.000000s ]
NOTIC: [8] Undefined variable: nav_url D:\Program Files\PHPStudy\WWW\powerone\Runtime\Cache\Home\769e70f2e46f34ceb60619bbda5e4691.php 第 50 行.
SQL: SHOW COLUMNS FROM `onethink_channel` [ RunTime:0.0000s ]
SQL: SELECT `id`,`pid`,`title`,`url`,`sort`,`create_time`,`update_time`,`status`,`target` FROM `onethink_channel` WHERE ( status=1 ) ORDER BY sort  [ RunTime:0.0156s ]
NOTIC: [8] Undefined variable: my D:\Program Files\PHPStudy\WWW\powerone\Runtime\Cache\Home\769e70f2e46f34ceb60619bbda5e4691.php 第 140 行.
NOTIC: [8] Undefined index: goods_id D:\Program Files\PHPStudy\WWW\powerone\Runtime\Cache\Home\769e70f2e46f34ceb60619bbda5e4691.php 第 236 行.
NOTIC: [8] Undefined index: goods_id D:\Program Files\PHPStudy\WWW\powerone\Runtime\Cache\Home\769e70f2e46f34ceb60619bbda5e4691.php 第 236 行.
NOTIC: [8] Undefined index: goods_id D:\Program Files\PHPStudy\WWW\powerone\Runtime\Cache\Home\769e70f2e46f34ceb60619bbda5e4691.php 第 236 行.
NOTIC: [8] Undefined index: goods_id D:\Program Files\PHPStudy\WWW\powerone\Runtime\Cache\Home\769e70f2e46f34ceb60619bbda5e4691.php 第 236 行.
NOTIC: [8] Undefined index: goods_id D:\Program Files\PHPStudy\WWW\powerone\Runtime\Cache\Home\769e70f2e46f34ceb60619bbda5e4691.php 第 236 行.
NOTIC: [8] Undefined index: goods_id D:\Program Files\PHPStudy\WWW\powerone\Runtime\Cache\Home\769e70f2e46f34ceb60619bbda5e4691.php 第 236 行.
NOTIC: [8] Undefined index: goods_id D:\Program Files\PHPStudy\WWW\powerone\Runtime\Cache\Home\769e70f2e46f34ceb60619bbda5e4691.php 第 236 行.
NOTIC: [8] Undefined index: goods_id D:\Program Files\PHPStudy\WWW\powerone\Runtime\Cache\Home\769e70f2e46f34ceb60619bbda5e4691.php 第 236 行.
NOTIC: [8] Undefined index: goods_id D:\Program Files\PHPStudy\WWW\powerone\Runtime\Cache\Home\769e70f2e46f34ceb60619bbda5e4691.php 第 236 行.
NOTIC: [8] Undefined index: goods_id D:\Program Files\PHPStudy\WWW\powerone\Runtime\Cache\Home\769e70f2e46f34ceb60619bbda5e4691.php 第 236 行.
NOTIC: [8] Undefined index: goods_id D:\Program Files\PHPStudy\WWW\powerone\Runtime\Cache\Home\769e70f2e46f34ceb60619bbda5e4691.php 第 236 行.
NOTIC: [8] Undefined index: goods_id D:\Program Files\PHPStudy\WWW\powerone\Runtime\Cache\Home\769e70f2e46f34ceb60619bbda5e4691.php 第 236 行.
NOTIC: [8] Use of undefined constant path - assumed 'path' D:\Program Files\PHPStudy\WWW\powerone\Runtime\Cache\Home\769e70f2e46f34ceb60619bbda5e4691.php 第 259 行.
SQL: SHOW COLUMNS FROM `onethink_picture` [ RunTime:0.0000s ]
SQL: SELECT * FROM `onethink_picture` WHERE `status` = 1 AND `id` = 23 LIMIT 1   [ RunTime:0.0000s ]
NOTIC: [8] Use of undefined constant path - assumed 'path' D:\Program Files\PHPStudy\WWW\powerone\Runtime\Cache\Home\769e70f2e46f34ceb60619bbda5e4691.php 第 259 行.
SQL: SELECT * FROM `onethink_picture` WHERE `status` = 1 AND `id` = 24 LIMIT 1   [ RunTime:0.0000s ]
NOTIC: [8] Use of undefined constant path - assumed 'path' D:\Program Files\PHPStudy\WWW\powerone\Runtime\Cache\Home\769e70f2e46f34ceb60619bbda5e4691.php 第 259 行.
SQL: SELECT * FROM `onethink_picture` WHERE `status` = 1 AND `id` = 24 LIMIT 1   [ RunTime:0.0000s ]
NOTIC: [8] Use of undefined constant path - assumed 'path' D:\Program Files\PHPStudy\WWW\powerone\Runtime\Cache\Home\769e70f2e46f34ceb60619bbda5e4691.php 第 259 行.
SQL: SELECT * FROM `onethink_picture` WHERE `status` = 1 AND `id` = 24 LIMIT 1   [ RunTime:0.0000s ]
NOTIC: [8] Use of undefined constant path - assumed 'path' D:\Program Files\PHPStudy\WWW\powerone\Runtime\Cache\Home\769e70f2e46f34ceb60619bbda5e4691.php 第 259 行.
SQL: SELECT * FROM `onethink_picture` WHERE `status` = 1 AND `id` = 24 LIMIT 1   [ RunTime:0.0000s ]
NOTIC: [8] Undefined variable: articleSort D:\Program Files\PHPStudy\WWW\powerone\Runtime\Cache\Home\769e70f2e46f34ceb60619bbda5e4691.php 第 297 行.
NOTIC: [8] Undefined variable: articleSort D:\Program Files\PHPStudy\WWW\powerone\Runtime\Cache\Home\769e70f2e46f34ceb60619bbda5e4691.php 第 298 行.
NOTIC: [8] Undefined variable: article D:\Program Files\PHPStudy\WWW\powerone\Runtime\Cache\Home\769e70f2e46f34ceb60619bbda5e4691.php 第 298 行.
NOTIC: [8] Undefined variable: articleSort D:\Program Files\PHPStudy\WWW\powerone\Runtime\Cache\Home\769e70f2e46f34ceb60619bbda5e4691.php 第 302 行.
NOTIC: [8] Undefined variable: articleSort D:\Program Files\PHPStudy\WWW\powerone\Runtime\Cache\Home\769e70f2e46f34ceb60619bbda5e4691.php 第 303 行.
NOTIC: [8] Undefined variable: article D:\Program Files\PHPStudy\WWW\powerone\Runtime\Cache\Home\769e70f2e46f34ceb60619bbda5e4691.php 第 303 行.
NOTIC: [8] Undefined variable: articleSort D:\Program Files\PHPStudy\WWW\powerone\Runtime\Cache\Home\769e70f2e46f34ceb60619bbda5e4691.php 第 307 行.
NOTIC: [8] Undefined variable: articleSort D:\Program Files\PHPStudy\WWW\powerone\Runtime\Cache\Home\769e70f2e46f34ceb60619bbda5e4691.php 第 308 行.
NOTIC: [8] Undefined variable: article D:\Program Files\PHPStudy\WWW\powerone\Runtime\Cache\Home\769e70f2e46f34ceb60619bbda5e4691.php 第 308 行.
NOTIC: [8] Undefined variable: articleSort D:\Program Files\PHPStudy\WWW\powerone\Runtime\Cache\Home\769e70f2e46f34ceb60619bbda5e4691.php 第 312 行.
NOTIC: [8] Undefined variable: articleSort D:\Program Files\PHPStudy\WWW\powerone\Runtime\Cache\Home\769e70f2e46f34ceb60619bbda5e4691.php 第 313 行.
NOTIC: [8] Undefined variable: article D:\Program Files\PHPStudy\WWW\powerone\Runtime\Cache\Home\769e70f2e46f34ceb60619bbda5e4691.php 第 313 行.
INFO: Run Behavior\ParseTemplateBehavior [ RunTime:0.109375s ]
INFO: [ view_parse ] --END-- [ RunTime:0.109375s ]
INFO: [ view_filter ] --START--
INFO: Run Behavior\WriteHtmlCacheBehavior [ RunTime:0.015625s ]
INFO: [ view_filter ] --END-- [ RunTime:0.015625s ]
INFO: [ app_end ] --START--
INFO: Run Behavior\ShowPageTraceBehavior [ RunTime:0.015625s ]
INFO: [ app_end ] --END-- [ RunTime:0.015625s ]

[ 2015-09-28T21:32:57+08:00 ] 127.0.0.1 /powerone/
INFO: [ app_init ] --START--
INFO: Run Behavior\BuildLiteBehavior [ RunTime:0.000000s ]
INFO: Run Common\Behavior\InitHookBehavior [ RunTime:0.000000s ]
INFO: [ app_init ] --END-- [ RunTime:0.000000s ]
INFO: [ app_begin ] --START--
INFO: Run Behavior\ReadHtmlCacheBehavior [ RunTime:0.015625s ]
INFO: [ app_begin ] --END-- [ RunTime:0.015625s ]
SQL: SHOW COLUMNS FROM `onethink_config` [ RunTime:0.0000s ]
SQL: SELECT `type`,`name`,`value` FROM `onethink_config` WHERE `status` = 1  [ RunTime:0.0156s ]
NOTIC: [8] Use of undefined constant UID - assumed 'UID' D:\Program Files\PHPStudy\WWW\powerone\Application\Home\Controller\HomeController.class.php 第 38 行.
SQL: SHOW COLUMNS FROM `onethink_tag` [ RunTime:0.0000s ]
SQL: SELECT `id`,`tag_name`,`status` FROM `onethink_tag` WHERE `status` >= 0 ORDER BY id desc  [ RunTime:0.0000s ]
SQL: SHOW COLUMNS FROM `onethink_document` [ RunTime:0.0156s ]
SQL: SELECT * FROM `onethink_document` WHERE `status` = 1 AND `position` = 4 LIMIT 9   [ RunTime:0.0000s ]
SQL: SHOW COLUMNS FROM `onethink_category_goods` [ RunTime:0.0000s ]
SQL: SELECT `id`,`category_name`,`type`,`p_id`,`goods_num`,`status`,`sort` FROM `onethink_category_goods` WHERE `status` >= 0 ORDER BY id desc  [ RunTime:0.0000s ]
SQL: SHOW COLUMNS FROM `onethink_topic` [ RunTime:0.0156s ]
SQL: SELECT `id`,`topic_name`,`icon`,`pic_url`,`status`,`discription` FROM `onethink_topic` WHERE `status` >= 0 ORDER BY id desc  [ RunTime:0.0000s ]
SQL: SHOW COLUMNS FROM `onethink_ad` [ RunTime:0.0000s ]
SQL: SELECT COUNT(*) AS tp_count FROM `onethink_ad` WHERE `status` >= 0 LIMIT 1   [ RunTime:0.0000s ]
SQL: SELECT `id`,`title`,`pic_url`,`link`,`status`,`create_time` FROM `onethink_ad` WHERE `status` >= 0 ORDER BY id desc LIMIT 0,12   [ RunTime:0.0000s ]
SQL: SHOW COLUMNS FROM `onethink_goods` [ RunTime:0.0000s ]
SQL: SHOW COLUMNS FROM `onethink_goods` [ RunTime:0.0156s ]
SQL: SELECT COUNT(*) AS tp_count FROM `onethink_goods` WHERE `status` >= 0 LIMIT 1   [ RunTime:0.0000s ]
SQL: SELECT `goods_id`,`num_iid`,`title`,`cate_id`,`tid`,`goods_type`,`provcity`,`nick`,`add_id`,`add_uname`,`seller_credit`,`discount_price`,`price`,`volume`,`comment_count`,`pic_url`,`item_url`,`click_url`,`shop_url`,`sclick_url`,`item_body`,`status`,`seo_title`,`seo_keywords`,`seo_description`,`ctime`,`hits`,`favor`,`sort`,`tag` FROM `onethink_goods` WHERE `status` >= 0 ORDER BY goods_id desc LIMIT 0,12   [ RunTime:0.0000s ]
NOTIC: [8] Undefined variable: totalPage D:\Program Files\PHPStudy\WWW\powerone\Application\Home\Controller\IndexController.class.php 第 16 行.
NOTIC: [8] Undefined variable: flink D:\Program Files\PHPStudy\WWW\powerone\Application\Home\Controller\IndexController.class.php 第 17 行.
INFO: [ view_parse ] --START--
INFO: [ template_filter ] --START--
INFO: Run Behavior\ContentReplaceBehavior [ RunTime:0.000000s ]
INFO: [ template_filter ] --END-- [ RunTime:0.000000s ]
NOTIC: [8] Undefined variable: nav_url D:\Program Files\PHPStudy\WWW\powerone\Runtime\Cache\Home\769e70f2e46f34ceb60619bbda5e4691.php 第 50 行.
SQL: SHOW COLUMNS FROM `onethink_channel` [ RunTime:0.0156s ]
SQL: SELECT `id`,`pid`,`title`,`url`,`sort`,`create_time`,`update_time`,`status`,`target` FROM `onethink_channel` WHERE ( status=1 ) ORDER BY sort  [ RunTime:0.0000s ]
NOTIC: [8] Undefined variable: my D:\Program Files\PHPStudy\WWW\powerone\Runtime\Cache\Home\769e70f2e46f34ceb60619bbda5e4691.php 第 140 行.
NOTIC: [8] Undefined index: goods_id D:\Program Files\PHPStudy\WWW\powerone\Runtime\Cache\Home\769e70f2e46f34ceb60619bbda5e4691.php 第 236 行.
NOTIC: [8] Undefined index: goods_id D:\Program Files\PHPStudy\WWW\powerone\Runtime\Cache\Home\769e70f2e46f34ceb60619bbda5e4691.php 第 236 行.
NOTIC: [8] Undefined index: goods_id D:\Program Files\PHPStudy\WWW\powerone\Runtime\Cache\Home\769e70f2e46f34ceb60619bbda5e4691.php 第 236 行.
NOTIC: [8] Undefined index: goods_id D:\Program Files\PHPStudy\WWW\powerone\Runtime\Cache\Home\769e70f2e46f34ceb60619bbda5e4691.php 第 236 行.
NOTIC: [8] Undefined index: goods_id D:\Program Files\PHPStudy\WWW\powerone\Runtime\Cache\Home\769e70f2e46f34ceb60619bbda5e4691.php 第 236 行.
NOTIC: [8] Undefined index: goods_id D:\Program Files\PHPStudy\WWW\powerone\Runtime\Cache\Home\769e70f2e46f34ceb60619bbda5e4691.php 第 236 行.
NOTIC: [8] Undefined index: goods_id D:\Program Files\PHPStudy\WWW\powerone\Runtime\Cache\Home\769e70f2e46f34ceb60619bbda5e4691.php 第 236 行.
NOTIC: [8] Undefined index: goods_id D:\Program Files\PHPStudy\WWW\powerone\Runtime\Cache\Home\769e70f2e46f34ceb60619bbda5e4691.php 第 236 行.
NOTIC: [8] Undefined index: goods_id D:\Program Files\PHPStudy\WWW\powerone\Runtime\Cache\Home\769e70f2e46f34ceb60619bbda5e4691.php 第 236 行.
NOTIC: [8] Undefined index: goods_id D:\Program Files\PHPStudy\WWW\powerone\Runtime\Cache\Home\769e70f2e46f34ceb60619bbda5e4691.php 第 236 行.
NOTIC: [8] Undefined index: goods_id D:\Program Files\PHPStudy\WWW\powerone\Runtime\Cache\Home\769e70f2e46f34ceb60619bbda5e4691.php 第 236 行.
NOTIC: [8] Undefined index: goods_id D:\Program Files\PHPStudy\WWW\powerone\Runtime\Cache\Home\769e70f2e46f34ceb60619bbda5e4691.php 第 236 行.
NOTIC: [8] Use of undefined constant path - assumed 'path' D:\Program Files\PHPStudy\WWW\powerone\Runtime\Cache\Home\769e70f2e46f34ceb60619bbda5e4691.php 第 259 行.
SQL: SHOW COLUMNS FROM `onethink_picture` [ RunTime:0.0000s ]
SQL: SELECT * FROM `onethink_picture` WHERE `status` = 1 AND `id` = 23 LIMIT 1   [ RunTime:0.0000s ]
NOTIC: [8] Use of undefined constant path - assumed 'path' D:\Program Files\PHPStudy\WWW\powerone\Runtime\Cache\Home\769e70f2e46f34ceb60619bbda5e4691.php 第 259 行.
SQL: SELECT * FROM `onethink_picture` WHERE `status` = 1 AND `id` = 24 LIMIT 1   [ RunTime:0.0000s ]
NOTIC: [8] Use of undefined constant path - assumed 'path' D:\Program Files\PHPStudy\WWW\powerone\Runtime\Cache\Home\769e70f2e46f34ceb60619bbda5e4691.php 第 259 行.
SQL: SELECT * FROM `onethink_picture` WHERE `status` = 1 AND `id` = 24 LIMIT 1   [ RunTime:0.0000s ]
NOTIC: [8] Use of undefined constant path - assumed 'path' D:\Program Files\PHPStudy\WWW\powerone\Runtime\Cache\Home\769e70f2e46f34ceb60619bbda5e4691.php 第 259 行.
SQL: SELECT * FROM `onethink_picture` WHERE `status` = 1 AND `id` = 24 LIMIT 1   [ RunTime:0.0000s ]
NOTIC: [8] Use of undefined constant path - assumed 'path' D:\Program Files\PHPStudy\WWW\powerone\Runtime\Cache\Home\769e70f2e46f34ceb60619bbda5e4691.php 第 259 行.
SQL: SELECT * FROM `onethink_picture` WHERE `status` = 1 AND `id` = 24 LIMIT 1   [ RunTime:0.0000s ]
NOTIC: [8] Undefined variable: articleSort D:\Program Files\PHPStudy\WWW\powerone\Runtime\Cache\Home\769e70f2e46f34ceb60619bbda5e4691.php 第 297 行.
NOTIC: [8] Undefined variable: articleSort D:\Program Files\PHPStudy\WWW\powerone\Runtime\Cache\Home\769e70f2e46f34ceb60619bbda5e4691.php 第 298 行.
NOTIC: [8] Undefined variable: article D:\Program Files\PHPStudy\WWW\powerone\Runtime\Cache\Home\769e70f2e46f34ceb60619bbda5e4691.php 第 298 行.
NOTIC: [8] Undefined variable: articleSort D:\Program Files\PHPStudy\WWW\powerone\Runtime\Cache\Home\769e70f2e46f34ceb60619bbda5e4691.php 第 302 行.
NOTIC: [8] Undefined variable: articleSort D:\Program Files\PHPStudy\WWW\powerone\Runtime\Cache\Home\769e70f2e46f34ceb60619bbda5e4691.php 第 303 行.
NOTIC: [8] Undefined variable: article D:\Program Files\PHPStudy\WWW\powerone\Runtime\Cache\Home\769e70f2e46f34ceb60619bbda5e4691.php 第 303 行.
NOTIC: [8] Undefined variable: articleSort D:\Program Files\PHPStudy\WWW\powerone\Runtime\Cache\Home\769e70f2e46f34ceb60619bbda5e4691.php 第 307 行.
NOTIC: [8] Undefined variable: articleSort D:\Program Files\PHPStudy\WWW\powerone\Runtime\Cache\Home\769e70f2e46f34ceb60619bbda5e4691.php 第 308 行.
NOTIC: [8] Undefined variable: article D:\Program Files\PHPStudy\WWW\powerone\Runtime\Cache\Home\769e70f2e46f34ceb60619bbda5e4691.php 第 308 行.
NOTIC: [8] Undefined variable: articleSort D:\Program Files\PHPStudy\WWW\powerone\Runtime\Cache\Home\769e70f2e46f34ceb60619bbda5e4691.php 第 312 行.
NOTIC: [8] Undefined variable: articleSort D:\Program Files\PHPStudy\WWW\powerone\Runtime\Cache\Home\769e70f2e46f34ceb60619bbda5e4691.php 第 313 行.
NOTIC: [8] Undefined variable: article D:\Program Files\PHPStudy\WWW\powerone\Runtime\Cache\Home\769e70f2e46f34ceb60619bbda5e4691.php 第 313 行.
INFO: Run Behavior\ParseTemplateBehavior [ RunTime:0.468750s ]
INFO: [ view_parse ] --END-- [ RunTime:0.468750s ]
INFO: [ view_filter ] --START--
INFO: Run Behavior\WriteHtmlCacheBehavior [ RunTime:0.000000s ]
INFO: [ view_filter ] --END-- [ RunTime:0.000000s ]
INFO: [ app_end ] --START--
INFO: Run Behavior\ShowPageTraceBehavior [ RunTime:0.000000s ]
INFO: [ app_end ] --END-- [ RunTime:0.000000s ]

