[ 2016-04-20T23:14:30+08:00 ] 127.0.0.1 /powerone/admin
INFO: [ app_init ] --START--
INFO: Run Behavior\BuildLiteBehavior [ RunTime:0.000000s ]
INFO: [ app_init ] --END-- [ RunTime:0.000000s ]
INFO: [ app_begin ] --START--
INFO: Run Behavior\ReadHtmlCacheBehavior [ RunTime:0.000000s ]
INFO: [ app_begin ] --END-- [ RunTime:0.000000s ]
INFO: [ view_parse ] --START--
INFO: [ template_filter ] --START--
INFO: Run Behavior\ContentReplaceBehavior [ RunTime:0.000000s ]
INFO: [ template_filter ] --END-- [ RunTime:0.000000s ]
INFO: Run Behavior\ParseTemplateBehavior [ RunTime:0.031250s ]
INFO: [ view_parse ] --END-- [ RunTime:0.031250s ]
INFO: [ view_filter ] --START--
INFO: Run Behavior\WriteHtmlCacheBehavior [ RunTime:0.000000s ]
INFO: [ view_filter ] --END-- [ RunTime:0.000000s ]
INFO: [ app_end ] --START--
INFO: Run Behavior\ShowPageTraceBehavior [ RunTime:0.000000s ]
INFO: [ app_end ] --END-- [ RunTime:0.000000s ]

[ 2016-04-20T23:14:31+08:00 ] 127.0.0.1 /powerone/Admin/Login/verify.html
INFO: [ app_init ] --START--
INFO: Run Behavior\BuildLiteBehavior [ RunTime:0.000000s ]
INFO: [ app_init ] --END-- [ RunTime:0.000000s ]
INFO: [ app_begin ] --START--
INFO: Run Behavior\ReadHtmlCacheBehavior [ RunTime:0.000000s ]
INFO: [ app_begin ] --END-- [ RunTime:0.000000s ]
NOTIC: [2] Missing argument 1 for verify(), called in D:\Program Files\PHPStudy\WWW\powerone\Base\Admin\Controller\LoginController.class.php on line 44 and defined D:\Program Files\PHPStudy\WWW\powerone\Base\Common\Common\function.php 第 10 行.
NOTIC: [8] Undefined variable: code D:\Program Files\PHPStudy\WWW\powerone\Base\Common\Common\function.php 第 11 行.
NOTIC: [8] A non well formed numeric value encountered D:\Program Files\PHPStudy\WWW\powerone\ThinkPHP\Library\Think\Verify.class.php 第 166 行.
NOTIC: [8] A non well formed numeric value encountered D:\Program Files\PHPStudy\WWW\powerone\ThinkPHP\Library\Think\Verify.class.php 第 166 行.
NOTIC: [8] A non well formed numeric value encountered D:\Program Files\PHPStudy\WWW\powerone\ThinkPHP\Library\Think\Verify.class.php 第 166 行.
NOTIC: [8] A non well formed numeric value encountered D:\Program Files\PHPStudy\WWW\powerone\ThinkPHP\Library\Think\Verify.class.php 第 166 行.
INFO: [ app_end ] --START--
INFO: Run Behavior\ShowPageTraceBehavior [ RunTime:0.000000s ]
INFO: [ app_end ] --END-- [ RunTime:0.000000s ]

[ 2016-04-20T23:14:45+08:00 ] 127.0.0.1 /powerone/Admin/Login/login.html
INFO: [ app_init ] --START--
INFO: Run Behavior\BuildLiteBehavior [ RunTime:0.000000s ]
INFO: [ app_init ] --END-- [ RunTime:0.000000s ]
INFO: [ app_begin ] --START--
INFO: Run Behavior\ReadHtmlCacheBehavior [ RunTime:0.000000s ]
INFO: [ app_begin ] --END-- [ RunTime:0.000000s ]
SQL: SHOW COLUMNS FROM `base_useradmin` [ RunTime:0.0000s ]
SQL: SELECT * FROM `base_useradmin` WHERE `ad_username` = 'admin' LIMIT 1   [ RunTime:0.0000s ]

[ 2016-04-20T23:14:50+08:00 ] 127.0.0.1 /powerone/Admin/Login/login.html
INFO: [ app_init ] --START--
INFO: Run Behavior\BuildLiteBehavior [ RunTime:0.000000s ]
INFO: [ app_init ] --END-- [ RunTime:0.000000s ]
INFO: [ app_begin ] --START--
INFO: Run Behavior\ReadHtmlCacheBehavior [ RunTime:0.062500s ]
INFO: [ app_begin ] --END-- [ RunTime:0.062500s ]
SQL: SHOW COLUMNS FROM `base_useradmin` [ RunTime:0.0469s ]
SQL: SELECT * FROM `base_useradmin` WHERE `ad_username` = 'Admin' LIMIT 1   [ RunTime:0.0000s ]

[ 2016-04-20T23:15:08+08:00 ] 127.0.0.1 /powerone/Admin/Login/login.html
INFO: [ app_init ] --START--
INFO: Run Behavior\BuildLiteBehavior [ RunTime:0.000000s ]
INFO: [ app_init ] --END-- [ RunTime:0.000000s ]
INFO: [ app_begin ] --START--
INFO: Run Behavior\ReadHtmlCacheBehavior [ RunTime:0.000000s ]
INFO: [ app_begin ] --END-- [ RunTime:0.000000s ]
SQL: SHOW COLUMNS FROM `base_useradmin` [ RunTime:0.0156s ]
SQL: SELECT * FROM `base_useradmin` WHERE `ad_username` = 'leo' LIMIT 1   [ RunTime:0.0000s ]

[ 2016-04-20T23:15:09+08:00 ] 127.0.0.1 /powerone/Admin/index/index.html
INFO: [ app_init ] --START--
INFO: Run Behavior\BuildLiteBehavior [ RunTime:0.000000s ]
INFO: [ app_init ] --END-- [ RunTime:0.000000s ]
INFO: [ app_begin ] --START--
INFO: Run Behavior\ReadHtmlCacheBehavior [ RunTime:0.000000s ]
INFO: [ app_begin ] --END-- [ RunTime:0.000000s ]
NOTIC: [8192] Function eregi() is deprecated D:\Program Files\PHPStudy\WWW\powerone\Base\Common\Common\function.php 第 41 行.
NOTIC: [8192] Function eregi() is deprecated D:\Program Files\PHPStudy\WWW\powerone\Base\Common\Common\function.php 第 43 行.
NOTIC: [8192] Function eregi() is deprecated D:\Program Files\PHPStudy\WWW\powerone\Base\Common\Common\function.php 第 41 行.
NOTIC: [8192] Function eregi() is deprecated D:\Program Files\PHPStudy\WWW\powerone\Base\Common\Common\function.php 第 43 行.
SQL: SHOW COLUMNS FROM `base_useradmin` [ RunTime:0.0156s ]
SQL: UPDATE `base_useradmin` SET `ad_last_time`='1461165309',`ad_last_ip`='127.0.0.1',`ad_last_os`='Win XP' WHERE ( ad_id=1 ) [ RunTime:0.0000s ]
INFO: [ view_parse ] --START--
INFO: [ template_filter ] --START--
INFO: Run Behavior\ContentReplaceBehavior [ RunTime:0.000000s ]
INFO: [ template_filter ] --END-- [ RunTime:0.000000s ]
INFO: Run Behavior\ParseTemplateBehavior [ RunTime:0.046875s ]
INFO: [ view_parse ] --END-- [ RunTime:0.046875s ]
INFO: [ view_filter ] --START--
INFO: Run Behavior\WriteHtmlCacheBehavior [ RunTime:0.000000s ]
INFO: [ view_filter ] --END-- [ RunTime:0.000000s ]
INFO: [ app_end ] --START--
INFO: Run Behavior\ShowPageTraceBehavior [ RunTime:0.000000s ]
INFO: [ app_end ] --END-- [ RunTime:0.000000s ]

[ 2016-04-20T23:15:12+08:00 ] 127.0.0.1 /powerone/Admin/index/index.html
INFO: [ app_init ] --START--
INFO: Run Behavior\BuildLiteBehavior [ RunTime:0.000000s ]
INFO: [ app_init ] --END-- [ RunTime:0.000000s ]
INFO: [ app_begin ] --START--
INFO: Run Behavior\ReadHtmlCacheBehavior [ RunTime:0.000000s ]
INFO: [ app_begin ] --END-- [ RunTime:0.000000s ]
INFO: [ view_parse ] --START--
INFO: [ template_filter ] --START--
INFO: Run Behavior\ContentReplaceBehavior [ RunTime:0.000000s ]
INFO: [ template_filter ] --END-- [ RunTime:0.000000s ]
INFO: Run Behavior\ParseTemplateBehavior [ RunTime:0.015625s ]
INFO: [ view_parse ] --END-- [ RunTime:0.015625s ]
INFO: [ view_filter ] --START--
INFO: Run Behavior\WriteHtmlCacheBehavior [ RunTime:0.000000s ]
INFO: [ view_filter ] --END-- [ RunTime:0.000000s ]
INFO: [ app_end ] --START--
INFO: Run Behavior\ShowPageTraceBehavior [ RunTime:0.015625s ]
INFO: [ app_end ] --END-- [ RunTime:0.015625s ]

[ 2016-04-20T23:15:14+08:00 ] 127.0.0.1 /powerone/Admin/user/index.html
INFO: [ app_init ] --START--
INFO: Run Behavior\BuildLiteBehavior [ RunTime:0.000000s ]
INFO: [ app_init ] --END-- [ RunTime:0.000000s ]
INFO: [ app_begin ] --START--
INFO: Run Behavior\ReadHtmlCacheBehavior [ RunTime:0.000000s ]
INFO: [ app_begin ] --END-- [ RunTime:0.000000s ]
INFO: [ app_end ] --START--
INFO: Run Behavior\ShowPageTraceBehavior [ RunTime:0.000000s ]
INFO: [ app_end ] --END-- [ RunTime:0.000000s ]

[ 2016-04-20T23:15:14+08:00 ] 127.0.0.1 /powerone/Admin/user/index.html
INFO: [ app_init ] --START--
INFO: Run Behavior\BuildLiteBehavior [ RunTime:0.000000s ]
INFO: [ app_init ] --END-- [ RunTime:0.000000s ]
INFO: [ app_begin ] --START--
INFO: Run Behavior\ReadHtmlCacheBehavior [ RunTime:0.000000s ]
INFO: [ app_begin ] --END-- [ RunTime:0.000000s ]
INFO: [ view_parse ] --START--
INFO: [ template_filter ] --START--
INFO: Run Behavior\ContentReplaceBehavior [ RunTime:0.000000s ]
INFO: [ template_filter ] --END-- [ RunTime:0.000000s ]
INFO: Run Behavior\ParseTemplateBehavior [ RunTime:0.015625s ]
INFO: [ view_parse ] --END-- [ RunTime:0.015625s ]
INFO: [ view_filter ] --START--
INFO: Run Behavior\WriteHtmlCacheBehavior [ RunTime:0.000000s ]
INFO: [ view_filter ] --END-- [ RunTime:0.000000s ]
INFO: [ app_end ] --START--
INFO: Run Behavior\ShowPageTraceBehavior [ RunTime:0.000000s ]
INFO: [ app_end ] --END-- [ RunTime:0.000000s ]

[ 2016-04-20T23:15:14+08:00 ] 127.0.0.1 /powerone/Admin/User/user_list.html?type=2
INFO: [ app_init ] --START--
INFO: Run Behavior\BuildLiteBehavior [ RunTime:0.000000s ]
INFO: [ app_init ] --END-- [ RunTime:0.000000s ]
INFO: [ app_begin ] --START--
INFO: Run Behavior\ReadHtmlCacheBehavior [ RunTime:0.000000s ]
INFO: [ app_begin ] --END-- [ RunTime:0.000000s ]
SQL: SHOW COLUMNS FROM `base_user` [ RunTime:0.0000s ]
SQL: SELECT COUNT(*) AS tp_count FROM `base_user` WHERE `us_type` = 2 LIMIT 1   [ RunTime:0.0000s ]
NOTIC: [2] Missing argument 4 for Org\Powerone\Page::__construct(), called in D:\Program Files\PHPStudy\WWW\powerone\Base\Admin\Controller\UserController.class.php on line 47 and defined D:\Program Files\PHPStudy\WWW\powerone\ThinkPHP\Library\Org\Powerone\Page.class.php 第 49 行.
NOTIC: [8] Undefined variable: only D:\Program Files\PHPStudy\WWW\powerone\ThinkPHP\Library\Org\Powerone\Page.class.php 第 65 行.
SQL: SELECT * FROM `base_user` WHERE `us_type` = 2 ORDER BY us_last_time desc LIMIT 0,12   [ RunTime:0.0000s ]
INFO: [ view_parse ] --START--
INFO: [ template_filter ] --START--
INFO: Run Behavior\ContentReplaceBehavior [ RunTime:0.000000s ]
INFO: [ template_filter ] --END-- [ RunTime:0.000000s ]
NOTIC: [8] Undefined variable: button D:\Program Files\PHPStudy\WWW\powerone\Base\Runtime\Cache\Admin\5c59cbf535595c52b01caa9f7117858b.php 第 46 行.
INFO: Run Behavior\ParseTemplateBehavior [ RunTime:0.015625s ]
INFO: [ view_parse ] --END-- [ RunTime:0.015625s ]
INFO: [ view_filter ] --START--
INFO: Run Behavior\WriteHtmlCacheBehavior [ RunTime:0.000000s ]
INFO: [ view_filter ] --END-- [ RunTime:0.000000s ]
INFO: [ app_end ] --START--
INFO: Run Behavior\ShowPageTraceBehavior [ RunTime:0.000000s ]
INFO: [ app_end ] --END-- [ RunTime:0.000000s ]

[ 2016-04-20T23:15:15+08:00 ] 127.0.0.1 /powerone/Admin/notice/index.html
INFO: [ app_init ] --START--
INFO: Run Behavior\BuildLiteBehavior [ RunTime:0.000000s ]
INFO: [ app_init ] --END-- [ RunTime:0.000000s ]
INFO: [ app_begin ] --START--
INFO: Run Behavior\ReadHtmlCacheBehavior [ RunTime:0.000000s ]
INFO: [ app_begin ] --END-- [ RunTime:0.000000s ]
INFO: [ app_end ] --START--
INFO: Run Behavior\ShowPageTraceBehavior [ RunTime:0.000000s ]
INFO: [ app_end ] --END-- [ RunTime:0.000000s ]

[ 2016-04-20T23:15:15+08:00 ] 127.0.0.1 /powerone/Admin/notice/index.html
INFO: [ app_init ] --START--
INFO: Run Behavior\BuildLiteBehavior [ RunTime:0.000000s ]
INFO: [ app_init ] --END-- [ RunTime:0.000000s ]
INFO: [ app_begin ] --START--
INFO: Run Behavior\ReadHtmlCacheBehavior [ RunTime:0.000000s ]
INFO: [ app_begin ] --END-- [ RunTime:0.000000s ]
NOTIC: [8] Undefined variable: on_type D:\Program Files\PHPStudy\WWW\powerone\Base\Admin\Controller\NoticeController.class.php 第 15 行.
INFO: [ view_parse ] --START--
INFO: [ template_filter ] --START--
INFO: Run Behavior\ContentReplaceBehavior [ RunTime:0.000000s ]
INFO: [ template_filter ] --END-- [ RunTime:0.000000s ]
INFO: Run Behavior\ParseTemplateBehavior [ RunTime:0.015625s ]
INFO: [ view_parse ] --END-- [ RunTime:0.015625s ]
INFO: [ view_filter ] --START--
INFO: Run Behavior\WriteHtmlCacheBehavior [ RunTime:0.000000s ]
INFO: [ view_filter ] --END-- [ RunTime:0.000000s ]
INFO: [ app_end ] --START--
INFO: Run Behavior\ShowPageTraceBehavior [ RunTime:0.000000s ]
INFO: [ app_end ] --END-- [ RunTime:0.000000s ]

[ 2016-04-20T23:15:15+08:00 ] 127.0.0.1 /powerone/Admin/Notice/notice_list.html?type=1
INFO: [ app_init ] --START--
INFO: Run Behavior\BuildLiteBehavior [ RunTime:0.000000s ]
INFO: [ app_init ] --END-- [ RunTime:0.000000s ]
INFO: [ app_begin ] --START--
INFO: Run Behavior\ReadHtmlCacheBehavior [ RunTime:0.000000s ]
INFO: [ app_begin ] --END-- [ RunTime:0.000000s ]
SQL: SHOW COLUMNS FROM `base_notice` [ RunTime:0.0000s ]
SQL: SELECT COUNT(*) AS tp_count FROM `base_notice` WHERE `no_type` = 1 LIMIT 1   [ RunTime:0.0000s ]
NOTIC: [2] Missing argument 4 for Org\Powerone\Page::__construct(), called in D:\Program Files\PHPStudy\WWW\powerone\Base\Admin\Controller\NoticeController.class.php on line 37 and defined D:\Program Files\PHPStudy\WWW\powerone\ThinkPHP\Library\Org\Powerone\Page.class.php 第 49 行.
NOTIC: [8] Undefined variable: only D:\Program Files\PHPStudy\WWW\powerone\ThinkPHP\Library\Org\Powerone\Page.class.php 第 65 行.
NOTIC: [8] Undefined variable: num D:\Program Files\PHPStudy\WWW\powerone\ThinkPHP\Library\Org\Powerone\Page.class.php 第 137 行.
NOTIC: [8] Undefined variable: first D:\Program Files\PHPStudy\WWW\powerone\ThinkPHP\Library\Org\Powerone\Page.class.php 第 140 行.
NOTIC: [8] Undefined variable: previous D:\Program Files\PHPStudy\WWW\powerone\ThinkPHP\Library\Org\Powerone\Page.class.php 第 140 行.
NOTIC: [8] Undefined variable: next D:\Program Files\PHPStudy\WWW\powerone\ThinkPHP\Library\Org\Powerone\Page.class.php 第 140 行.
NOTIC: [8] Undefined variable: end D:\Program Files\PHPStudy\WWW\powerone\ThinkPHP\Library\Org\Powerone\Page.class.php 第 140 行.
SQL: SELECT * FROM `base_notice` WHERE `no_type` = 1 ORDER BY no_time desc LIMIT 0,15   [ RunTime:0.0000s ]
INFO: [ view_parse ] --START--
INFO: [ template_filter ] --START--
INFO: Run Behavior\ContentReplaceBehavior [ RunTime:0.000000s ]
INFO: [ template_filter ] --END-- [ RunTime:0.000000s ]
NOTIC: [8] Undefined variable: button D:\Program Files\PHPStudy\WWW\powerone\Base\Runtime\Cache\Admin\972c04bfca7b52e40536d39422143b62.php 第 18 行.
INFO: Run Behavior\ParseTemplateBehavior [ RunTime:0.031250s ]
INFO: [ view_parse ] --END-- [ RunTime:0.031250s ]
INFO: [ view_filter ] --START--
INFO: Run Behavior\WriteHtmlCacheBehavior [ RunTime:0.000000s ]
INFO: [ view_filter ] --END-- [ RunTime:0.000000s ]
INFO: [ app_end ] --START--
INFO: Run Behavior\ShowPageTraceBehavior [ RunTime:0.000000s ]
INFO: [ app_end ] --END-- [ RunTime:0.000000s ]

[ 2016-04-20T23:15:18+08:00 ] 127.0.0.1 /powerone/Admin/article/index.html
INFO: [ app_init ] --START--
INFO: Run Behavior\BuildLiteBehavior [ RunTime:0.000000s ]
INFO: [ app_init ] --END-- [ RunTime:0.000000s ]
INFO: [ app_begin ] --START--
INFO: Run Behavior\ReadHtmlCacheBehavior [ RunTime:0.000000s ]
INFO: [ app_begin ] --END-- [ RunTime:0.000000s ]
INFO: [ app_end ] --START--
INFO: Run Behavior\ShowPageTraceBehavior [ RunTime:0.000000s ]
INFO: [ app_end ] --END-- [ RunTime:0.000000s ]

[ 2016-04-20T23:15:18+08:00 ] 127.0.0.1 /powerone/Admin/article/index.html
INFO: [ app_init ] --START--
INFO: Run Behavior\BuildLiteBehavior [ RunTime:0.000000s ]
INFO: [ app_init ] --END-- [ RunTime:0.000000s ]
INFO: [ app_begin ] --START--
INFO: Run Behavior\ReadHtmlCacheBehavior [ RunTime:0.000000s ]
INFO: [ app_begin ] --END-- [ RunTime:0.000000s ]
SQL: SHOW COLUMNS FROM `base_articleclass` [ RunTime:0.0000s ]
SQL: SELECT * FROM `base_articleclass`  [ RunTime:0.0000s ]
INFO: [ view_parse ] --START--
INFO: [ template_filter ] --START--
INFO: Run Behavior\ContentReplaceBehavior [ RunTime:0.000000s ]
INFO: [ template_filter ] --END-- [ RunTime:0.000000s ]
NOTIC: [8] Undefined index: on D:\Program Files\PHPStudy\WWW\powerone\Base\Runtime\Cache\Admin\20cb4aab320fa76792bd27d03013ea34.php 第 77 行.
NOTIC: [8] Undefined index: on D:\Program Files\PHPStudy\WWW\powerone\Base\Runtime\Cache\Admin\20cb4aab320fa76792bd27d03013ea34.php 第 77 行.
NOTIC: [8] Undefined index: on D:\Program Files\PHPStudy\WWW\powerone\Base\Runtime\Cache\Admin\20cb4aab320fa76792bd27d03013ea34.php 第 77 行.
NOTIC: [8] Undefined index: on D:\Program Files\PHPStudy\WWW\powerone\Base\Runtime\Cache\Admin\20cb4aab320fa76792bd27d03013ea34.php 第 77 行.
NOTIC: [8] Undefined index: on D:\Program Files\PHPStudy\WWW\powerone\Base\Runtime\Cache\Admin\20cb4aab320fa76792bd27d03013ea34.php 第 77 行.
INFO: Run Behavior\ParseTemplateBehavior [ RunTime:0.031250s ]
INFO: [ view_parse ] --END-- [ RunTime:0.031250s ]
INFO: [ view_filter ] --START--
INFO: Run Behavior\WriteHtmlCacheBehavior [ RunTime:0.000000s ]
INFO: [ view_filter ] --END-- [ RunTime:0.000000s ]
INFO: [ app_end ] --START--
INFO: Run Behavior\ShowPageTraceBehavior [ RunTime:0.000000s ]
INFO: [ app_end ] --END-- [ RunTime:0.000000s ]

[ 2016-04-20T23:15:18+08:00 ] 127.0.0.1 /powerone/Admin/Article/article_list.html?class=0
INFO: [ app_init ] --START--
INFO: Run Behavior\BuildLiteBehavior [ RunTime:0.000000s ]
INFO: [ app_init ] --END-- [ RunTime:0.015625s ]
INFO: [ app_begin ] --START--
INFO: Run Behavior\ReadHtmlCacheBehavior [ RunTime:0.000000s ]
INFO: [ app_begin ] --END-- [ RunTime:0.000000s ]
NOTIC: [8] Undefined index: ar_state D:\Program Files\PHPStudy\WWW\powerone\Base\Admin\Controller\ArticleController.class.php 第 53 行.
SQL: SHOW COLUMNS FROM `base_article` [ RunTime:0.0000s ]
SQL: SELECT COUNT(*) AS tp_count FROM `base_article` WHERE `ar_state` = 1 LIMIT 1   [ RunTime:0.0000s ]
NOTIC: [2] Missing argument 4 for Org\Powerone\Page::__construct(), called in D:\Program Files\PHPStudy\WWW\powerone\Base\Admin\Controller\ArticleController.class.php on line 58 and defined D:\Program Files\PHPStudy\WWW\powerone\ThinkPHP\Library\Org\Powerone\Page.class.php 第 49 行.
NOTIC: [8] Undefined variable: only D:\Program Files\PHPStudy\WWW\powerone\ThinkPHP\Library\Org\Powerone\Page.class.php 第 65 行.
NOTIC: [8] Undefined variable: num D:\Program Files\PHPStudy\WWW\powerone\ThinkPHP\Library\Org\Powerone\Page.class.php 第 137 行.
NOTIC: [8] Undefined variable: first D:\Program Files\PHPStudy\WWW\powerone\ThinkPHP\Library\Org\Powerone\Page.class.php 第 140 行.
NOTIC: [8] Undefined variable: previous D:\Program Files\PHPStudy\WWW\powerone\ThinkPHP\Library\Org\Powerone\Page.class.php 第 140 行.
NOTIC: [8] Undefined variable: next D:\Program Files\PHPStudy\WWW\powerone\ThinkPHP\Library\Org\Powerone\Page.class.php 第 140 行.
NOTIC: [8] Undefined variable: end D:\Program Files\PHPStudy\WWW\powerone\ThinkPHP\Library\Org\Powerone\Page.class.php 第 140 行.
SQL: SELECT * FROM `base_article` WHERE `ar_state` = 1 ORDER BY ar_time desc LIMIT 0,15   [ RunTime:0.0000s ]
INFO: [ view_parse ] --START--
INFO: [ template_filter ] --START--
INFO: Run Behavior\ContentReplaceBehavior [ RunTime:0.000000s ]
INFO: [ template_filter ] --END-- [ RunTime:0.000000s ]
NOTIC: [8] Undefined variable: button D:\Program Files\PHPStudy\WWW\powerone\Base\Runtime\Cache\Admin\ce6e8b9cbd4d5dcefc77b05e4410f46f.php 第 61 行.
INFO: Run Behavior\ParseTemplateBehavior [ RunTime:0.031250s ]
INFO: [ view_parse ] --END-- [ RunTime:0.031250s ]
INFO: [ view_filter ] --START--
INFO: Run Behavior\WriteHtmlCacheBehavior [ RunTime:0.000000s ]
INFO: [ view_filter ] --END-- [ RunTime:0.000000s ]
INFO: [ app_end ] --START--
INFO: Run Behavior\ShowPageTraceBehavior [ RunTime:0.000000s ]
INFO: [ app_end ] --END-- [ RunTime:0.000000s ]

[ 2016-04-20T23:15:24+08:00 ] 127.0.0.1 /powerone/Admin/Article/article_position.html?id=10&value=1
INFO: [ app_init ] --START--
INFO: Run Behavior\BuildLiteBehavior [ RunTime:0.000000s ]
INFO: [ app_init ] --END-- [ RunTime:0.000000s ]
INFO: [ app_begin ] --START--
INFO: Run Behavior\ReadHtmlCacheBehavior [ RunTime:0.000000s ]
INFO: [ app_begin ] --END-- [ RunTime:0.000000s ]
SQL: SHOW COLUMNS FROM `base_article` [ RunTime:0.0156s ]
SQL: UPDATE `base_article` SET `ar_position`='1' WHERE ( ar_id=10 ) [ RunTime:0.0000s ]

[ 2016-04-20T23:15:24+08:00 ] 127.0.0.1 /powerone/Admin/Article/article_list.html?class=0
INFO: [ app_init ] --START--
INFO: Run Behavior\BuildLiteBehavior [ RunTime:0.000000s ]
INFO: [ app_init ] --END-- [ RunTime:0.000000s ]
INFO: [ app_begin ] --START--
INFO: Run Behavior\ReadHtmlCacheBehavior [ RunTime:0.000000s ]
INFO: [ app_begin ] --END-- [ RunTime:0.000000s ]
SQL: SHOW COLUMNS FROM `base_article` [ RunTime:0.0156s ]
SQL: SELECT COUNT(*) AS tp_count FROM `base_article` WHERE `ar_state` = 1 LIMIT 1   [ RunTime:0.0000s ]
NOTIC: [2] Missing argument 4 for Org\Powerone\Page::__construct(), called in D:\Program Files\PHPStudy\WWW\powerone\Base\Admin\Controller\ArticleController.class.php on line 58 and defined D:\Program Files\PHPStudy\WWW\powerone\ThinkPHP\Library\Org\Powerone\Page.class.php 第 49 行.
NOTIC: [8] Undefined variable: only D:\Program Files\PHPStudy\WWW\powerone\ThinkPHP\Library\Org\Powerone\Page.class.php 第 65 行.
NOTIC: [8] Undefined variable: num D:\Program Files\PHPStudy\WWW\powerone\ThinkPHP\Library\Org\Powerone\Page.class.php 第 137 行.
NOTIC: [8] Undefined variable: first D:\Program Files\PHPStudy\WWW\powerone\ThinkPHP\Library\Org\Powerone\Page.class.php 第 140 行.
NOTIC: [8] Undefined variable: previous D:\Program Files\PHPStudy\WWW\powerone\ThinkPHP\Library\Org\Powerone\Page.class.php 第 140 行.
NOTIC: [8] Undefined variable: next D:\Program Files\PHPStudy\WWW\powerone\ThinkPHP\Library\Org\Powerone\Page.class.php 第 140 行.
NOTIC: [8] Undefined variable: end D:\Program Files\PHPStudy\WWW\powerone\ThinkPHP\Library\Org\Powerone\Page.class.php 第 140 行.
SQL: SELECT * FROM `base_article` WHERE `ar_state` = 1 ORDER BY ar_time desc LIMIT 0,15   [ RunTime:0.0000s ]
INFO: [ view_parse ] --START--
INFO: [ template_filter ] --START--
INFO: Run Behavior\ContentReplaceBehavior [ RunTime:0.000000s ]
INFO: [ template_filter ] --END-- [ RunTime:0.000000s ]
NOTIC: [8] Undefined variable: button D:\Program Files\PHPStudy\WWW\powerone\Base\Runtime\Cache\Admin\ce6e8b9cbd4d5dcefc77b05e4410f46f.php 第 61 行.
INFO: Run Behavior\ParseTemplateBehavior [ RunTime:0.031250s ]
INFO: [ view_parse ] --END-- [ RunTime:0.031250s ]
INFO: [ view_filter ] --START--
INFO: Run Behavior\WriteHtmlCacheBehavior [ RunTime:0.000000s ]
INFO: [ view_filter ] --END-- [ RunTime:0.000000s ]
INFO: [ app_end ] --START--
INFO: Run Behavior\ShowPageTraceBehavior [ RunTime:0.000000s ]
INFO: [ app_end ] --END-- [ RunTime:0.000000s ]

[ 2016-04-20T23:15:24+08:00 ] 127.0.0.1 /powerone/Admin/Article/article_position.html?id=9&value=1
INFO: [ app_init ] --START--
INFO: Run Behavior\BuildLiteBehavior [ RunTime:0.000000s ]
INFO: [ app_init ] --END-- [ RunTime:0.000000s ]
INFO: [ app_begin ] --START--
INFO: Run Behavior\ReadHtmlCacheBehavior [ RunTime:0.000000s ]
INFO: [ app_begin ] --END-- [ RunTime:0.000000s ]
SQL: SHOW COLUMNS FROM `base_article` [ RunTime:0.0156s ]
SQL: UPDATE `base_article` SET `ar_position`='1' WHERE ( ar_id=9 ) [ RunTime:0.0000s ]

[ 2016-04-20T23:15:24+08:00 ] 127.0.0.1 /powerone/Admin/Article/article_list.html?class=0
INFO: [ app_init ] --START--
INFO: Run Behavior\BuildLiteBehavior [ RunTime:0.000000s ]
INFO: [ app_init ] --END-- [ RunTime:0.000000s ]
INFO: [ app_begin ] --START--
INFO: Run Behavior\ReadHtmlCacheBehavior [ RunTime:0.000000s ]
INFO: [ app_begin ] --END-- [ RunTime:0.000000s ]
SQL: SHOW COLUMNS FROM `base_article` [ RunTime:0.0000s ]
SQL: SELECT COUNT(*) AS tp_count FROM `base_article` WHERE `ar_state` = 1 LIMIT 1   [ RunTime:0.0000s ]
NOTIC: [2] Missing argument 4 for Org\Powerone\Page::__construct(), called in D:\Program Files\PHPStudy\WWW\powerone\Base\Admin\Controller\ArticleController.class.php on line 58 and defined D:\Program Files\PHPStudy\WWW\powerone\ThinkPHP\Library\Org\Powerone\Page.class.php 第 49 行.
NOTIC: [8] Undefined variable: only D:\Program Files\PHPStudy\WWW\powerone\ThinkPHP\Library\Org\Powerone\Page.class.php 第 65 行.
NOTIC: [8] Undefined variable: num D:\Program Files\PHPStudy\WWW\powerone\ThinkPHP\Library\Org\Powerone\Page.class.php 第 137 行.
NOTIC: [8] Undefined variable: first D:\Program Files\PHPStudy\WWW\powerone\ThinkPHP\Library\Org\Powerone\Page.class.php 第 140 行.
NOTIC: [8] Undefined variable: previous D:\Program Files\PHPStudy\WWW\powerone\ThinkPHP\Library\Org\Powerone\Page.class.php 第 140 行.
NOTIC: [8] Undefined variable: next D:\Program Files\PHPStudy\WWW\powerone\ThinkPHP\Library\Org\Powerone\Page.class.php 第 140 行.
NOTIC: [8] Undefined variable: end D:\Program Files\PHPStudy\WWW\powerone\ThinkPHP\Library\Org\Powerone\Page.class.php 第 140 行.
SQL: SELECT * FROM `base_article` WHERE `ar_state` = 1 ORDER BY ar_time desc LIMIT 0,15   [ RunTime:0.0000s ]
INFO: [ view_parse ] --START--
INFO: [ template_filter ] --START--
INFO: Run Behavior\ContentReplaceBehavior [ RunTime:0.015625s ]
INFO: [ template_filter ] --END-- [ RunTime:0.015625s ]
NOTIC: [8] Undefined variable: button D:\Program Files\PHPStudy\WWW\powerone\Base\Runtime\Cache\Admin\ce6e8b9cbd4d5dcefc77b05e4410f46f.php 第 61 行.
INFO: Run Behavior\ParseTemplateBehavior [ RunTime:0.031250s ]
INFO: [ view_parse ] --END-- [ RunTime:0.031250s ]
INFO: [ view_filter ] --START--
INFO: Run Behavior\WriteHtmlCacheBehavior [ RunTime:0.000000s ]
INFO: [ view_filter ] --END-- [ RunTime:0.000000s ]
INFO: [ app_end ] --START--
INFO: Run Behavior\ShowPageTraceBehavior [ RunTime:0.000000s ]
INFO: [ app_end ] --END-- [ RunTime:0.000000s ]

