[ 2016-04-11T00:05:43+08:00 ] 127.0.0.1 /powerone/admin
INFO: [ app_init ] --START--
INFO: Run Behavior\BuildLiteBehavior [ RunTime:0.000000s ]
INFO: [ app_init ] --END-- [ RunTime:0.000000s ]
INFO: [ app_begin ] --START--
INFO: Run Behavior\ReadHtmlCacheBehavior [ RunTime:0.000000s ]
INFO: [ app_begin ] --END-- [ RunTime:0.000000s ]
INFO: [ view_parse ] --START--
INFO: [ template_filter ] --START--
INFO: Run Behavior\ContentReplaceBehavior [ RunTime:0.000000s ]
INFO: [ template_filter ] --END-- [ RunTime:0.000000s ]
INFO: Run Behavior\ParseTemplateBehavior [ RunTime:0.031250s ]
INFO: [ view_parse ] --END-- [ RunTime:0.031250s ]
INFO: [ view_filter ] --START--
INFO: Run Behavior\WriteHtmlCacheBehavior [ RunTime:0.000000s ]
INFO: [ view_filter ] --END-- [ RunTime:0.000000s ]
INFO: [ app_end ] --START--
INFO: Run Behavior\ShowPageTraceBehavior [ RunTime:0.000000s ]
INFO: [ app_end ] --END-- [ RunTime:0.000000s ]

[ 2016-04-11T00:05:44+08:00 ] 127.0.0.1 /powerone/Admin/Login/verify.html
INFO: [ app_init ] --START--
INFO: Run Behavior\BuildLiteBehavior [ RunTime:0.000000s ]
INFO: [ app_init ] --END-- [ RunTime:0.000000s ]
INFO: [ app_begin ] --START--
INFO: Run Behavior\ReadHtmlCacheBehavior [ RunTime:0.015625s ]
INFO: [ app_begin ] --END-- [ RunTime:0.015625s ]
NOTIC: [2] Missing argument 1 for verify(), called in D:\Program Files\PHPStudy\WWW\powerone\Base\Admin\Controller\LoginController.class.php on line 44 and defined D:\Program Files\PHPStudy\WWW\powerone\Base\Common\Common\function.php 第 10 行.
NOTIC: [8] Undefined variable: code D:\Program Files\PHPStudy\WWW\powerone\Base\Common\Common\function.php 第 11 行.
NOTIC: [8] A non well formed numeric value encountered D:\Program Files\PHPStudy\WWW\powerone\ThinkPHP\Library\Think\Verify.class.php 第 166 行.
NOTIC: [8] A non well formed numeric value encountered D:\Program Files\PHPStudy\WWW\powerone\ThinkPHP\Library\Think\Verify.class.php 第 166 行.
NOTIC: [8] A non well formed numeric value encountered D:\Program Files\PHPStudy\WWW\powerone\ThinkPHP\Library\Think\Verify.class.php 第 166 行.
NOTIC: [8] A non well formed numeric value encountered D:\Program Files\PHPStudy\WWW\powerone\ThinkPHP\Library\Think\Verify.class.php 第 166 行.
INFO: [ app_end ] --START--
INFO: Run Behavior\ShowPageTraceBehavior [ RunTime:0.000000s ]
INFO: [ app_end ] --END-- [ RunTime:0.000000s ]

[ 2016-04-11T00:05:50+08:00 ] 127.0.0.1 /powerone/Admin/Login/login.html
INFO: [ app_init ] --START--
INFO: Run Behavior\BuildLiteBehavior [ RunTime:0.000000s ]
INFO: [ app_init ] --END-- [ RunTime:0.000000s ]
INFO: [ app_begin ] --START--
INFO: Run Behavior\ReadHtmlCacheBehavior [ RunTime:0.015625s ]
INFO: [ app_begin ] --END-- [ RunTime:0.015625s ]
SQL: SHOW COLUMNS FROM `base_user_admin` [ RunTime:0.0000s ]
SQL: SELECT * FROM `base_user_admin` WHERE `ad_username` = 'leo' LIMIT 1   [ RunTime:0.0000s ]

[ 2016-04-11T00:05:55+08:00 ] 127.0.0.1 /powerone/Admin/Login/login.html
INFO: [ app_init ] --START--
INFO: Run Behavior\BuildLiteBehavior [ RunTime:0.000000s ]
INFO: [ app_init ] --END-- [ RunTime:0.000000s ]
INFO: [ app_begin ] --START--
INFO: Run Behavior\ReadHtmlCacheBehavior [ RunTime:0.000000s ]
INFO: [ app_begin ] --END-- [ RunTime:0.000000s ]
SQL: SHOW COLUMNS FROM `base_user_admin` [ RunTime:0.0156s ]
SQL: SELECT * FROM `base_user_admin` WHERE `ad_username` = 'Admin' LIMIT 1   [ RunTime:0.0000s ]

[ 2016-04-11T00:05:57+08:00 ] 127.0.0.1 /powerone/Admin/index/index.html
INFO: [ app_init ] --START--
INFO: Run Behavior\BuildLiteBehavior [ RunTime:0.000000s ]
INFO: [ app_init ] --END-- [ RunTime:0.000000s ]
INFO: [ app_begin ] --START--
INFO: Run Behavior\ReadHtmlCacheBehavior [ RunTime:0.000000s ]
INFO: [ app_begin ] --END-- [ RunTime:0.000000s ]
NOTIC: [8192] Function eregi() is deprecated D:\Program Files\PHPStudy\WWW\powerone\Base\Common\Common\function.php 第 41 行.
NOTIC: [8192] Function eregi() is deprecated D:\Program Files\PHPStudy\WWW\powerone\Base\Common\Common\function.php 第 43 行.
NOTIC: [8192] Function eregi() is deprecated D:\Program Files\PHPStudy\WWW\powerone\Base\Common\Common\function.php 第 41 行.
NOTIC: [8192] Function eregi() is deprecated D:\Program Files\PHPStudy\WWW\powerone\Base\Common\Common\function.php 第 43 行.
SQL: SHOW COLUMNS FROM `base_user_admin` [ RunTime:0.0156s ]
SQL: UPDATE `base_user_admin` SET `ad_last_time`='1460304357',`ad_last_ip`='127.0.0.1',`ad_last_os`='Win XP' WHERE ( ad_id=1 ) [ RunTime:0.0000s ]
INFO: [ view_parse ] --START--
INFO: [ template_filter ] --START--
INFO: Run Behavior\ContentReplaceBehavior [ RunTime:0.000000s ]
INFO: [ template_filter ] --END-- [ RunTime:0.000000s ]
INFO: Run Behavior\ParseTemplateBehavior [ RunTime:0.015625s ]
INFO: [ view_parse ] --END-- [ RunTime:0.015625s ]
INFO: [ view_filter ] --START--
INFO: Run Behavior\WriteHtmlCacheBehavior [ RunTime:0.000000s ]
INFO: [ view_filter ] --END-- [ RunTime:0.000000s ]
INFO: [ app_end ] --START--
INFO: Run Behavior\ShowPageTraceBehavior [ RunTime:0.000000s ]
INFO: [ app_end ] --END-- [ RunTime:0.000000s ]

[ 2016-04-11T00:06:01+08:00 ] 127.0.0.1 /powerone/Admin/notice/index.html
INFO: [ app_init ] --START--
INFO: Run Behavior\BuildLiteBehavior [ RunTime:0.000000s ]
INFO: [ app_init ] --END-- [ RunTime:0.000000s ]
INFO: [ app_begin ] --START--
INFO: Run Behavior\ReadHtmlCacheBehavior [ RunTime:0.015625s ]
INFO: [ app_begin ] --END-- [ RunTime:0.015625s ]
INFO: [ app_end ] --START--
INFO: Run Behavior\ShowPageTraceBehavior [ RunTime:0.015625s ]
INFO: [ app_end ] --END-- [ RunTime:0.015625s ]

[ 2016-04-11T00:06:01+08:00 ] 127.0.0.1 /powerone/Admin/notice/index.html
INFO: [ app_init ] --START--
INFO: Run Behavior\BuildLiteBehavior [ RunTime:0.000000s ]
INFO: [ app_init ] --END-- [ RunTime:0.000000s ]
INFO: [ app_begin ] --START--
INFO: Run Behavior\ReadHtmlCacheBehavior [ RunTime:0.000000s ]
INFO: [ app_begin ] --END-- [ RunTime:0.000000s ]
NOTIC: [8] Undefined variable: on_type D:\Program Files\PHPStudy\WWW\powerone\Base\Admin\Controller\NoticeController.class.php 第 15 行.
INFO: [ view_parse ] --START--
INFO: [ template_filter ] --START--
INFO: Run Behavior\ContentReplaceBehavior [ RunTime:0.000000s ]
INFO: [ template_filter ] --END-- [ RunTime:0.000000s ]
INFO: Run Behavior\ParseTemplateBehavior [ RunTime:0.015625s ]
INFO: [ view_parse ] --END-- [ RunTime:0.015625s ]
INFO: [ view_filter ] --START--
INFO: Run Behavior\WriteHtmlCacheBehavior [ RunTime:0.000000s ]
INFO: [ view_filter ] --END-- [ RunTime:0.000000s ]
INFO: [ app_end ] --START--
INFO: Run Behavior\ShowPageTraceBehavior [ RunTime:0.000000s ]
INFO: [ app_end ] --END-- [ RunTime:0.000000s ]

[ 2016-04-11T00:06:02+08:00 ] 127.0.0.1 /powerone/Admin/Notice/notice_list.html?type=1
INFO: [ app_init ] --START--
INFO: Run Behavior\BuildLiteBehavior [ RunTime:0.000000s ]
INFO: [ app_init ] --END-- [ RunTime:0.000000s ]
INFO: [ app_begin ] --START--
INFO: Run Behavior\ReadHtmlCacheBehavior [ RunTime:0.015625s ]
INFO: [ app_begin ] --END-- [ RunTime:0.015625s ]
SQL: SHOW COLUMNS FROM `base_notice` [ RunTime:0.0000s ]
SQL: SELECT COUNT(*) AS tp_count FROM `base_notice` WHERE `no_type` = 1 LIMIT 1   [ RunTime:0.0000s ]
NOTIC: [2] Missing argument 4 for Org\Powerone\Page::__construct(), called in D:\Program Files\PHPStudy\WWW\powerone\Base\Admin\Controller\NoticeController.class.php on line 37 and defined D:\Program Files\PHPStudy\WWW\powerone\ThinkPHP\Library\Org\Powerone\Page.class.php 第 49 行.
NOTIC: [8] Undefined variable: only D:\Program Files\PHPStudy\WWW\powerone\ThinkPHP\Library\Org\Powerone\Page.class.php 第 65 行.
NOTIC: [8] Undefined variable: num D:\Program Files\PHPStudy\WWW\powerone\ThinkPHP\Library\Org\Powerone\Page.class.php 第 137 行.
NOTIC: [8] Undefined variable: first D:\Program Files\PHPStudy\WWW\powerone\ThinkPHP\Library\Org\Powerone\Page.class.php 第 140 行.
NOTIC: [8] Undefined variable: previous D:\Program Files\PHPStudy\WWW\powerone\ThinkPHP\Library\Org\Powerone\Page.class.php 第 140 行.
NOTIC: [8] Undefined variable: next D:\Program Files\PHPStudy\WWW\powerone\ThinkPHP\Library\Org\Powerone\Page.class.php 第 140 行.
NOTIC: [8] Undefined variable: end D:\Program Files\PHPStudy\WWW\powerone\ThinkPHP\Library\Org\Powerone\Page.class.php 第 140 行.
SQL: SELECT * FROM `base_notice` WHERE `no_type` = 1 ORDER BY no_time desc LIMIT 0,15   [ RunTime:0.0000s ]
INFO: [ view_parse ] --START--
INFO: [ template_filter ] --START--
INFO: Run Behavior\ContentReplaceBehavior [ RunTime:0.000000s ]
INFO: [ template_filter ] --END-- [ RunTime:0.000000s ]
NOTIC: [8] Undefined variable: button D:\Program Files\PHPStudy\WWW\powerone\Base\Runtime\Cache\Admin\972c04bfca7b52e40536d39422143b62.php 第 18 行.
INFO: Run Behavior\ParseTemplateBehavior [ RunTime:0.015625s ]
INFO: [ view_parse ] --END-- [ RunTime:0.015625s ]
INFO: [ view_filter ] --START--
INFO: Run Behavior\WriteHtmlCacheBehavior [ RunTime:0.000000s ]
INFO: [ view_filter ] --END-- [ RunTime:0.000000s ]
INFO: [ app_end ] --START--
INFO: Run Behavior\ShowPageTraceBehavior [ RunTime:0.000000s ]
INFO: [ app_end ] --END-- [ RunTime:0.000000s ]

[ 2016-04-11T00:06:13+08:00 ] 127.0.0.1 /powerone/Admin/Notice/notice_add.html
INFO: [ app_init ] --START--
INFO: Run Behavior\BuildLiteBehavior [ RunTime:0.000000s ]
INFO: [ app_init ] --END-- [ RunTime:0.000000s ]
INFO: [ app_begin ] --START--
INFO: Run Behavior\ReadHtmlCacheBehavior [ RunTime:0.000000s ]
INFO: [ app_begin ] --END-- [ RunTime:0.000000s ]
INFO: [ view_parse ] --START--
INFO: [ template_filter ] --START--
INFO: Run Behavior\ContentReplaceBehavior [ RunTime:0.000000s ]
INFO: [ template_filter ] --END-- [ RunTime:0.000000s ]
NOTIC: [8] Undefined variable: notice D:\Program Files\PHPStudy\WWW\powerone\Base\Runtime\Cache\Admin\e336197fe768399542418d26b903cfc1.php 第 74 行.
NOTIC: [8] Undefined variable: notice D:\Program Files\PHPStudy\WWW\powerone\Base\Runtime\Cache\Admin\e336197fe768399542418d26b903cfc1.php 第 98 行.
NOTIC: [8] Undefined variable: notice D:\Program Files\PHPStudy\WWW\powerone\Base\Runtime\Cache\Admin\e336197fe768399542418d26b903cfc1.php 第 107 行.
NOTIC: [8] Undefined variable: notice D:\Program Files\PHPStudy\WWW\powerone\Base\Runtime\Cache\Admin\e336197fe768399542418d26b903cfc1.php 第 110 行.
NOTIC: [8] Undefined variable: notice D:\Program Files\PHPStudy\WWW\powerone\Base\Runtime\Cache\Admin\e336197fe768399542418d26b903cfc1.php 第 119 行.
NOTIC: [8] Undefined variable: notice D:\Program Files\PHPStudy\WWW\powerone\Base\Runtime\Cache\Admin\e336197fe768399542418d26b903cfc1.php 第 125 行.
INFO: Run Behavior\ParseTemplateBehavior [ RunTime:0.015625s ]
INFO: [ view_parse ] --END-- [ RunTime:0.015625s ]
INFO: [ view_filter ] --START--
INFO: Run Behavior\WriteHtmlCacheBehavior [ RunTime:0.000000s ]
INFO: [ view_filter ] --END-- [ RunTime:0.000000s ]
INFO: [ app_end ] --START--
INFO: Run Behavior\ShowPageTraceBehavior [ RunTime:0.000000s ]
INFO: [ app_end ] --END-- [ RunTime:0.000000s ]

[ 2016-04-11T00:06:30+08:00 ] 127.0.0.1 /powerone/Admin/Notice/operat_add.html
INFO: [ app_init ] --START--
INFO: Run Behavior\BuildLiteBehavior [ RunTime:0.000000s ]
INFO: [ app_init ] --END-- [ RunTime:0.000000s ]
INFO: [ app_begin ] --START--
INFO: Run Behavior\ReadHtmlCacheBehavior [ RunTime:0.000000s ]
INFO: [ app_begin ] --END-- [ RunTime:0.000000s ]
NOTIC: [8192] Function eregi() is deprecated D:\Program Files\PHPStudy\WWW\powerone\Base\Common\Common\function.php 第 41 行.
NOTIC: [8192] Function eregi() is deprecated D:\Program Files\PHPStudy\WWW\powerone\Base\Common\Common\function.php 第 43 行.
NOTIC: [8] Undefined variable: state D:\Program Files\PHPStudy\WWW\powerone\Base\Admin\Controller\NoticeController.class.php 第 89 行.
SQL: SHOW COLUMNS FROM `base_notice` [ RunTime:0.0156s ]
SQL: INSERT INTO `base_notice` (`no_type`,`no_title`,`no_content`,`no_user`,`no_time`,`no_ip`,`no_os`) VALUES ('2','test 公告','<p>水电费水电费水电费</p>','1','1460304390','127.0.0.1','Win XP') [ RunTime:0.0000s ]

[ 2016-04-11T00:06:31+08:00 ] 127.0.0.1 /powerone/Admin/Notice/index.html
INFO: [ app_init ] --START--
INFO: Run Behavior\BuildLiteBehavior [ RunTime:0.000000s ]
INFO: [ app_init ] --END-- [ RunTime:0.000000s ]
INFO: [ app_begin ] --START--
INFO: Run Behavior\ReadHtmlCacheBehavior [ RunTime:0.000000s ]
INFO: [ app_begin ] --END-- [ RunTime:0.000000s ]
INFO: [ view_parse ] --START--
INFO: [ template_filter ] --START--
INFO: Run Behavior\ContentReplaceBehavior [ RunTime:0.000000s ]
INFO: [ template_filter ] --END-- [ RunTime:0.000000s ]
INFO: Run Behavior\ParseTemplateBehavior [ RunTime:0.015625s ]
INFO: [ view_parse ] --END-- [ RunTime:0.015625s ]
INFO: [ view_filter ] --START--
INFO: Run Behavior\WriteHtmlCacheBehavior [ RunTime:0.015625s ]
INFO: [ view_filter ] --END-- [ RunTime:0.015625s ]
INFO: [ app_end ] --START--
INFO: Run Behavior\ShowPageTraceBehavior [ RunTime:0.000000s ]
INFO: [ app_end ] --END-- [ RunTime:0.000000s ]

[ 2016-04-11T00:06:31+08:00 ] 127.0.0.1 /powerone/Admin/Notice/notice_list.html?type=1
INFO: [ app_init ] --START--
INFO: Run Behavior\BuildLiteBehavior [ RunTime:0.000000s ]
INFO: [ app_init ] --END-- [ RunTime:0.015625s ]
INFO: [ app_begin ] --START--
INFO: Run Behavior\ReadHtmlCacheBehavior [ RunTime:0.000000s ]
INFO: [ app_begin ] --END-- [ RunTime:0.000000s ]
SQL: SHOW COLUMNS FROM `base_notice` [ RunTime:0.0156s ]
SQL: SELECT COUNT(*) AS tp_count FROM `base_notice` WHERE `no_type` = 1 LIMIT 1   [ RunTime:0.0000s ]
NOTIC: [2] Missing argument 4 for Org\Powerone\Page::__construct(), called in D:\Program Files\PHPStudy\WWW\powerone\Base\Admin\Controller\NoticeController.class.php on line 37 and defined D:\Program Files\PHPStudy\WWW\powerone\ThinkPHP\Library\Org\Powerone\Page.class.php 第 49 行.
NOTIC: [8] Undefined variable: only D:\Program Files\PHPStudy\WWW\powerone\ThinkPHP\Library\Org\Powerone\Page.class.php 第 65 行.
NOTIC: [8] Undefined variable: num D:\Program Files\PHPStudy\WWW\powerone\ThinkPHP\Library\Org\Powerone\Page.class.php 第 137 行.
NOTIC: [8] Undefined variable: first D:\Program Files\PHPStudy\WWW\powerone\ThinkPHP\Library\Org\Powerone\Page.class.php 第 140 行.
NOTIC: [8] Undefined variable: previous D:\Program Files\PHPStudy\WWW\powerone\ThinkPHP\Library\Org\Powerone\Page.class.php 第 140 行.
NOTIC: [8] Undefined variable: next D:\Program Files\PHPStudy\WWW\powerone\ThinkPHP\Library\Org\Powerone\Page.class.php 第 140 行.
NOTIC: [8] Undefined variable: end D:\Program Files\PHPStudy\WWW\powerone\ThinkPHP\Library\Org\Powerone\Page.class.php 第 140 行.
SQL: SELECT * FROM `base_notice` WHERE `no_type` = 1 ORDER BY no_time desc LIMIT 0,15   [ RunTime:0.0000s ]
INFO: [ view_parse ] --START--
INFO: [ template_filter ] --START--
INFO: Run Behavior\ContentReplaceBehavior [ RunTime:0.000000s ]
INFO: [ template_filter ] --END-- [ RunTime:0.000000s ]
NOTIC: [8] Undefined variable: button D:\Program Files\PHPStudy\WWW\powerone\Base\Runtime\Cache\Admin\972c04bfca7b52e40536d39422143b62.php 第 18 行.
INFO: Run Behavior\ParseTemplateBehavior [ RunTime:0.015625s ]
INFO: [ view_parse ] --END-- [ RunTime:0.015625s ]
INFO: [ view_filter ] --START--
INFO: Run Behavior\WriteHtmlCacheBehavior [ RunTime:0.000000s ]
INFO: [ view_filter ] --END-- [ RunTime:0.000000s ]
INFO: [ app_end ] --START--
INFO: Run Behavior\ShowPageTraceBehavior [ RunTime:0.000000s ]
INFO: [ app_end ] --END-- [ RunTime:0.000000s ]

[ 2016-04-11T00:06:39+08:00 ] 127.0.0.1 /powerone/Admin/Notice/notice_add.html
INFO: [ app_init ] --START--
INFO: Run Behavior\BuildLiteBehavior [ RunTime:0.000000s ]
INFO: [ app_init ] --END-- [ RunTime:0.000000s ]
INFO: [ app_begin ] --START--
INFO: Run Behavior\ReadHtmlCacheBehavior [ RunTime:0.000000s ]
INFO: [ app_begin ] --END-- [ RunTime:0.000000s ]
INFO: [ view_parse ] --START--
INFO: [ template_filter ] --START--
INFO: Run Behavior\ContentReplaceBehavior [ RunTime:0.000000s ]
INFO: [ template_filter ] --END-- [ RunTime:0.015625s ]
NOTIC: [8] Undefined variable: notice D:\Program Files\PHPStudy\WWW\powerone\Base\Runtime\Cache\Admin\e336197fe768399542418d26b903cfc1.php 第 74 行.
NOTIC: [8] Undefined variable: notice D:\Program Files\PHPStudy\WWW\powerone\Base\Runtime\Cache\Admin\e336197fe768399542418d26b903cfc1.php 第 98 行.
NOTIC: [8] Undefined variable: notice D:\Program Files\PHPStudy\WWW\powerone\Base\Runtime\Cache\Admin\e336197fe768399542418d26b903cfc1.php 第 107 行.
NOTIC: [8] Undefined variable: notice D:\Program Files\PHPStudy\WWW\powerone\Base\Runtime\Cache\Admin\e336197fe768399542418d26b903cfc1.php 第 110 行.
NOTIC: [8] Undefined variable: notice D:\Program Files\PHPStudy\WWW\powerone\Base\Runtime\Cache\Admin\e336197fe768399542418d26b903cfc1.php 第 119 行.
NOTIC: [8] Undefined variable: notice D:\Program Files\PHPStudy\WWW\powerone\Base\Runtime\Cache\Admin\e336197fe768399542418d26b903cfc1.php 第 125 行.
INFO: Run Behavior\ParseTemplateBehavior [ RunTime:0.031250s ]
INFO: [ view_parse ] --END-- [ RunTime:0.031250s ]
INFO: [ view_filter ] --START--
INFO: Run Behavior\WriteHtmlCacheBehavior [ RunTime:0.000000s ]
INFO: [ view_filter ] --END-- [ RunTime:0.000000s ]
INFO: [ app_end ] --START--
INFO: Run Behavior\ShowPageTraceBehavior [ RunTime:0.000000s ]
INFO: [ app_end ] --END-- [ RunTime:0.000000s ]

[ 2016-04-11T00:06:51+08:00 ] 127.0.0.1 /powerone/Admin/Notice/operat_add.html
INFO: [ app_init ] --START--
INFO: Run Behavior\BuildLiteBehavior [ RunTime:0.000000s ]
INFO: [ app_init ] --END-- [ RunTime:0.000000s ]
INFO: [ app_begin ] --START--
INFO: Run Behavior\ReadHtmlCacheBehavior [ RunTime:0.000000s ]
INFO: [ app_begin ] --END-- [ RunTime:0.000000s ]
NOTIC: [8192] Function eregi() is deprecated D:\Program Files\PHPStudy\WWW\powerone\Base\Common\Common\function.php 第 41 行.
NOTIC: [8192] Function eregi() is deprecated D:\Program Files\PHPStudy\WWW\powerone\Base\Common\Common\function.php 第 43 行.
NOTIC: [8] Undefined variable: state D:\Program Files\PHPStudy\WWW\powerone\Base\Admin\Controller\NoticeController.class.php 第 89 行.
SQL: SHOW COLUMNS FROM `base_notice` [ RunTime:0.0000s ]
SQL: INSERT INTO `base_notice` (`no_type`,`no_title`,`no_content`,`no_user`,`no_time`,`no_ip`,`no_os`) VALUES ('1','test 说说','<p>test说说水电费水电费发送到发多少的算法的算法的算法水电费</p>','1','1460304411','127.0.0.1','Win XP') [ RunTime:0.0000s ]

[ 2016-04-11T00:06:53+08:00 ] 127.0.0.1 /powerone/Admin/Notice/index.html
INFO: [ app_init ] --START--
INFO: Run Behavior\BuildLiteBehavior [ RunTime:0.000000s ]
INFO: [ app_init ] --END-- [ RunTime:0.000000s ]
INFO: [ app_begin ] --START--
INFO: Run Behavior\ReadHtmlCacheBehavior [ RunTime:0.000000s ]
INFO: [ app_begin ] --END-- [ RunTime:0.000000s ]
INFO: [ view_parse ] --START--
INFO: [ template_filter ] --START--
INFO: Run Behavior\ContentReplaceBehavior [ RunTime:0.000000s ]
INFO: [ template_filter ] --END-- [ RunTime:0.000000s ]
INFO: Run Behavior\ParseTemplateBehavior [ RunTime:0.015625s ]
INFO: [ view_parse ] --END-- [ RunTime:0.015625s ]
INFO: [ view_filter ] --START--
INFO: Run Behavior\WriteHtmlCacheBehavior [ RunTime:0.000000s ]
INFO: [ view_filter ] --END-- [ RunTime:0.000000s ]
INFO: [ app_end ] --START--
INFO: Run Behavior\ShowPageTraceBehavior [ RunTime:0.000000s ]
INFO: [ app_end ] --END-- [ RunTime:0.000000s ]

[ 2016-04-11T00:06:53+08:00 ] 127.0.0.1 /powerone/Admin/Notice/notice_list.html?type=1
INFO: [ app_init ] --START--
INFO: Run Behavior\BuildLiteBehavior [ RunTime:0.000000s ]
INFO: [ app_init ] --END-- [ RunTime:0.000000s ]
INFO: [ app_begin ] --START--
INFO: Run Behavior\ReadHtmlCacheBehavior [ RunTime:0.000000s ]
INFO: [ app_begin ] --END-- [ RunTime:0.000000s ]
SQL: SHOW COLUMNS FROM `base_notice` [ RunTime:0.0000s ]
SQL: SELECT COUNT(*) AS tp_count FROM `base_notice` WHERE `no_type` = 1 LIMIT 1   [ RunTime:0.0000s ]
NOTIC: [2] Missing argument 4 for Org\Powerone\Page::__construct(), called in D:\Program Files\PHPStudy\WWW\powerone\Base\Admin\Controller\NoticeController.class.php on line 37 and defined D:\Program Files\PHPStudy\WWW\powerone\ThinkPHP\Library\Org\Powerone\Page.class.php 第 49 行.
NOTIC: [8] Undefined variable: only D:\Program Files\PHPStudy\WWW\powerone\ThinkPHP\Library\Org\Powerone\Page.class.php 第 65 行.
NOTIC: [8] Undefined variable: num D:\Program Files\PHPStudy\WWW\powerone\ThinkPHP\Library\Org\Powerone\Page.class.php 第 137 行.
NOTIC: [8] Undefined variable: first D:\Program Files\PHPStudy\WWW\powerone\ThinkPHP\Library\Org\Powerone\Page.class.php 第 140 行.
NOTIC: [8] Undefined variable: previous D:\Program Files\PHPStudy\WWW\powerone\ThinkPHP\Library\Org\Powerone\Page.class.php 第 140 行.
NOTIC: [8] Undefined variable: next D:\Program Files\PHPStudy\WWW\powerone\ThinkPHP\Library\Org\Powerone\Page.class.php 第 140 行.
NOTIC: [8] Undefined variable: end D:\Program Files\PHPStudy\WWW\powerone\ThinkPHP\Library\Org\Powerone\Page.class.php 第 140 行.
SQL: SELECT * FROM `base_notice` WHERE `no_type` = 1 ORDER BY no_time desc LIMIT 0,15   [ RunTime:0.0000s ]
INFO: [ view_parse ] --START--
INFO: [ template_filter ] --START--
INFO: Run Behavior\ContentReplaceBehavior [ RunTime:0.000000s ]
INFO: [ template_filter ] --END-- [ RunTime:0.000000s ]
NOTIC: [8] Undefined variable: button D:\Program Files\PHPStudy\WWW\powerone\Base\Runtime\Cache\Admin\972c04bfca7b52e40536d39422143b62.php 第 18 行.
INFO: Run Behavior\ParseTemplateBehavior [ RunTime:0.015625s ]
INFO: [ view_parse ] --END-- [ RunTime:0.015625s ]
INFO: [ view_filter ] --START--
INFO: Run Behavior\WriteHtmlCacheBehavior [ RunTime:0.000000s ]
INFO: [ view_filter ] --END-- [ RunTime:0.000000s ]
INFO: [ app_end ] --START--
INFO: Run Behavior\ShowPageTraceBehavior [ RunTime:0.000000s ]
INFO: [ app_end ] --END-- [ RunTime:0.000000s ]

