[ 2016-04-12T00:01:50+08:00 ] 127.0.0.1 /powerone/Admin/Article/article_class_operat.html?id=2&value=%E4%BD%9C%E5%93%81%E5%88%86%E4%BA%AB&link=2
INFO: [ app_init ] --START--
INFO: Run Behavior\BuildLiteBehavior [ RunTime:0.000000s ]
INFO: [ app_init ] --END-- [ RunTime:0.000000s ]
INFO: [ app_begin ] --START--
INFO: Run Behavior\ReadHtmlCacheBehavior [ RunTime:0.000000s ]
INFO: [ app_begin ] --END-- [ RunTime:0.000000s ]
NOTIC: [8] Undefined variable: state D:\Program Files\PHPStudy\WWW\powerone\Base\Admin\Controller\ArticleController.class.php 第 145 行.
SQL: SHOW COLUMNS FROM `base_article_class` [ RunTime:0.0156s ]
SQL: UPDATE `base_article_class` SET `ar_c_title`='作品分享',`ar_parent`='2' WHERE ( ar_class=2 ) [ RunTime:0.0000s ]

[ 2016-04-12T00:01:52+08:00 ] 127.0.0.1 /powerone/Admin/article/article_class.html
INFO: [ app_init ] --START--
INFO: Run Behavior\BuildLiteBehavior [ RunTime:0.000000s ]
INFO: [ app_init ] --END-- [ RunTime:0.000000s ]
INFO: [ app_begin ] --START--
INFO: Run Behavior\ReadHtmlCacheBehavior [ RunTime:0.015625s ]
INFO: [ app_begin ] --END-- [ RunTime:0.015625s ]
SQL: SHOW COLUMNS FROM `base_article_class` [ RunTime:0.0000s ]
SQL: SELECT * FROM `base_article_class`  [ RunTime:0.0000s ]
INFO: [ view_parse ] --START--
INFO: [ template_filter ] --START--
INFO: Run Behavior\ContentReplaceBehavior [ RunTime:0.000000s ]
INFO: [ template_filter ] --END-- [ RunTime:0.000000s ]
INFO: Run Behavior\ParseTemplateBehavior [ RunTime:0.031250s ]
INFO: [ view_parse ] --END-- [ RunTime:0.031250s ]
INFO: [ view_filter ] --START--
INFO: Run Behavior\WriteHtmlCacheBehavior [ RunTime:0.000000s ]
INFO: [ view_filter ] --END-- [ RunTime:0.000000s ]
INFO: [ app_end ] --START--
INFO: Run Behavior\ShowPageTraceBehavior [ RunTime:0.000000s ]
INFO: [ app_end ] --END-- [ RunTime:0.000000s ]

[ 2016-04-12T00:02:29+08:00 ] 127.0.0.1 /powerone/Admin/Article/article_class_operat.html?id=2&value=%E4%BD%9C%E5%93%81%E5%88%86%E4%BA%AB&link=0
INFO: [ app_init ] --START--
INFO: Run Behavior\BuildLiteBehavior [ RunTime:0.000000s ]
INFO: [ app_init ] --END-- [ RunTime:0.000000s ]
INFO: [ app_begin ] --START--
INFO: Run Behavior\ReadHtmlCacheBehavior [ RunTime:0.000000s ]
INFO: [ app_begin ] --END-- [ RunTime:0.000000s ]
NOTIC: [8] Undefined variable: state D:\Program Files\PHPStudy\WWW\powerone\Base\Admin\Controller\ArticleController.class.php 第 145 行.
SQL: SHOW COLUMNS FROM `base_article_class` [ RunTime:0.0156s ]
SQL: UPDATE `base_article_class` SET `ar_c_title`='作品分享',`ar_parent`='0' WHERE ( ar_class=2 ) [ RunTime:0.0000s ]

[ 2016-04-12T00:02:31+08:00 ] 127.0.0.1 /powerone/Admin/article/article_class.html
INFO: [ app_init ] --START--
INFO: Run Behavior\BuildLiteBehavior [ RunTime:0.000000s ]
INFO: [ app_init ] --END-- [ RunTime:0.000000s ]
INFO: [ app_begin ] --START--
INFO: Run Behavior\ReadHtmlCacheBehavior [ RunTime:0.000000s ]
INFO: [ app_begin ] --END-- [ RunTime:0.000000s ]
SQL: SHOW COLUMNS FROM `base_article_class` [ RunTime:0.0156s ]
SQL: SELECT * FROM `base_article_class`  [ RunTime:0.0000s ]
INFO: [ view_parse ] --START--
INFO: [ template_filter ] --START--
INFO: Run Behavior\ContentReplaceBehavior [ RunTime:0.000000s ]
INFO: [ template_filter ] --END-- [ RunTime:0.000000s ]
INFO: Run Behavior\ParseTemplateBehavior [ RunTime:0.031250s ]
INFO: [ view_parse ] --END-- [ RunTime:0.031250s ]
INFO: [ view_filter ] --START--
INFO: Run Behavior\WriteHtmlCacheBehavior [ RunTime:0.000000s ]
INFO: [ view_filter ] --END-- [ RunTime:0.000000s ]
INFO: [ app_end ] --START--
INFO: Run Behavior\ShowPageTraceBehavior [ RunTime:0.031250s ]
INFO: [ app_end ] --END-- [ RunTime:0.031250s ]

[ 2016-04-12T09:56:27+08:00 ] 127.0.0.1 /powerone/admin
INFO: [ app_init ] --START--
INFO: Run Behavior\BuildLiteBehavior [ RunTime:0.000000s ]
INFO: [ app_init ] --END-- [ RunTime:0.000000s ]
INFO: [ app_begin ] --START--
INFO: Run Behavior\ReadHtmlCacheBehavior [ RunTime:0.000000s ]
INFO: [ app_begin ] --END-- [ RunTime:0.000000s ]
INFO: [ view_parse ] --START--
INFO: [ template_filter ] --START--
INFO: Run Behavior\ContentReplaceBehavior [ RunTime:0.000000s ]
INFO: [ template_filter ] --END-- [ RunTime:0.000000s ]
INFO: Run Behavior\ParseTemplateBehavior [ RunTime:0.031250s ]
INFO: [ view_parse ] --END-- [ RunTime:0.031250s ]
INFO: [ view_filter ] --START--
INFO: Run Behavior\WriteHtmlCacheBehavior [ RunTime:0.000000s ]
INFO: [ view_filter ] --END-- [ RunTime:0.000000s ]
INFO: [ app_end ] --START--
INFO: Run Behavior\ShowPageTraceBehavior [ RunTime:0.000000s ]
INFO: [ app_end ] --END-- [ RunTime:0.000000s ]

[ 2016-04-12T09:56:27+08:00 ] 127.0.0.1 /powerone/Admin/Login/verify.html
INFO: [ app_init ] --START--
INFO: Run Behavior\BuildLiteBehavior [ RunTime:0.000000s ]
INFO: [ app_init ] --END-- [ RunTime:0.000000s ]
INFO: [ app_begin ] --START--
INFO: Run Behavior\ReadHtmlCacheBehavior [ RunTime:0.000000s ]
INFO: [ app_begin ] --END-- [ RunTime:0.000000s ]
NOTIC: [2] Missing argument 1 for verify(), called in D:\Program Files\PHPStudy\WWW\powerone\Base\Admin\Controller\LoginController.class.php on line 44 and defined D:\Program Files\PHPStudy\WWW\powerone\Base\Common\Common\function.php 第 10 行.
NOTIC: [8] Undefined variable: code D:\Program Files\PHPStudy\WWW\powerone\Base\Common\Common\function.php 第 11 行.
NOTIC: [8] A non well formed numeric value encountered D:\Program Files\PHPStudy\WWW\powerone\ThinkPHP\Library\Think\Verify.class.php 第 166 行.
NOTIC: [8] A non well formed numeric value encountered D:\Program Files\PHPStudy\WWW\powerone\ThinkPHP\Library\Think\Verify.class.php 第 166 行.
NOTIC: [8] A non well formed numeric value encountered D:\Program Files\PHPStudy\WWW\powerone\ThinkPHP\Library\Think\Verify.class.php 第 166 行.
NOTIC: [8] A non well formed numeric value encountered D:\Program Files\PHPStudy\WWW\powerone\ThinkPHP\Library\Think\Verify.class.php 第 166 行.
INFO: [ app_end ] --START--
INFO: Run Behavior\ShowPageTraceBehavior [ RunTime:0.000000s ]
INFO: [ app_end ] --END-- [ RunTime:0.000000s ]

[ 2016-04-12T09:56:38+08:00 ] 127.0.0.1 /powerone/Admin/Login/login.html
INFO: [ app_init ] --START--
INFO: Run Behavior\BuildLiteBehavior [ RunTime:0.000000s ]
INFO: [ app_init ] --END-- [ RunTime:0.000000s ]
INFO: [ app_begin ] --START--
INFO: Run Behavior\ReadHtmlCacheBehavior [ RunTime:0.000000s ]
INFO: [ app_begin ] --END-- [ RunTime:0.000000s ]
SQL: SHOW COLUMNS FROM `base_user_admin` [ RunTime:0.0000s ]
SQL: SELECT * FROM `base_user_admin` WHERE `ad_username` = 'admin' LIMIT 1   [ RunTime:0.0000s ]

[ 2016-04-12T09:56:40+08:00 ] 127.0.0.1 /powerone/Admin/index/index.html
INFO: [ app_init ] --START--
INFO: Run Behavior\BuildLiteBehavior [ RunTime:0.000000s ]
INFO: [ app_init ] --END-- [ RunTime:0.000000s ]
INFO: [ app_begin ] --START--
INFO: Run Behavior\ReadHtmlCacheBehavior [ RunTime:0.000000s ]
INFO: [ app_begin ] --END-- [ RunTime:0.000000s ]
NOTIC: [8192] Function eregi() is deprecated D:\Program Files\PHPStudy\WWW\powerone\Base\Common\Common\function.php 第 41 行.
NOTIC: [8192] Function eregi() is deprecated D:\Program Files\PHPStudy\WWW\powerone\Base\Common\Common\function.php 第 43 行.
NOTIC: [8192] Function eregi() is deprecated D:\Program Files\PHPStudy\WWW\powerone\Base\Common\Common\function.php 第 41 行.
NOTIC: [8192] Function eregi() is deprecated D:\Program Files\PHPStudy\WWW\powerone\Base\Common\Common\function.php 第 43 行.
SQL: SHOW COLUMNS FROM `base_user_admin` [ RunTime:0.0000s ]
SQL: UPDATE `base_user_admin` SET `ad_last_time`='1460426200',`ad_last_ip`='127.0.0.1',`ad_last_os`='Win XP' WHERE ( ad_id=1 ) [ RunTime:0.0000s ]
INFO: [ view_parse ] --START--
INFO: [ template_filter ] --START--
INFO: Run Behavior\ContentReplaceBehavior [ RunTime:0.000000s ]
INFO: [ template_filter ] --END-- [ RunTime:0.000000s ]
INFO: Run Behavior\ParseTemplateBehavior [ RunTime:0.031250s ]
INFO: [ view_parse ] --END-- [ RunTime:0.031250s ]
INFO: [ view_filter ] --START--
INFO: Run Behavior\WriteHtmlCacheBehavior [ RunTime:0.000000s ]
INFO: [ view_filter ] --END-- [ RunTime:0.000000s ]
INFO: [ app_end ] --START--
INFO: Run Behavior\ShowPageTraceBehavior [ RunTime:0.000000s ]
INFO: [ app_end ] --END-- [ RunTime:0.000000s ]

[ 2016-04-12T09:56:45+08:00 ] 127.0.0.1 /powerone/Admin/notice/index.html
INFO: [ app_init ] --START--
INFO: Run Behavior\BuildLiteBehavior [ RunTime:0.000000s ]
INFO: [ app_init ] --END-- [ RunTime:0.000000s ]
INFO: [ app_begin ] --START--
INFO: Run Behavior\ReadHtmlCacheBehavior [ RunTime:0.015625s ]
INFO: [ app_begin ] --END-- [ RunTime:0.015625s ]
INFO: [ app_end ] --START--
INFO: Run Behavior\ShowPageTraceBehavior [ RunTime:0.000000s ]
INFO: [ app_end ] --END-- [ RunTime:0.000000s ]

[ 2016-04-12T09:56:45+08:00 ] 127.0.0.1 /powerone/Admin/notice/index.html
INFO: [ app_init ] --START--
INFO: Run Behavior\BuildLiteBehavior [ RunTime:0.000000s ]
INFO: [ app_init ] --END-- [ RunTime:0.000000s ]
INFO: [ app_begin ] --START--
INFO: Run Behavior\ReadHtmlCacheBehavior [ RunTime:0.000000s ]
INFO: [ app_begin ] --END-- [ RunTime:0.000000s ]
NOTIC: [8] Undefined variable: on_type D:\Program Files\PHPStudy\WWW\powerone\Base\Admin\Controller\NoticeController.class.php 第 15 行.
INFO: [ view_parse ] --START--
INFO: [ template_filter ] --START--
INFO: Run Behavior\ContentReplaceBehavior [ RunTime:0.000000s ]
INFO: [ template_filter ] --END-- [ RunTime:0.000000s ]
INFO: Run Behavior\ParseTemplateBehavior [ RunTime:0.109375s ]
INFO: [ view_parse ] --END-- [ RunTime:0.109375s ]
INFO: [ view_filter ] --START--
INFO: Run Behavior\WriteHtmlCacheBehavior [ RunTime:0.000000s ]
INFO: [ view_filter ] --END-- [ RunTime:0.000000s ]
INFO: [ app_end ] --START--
INFO: Run Behavior\ShowPageTraceBehavior [ RunTime:0.000000s ]
INFO: [ app_end ] --END-- [ RunTime:0.000000s ]

[ 2016-04-12T09:56:45+08:00 ] 127.0.0.1 /powerone/Admin/Notice/notice_list.html?type=1
INFO: [ app_init ] --START--
INFO: Run Behavior\BuildLiteBehavior [ RunTime:0.000000s ]
INFO: [ app_init ] --END-- [ RunTime:0.000000s ]
INFO: [ app_begin ] --START--
INFO: Run Behavior\ReadHtmlCacheBehavior [ RunTime:0.000000s ]
INFO: [ app_begin ] --END-- [ RunTime:0.000000s ]
SQL: SHOW COLUMNS FROM `base_notice` [ RunTime:0.0156s ]
SQL: SELECT COUNT(*) AS tp_count FROM `base_notice` WHERE `no_type` = 1 LIMIT 1   [ RunTime:0.0313s ]
NOTIC: [2] Missing argument 4 for Org\Powerone\Page::__construct(), called in D:\Program Files\PHPStudy\WWW\powerone\Base\Admin\Controller\NoticeController.class.php on line 37 and defined D:\Program Files\PHPStudy\WWW\powerone\ThinkPHP\Library\Org\Powerone\Page.class.php 第 49 行.
NOTIC: [8] Undefined variable: only D:\Program Files\PHPStudy\WWW\powerone\ThinkPHP\Library\Org\Powerone\Page.class.php 第 65 行.
NOTIC: [8] Undefined variable: num D:\Program Files\PHPStudy\WWW\powerone\ThinkPHP\Library\Org\Powerone\Page.class.php 第 137 行.
NOTIC: [8] Undefined variable: first D:\Program Files\PHPStudy\WWW\powerone\ThinkPHP\Library\Org\Powerone\Page.class.php 第 140 行.
NOTIC: [8] Undefined variable: previous D:\Program Files\PHPStudy\WWW\powerone\ThinkPHP\Library\Org\Powerone\Page.class.php 第 140 行.
NOTIC: [8] Undefined variable: next D:\Program Files\PHPStudy\WWW\powerone\ThinkPHP\Library\Org\Powerone\Page.class.php 第 140 行.
NOTIC: [8] Undefined variable: end D:\Program Files\PHPStudy\WWW\powerone\ThinkPHP\Library\Org\Powerone\Page.class.php 第 140 行.
SQL: SELECT * FROM `base_notice` WHERE `no_type` = 1 ORDER BY no_time desc LIMIT 0,15   [ RunTime:0.0000s ]
INFO: [ view_parse ] --START--
INFO: [ template_filter ] --START--
INFO: Run Behavior\ContentReplaceBehavior [ RunTime:0.000000s ]
INFO: [ template_filter ] --END-- [ RunTime:0.000000s ]
NOTIC: [8] Undefined variable: button D:\Program Files\PHPStudy\WWW\powerone\Base\Runtime\Cache\Admin\972c04bfca7b52e40536d39422143b62.php 第 18 行.
INFO: Run Behavior\ParseTemplateBehavior [ RunTime:0.015625s ]
INFO: [ view_parse ] --END-- [ RunTime:0.015625s ]
INFO: [ view_filter ] --START--
INFO: Run Behavior\WriteHtmlCacheBehavior [ RunTime:0.000000s ]
INFO: [ view_filter ] --END-- [ RunTime:0.000000s ]
INFO: [ app_end ] --START--
INFO: Run Behavior\ShowPageTraceBehavior [ RunTime:0.000000s ]
INFO: [ app_end ] --END-- [ RunTime:0.000000s ]

