[ 2016-04-19T22:53:32+08:00 ] 127.0.0.1 /powerone/article/7.html
INFO: [ app_init ] --START--
INFO: Run Behavior\BuildLiteBehavior [ RunTime:0.000000s ]
INFO: [ app_init ] --END-- [ RunTime:0.000000s ]
INFO: [ app_begin ] --START--
INFO: Run Behavior\ReadHtmlCacheBehavior [ RunTime:0.000000s ]
INFO: [ app_begin ] --END-- [ RunTime:0.000000s ]
SQL: SHOW COLUMNS FROM `base_user` [ RunTime:0.0156s ]
SQL: SELECT * FROM `base_user` WHERE `us_last_ip` = '127.0.0.1' ORDER BY us_last_time desc LIMIT 1   [ RunTime:0.0000s ]
SQL: UPDATE `base_user` SET `us_login_sum`=us_login_sum+1 WHERE `us_last_ip` = '127.0.0.1' [ RunTime:0.0156s ]
NOTIC: [8] Undefined variable: parameter D:\Program Files\PHPStudy\WWW\powerone\Base\Home\Common\function.php 第 73 行.
NOTIC: [8] Undefined variable: return D:\Program Files\PHPStudy\WWW\powerone\Base\Home\Common\function.php 第 76 行.
SQL: SHOW COLUMNS FROM `base_notice` [ RunTime:0.0000s ]
SQL: SELECT * FROM `base_notice` WHERE ( no_type=2 ) ORDER BY no_time desc LIMIT 1   [ RunTime:0.0156s ]
SQL: SHOW COLUMNS FROM `base_article` [ RunTime:0.0313s ]
SQL: SELECT `ar_id`,`ar_title` FROM `base_article` WHERE `ar_state` = 1 ORDER BY ar_hits desc LIMIT 9   [ RunTime:0.0000s ]
SQL: SELECT `ar_id`,`ar_title` FROM `base_article` WHERE `ar_state` = 1 ORDER BY ar_time desc LIMIT 9   [ RunTime:0.0000s ]
SQL: SELECT `ar_id`,`ar_title` FROM `base_article` WHERE `ar_state` = 1 AND `ar_position` IN ('1','3') ORDER BY ar_time desc LIMIT 9   [ RunTime:0.0000s ]
SQL: SHOW COLUMNS FROM `base_link` [ RunTime:0.0156s ]
SQL: SELECT `li_url`,`li_title` FROM `base_link` WHERE ( li_state=1 ) ORDER BY li_time asc  [ RunTime:0.0000s ]
NOTIC: [8] Undefined variable: on_url D:\Program Files\PHPStudy\WWW\powerone\Base\Common\Controller\CommonController.class.php 第 66 行.
SQL: SELECT * FROM `base_article` WHERE `ar_id` = 7 AND `ar_state` = 1 LIMIT 1   [ RunTime:0.0000s ]
SQL: UPDATE `base_article` SET `ar_hits`=ar_hits+1 WHERE `ar_id` = 7 AND `ar_state` = 1 [ RunTime:0.0000s ]
SQL: SHOW COLUMNS FROM `base_Articledata` [ RunTime:0.0156s ]
SQL: SELECT `ar_body` FROM `base_Articledata` WHERE ( ar_id=7 ) LIMIT 1   [ RunTime:0.0000s ]
SQL: SELECT `ar_id` FROM `base_article` WHERE ( ar_state=1 and ar_time<1460282292 ) ORDER BY ar_time desc LIMIT 1   [ RunTime:0.0000s ]
SQL: SELECT `ar_id` FROM `base_article` WHERE ( ar_state=1 and ar_time>1460282292 ) ORDER BY ar_time asc LIMIT 1   [ RunTime:0.0000s ]
INFO: [ view_parse ] --START--
INFO: [ template_filter ] --START--
INFO: Run Behavior\ContentReplaceBehavior [ RunTime:0.000000s ]
INFO: [ template_filter ] --END-- [ RunTime:0.000000s ]
NOTIC: [8] Undefined index: site_name_suffix D:\Program Files\PHPStudy\WWW\powerone\Base\Runtime\Cache\Home\9bb58566dfec8a382587b11e6c9446a3.php 第 9 行.
NOTIC: [8] Undefined index: site_keywords D:\Program Files\PHPStudy\WWW\powerone\Base\Runtime\Cache\Home\9bb58566dfec8a382587b11e6c9446a3.php 第 10 行.
NOTIC: [8] Undefined index: site_version D:\Program Files\PHPStudy\WWW\powerone\Base\Runtime\Cache\Home\9bb58566dfec8a382587b11e6c9446a3.php 第 12 行.
NOTIC: [8] Undefined index: site_author D:\Program Files\PHPStudy\WWW\powerone\Base\Runtime\Cache\Home\9bb58566dfec8a382587b11e6c9446a3.php 第 13 行.
NOTIC: [8] Undefined index: us_login_on D:\Program Files\PHPStudy\WWW\powerone\Base\Runtime\Cache\Home\9bb58566dfec8a382587b11e6c9446a3.php 第 59 行.
NOTIC: [8] Undefined index: site_url D:\Program Files\PHPStudy\WWW\powerone\Base\Runtime\Cache\Home\9bb58566dfec8a382587b11e6c9446a3.php 第 63 行.
NOTIC: [8] Undefined index: site_catalog D:\Program Files\PHPStudy\WWW\powerone\Base\Runtime\Cache\Home\9bb58566dfec8a382587b11e6c9446a3.php 第 63 行.
NOTIC: [8] Undefined variable: class D:\Program Files\PHPStudy\WWW\powerone\Base\Runtime\Cache\Home\9bb58566dfec8a382587b11e6c9446a3.php 第 82 行.
NOTIC: [8] Undefined variable: class D:\Program Files\PHPStudy\WWW\powerone\Base\Runtime\Cache\Home\9bb58566dfec8a382587b11e6c9446a3.php 第 86 行.
NOTIC: [2] Missing argument 2 for timestamp_to_timeline(), called in D:\Program Files\PHPStudy\WWW\powerone\Base\Runtime\Cache\Home\9bb58566dfec8a382587b11e6c9446a3.php on line 132 and defined D:\Program Files\PHPStudy\WWW\powerone\Base\Common\Common\function.php 第 104 行.
NOTIC: [8] Undefined variable: type D:\Program Files\PHPStudy\WWW\powerone\Base\Common\Common\function.php 第 105 行.
SQL: SHOW COLUMNS FROM `base_Articleclass` [ RunTime:0.0156s ]
SQL: SELECT `ar_c_title` FROM `base_Articleclass` WHERE ( ar_class=1 ) LIMIT 1   [ RunTime:0.0000s ]
NOTIC: [8] Undefined variable: button D:\Program Files\PHPStudy\WWW\powerone\Base\Runtime\Cache\Home\9bb58566dfec8a382587b11e6c9446a3.php 第 136 行.
NOTIC: [8] Undefined variable: button D:\Program Files\PHPStudy\WWW\powerone\Base\Runtime\Cache\Home\9bb58566dfec8a382587b11e6c9446a3.php 第 137 行.
NOTIC: [8] Undefined variable: button D:\Program Files\PHPStudy\WWW\powerone\Base\Runtime\Cache\Home\9bb58566dfec8a382587b11e6c9446a3.php 第 138 行.
NOTIC: [8] Undefined variable: button D:\Program Files\PHPStudy\WWW\powerone\Base\Runtime\Cache\Home\9bb58566dfec8a382587b11e6c9446a3.php 第 141 行.
NOTIC: [8] Undefined variable: button D:\Program Files\PHPStudy\WWW\powerone\Base\Runtime\Cache\Home\9bb58566dfec8a382587b11e6c9446a3.php 第 142 行.
NOTIC: [8] Undefined index: site_name D:\Program Files\PHPStudy\WWW\powerone\Base\Runtime\Cache\Home\9bb58566dfec8a382587b11e6c9446a3.php 第 147 行.
INFO: Run Behavior\ParseTemplateBehavior [ RunTime:0.156250s ]
INFO: [ view_parse ] --END-- [ RunTime:0.156250s ]
INFO: [ view_filter ] --START--
INFO: Run Behavior\WriteHtmlCacheBehavior [ RunTime:0.031250s ]
INFO: [ view_filter ] --END-- [ RunTime:0.031250s ]
INFO: [ app_end ] --START--
INFO: Run Behavior\ShowPageTraceBehavior [ RunTime:0.140625s ]
INFO: [ app_end ] --END-- [ RunTime:0.140625s ]

[ 2016-04-19T22:53:32+08:00 ] 127.0.0.1 /powerone/Public/img/bg1.png
INFO: [ app_init ] --START--
INFO: Run Behavior\BuildLiteBehavior [ RunTime:0.000000s ]
INFO: [ app_init ] --END-- [ RunTime:0.000000s ]

[ 2016-04-19T22:53:34+08:00 ] 127.0.0.1 /powerone/index.html
INFO: [ app_init ] --START--
INFO: Run Behavior\BuildLiteBehavior [ RunTime:0.000000s ]
INFO: [ app_init ] --END-- [ RunTime:0.015625s ]
INFO: [ app_begin ] --START--
INFO: Run Behavior\ReadHtmlCacheBehavior [ RunTime:0.000000s ]
INFO: [ app_begin ] --END-- [ RunTime:0.000000s ]
NOTIC: [8] Undefined variable: parameter D:\Program Files\PHPStudy\WWW\powerone\Base\Home\Common\function.php 第 73 行.
NOTIC: [8] Undefined variable: return D:\Program Files\PHPStudy\WWW\powerone\Base\Home\Common\function.php 第 76 行.
SQL: SHOW COLUMNS FROM `base_notice` [ RunTime:0.0156s ]
SQL: SELECT * FROM `base_notice` WHERE ( no_type=2 ) ORDER BY no_time desc LIMIT 1   [ RunTime:0.0000s ]
SQL: SHOW COLUMNS FROM `base_article` [ RunTime:0.0313s ]
SQL: SELECT `ar_id`,`ar_title` FROM `base_article` WHERE `ar_state` = 1 ORDER BY ar_hits desc LIMIT 9   [ RunTime:0.0000s ]
SQL: SELECT `ar_id`,`ar_title` FROM `base_article` WHERE `ar_state` = 1 ORDER BY ar_time desc LIMIT 9   [ RunTime:0.0000s ]
SQL: SELECT `ar_id`,`ar_title` FROM `base_article` WHERE `ar_state` = 1 AND `ar_position` IN ('1','3') ORDER BY ar_time desc LIMIT 9   [ RunTime:0.0000s ]
SQL: SHOW COLUMNS FROM `base_link` [ RunTime:0.0156s ]
SQL: SELECT `li_url`,`li_title` FROM `base_link` WHERE ( li_state=1 ) ORDER BY li_time asc  [ RunTime:0.0000s ]
NOTIC: [8] Undefined variable: on_url D:\Program Files\PHPStudy\WWW\powerone\Base\Common\Controller\CommonController.class.php 第 66 行.
SQL: SELECT * FROM `base_notice` WHERE ( no_type=3 ) ORDER BY no_time desc  [ RunTime:0.0000s ]
SQL: SHOW COLUMNS FROM `base_Articleclass` [ RunTime:0.0156s ]
SQL: SELECT `ar_parent` FROM `base_Articleclass` WHERE `ar_class` = 1 LIMIT 1   [ RunTime:0.0000s ]
SQL: SELECT `ar_class` FROM `base_Articleclass` WHERE `ar_parent` = 1  [ RunTime:0.0000s ]
SQL: SHOW COLUMNS FROM `base_article` [ RunTime:0.0000s ]
ERR: Think\Model:list方法不存在！

[ 2016-04-19T22:54:04+08:00 ] 127.0.0.1 /powerone/index.html
INFO: [ app_init ] --START--
INFO: Run Behavior\BuildLiteBehavior [ RunTime:0.000000s ]
INFO: [ app_init ] --END-- [ RunTime:0.000000s ]
INFO: [ app_begin ] --START--
INFO: Run Behavior\ReadHtmlCacheBehavior [ RunTime:0.015625s ]
INFO: [ app_begin ] --END-- [ RunTime:0.015625s ]
NOTIC: [8] Undefined variable: parameter D:\Program Files\PHPStudy\WWW\powerone\Base\Home\Common\function.php 第 73 行.
NOTIC: [8] Undefined variable: return D:\Program Files\PHPStudy\WWW\powerone\Base\Home\Common\function.php 第 76 行.
SQL: SHOW COLUMNS FROM `base_notice` [ RunTime:0.0156s ]
SQL: SELECT * FROM `base_notice` WHERE ( no_type=2 ) ORDER BY no_time desc LIMIT 1   [ RunTime:0.0000s ]
SQL: SHOW COLUMNS FROM `base_article` [ RunTime:0.0000s ]
SQL: SELECT `ar_id`,`ar_title` FROM `base_article` WHERE `ar_state` = 1 ORDER BY ar_hits desc LIMIT 9   [ RunTime:0.0000s ]
SQL: SELECT `ar_id`,`ar_title` FROM `base_article` WHERE `ar_state` = 1 ORDER BY ar_time desc LIMIT 9   [ RunTime:0.0000s ]
SQL: SELECT `ar_id`,`ar_title` FROM `base_article` WHERE `ar_state` = 1 AND `ar_position` IN ('1','3') ORDER BY ar_time desc LIMIT 9   [ RunTime:0.0000s ]
SQL: SHOW COLUMNS FROM `base_link` [ RunTime:0.0000s ]
SQL: SELECT `li_url`,`li_title` FROM `base_link` WHERE ( li_state=1 ) ORDER BY li_time asc  [ RunTime:0.0000s ]
NOTIC: [8] Undefined variable: on_url D:\Program Files\PHPStudy\WWW\powerone\Base\Common\Controller\CommonController.class.php 第 66 行.
SQL: SELECT * FROM `base_notice` WHERE ( no_type=3 ) ORDER BY no_time desc  [ RunTime:0.0000s ]
SQL: SHOW COLUMNS FROM `base_Articleclass` [ RunTime:0.0156s ]
SQL: SELECT `ar_parent` FROM `base_Articleclass` WHERE `ar_class` = 1 LIMIT 1   [ RunTime:0.0000s ]
SQL: SELECT `ar_class` FROM `base_Articleclass` WHERE `ar_parent` = 1  [ RunTime:0.0000s ]
SQL: SHOW COLUMNS FROM `base_article` [ RunTime:0.0313s ]
ERR: Think\Model:list方法不存在！

[ 2016-04-19T22:54:27+08:00 ] 127.0.0.1 /powerone/index.html
INFO: [ app_init ] --START--
INFO: Run Behavior\BuildLiteBehavior [ RunTime:0.000000s ]
INFO: [ app_init ] --END-- [ RunTime:0.000000s ]
INFO: [ app_begin ] --START--
INFO: Run Behavior\ReadHtmlCacheBehavior [ RunTime:0.000000s ]
INFO: [ app_begin ] --END-- [ RunTime:0.000000s ]
NOTIC: [8] Undefined variable: parameter D:\Program Files\PHPStudy\WWW\powerone\Base\Home\Common\function.php 第 73 行.
NOTIC: [8] Undefined variable: return D:\Program Files\PHPStudy\WWW\powerone\Base\Home\Common\function.php 第 76 行.
SQL: SHOW COLUMNS FROM `base_notice` [ RunTime:0.0000s ]
SQL: SELECT * FROM `base_notice` WHERE ( no_type=2 ) ORDER BY no_time desc LIMIT 1   [ RunTime:0.0000s ]
SQL: SHOW COLUMNS FROM `base_article` [ RunTime:0.0156s ]
SQL: SELECT `ar_id`,`ar_title` FROM `base_article` WHERE `ar_state` = 1 ORDER BY ar_hits desc LIMIT 9   [ RunTime:0.0000s ]
SQL: SELECT `ar_id`,`ar_title` FROM `base_article` WHERE `ar_state` = 1 ORDER BY ar_time desc LIMIT 9   [ RunTime:0.0000s ]
SQL: SELECT `ar_id`,`ar_title` FROM `base_article` WHERE `ar_state` = 1 AND `ar_position` IN ('1','3') ORDER BY ar_time desc LIMIT 9   [ RunTime:0.0000s ]
SQL: SHOW COLUMNS FROM `base_link` [ RunTime:0.0000s ]
SQL: SELECT `li_url`,`li_title` FROM `base_link` WHERE ( li_state=1 ) ORDER BY li_time asc  [ RunTime:0.0000s ]
NOTIC: [8] Undefined variable: on_url D:\Program Files\PHPStudy\WWW\powerone\Base\Common\Controller\CommonController.class.php 第 66 行.
SQL: SELECT * FROM `base_notice` WHERE ( no_type=3 ) ORDER BY no_time desc  [ RunTime:0.0156s ]
SQL: SHOW COLUMNS FROM `base_Articleclass` [ RunTime:0.0000s ]
SQL: SELECT `ar_parent` FROM `base_Articleclass` WHERE `ar_class` = 1 LIMIT 1   [ RunTime:0.0000s ]
SQL: SELECT `ar_class` FROM `base_Articleclass` WHERE `ar_parent` = 1  [ RunTime:0.0000s ]

[ 2016-04-19T22:55:30+08:00 ] 127.0.0.1 /powerone/index.html
INFO: [ app_init ] --START--
INFO: Run Behavior\BuildLiteBehavior [ RunTime:0.000000s ]
INFO: [ app_init ] --END-- [ RunTime:0.000000s ]
INFO: [ app_begin ] --START--
INFO: Run Behavior\ReadHtmlCacheBehavior [ RunTime:0.015625s ]
INFO: [ app_begin ] --END-- [ RunTime:0.015625s ]
NOTIC: [8] Undefined variable: parameter D:\Program Files\PHPStudy\WWW\powerone\Base\Home\Common\function.php 第 73 行.
NOTIC: [8] Undefined variable: return D:\Program Files\PHPStudy\WWW\powerone\Base\Home\Common\function.php 第 76 行.
SQL: SHOW COLUMNS FROM `base_notice` [ RunTime:0.0000s ]
SQL: SELECT * FROM `base_notice` WHERE ( no_type=2 ) ORDER BY no_time desc LIMIT 1   [ RunTime:0.0000s ]
SQL: SHOW COLUMNS FROM `base_article` [ RunTime:0.0156s ]
SQL: SELECT `ar_id`,`ar_title` FROM `base_article` WHERE `ar_state` = 1 ORDER BY ar_hits desc LIMIT 9   [ RunTime:0.0000s ]
SQL: SELECT `ar_id`,`ar_title` FROM `base_article` WHERE `ar_state` = 1 ORDER BY ar_time desc LIMIT 9   [ RunTime:0.0000s ]
SQL: SELECT `ar_id`,`ar_title` FROM `base_article` WHERE `ar_state` = 1 AND `ar_position` IN ('1','3') ORDER BY ar_time desc LIMIT 9   [ RunTime:0.0000s ]
SQL: SHOW COLUMNS FROM `base_link` [ RunTime:0.0156s ]
SQL: SELECT `li_url`,`li_title` FROM `base_link` WHERE ( li_state=1 ) ORDER BY li_time asc  [ RunTime:0.0000s ]
NOTIC: [8] Undefined variable: on_url D:\Program Files\PHPStudy\WWW\powerone\Base\Common\Controller\CommonController.class.php 第 66 行.
SQL: SELECT * FROM `base_notice` WHERE ( no_type=3 ) ORDER BY no_time desc  [ RunTime:0.0000s ]
SQL: SHOW COLUMNS FROM `base_Articleclass` [ RunTime:0.0156s ]
SQL: SELECT `ar_parent` FROM `base_Articleclass` WHERE `ar_class` = 1 LIMIT 1   [ RunTime:0.0000s ]
SQL: SELECT `ar_class` FROM `base_Articleclass` WHERE `ar_parent` = 1  [ RunTime:0.0000s ]

[ 2016-04-19T22:55:34+08:00 ] 127.0.0.1 /powerone/index.html
INFO: [ app_init ] --START--
INFO: Run Behavior\BuildLiteBehavior [ RunTime:0.000000s ]
INFO: [ app_init ] --END-- [ RunTime:0.000000s ]
INFO: [ app_begin ] --START--
INFO: Run Behavior\ReadHtmlCacheBehavior [ RunTime:0.000000s ]
INFO: [ app_begin ] --END-- [ RunTime:0.000000s ]
NOTIC: [8] Undefined variable: parameter D:\Program Files\PHPStudy\WWW\powerone\Base\Home\Common\function.php 第 73 行.
NOTIC: [8] Undefined variable: return D:\Program Files\PHPStudy\WWW\powerone\Base\Home\Common\function.php 第 76 行.
SQL: SHOW COLUMNS FROM `base_notice` [ RunTime:0.0313s ]
SQL: SELECT * FROM `base_notice` WHERE ( no_type=2 ) ORDER BY no_time desc LIMIT 1   [ RunTime:0.0000s ]
SQL: SHOW COLUMNS FROM `base_article` [ RunTime:0.0000s ]
SQL: SELECT `ar_id`,`ar_title` FROM `base_article` WHERE `ar_state` = 1 ORDER BY ar_hits desc LIMIT 9   [ RunTime:0.0000s ]
SQL: SELECT `ar_id`,`ar_title` FROM `base_article` WHERE `ar_state` = 1 ORDER BY ar_time desc LIMIT 9   [ RunTime:0.0000s ]
SQL: SELECT `ar_id`,`ar_title` FROM `base_article` WHERE `ar_state` = 1 AND `ar_position` IN ('1','3') ORDER BY ar_time desc LIMIT 9   [ RunTime:0.0000s ]
SQL: SHOW COLUMNS FROM `base_link` [ RunTime:0.0156s ]
SQL: SELECT `li_url`,`li_title` FROM `base_link` WHERE ( li_state=1 ) ORDER BY li_time asc  [ RunTime:0.0000s ]
NOTIC: [8] Undefined variable: on_url D:\Program Files\PHPStudy\WWW\powerone\Base\Common\Controller\CommonController.class.php 第 66 行.
SQL: SELECT * FROM `base_notice` WHERE ( no_type=3 ) ORDER BY no_time desc  [ RunTime:0.0000s ]
SQL: SHOW COLUMNS FROM `base_Articleclass` [ RunTime:0.0000s ]
SQL: SELECT `ar_parent` FROM `base_Articleclass` WHERE `ar_class` = 1 LIMIT 1   [ RunTime:0.0156s ]
SQL: SELECT `ar_class` FROM `base_Articleclass` WHERE `ar_parent` = 1  [ RunTime:0.0000s ]

[ 2016-04-19T22:55:40+08:00 ] 127.0.0.1 /powerone/
INFO: [ app_init ] --START--
INFO: Run Behavior\BuildLiteBehavior [ RunTime:0.000000s ]
INFO: [ app_init ] --END-- [ RunTime:0.015625s ]
INFO: [ app_begin ] --START--
INFO: Run Behavior\ReadHtmlCacheBehavior [ RunTime:0.000000s ]
INFO: [ app_begin ] --END-- [ RunTime:0.000000s ]
NOTIC: [8] Undefined variable: parameter D:\Program Files\PHPStudy\WWW\powerone\Base\Home\Common\function.php 第 73 行.
NOTIC: [8] Undefined variable: return D:\Program Files\PHPStudy\WWW\powerone\Base\Home\Common\function.php 第 76 行.
SQL: SHOW COLUMNS FROM `base_notice` [ RunTime:0.0156s ]
SQL: SELECT * FROM `base_notice` WHERE ( no_type=2 ) ORDER BY no_time desc LIMIT 1   [ RunTime:0.0000s ]
SQL: SHOW COLUMNS FROM `base_article` [ RunTime:0.0156s ]
SQL: SELECT `ar_id`,`ar_title` FROM `base_article` WHERE `ar_state` = 1 ORDER BY ar_hits desc LIMIT 9   [ RunTime:0.0000s ]
SQL: SELECT `ar_id`,`ar_title` FROM `base_article` WHERE `ar_state` = 1 ORDER BY ar_time desc LIMIT 9   [ RunTime:0.0000s ]
SQL: SELECT `ar_id`,`ar_title` FROM `base_article` WHERE `ar_state` = 1 AND `ar_position` IN ('1','3') ORDER BY ar_time desc LIMIT 9   [ RunTime:0.0000s ]
SQL: SHOW COLUMNS FROM `base_link` [ RunTime:0.0000s ]
SQL: SELECT `li_url`,`li_title` FROM `base_link` WHERE ( li_state=1 ) ORDER BY li_time asc  [ RunTime:0.0156s ]
SQL: SELECT * FROM `base_notice` WHERE ( no_type=3 ) ORDER BY no_time desc  [ RunTime:0.0000s ]
SQL: SHOW COLUMNS FROM `base_Articleclass` [ RunTime:0.0000s ]
SQL: SELECT `ar_parent` FROM `base_Articleclass` WHERE `ar_class` = 1 LIMIT 1   [ RunTime:0.0000s ]
SQL: SELECT `ar_class` FROM `base_Articleclass` WHERE `ar_parent` = 1  [ RunTime:0.0000s ]

[ 2016-04-19T23:01:41+08:00 ] 127.0.0.1 /powerone/
INFO: [ app_init ] --START--
INFO: Run Behavior\BuildLiteBehavior [ RunTime:0.000000s ]
INFO: [ app_init ] --END-- [ RunTime:0.000000s ]
INFO: [ app_begin ] --START--
INFO: Run Behavior\ReadHtmlCacheBehavior [ RunTime:0.000000s ]
INFO: [ app_begin ] --END-- [ RunTime:0.000000s ]
NOTIC: [8] Undefined variable: parameter D:\Program Files\PHPStudy\WWW\powerone\Base\Home\Common\function.php 第 73 行.
NOTIC: [8] Undefined variable: return D:\Program Files\PHPStudy\WWW\powerone\Base\Home\Common\function.php 第 76 行.
SQL: SHOW COLUMNS FROM `base_notice` [ RunTime:0.0156s ]
SQL: SELECT * FROM `base_notice` WHERE ( no_type=2 ) ORDER BY no_time desc LIMIT 1   [ RunTime:0.0000s ]
SQL: SHOW COLUMNS FROM `base_article` [ RunTime:0.0000s ]
SQL: SELECT `ar_id`,`ar_title` FROM `base_article` WHERE `ar_state` = 1 ORDER BY ar_hits desc LIMIT 9   [ RunTime:0.0000s ]
SQL: SELECT `ar_id`,`ar_title` FROM `base_article` WHERE `ar_state` = 1 ORDER BY ar_time desc LIMIT 9   [ RunTime:0.0000s ]
SQL: SELECT `ar_id`,`ar_title` FROM `base_article` WHERE `ar_state` = 1 AND `ar_position` IN ('1','3') ORDER BY ar_time desc LIMIT 9   [ RunTime:0.0000s ]
SQL: SHOW COLUMNS FROM `base_link` [ RunTime:0.0313s ]
SQL: SELECT `li_url`,`li_title` FROM `base_link` WHERE ( li_state=1 ) ORDER BY li_time asc  [ RunTime:0.0000s ]
SQL: SELECT * FROM `base_notice` WHERE ( no_type=3 ) ORDER BY no_time desc  [ RunTime:0.0000s ]
SQL: SHOW COLUMNS FROM `base_Articleclass` [ RunTime:0.0156s ]
SQL: SELECT `ar_parent` FROM `base_Articleclass` WHERE `ar_class` = 1 LIMIT 1   [ RunTime:0.0000s ]
SQL: SELECT `ar_class` FROM `base_Articleclass` WHERE `ar_parent` = 1  [ RunTime:0.0000s ]

[ 2016-04-19T23:01:53+08:00 ] 127.0.0.1 /powerone/
INFO: [ app_init ] --START--
INFO: Run Behavior\BuildLiteBehavior [ RunTime:0.000000s ]
INFO: [ app_init ] --END-- [ RunTime:0.000000s ]
INFO: [ app_begin ] --START--
INFO: Run Behavior\ReadHtmlCacheBehavior [ RunTime:0.000000s ]
INFO: [ app_begin ] --END-- [ RunTime:0.000000s ]
NOTIC: [8] Undefined variable: parameter D:\Program Files\PHPStudy\WWW\powerone\Base\Home\Common\function.php 第 73 行.
NOTIC: [8] Undefined variable: return D:\Program Files\PHPStudy\WWW\powerone\Base\Home\Common\function.php 第 76 行.
SQL: SHOW COLUMNS FROM `base_notice` [ RunTime:0.0156s ]
SQL: SELECT * FROM `base_notice` WHERE ( no_type=2 ) ORDER BY no_time desc LIMIT 1   [ RunTime:0.0000s ]
SQL: SHOW COLUMNS FROM `base_article` [ RunTime:0.0000s ]
SQL: SELECT `ar_id`,`ar_title` FROM `base_article` WHERE `ar_state` = 1 ORDER BY ar_hits desc LIMIT 9   [ RunTime:0.0000s ]
SQL: SELECT `ar_id`,`ar_title` FROM `base_article` WHERE `ar_state` = 1 ORDER BY ar_time desc LIMIT 9   [ RunTime:0.0000s ]
SQL: SELECT `ar_id`,`ar_title` FROM `base_article` WHERE `ar_state` = 1 AND `ar_position` IN ('1','3') ORDER BY ar_time desc LIMIT 9   [ RunTime:0.0000s ]
SQL: SHOW COLUMNS FROM `base_link` [ RunTime:0.0000s ]
SQL: SELECT `li_url`,`li_title` FROM `base_link` WHERE ( li_state=1 ) ORDER BY li_time asc  [ RunTime:0.0000s ]
SQL: SELECT * FROM `base_notice` WHERE ( no_type=3 ) ORDER BY no_time desc  [ RunTime:0.0000s ]
SQL: SHOW COLUMNS FROM `base_Articleclass` [ RunTime:0.0156s ]
SQL: SELECT `ar_parent` FROM `base_Articleclass` WHERE `ar_class` = 1 LIMIT 1   [ RunTime:0.0000s ]
SQL: SELECT `ar_class` FROM `base_Articleclass` WHERE `ar_parent` = 1  [ RunTime:0.0000s ]

[ 2016-04-19T23:02:19+08:00 ] 127.0.0.1 /powerone/
INFO: [ app_init ] --START--
INFO: Run Behavior\BuildLiteBehavior [ RunTime:0.000000s ]
INFO: [ app_init ] --END-- [ RunTime:0.000000s ]
INFO: [ app_begin ] --START--
INFO: Run Behavior\ReadHtmlCacheBehavior [ RunTime:0.000000s ]
INFO: [ app_begin ] --END-- [ RunTime:0.000000s ]
NOTIC: [8] Undefined variable: parameter D:\Program Files\PHPStudy\WWW\powerone\Base\Home\Common\function.php 第 73 行.
NOTIC: [8] Undefined variable: return D:\Program Files\PHPStudy\WWW\powerone\Base\Home\Common\function.php 第 76 行.
SQL: SHOW COLUMNS FROM `base_notice` [ RunTime:0.0000s ]
SQL: SELECT * FROM `base_notice` WHERE ( no_type=2 ) ORDER BY no_time desc LIMIT 1   [ RunTime:0.0000s ]
SQL: SHOW COLUMNS FROM `base_article` [ RunTime:0.0156s ]
SQL: SELECT `ar_id`,`ar_title` FROM `base_article` WHERE `ar_state` = 1 ORDER BY ar_hits desc LIMIT 9   [ RunTime:0.0000s ]
SQL: SELECT `ar_id`,`ar_title` FROM `base_article` WHERE `ar_state` = 1 ORDER BY ar_time desc LIMIT 9   [ RunTime:0.0000s ]
SQL: SELECT `ar_id`,`ar_title` FROM `base_article` WHERE `ar_state` = 1 AND `ar_position` IN ('1','3') ORDER BY ar_time desc LIMIT 9   [ RunTime:0.0000s ]
SQL: SHOW COLUMNS FROM `base_link` [ RunTime:0.0000s ]
SQL: SELECT `li_url`,`li_title` FROM `base_link` WHERE ( li_state=1 ) ORDER BY li_time asc  [ RunTime:0.0000s ]
SQL: SELECT * FROM `base_notice` WHERE ( no_type=3 ) ORDER BY no_time desc  [ RunTime:0.0000s ]
SQL: SHOW COLUMNS FROM `base_Articleclass` [ RunTime:0.0156s ]
SQL: SELECT `ar_parent` FROM `base_Articleclass` WHERE `ar_class` = 1 LIMIT 1   [ RunTime:0.0000s ]
SQL: SELECT `ar_class` FROM `base_Articleclass` WHERE `ar_parent` = 1  [ RunTime:0.0000s ]

[ 2016-04-19T23:02:21+08:00 ] 127.0.0.1 /powerone/
INFO: [ app_init ] --START--
INFO: Run Behavior\BuildLiteBehavior [ RunTime:0.000000s ]
INFO: [ app_init ] --END-- [ RunTime:0.000000s ]
INFO: [ app_begin ] --START--
INFO: Run Behavior\ReadHtmlCacheBehavior [ RunTime:0.000000s ]
INFO: [ app_begin ] --END-- [ RunTime:0.000000s ]
NOTIC: [8] Undefined variable: parameter D:\Program Files\PHPStudy\WWW\powerone\Base\Home\Common\function.php 第 73 行.
NOTIC: [8] Undefined variable: return D:\Program Files\PHPStudy\WWW\powerone\Base\Home\Common\function.php 第 76 行.
SQL: SHOW COLUMNS FROM `base_notice` [ RunTime:0.0000s ]
SQL: SELECT * FROM `base_notice` WHERE ( no_type=2 ) ORDER BY no_time desc LIMIT 1   [ RunTime:0.0000s ]
SQL: SHOW COLUMNS FROM `base_article` [ RunTime:0.0000s ]
SQL: SELECT `ar_id`,`ar_title` FROM `base_article` WHERE `ar_state` = 1 ORDER BY ar_hits desc LIMIT 9   [ RunTime:0.0000s ]
SQL: SELECT `ar_id`,`ar_title` FROM `base_article` WHERE `ar_state` = 1 ORDER BY ar_time desc LIMIT 9   [ RunTime:0.0000s ]
SQL: SELECT `ar_id`,`ar_title` FROM `base_article` WHERE `ar_state` = 1 AND `ar_position` IN ('1','3') ORDER BY ar_time desc LIMIT 9   [ RunTime:0.0000s ]
SQL: SHOW COLUMNS FROM `base_link` [ RunTime:0.0156s ]
SQL: SELECT `li_url`,`li_title` FROM `base_link` WHERE ( li_state=1 ) ORDER BY li_time asc  [ RunTime:0.0000s ]
SQL: SELECT * FROM `base_notice` WHERE ( no_type=3 ) ORDER BY no_time desc  [ RunTime:0.0000s ]
SQL: SHOW COLUMNS FROM `base_Articleclass` [ RunTime:0.0000s ]
SQL: SELECT `ar_parent` FROM `base_Articleclass` WHERE `ar_class` = 1 LIMIT 1   [ RunTime:0.0000s ]
SQL: SELECT `ar_class` FROM `base_Articleclass` WHERE `ar_parent` = 1  [ RunTime:0.0000s ]

[ 2016-04-19T23:02:22+08:00 ] 127.0.0.1 /powerone/
INFO: [ app_init ] --START--
INFO: Run Behavior\BuildLiteBehavior [ RunTime:0.000000s ]
INFO: [ app_init ] --END-- [ RunTime:0.000000s ]
INFO: [ app_begin ] --START--
INFO: Run Behavior\ReadHtmlCacheBehavior [ RunTime:0.000000s ]
INFO: [ app_begin ] --END-- [ RunTime:0.000000s ]
NOTIC: [8] Undefined variable: parameter D:\Program Files\PHPStudy\WWW\powerone\Base\Home\Common\function.php 第 73 行.
NOTIC: [8] Undefined variable: return D:\Program Files\PHPStudy\WWW\powerone\Base\Home\Common\function.php 第 76 行.
SQL: SHOW COLUMNS FROM `base_notice` [ RunTime:0.0000s ]
SQL: SELECT * FROM `base_notice` WHERE ( no_type=2 ) ORDER BY no_time desc LIMIT 1   [ RunTime:0.0000s ]
SQL: SHOW COLUMNS FROM `base_article` [ RunTime:0.0000s ]
SQL: SELECT `ar_id`,`ar_title` FROM `base_article` WHERE `ar_state` = 1 ORDER BY ar_hits desc LIMIT 9   [ RunTime:0.0000s ]
SQL: SELECT `ar_id`,`ar_title` FROM `base_article` WHERE `ar_state` = 1 ORDER BY ar_time desc LIMIT 9   [ RunTime:0.0156s ]
SQL: SELECT `ar_id`,`ar_title` FROM `base_article` WHERE `ar_state` = 1 AND `ar_position` IN ('1','3') ORDER BY ar_time desc LIMIT 9   [ RunTime:0.0000s ]
SQL: SHOW COLUMNS FROM `base_link` [ RunTime:0.0000s ]
SQL: SELECT `li_url`,`li_title` FROM `base_link` WHERE ( li_state=1 ) ORDER BY li_time asc  [ RunTime:0.0000s ]
SQL: SELECT * FROM `base_notice` WHERE ( no_type=3 ) ORDER BY no_time desc  [ RunTime:0.0156s ]
SQL: SHOW COLUMNS FROM `base_Articleclass` [ RunTime:0.0000s ]
SQL: SELECT `ar_parent` FROM `base_Articleclass` WHERE `ar_class` = 1 LIMIT 1   [ RunTime:0.0000s ]
SQL: SELECT `ar_class` FROM `base_Articleclass` WHERE `ar_parent` = 1  [ RunTime:0.0000s ]

[ 2016-04-19T23:02:38+08:00 ] 127.0.0.1 /powerone/
INFO: [ app_init ] --START--
INFO: Run Behavior\BuildLiteBehavior [ RunTime:0.000000s ]
INFO: [ app_init ] --END-- [ RunTime:0.000000s ]
INFO: [ app_begin ] --START--
INFO: Run Behavior\ReadHtmlCacheBehavior [ RunTime:0.000000s ]
INFO: [ app_begin ] --END-- [ RunTime:0.000000s ]
NOTIC: [8] Undefined variable: parameter D:\Program Files\PHPStudy\WWW\powerone\Base\Home\Common\function.php 第 73 行.
NOTIC: [8] Undefined variable: return D:\Program Files\PHPStudy\WWW\powerone\Base\Home\Common\function.php 第 76 行.
SQL: SHOW COLUMNS FROM `base_notice` [ RunTime:0.0313s ]
SQL: SELECT * FROM `base_notice` WHERE ( no_type=2 ) ORDER BY no_time desc LIMIT 1   [ RunTime:0.0000s ]
SQL: SHOW COLUMNS FROM `base_article` [ RunTime:0.0000s ]
SQL: SELECT `ar_id`,`ar_title` FROM `base_article` WHERE `ar_state` = 1 ORDER BY ar_hits desc LIMIT 9   [ RunTime:0.0156s ]
SQL: SELECT `ar_id`,`ar_title` FROM `base_article` WHERE `ar_state` = 1 ORDER BY ar_time desc LIMIT 9   [ RunTime:0.0000s ]
SQL: SELECT `ar_id`,`ar_title` FROM `base_article` WHERE `ar_state` = 1 AND `ar_position` IN ('1','3') ORDER BY ar_time desc LIMIT 9   [ RunTime:0.0000s ]
SQL: SHOW COLUMNS FROM `base_link` [ RunTime:0.0000s ]
SQL: SELECT `li_url`,`li_title` FROM `base_link` WHERE ( li_state=1 ) ORDER BY li_time asc  [ RunTime:0.0000s ]
SQL: SELECT * FROM `base_notice` WHERE ( no_type=3 ) ORDER BY no_time desc  [ RunTime:0.0000s ]
SQL: SHOW COLUMNS FROM `base_Articleclass` [ RunTime:0.0156s ]
SQL: SELECT `ar_parent` FROM `base_Articleclass` WHERE `ar_class` = 1 LIMIT 1   [ RunTime:0.0000s ]
SQL: SELECT `ar_class` FROM `base_Articleclass` WHERE `ar_parent` = 1  [ RunTime:0.0000s ]

[ 2016-04-19T23:03:45+08:00 ] 127.0.0.1 /powerone/
INFO: [ app_init ] --START--
INFO: Run Behavior\BuildLiteBehavior [ RunTime:0.000000s ]
INFO: [ app_init ] --END-- [ RunTime:0.000000s ]
INFO: [ app_begin ] --START--
INFO: Run Behavior\ReadHtmlCacheBehavior [ RunTime:0.000000s ]
INFO: [ app_begin ] --END-- [ RunTime:0.000000s ]
NOTIC: [8] Undefined variable: parameter D:\Program Files\PHPStudy\WWW\powerone\Base\Home\Common\function.php 第 73 行.
NOTIC: [8] Undefined variable: return D:\Program Files\PHPStudy\WWW\powerone\Base\Home\Common\function.php 第 76 行.
SQL: SHOW COLUMNS FROM `base_notice` [ RunTime:0.0156s ]
SQL: SELECT * FROM `base_notice` WHERE ( no_type=2 ) ORDER BY no_time desc LIMIT 1   [ RunTime:0.0000s ]
SQL: SHOW COLUMNS FROM `base_article` [ RunTime:0.0000s ]
SQL: SELECT `ar_id`,`ar_title` FROM `base_article` WHERE `ar_state` = 1 ORDER BY ar_hits desc LIMIT 9   [ RunTime:0.0000s ]
SQL: SELECT `ar_id`,`ar_title` FROM `base_article` WHERE `ar_state` = 1 ORDER BY ar_time desc LIMIT 9   [ RunTime:0.0000s ]
SQL: SELECT `ar_id`,`ar_title` FROM `base_article` WHERE `ar_state` = 1 AND `ar_position` IN ('1','3') ORDER BY ar_time desc LIMIT 9   [ RunTime:0.0000s ]
SQL: SHOW COLUMNS FROM `base_link` [ RunTime:0.0000s ]
SQL: SELECT `li_url`,`li_title` FROM `base_link` WHERE ( li_state=1 ) ORDER BY li_time asc  [ RunTime:0.0000s ]
SQL: SELECT * FROM `base_notice` WHERE ( no_type=3 ) ORDER BY no_time desc  [ RunTime:0.0000s ]
SQL: SHOW COLUMNS FROM `base_Articleclass` [ RunTime:0.0156s ]
SQL: SELECT `ar_parent` FROM `base_Articleclass` WHERE `ar_class` = 1 LIMIT 1   [ RunTime:0.0000s ]
SQL: SELECT `ar_class` FROM `base_Articleclass` WHERE `ar_parent` = 1  [ RunTime:0.0000s ]
SQL: SHOW COLUMNS FROM `base_article` [ RunTime:0.0000s ]
SQL: SELECT * FROM `base_article` WHERE `ar_class` IN (1,'5') AND `ar_state` = 1 ORDER BY ar_time desc LIMIT 0,8   [ RunTime:0.0156s ]
SQL: SELECT `ar_parent` FROM `base_Articleclass` WHERE `ar_class` = 2 LIMIT 1   [ RunTime:0.0000s ]
SQL: SELECT `ar_class` FROM `base_Articleclass` WHERE `ar_parent` = 2  [ RunTime:0.0000s ]
SQL: SELECT * FROM `base_article` WHERE `ar_class` IN (2,'3','4') AND `ar_state` = 1 ORDER BY ar_time desc LIMIT 8   [ RunTime:0.0000s ]
NOTIC: [8] Undefined variable: page D:\Program Files\PHPStudy\WWW\powerone\Base\Home\Controller\IndexController.class.php 第 24 行.
NOTIC: [8] Trying to get property of non-object D:\Program Files\PHPStudy\WWW\powerone\Base\Home\Controller\IndexController.class.php 第 24 行.
NOTIC: [8] Undefined variable: page D:\Program Files\PHPStudy\WWW\powerone\Base\Home\Controller\IndexController.class.php 第 24 行.
NOTIC: [8] Trying to get property of non-object D:\Program Files\PHPStudy\WWW\powerone\Base\Home\Controller\IndexController.class.php 第 24 行.
SQL: SELECT * FROM `base_notice` WHERE ( no_type=1 ) ORDER BY no_time desc  [ RunTime:0.0000s ]
SQL: SHOW COLUMNS FROM `base_useradmin` [ RunTime:0.0156s ]
SQL: SELECT * FROM `base_useradmin` WHERE ( ad_id=1 ) LIMIT 1   [ RunTime:0.0000s ]
SQL: SELECT * FROM `base_useradmin` WHERE ( ad_id=1 ) LIMIT 1   [ RunTime:0.0000s ]
SQL: SELECT * FROM `base_useradmin` WHERE ( ad_id=1 ) LIMIT 1   [ RunTime:0.0000s ]
INFO: [ view_parse ] --START--
INFO: [ template_filter ] --START--
INFO: Run Behavior\ContentReplaceBehavior [ RunTime:0.000000s ]
INFO: [ template_filter ] --END-- [ RunTime:0.000000s ]
NOTIC: [8] Undefined index: site_name_suffix D:\Program Files\PHPStudy\WWW\powerone\Base\Runtime\Cache\Home\9addb1f73dbdde7b1052d3156ece9eb1.php 第 7 行.
NOTIC: [8] Undefined index: site_keywords D:\Program Files\PHPStudy\WWW\powerone\Base\Runtime\Cache\Home\9addb1f73dbdde7b1052d3156ece9eb1.php 第 8 行.
NOTIC: [8] Undefined index: site_description D:\Program Files\PHPStudy\WWW\powerone\Base\Runtime\Cache\Home\9addb1f73dbdde7b1052d3156ece9eb1.php 第 9 行.
NOTIC: [8] Undefined index: site_version D:\Program Files\PHPStudy\WWW\powerone\Base\Runtime\Cache\Home\9addb1f73dbdde7b1052d3156ece9eb1.php 第 10 行.
NOTIC: [8] Undefined index: site_author D:\Program Files\PHPStudy\WWW\powerone\Base\Runtime\Cache\Home\9addb1f73dbdde7b1052d3156ece9eb1.php 第 11 行.
NOTIC: [8] Undefined index: mood D:\Program Files\PHPStudy\WWW\powerone\Base\Runtime\Cache\Home\9addb1f73dbdde7b1052d3156ece9eb1.php 第 31 行.
NOTIC: [8] Undefined index: articles D:\Program Files\PHPStudy\WWW\powerone\Base\Runtime\Cache\Home\9addb1f73dbdde7b1052d3156ece9eb1.php 第 32 行.
NOTIC: [8] Undefined index: 2 D:\Program Files\PHPStudy\WWW\powerone\Base\Runtime\Cache\Home\9addb1f73dbdde7b1052d3156ece9eb1.php 第 33 行.
NOTIC: [8] Undefined index:  D:\Program Files\PHPStudy\WWW\powerone\Base\Runtime\Cache\Home\9addb1f73dbdde7b1052d3156ece9eb1.php 第 34 行.
NOTIC: [2] Missing argument 2 for timestamp_to_timeline(), called in D:\Program Files\PHPStudy\WWW\powerone\Base\Runtime\Cache\Home\9addb1f73dbdde7b1052d3156ece9eb1.php on line 77 and defined D:\Program Files\PHPStudy\WWW\powerone\Base\Common\Common\function.php 第 104 行.
NOTIC: [8] Undefined variable: type D:\Program Files\PHPStudy\WWW\powerone\Base\Common\Common\function.php 第 105 行.
NOTIC: [2] Missing argument 2 for timestamp_to_timeline(), called in D:\Program Files\PHPStudy\WWW\powerone\Base\Runtime\Cache\Home\9addb1f73dbdde7b1052d3156ece9eb1.php on line 77 and defined D:\Program Files\PHPStudy\WWW\powerone\Base\Common\Common\function.php 第 104 行.
NOTIC: [8] Undefined variable: type D:\Program Files\PHPStudy\WWW\powerone\Base\Common\Common\function.php 第 105 行.
NOTIC: [2] Missing argument 2 for timestamp_to_timeline(), called in D:\Program Files\PHPStudy\WWW\powerone\Base\Runtime\Cache\Home\9addb1f73dbdde7b1052d3156ece9eb1.php on line 77 and defined D:\Program Files\PHPStudy\WWW\powerone\Base\Common\Common\function.php 第 104 行.
NOTIC: [8] Undefined variable: type D:\Program Files\PHPStudy\WWW\powerone\Base\Common\Common\function.php 第 105 行.
NOTIC: [2] Missing argument 2 for timestamp_to_timeline(), called in D:\Program Files\PHPStudy\WWW\powerone\Base\Runtime\Cache\Home\9addb1f73dbdde7b1052d3156ece9eb1.php on line 95 and defined D:\Program Files\PHPStudy\WWW\powerone\Base\Common\Common\function.php 第 104 行.
NOTIC: [8] Undefined variable: type D:\Program Files\PHPStudy\WWW\powerone\Base\Common\Common\function.php 第 105 行.
NOTIC: [2] Missing argument 2 for timestamp_to_timeline(), called in D:\Program Files\PHPStudy\WWW\powerone\Base\Runtime\Cache\Home\9addb1f73dbdde7b1052d3156ece9eb1.php on line 95 and defined D:\Program Files\PHPStudy\WWW\powerone\Base\Common\Common\function.php 第 104 行.
NOTIC: [8] Undefined variable: type D:\Program Files\PHPStudy\WWW\powerone\Base\Common\Common\function.php 第 105 行.
NOTIC: [2] Missing argument 2 for timestamp_to_timeline(), called in D:\Program Files\PHPStudy\WWW\powerone\Base\Runtime\Cache\Home\9addb1f73dbdde7b1052d3156ece9eb1.php on line 95 and defined D:\Program Files\PHPStudy\WWW\powerone\Base\Common\Common\function.php 第 104 行.
NOTIC: [8] Undefined variable: type D:\Program Files\PHPStudy\WWW\powerone\Base\Common\Common\function.php 第 105 行.
NOTIC: [2] Missing argument 2 for timestamp_to_timeline(), called in D:\Program Files\PHPStudy\WWW\powerone\Base\Runtime\Cache\Home\9addb1f73dbdde7b1052d3156ece9eb1.php on line 95 and defined D:\Program Files\PHPStudy\WWW\powerone\Base\Common\Common\function.php 第 104 行.
NOTIC: [8] Undefined variable: type D:\Program Files\PHPStudy\WWW\powerone\Base\Common\Common\function.php 第 105 行.
NOTIC: [2] Missing argument 2 for timestamp_to_timeline(), called in D:\Program Files\PHPStudy\WWW\powerone\Base\Runtime\Cache\Home\9addb1f73dbdde7b1052d3156ece9eb1.php on line 95 and defined D:\Program Files\PHPStudy\WWW\powerone\Base\Common\Common\function.php 第 104 行.
NOTIC: [8] Undefined variable: type D:\Program Files\PHPStudy\WWW\powerone\Base\Common\Common\function.php 第 105 行.
NOTIC: [2] Missing argument 2 for timestamp_to_timeline(), called in D:\Program Files\PHPStudy\WWW\powerone\Base\Runtime\Cache\Home\9addb1f73dbdde7b1052d3156ece9eb1.php on line 95 and defined D:\Program Files\PHPStudy\WWW\powerone\Base\Common\Common\function.php 第 104 行.
NOTIC: [8] Undefined variable: type D:\Program Files\PHPStudy\WWW\powerone\Base\Common\Common\function.php 第 105 行.
NOTIC: [2] Missing argument 2 for timestamp_to_timeline(), called in D:\Program Files\PHPStudy\WWW\powerone\Base\Runtime\Cache\Home\9addb1f73dbdde7b1052d3156ece9eb1.php on line 95 and defined D:\Program Files\PHPStudy\WWW\powerone\Base\Common\Common\function.php 第 104 行.
NOTIC: [8] Undefined variable: type D:\Program Files\PHPStudy\WWW\powerone\Base\Common\Common\function.php 第 105 行.
NOTIC: [2] Missing argument 2 for timestamp_to_timeline(), called in D:\Program Files\PHPStudy\WWW\powerone\Base\Runtime\Cache\Home\9addb1f73dbdde7b1052d3156ece9eb1.php on line 113 and defined D:\Program Files\PHPStudy\WWW\powerone\Base\Common\Common\function.php 第 104 行.
NOTIC: [8] Undefined variable: type D:\Program Files\PHPStudy\WWW\powerone\Base\Common\Common\function.php 第 105 行.
NOTIC: [2] Missing argument 2 for timestamp_to_timeline(), called in D:\Program Files\PHPStudy\WWW\powerone\Base\Runtime\Cache\Home\9addb1f73dbdde7b1052d3156ece9eb1.php on line 113 and defined D:\Program Files\PHPStudy\WWW\powerone\Base\Common\Common\function.php 第 104 行.
NOTIC: [8] Undefined variable: type D:\Program Files\PHPStudy\WWW\powerone\Base\Common\Common\function.php 第 105 行.
INFO: Run Behavior\ParseTemplateBehavior [ RunTime:0.046875s ]
INFO: [ view_parse ] --END-- [ RunTime:0.046875s ]
INFO: [ view_filter ] --START--
INFO: Run Behavior\WriteHtmlCacheBehavior [ RunTime:0.000000s ]
INFO: [ view_filter ] --END-- [ RunTime:0.000000s ]
INFO: [ app_end ] --START--
INFO: Run Behavior\ShowPageTraceBehavior [ RunTime:0.000000s ]
INFO: [ app_end ] --END-- [ RunTime:0.000000s ]

[ 2016-04-19T23:03:46+08:00 ] 127.0.0.1 /powerone/Public/img/bg1.png
INFO: [ app_init ] --START--
INFO: Run Behavior\BuildLiteBehavior [ RunTime:0.000000s ]
INFO: [ app_init ] --END-- [ RunTime:0.000000s ]

[ 2016-04-19T23:11:46+08:00 ] 127.0.0.1 /powerone/
INFO: [ app_init ] --START--
INFO: Run Behavior\BuildLiteBehavior [ RunTime:0.000000s ]
INFO: [ app_init ] --END-- [ RunTime:0.015625s ]
INFO: [ app_begin ] --START--
INFO: Run Behavior\ReadHtmlCacheBehavior [ RunTime:0.000000s ]
INFO: [ app_begin ] --END-- [ RunTime:0.000000s ]
NOTIC: [8] Undefined variable: parameter D:\Program Files\PHPStudy\WWW\powerone\Base\Home\Common\function.php 第 73 行.
NOTIC: [8] Undefined variable: return D:\Program Files\PHPStudy\WWW\powerone\Base\Home\Common\function.php 第 76 行.
SQL: SHOW COLUMNS FROM `base_notice` [ RunTime:0.0000s ]
SQL: SELECT * FROM `base_notice` WHERE ( no_type=2 ) ORDER BY no_time desc LIMIT 1   [ RunTime:0.0000s ]
SQL: SHOW COLUMNS FROM `base_article` [ RunTime:0.0000s ]
SQL: SELECT `ar_id`,`ar_title` FROM `base_article` WHERE `ar_state` = 1 ORDER BY ar_hits desc LIMIT 9   [ RunTime:0.0000s ]
SQL: SELECT `ar_id`,`ar_title` FROM `base_article` WHERE `ar_state` = 1 ORDER BY ar_time desc LIMIT 9   [ RunTime:0.0000s ]
SQL: SELECT `ar_id`,`ar_title` FROM `base_article` WHERE `ar_state` = 1 AND `ar_position` IN ('1','3') ORDER BY ar_time desc LIMIT 9   [ RunTime:0.0000s ]
SQL: SHOW COLUMNS FROM `base_link` [ RunTime:0.0156s ]
SQL: SELECT `li_url`,`li_title` FROM `base_link` WHERE ( li_state=1 ) ORDER BY li_time asc  [ RunTime:0.0000s ]
SQL: SELECT * FROM `base_notice` WHERE ( no_type=3 ) ORDER BY no_time desc  [ RunTime:0.0000s ]
SQL: SHOW COLUMNS FROM `base_Articleclass` [ RunTime:0.0000s ]
SQL: SELECT `ar_parent` FROM `base_Articleclass` WHERE `ar_class` = 1 LIMIT 1   [ RunTime:0.0000s ]
SQL: SELECT `ar_class` FROM `base_Articleclass` WHERE `ar_parent` = 1  [ RunTime:0.0000s ]
SQL: SHOW COLUMNS FROM `base_article` [ RunTime:0.0156s ]
ERR: Think\Model:articlelist方法不存在！

[ 2016-04-19T23:50:31+08:00 ] 127.0.0.1 /powerone/
INFO: [ app_init ] --START--
INFO: Run Behavior\BuildLiteBehavior [ RunTime:0.000000s ]
INFO: [ app_init ] --END-- [ RunTime:0.000000s ]
INFO: [ app_begin ] --START--
INFO: Run Behavior\ReadHtmlCacheBehavior [ RunTime:0.015625s ]
INFO: [ app_begin ] --END-- [ RunTime:0.015625s ]
NOTIC: [8] Undefined variable: parameter D:\Program Files\PHPStudy\WWW\powerone\Base\Home\Common\function.php 第 73 行.
NOTIC: [8] Undefined variable: return D:\Program Files\PHPStudy\WWW\powerone\Base\Home\Common\function.php 第 76 行.
SQL: SHOW COLUMNS FROM `base_notice` [ RunTime:0.0000s ]
SQL: SELECT * FROM `base_notice` WHERE ( no_type=2 ) ORDER BY no_time desc LIMIT 1   [ RunTime:0.0000s ]
SQL: SHOW COLUMNS FROM `base_article` [ RunTime:0.0156s ]
SQL: SELECT `ar_id`,`ar_title` FROM `base_article` WHERE `ar_state` = 1 ORDER BY ar_hits desc LIMIT 9   [ RunTime:0.0000s ]
SQL: SELECT `ar_id`,`ar_title` FROM `base_article` WHERE `ar_state` = 1 ORDER BY ar_time desc LIMIT 9   [ RunTime:0.0000s ]
SQL: SELECT `ar_id`,`ar_title` FROM `base_article` WHERE `ar_state` = 1 AND `ar_position` IN ('1','3') ORDER BY ar_time desc LIMIT 9   [ RunTime:0.0000s ]
SQL: SHOW COLUMNS FROM `base_link` [ RunTime:0.0000s ]
SQL: SELECT `li_url`,`li_title` FROM `base_link` WHERE ( li_state=1 ) ORDER BY li_time asc  [ RunTime:0.0000s ]
SQL: SELECT * FROM `base_notice` WHERE ( no_type=3 ) ORDER BY no_time desc  [ RunTime:0.0000s ]
SQL: SHOW COLUMNS FROM `base_Articleclass` [ RunTime:0.0156s ]
SQL: SELECT `ar_parent` FROM `base_Articleclass` WHERE `ar_class` = 1 LIMIT 1   [ RunTime:0.0000s ]
SQL: SELECT `ar_class` FROM `base_Articleclass` WHERE `ar_parent` = 1  [ RunTime:0.0000s ]
SQL: SHOW COLUMNS FROM `base_article` [ RunTime:0.0000s ]
ERR: Think\Model:articlelist方法不存在！

[ 2016-04-19T23:50:33+08:00 ] 127.0.0.1 /powerone/
INFO: [ app_init ] --START--
INFO: Run Behavior\BuildLiteBehavior [ RunTime:0.000000s ]
INFO: [ app_init ] --END-- [ RunTime:0.015625s ]
INFO: [ app_begin ] --START--
INFO: Run Behavior\ReadHtmlCacheBehavior [ RunTime:0.000000s ]
INFO: [ app_begin ] --END-- [ RunTime:0.000000s ]
NOTIC: [8] Undefined variable: parameter D:\Program Files\PHPStudy\WWW\powerone\Base\Home\Common\function.php 第 73 行.
NOTIC: [8] Undefined variable: return D:\Program Files\PHPStudy\WWW\powerone\Base\Home\Common\function.php 第 76 行.
SQL: SHOW COLUMNS FROM `base_notice` [ RunTime:0.0000s ]
SQL: SELECT * FROM `base_notice` WHERE ( no_type=2 ) ORDER BY no_time desc LIMIT 1   [ RunTime:0.0156s ]
SQL: SHOW COLUMNS FROM `base_article` [ RunTime:0.0000s ]
SQL: SELECT `ar_id`,`ar_title` FROM `base_article` WHERE `ar_state` = 1 ORDER BY ar_hits desc LIMIT 9   [ RunTime:0.0000s ]
SQL: SELECT `ar_id`,`ar_title` FROM `base_article` WHERE `ar_state` = 1 ORDER BY ar_time desc LIMIT 9   [ RunTime:0.0000s ]
SQL: SELECT `ar_id`,`ar_title` FROM `base_article` WHERE `ar_state` = 1 AND `ar_position` IN ('1','3') ORDER BY ar_time desc LIMIT 9   [ RunTime:0.0000s ]
SQL: SHOW COLUMNS FROM `base_link` [ RunTime:0.0156s ]
SQL: SELECT `li_url`,`li_title` FROM `base_link` WHERE ( li_state=1 ) ORDER BY li_time asc  [ RunTime:0.0000s ]
SQL: SELECT * FROM `base_notice` WHERE ( no_type=3 ) ORDER BY no_time desc  [ RunTime:0.0000s ]
SQL: SHOW COLUMNS FROM `base_Articleclass` [ RunTime:0.0000s ]
SQL: SELECT `ar_parent` FROM `base_Articleclass` WHERE `ar_class` = 1 LIMIT 1   [ RunTime:0.0000s ]
SQL: SELECT `ar_class` FROM `base_Articleclass` WHERE `ar_parent` = 1  [ RunTime:0.0000s ]
SQL: SHOW COLUMNS FROM `base_article` [ RunTime:0.0156s ]
ERR: Think\Model:articlelist方法不存在！

[ 2016-04-19T23:50:35+08:00 ] 127.0.0.1 /powerone/
INFO: [ app_init ] --START--
INFO: Run Behavior\BuildLiteBehavior [ RunTime:0.000000s ]
INFO: [ app_init ] --END-- [ RunTime:0.000000s ]
INFO: [ app_begin ] --START--
INFO: Run Behavior\ReadHtmlCacheBehavior [ RunTime:0.000000s ]
INFO: [ app_begin ] --END-- [ RunTime:0.000000s ]
NOTIC: [8] Undefined variable: parameter D:\Program Files\PHPStudy\WWW\powerone\Base\Home\Common\function.php 第 73 行.
NOTIC: [8] Undefined variable: return D:\Program Files\PHPStudy\WWW\powerone\Base\Home\Common\function.php 第 76 行.
SQL: SHOW COLUMNS FROM `base_notice` [ RunTime:0.0156s ]
SQL: SELECT * FROM `base_notice` WHERE ( no_type=2 ) ORDER BY no_time desc LIMIT 1   [ RunTime:0.0000s ]
SQL: SHOW COLUMNS FROM `base_article` [ RunTime:0.0000s ]
SQL: SELECT `ar_id`,`ar_title` FROM `base_article` WHERE `ar_state` = 1 ORDER BY ar_hits desc LIMIT 9   [ RunTime:0.0000s ]
SQL: SELECT `ar_id`,`ar_title` FROM `base_article` WHERE `ar_state` = 1 ORDER BY ar_time desc LIMIT 9   [ RunTime:0.0000s ]
SQL: SELECT `ar_id`,`ar_title` FROM `base_article` WHERE `ar_state` = 1 AND `ar_position` IN ('1','3') ORDER BY ar_time desc LIMIT 9   [ RunTime:0.0000s ]
SQL: SHOW COLUMNS FROM `base_link` [ RunTime:0.0156s ]
SQL: SELECT `li_url`,`li_title` FROM `base_link` WHERE ( li_state=1 ) ORDER BY li_time asc  [ RunTime:0.0000s ]
SQL: SELECT * FROM `base_notice` WHERE ( no_type=3 ) ORDER BY no_time desc  [ RunTime:0.0000s ]
SQL: SHOW COLUMNS FROM `base_Articleclass` [ RunTime:0.0000s ]
SQL: SELECT `ar_parent` FROM `base_Articleclass` WHERE `ar_class` = 1 LIMIT 1   [ RunTime:0.0000s ]
SQL: SELECT `ar_class` FROM `base_Articleclass` WHERE `ar_parent` = 1  [ RunTime:0.0000s ]
SQL: SHOW COLUMNS FROM `base_article` [ RunTime:0.0000s ]
ERR: Think\Model:articlelist方法不存在！

[ 2016-04-19T23:50:36+08:00 ] 127.0.0.1 /powerone/
INFO: [ app_init ] --START--
INFO: Run Behavior\BuildLiteBehavior [ RunTime:0.000000s ]
INFO: [ app_init ] --END-- [ RunTime:0.015625s ]
INFO: [ app_begin ] --START--
INFO: Run Behavior\ReadHtmlCacheBehavior [ RunTime:0.000000s ]
INFO: [ app_begin ] --END-- [ RunTime:0.000000s ]
NOTIC: [8] Undefined variable: parameter D:\Program Files\PHPStudy\WWW\powerone\Base\Home\Common\function.php 第 73 行.
NOTIC: [8] Undefined variable: return D:\Program Files\PHPStudy\WWW\powerone\Base\Home\Common\function.php 第 76 行.
SQL: SHOW COLUMNS FROM `base_notice` [ RunTime:0.0000s ]
SQL: SELECT * FROM `base_notice` WHERE ( no_type=2 ) ORDER BY no_time desc LIMIT 1   [ RunTime:0.0000s ]
SQL: SHOW COLUMNS FROM `base_article` [ RunTime:0.0156s ]
SQL: SELECT `ar_id`,`ar_title` FROM `base_article` WHERE `ar_state` = 1 ORDER BY ar_hits desc LIMIT 9   [ RunTime:0.0000s ]
SQL: SELECT `ar_id`,`ar_title` FROM `base_article` WHERE `ar_state` = 1 ORDER BY ar_time desc LIMIT 9   [ RunTime:0.0000s ]
SQL: SELECT `ar_id`,`ar_title` FROM `base_article` WHERE `ar_state` = 1 AND `ar_position` IN ('1','3') ORDER BY ar_time desc LIMIT 9   [ RunTime:0.0000s ]
SQL: SHOW COLUMNS FROM `base_link` [ RunTime:0.0000s ]
SQL: SELECT `li_url`,`li_title` FROM `base_link` WHERE ( li_state=1 ) ORDER BY li_time asc  [ RunTime:0.0000s ]
SQL: SELECT * FROM `base_notice` WHERE ( no_type=3 ) ORDER BY no_time desc  [ RunTime:0.0000s ]
SQL: SHOW COLUMNS FROM `base_Articleclass` [ RunTime:0.0156s ]
SQL: SELECT `ar_parent` FROM `base_Articleclass` WHERE `ar_class` = 1 LIMIT 1   [ RunTime:0.0000s ]
SQL: SELECT `ar_class` FROM `base_Articleclass` WHERE `ar_parent` = 1  [ RunTime:0.0000s ]
SQL: SHOW COLUMNS FROM `base_article` [ RunTime:0.0000s ]
ERR: Think\Model:articlelist方法不存在！

[ 2016-04-19T23:51:44+08:00 ] 127.0.0.1 /powerone/
INFO: [ app_init ] --START--
INFO: Run Behavior\BuildLiteBehavior [ RunTime:0.000000s ]
INFO: [ app_init ] --END-- [ RunTime:0.000000s ]
INFO: [ app_begin ] --START--
INFO: Run Behavior\ReadHtmlCacheBehavior [ RunTime:0.015625s ]
INFO: [ app_begin ] --END-- [ RunTime:0.015625s ]
NOTIC: [8] Undefined variable: parameter D:\Program Files\PHPStudy\WWW\powerone\Base\Home\Common\function.php 第 73 行.
NOTIC: [8] Undefined variable: return D:\Program Files\PHPStudy\WWW\powerone\Base\Home\Common\function.php 第 76 行.
SQL: SHOW COLUMNS FROM `base_notice` [ RunTime:0.0000s ]
SQL: SELECT * FROM `base_notice` WHERE ( no_type=2 ) ORDER BY no_time desc LIMIT 1   [ RunTime:0.0000s ]
SQL: SHOW COLUMNS FROM `base_article` [ RunTime:0.0156s ]
SQL: SELECT `ar_id`,`ar_title` FROM `base_article` WHERE `ar_state` = 1 ORDER BY ar_hits desc LIMIT 9   [ RunTime:0.0000s ]
SQL: SELECT `ar_id`,`ar_title` FROM `base_article` WHERE `ar_state` = 1 ORDER BY ar_time desc LIMIT 9   [ RunTime:0.0000s ]
SQL: SELECT `ar_id`,`ar_title` FROM `base_article` WHERE `ar_state` = 1 AND `ar_position` IN ('1','3') ORDER BY ar_time desc LIMIT 9   [ RunTime:0.0000s ]
SQL: SHOW COLUMNS FROM `base_link` [ RunTime:0.0000s ]
SQL: SELECT `li_url`,`li_title` FROM `base_link` WHERE ( li_state=1 ) ORDER BY li_time asc  [ RunTime:0.0000s ]
SQL: SELECT * FROM `base_notice` WHERE ( no_type=3 ) ORDER BY no_time desc  [ RunTime:0.0000s ]
SQL: SHOW COLUMNS FROM `base_Articleclass` [ RunTime:0.0156s ]
SQL: SELECT `ar_parent` FROM `base_Articleclass` WHERE `ar_class` = 1 LIMIT 1   [ RunTime:0.0000s ]
SQL: SELECT `ar_class` FROM `base_Articleclass` WHERE `ar_parent` = 1  [ RunTime:0.0000s ]
NOTIC: D方法实例化没找到模型类common\Model\ArticleModel
SQL: SHOW COLUMNS FROM `base_article` [ RunTime:0.0000s ]
ERR: Think\Model:articlelist方法不存在！

[ 2016-04-19T23:51:46+08:00 ] 127.0.0.1 /powerone/
INFO: [ app_init ] --START--
INFO: Run Behavior\BuildLiteBehavior [ RunTime:0.000000s ]
INFO: [ app_init ] --END-- [ RunTime:0.000000s ]
INFO: [ app_begin ] --START--
INFO: Run Behavior\ReadHtmlCacheBehavior [ RunTime:0.000000s ]
INFO: [ app_begin ] --END-- [ RunTime:0.000000s ]
NOTIC: [8] Undefined variable: parameter D:\Program Files\PHPStudy\WWW\powerone\Base\Home\Common\function.php 第 73 行.
NOTIC: [8] Undefined variable: return D:\Program Files\PHPStudy\WWW\powerone\Base\Home\Common\function.php 第 76 行.
SQL: SHOW COLUMNS FROM `base_notice` [ RunTime:0.0000s ]
SQL: SELECT * FROM `base_notice` WHERE ( no_type=2 ) ORDER BY no_time desc LIMIT 1   [ RunTime:0.0156s ]
SQL: SHOW COLUMNS FROM `base_article` [ RunTime:0.0000s ]
SQL: SELECT `ar_id`,`ar_title` FROM `base_article` WHERE `ar_state` = 1 ORDER BY ar_hits desc LIMIT 9   [ RunTime:0.0000s ]
SQL: SELECT `ar_id`,`ar_title` FROM `base_article` WHERE `ar_state` = 1 ORDER BY ar_time desc LIMIT 9   [ RunTime:0.0000s ]
SQL: SELECT `ar_id`,`ar_title` FROM `base_article` WHERE `ar_state` = 1 AND `ar_position` IN ('1','3') ORDER BY ar_time desc LIMIT 9   [ RunTime:0.0000s ]
SQL: SHOW COLUMNS FROM `base_link` [ RunTime:0.0156s ]
SQL: SELECT `li_url`,`li_title` FROM `base_link` WHERE ( li_state=1 ) ORDER BY li_time asc  [ RunTime:0.0000s ]
SQL: SELECT * FROM `base_notice` WHERE ( no_type=3 ) ORDER BY no_time desc  [ RunTime:0.0000s ]
SQL: SHOW COLUMNS FROM `base_Articleclass` [ RunTime:0.0156s ]
SQL: SELECT `ar_parent` FROM `base_Articleclass` WHERE `ar_class` = 1 LIMIT 1   [ RunTime:0.0000s ]
SQL: SELECT `ar_class` FROM `base_Articleclass` WHERE `ar_parent` = 1  [ RunTime:0.0000s ]
NOTIC: D方法实例化没找到模型类common\Model\ArticleModel
SQL: SHOW COLUMNS FROM `base_article` [ RunTime:0.0156s ]
ERR: Think\Model:articlelist方法不存在！

[ 2016-04-19T23:51:54+08:00 ] 127.0.0.1 /powerone/
INFO: [ app_init ] --START--
INFO: Run Behavior\BuildLiteBehavior [ RunTime:0.000000s ]
INFO: [ app_init ] --END-- [ RunTime:0.000000s ]
INFO: [ app_begin ] --START--
INFO: Run Behavior\ReadHtmlCacheBehavior [ RunTime:0.000000s ]
INFO: [ app_begin ] --END-- [ RunTime:0.000000s ]
NOTIC: [8] Undefined variable: parameter D:\Program Files\PHPStudy\WWW\powerone\Base\Home\Common\function.php 第 73 行.
NOTIC: [8] Undefined variable: return D:\Program Files\PHPStudy\WWW\powerone\Base\Home\Common\function.php 第 76 行.
SQL: SHOW COLUMNS FROM `base_notice` [ RunTime:0.0156s ]
SQL: SELECT * FROM `base_notice` WHERE ( no_type=2 ) ORDER BY no_time desc LIMIT 1   [ RunTime:0.0000s ]
SQL: SHOW COLUMNS FROM `base_article` [ RunTime:0.0000s ]
SQL: SELECT `ar_id`,`ar_title` FROM `base_article` WHERE `ar_state` = 1 ORDER BY ar_hits desc LIMIT 9   [ RunTime:0.0156s ]
SQL: SELECT `ar_id`,`ar_title` FROM `base_article` WHERE `ar_state` = 1 ORDER BY ar_time desc LIMIT 9   [ RunTime:0.0000s ]
SQL: SELECT `ar_id`,`ar_title` FROM `base_article` WHERE `ar_state` = 1 AND `ar_position` IN ('1','3') ORDER BY ar_time desc LIMIT 9   [ RunTime:0.0000s ]
SQL: SHOW COLUMNS FROM `base_link` [ RunTime:0.0000s ]
SQL: SELECT `li_url`,`li_title` FROM `base_link` WHERE ( li_state=1 ) ORDER BY li_time asc  [ RunTime:0.0000s ]
SQL: SELECT * FROM `base_notice` WHERE ( no_type=3 ) ORDER BY no_time desc  [ RunTime:0.0000s ]
SQL: SHOW COLUMNS FROM `base_Articleclass` [ RunTime:0.0156s ]
SQL: SELECT `ar_parent` FROM `base_Articleclass` WHERE `ar_class` = 1 LIMIT 1   [ RunTime:0.0000s ]
SQL: SELECT `ar_class` FROM `base_Articleclass` WHERE `ar_parent` = 1  [ RunTime:0.0000s ]
NOTIC: D方法实例化没找到模型类common\Model\ArticleModel
SQL: SHOW COLUMNS FROM `base_article` [ RunTime:0.0156s ]
ERR: Think\Model:articlelist方法不存在！

[ 2016-04-19T23:54:35+08:00 ] 127.0.0.1 /powerone/
INFO: [ app_init ] --START--
INFO: Run Behavior\BuildLiteBehavior [ RunTime:0.000000s ]
INFO: [ app_init ] --END-- [ RunTime:0.000000s ]
INFO: [ app_begin ] --START--
INFO: Run Behavior\ReadHtmlCacheBehavior [ RunTime:0.000000s ]
INFO: [ app_begin ] --END-- [ RunTime:0.000000s ]
NOTIC: [8] Undefined variable: parameter D:\Program Files\PHPStudy\WWW\powerone\Base\Home\Common\function.php 第 73 行.
NOTIC: [8] Undefined variable: return D:\Program Files\PHPStudy\WWW\powerone\Base\Home\Common\function.php 第 76 行.
SQL: SHOW COLUMNS FROM `base_notice` [ RunTime:0.0000s ]
SQL: SELECT * FROM `base_notice` WHERE ( no_type=2 ) ORDER BY no_time desc LIMIT 1   [ RunTime:0.0000s ]
SQL: SHOW COLUMNS FROM `base_article` [ RunTime:0.0156s ]
SQL: SELECT `ar_id`,`ar_title` FROM `base_article` WHERE `ar_state` = 1 ORDER BY ar_hits desc LIMIT 9   [ RunTime:0.0000s ]
SQL: SELECT `ar_id`,`ar_title` FROM `base_article` WHERE `ar_state` = 1 ORDER BY ar_time desc LIMIT 9   [ RunTime:0.0000s ]
SQL: SELECT `ar_id`,`ar_title` FROM `base_article` WHERE `ar_state` = 1 AND `ar_position` IN ('1','3') ORDER BY ar_time desc LIMIT 9   [ RunTime:0.0000s ]
SQL: SHOW COLUMNS FROM `base_link` [ RunTime:0.0156s ]
SQL: SELECT `li_url`,`li_title` FROM `base_link` WHERE ( li_state=1 ) ORDER BY li_time asc  [ RunTime:0.0000s ]
SQL: SELECT * FROM `base_notice` WHERE ( no_type=3 ) ORDER BY no_time desc  [ RunTime:0.0000s ]
SQL: SHOW COLUMNS FROM `base_Articleclass` [ RunTime:0.0000s ]
SQL: SELECT `ar_parent` FROM `base_Articleclass` WHERE `ar_class` = 1 LIMIT 1   [ RunTime:0.0000s ]
SQL: SELECT `ar_class` FROM `base_Articleclass` WHERE `ar_parent` = 1  [ RunTime:0.0000s ]
SQL: SHOW COLUMNS FROM `base_article` [ RunTime:0.0156s ]
SQL: SELECT * FROM `base_article` WHERE `ar_class` IN (1,'5') AND `ar_state` = 1 ORDER BY ar_time desc LIMIT 0,8   [ RunTime:0.0000s ]
SQL: SELECT `ar_parent` FROM `base_Articleclass` WHERE `ar_class` = 2 LIMIT 1   [ RunTime:0.0000s ]
SQL: SELECT `ar_class` FROM `base_Articleclass` WHERE `ar_parent` = 2  [ RunTime:0.0000s ]
SQL: SELECT * FROM `base_article` WHERE `ar_class` IN (2,'3','4') AND `ar_state` = 1 ORDER BY ar_time desc LIMIT 8   [ RunTime:0.0000s ]
NOTIC: [8] Undefined variable: page D:\Program Files\PHPStudy\WWW\powerone\Base\Home\Controller\IndexController.class.php 第 24 行.
NOTIC: [8] Trying to get property of non-object D:\Program Files\PHPStudy\WWW\powerone\Base\Home\Controller\IndexController.class.php 第 24 行.
NOTIC: [8] Undefined variable: page D:\Program Files\PHPStudy\WWW\powerone\Base\Home\Controller\IndexController.class.php 第 24 行.
NOTIC: [8] Trying to get property of non-object D:\Program Files\PHPStudy\WWW\powerone\Base\Home\Controller\IndexController.class.php 第 24 行.
SQL: SELECT * FROM `base_notice` WHERE ( no_type=1 ) ORDER BY no_time desc  [ RunTime:0.0000s ]
SQL: SHOW COLUMNS FROM `base_useradmin` [ RunTime:0.0156s ]
SQL: SELECT * FROM `base_useradmin` WHERE ( ad_id=1 ) LIMIT 1   [ RunTime:0.0000s ]
SQL: SELECT * FROM `base_useradmin` WHERE ( ad_id=1 ) LIMIT 1   [ RunTime:0.0000s ]
SQL: SELECT * FROM `base_useradmin` WHERE ( ad_id=1 ) LIMIT 1   [ RunTime:0.0000s ]
INFO: [ view_parse ] --START--
INFO: [ template_filter ] --START--
INFO: Run Behavior\ContentReplaceBehavior [ RunTime:0.000000s ]
INFO: [ template_filter ] --END-- [ RunTime:0.000000s ]
NOTIC: [8] Undefined index: site_name_suffix D:\Program Files\PHPStudy\WWW\powerone\Base\Runtime\Cache\Home\9addb1f73dbdde7b1052d3156ece9eb1.php 第 7 行.
NOTIC: [8] Undefined index: site_keywords D:\Program Files\PHPStudy\WWW\powerone\Base\Runtime\Cache\Home\9addb1f73dbdde7b1052d3156ece9eb1.php 第 8 行.
NOTIC: [8] Undefined index: site_description D:\Program Files\PHPStudy\WWW\powerone\Base\Runtime\Cache\Home\9addb1f73dbdde7b1052d3156ece9eb1.php 第 9 行.
NOTIC: [8] Undefined index: site_version D:\Program Files\PHPStudy\WWW\powerone\Base\Runtime\Cache\Home\9addb1f73dbdde7b1052d3156ece9eb1.php 第 10 行.
NOTIC: [8] Undefined index: site_author D:\Program Files\PHPStudy\WWW\powerone\Base\Runtime\Cache\Home\9addb1f73dbdde7b1052d3156ece9eb1.php 第 11 行.
NOTIC: [8] Undefined index: mood D:\Program Files\PHPStudy\WWW\powerone\Base\Runtime\Cache\Home\9addb1f73dbdde7b1052d3156ece9eb1.php 第 31 行.
NOTIC: [8] Undefined index: articles D:\Program Files\PHPStudy\WWW\powerone\Base\Runtime\Cache\Home\9addb1f73dbdde7b1052d3156ece9eb1.php 第 32 行.
NOTIC: [8] Undefined index: 2 D:\Program Files\PHPStudy\WWW\powerone\Base\Runtime\Cache\Home\9addb1f73dbdde7b1052d3156ece9eb1.php 第 33 行.
NOTIC: [8] Undefined index:  D:\Program Files\PHPStudy\WWW\powerone\Base\Runtime\Cache\Home\9addb1f73dbdde7b1052d3156ece9eb1.php 第 34 行.
NOTIC: [2] Missing argument 2 for timestamp_to_timeline(), called in D:\Program Files\PHPStudy\WWW\powerone\Base\Runtime\Cache\Home\9addb1f73dbdde7b1052d3156ece9eb1.php on line 77 and defined D:\Program Files\PHPStudy\WWW\powerone\Base\Common\Common\function.php 第 104 行.
NOTIC: [8] Undefined variable: type D:\Program Files\PHPStudy\WWW\powerone\Base\Common\Common\function.php 第 105 行.
NOTIC: [2] Missing argument 2 for timestamp_to_timeline(), called in D:\Program Files\PHPStudy\WWW\powerone\Base\Runtime\Cache\Home\9addb1f73dbdde7b1052d3156ece9eb1.php on line 77 and defined D:\Program Files\PHPStudy\WWW\powerone\Base\Common\Common\function.php 第 104 行.
NOTIC: [8] Undefined variable: type D:\Program Files\PHPStudy\WWW\powerone\Base\Common\Common\function.php 第 105 行.
NOTIC: [2] Missing argument 2 for timestamp_to_timeline(), called in D:\Program Files\PHPStudy\WWW\powerone\Base\Runtime\Cache\Home\9addb1f73dbdde7b1052d3156ece9eb1.php on line 77 and defined D:\Program Files\PHPStudy\WWW\powerone\Base\Common\Common\function.php 第 104 行.
NOTIC: [8] Undefined variable: type D:\Program Files\PHPStudy\WWW\powerone\Base\Common\Common\function.php 第 105 行.
NOTIC: [2] Missing argument 2 for timestamp_to_timeline(), called in D:\Program Files\PHPStudy\WWW\powerone\Base\Runtime\Cache\Home\9addb1f73dbdde7b1052d3156ece9eb1.php on line 95 and defined D:\Program Files\PHPStudy\WWW\powerone\Base\Common\Common\function.php 第 104 行.
NOTIC: [8] Undefined variable: type D:\Program Files\PHPStudy\WWW\powerone\Base\Common\Common\function.php 第 105 行.
NOTIC: [2] Missing argument 2 for timestamp_to_timeline(), called in D:\Program Files\PHPStudy\WWW\powerone\Base\Runtime\Cache\Home\9addb1f73dbdde7b1052d3156ece9eb1.php on line 95 and defined D:\Program Files\PHPStudy\WWW\powerone\Base\Common\Common\function.php 第 104 行.
NOTIC: [8] Undefined variable: type D:\Program Files\PHPStudy\WWW\powerone\Base\Common\Common\function.php 第 105 行.
NOTIC: [2] Missing argument 2 for timestamp_to_timeline(), called in D:\Program Files\PHPStudy\WWW\powerone\Base\Runtime\Cache\Home\9addb1f73dbdde7b1052d3156ece9eb1.php on line 95 and defined D:\Program Files\PHPStudy\WWW\powerone\Base\Common\Common\function.php 第 104 行.
NOTIC: [8] Undefined variable: type D:\Program Files\PHPStudy\WWW\powerone\Base\Common\Common\function.php 第 105 行.
NOTIC: [2] Missing argument 2 for timestamp_to_timeline(), called in D:\Program Files\PHPStudy\WWW\powerone\Base\Runtime\Cache\Home\9addb1f73dbdde7b1052d3156ece9eb1.php on line 95 and defined D:\Program Files\PHPStudy\WWW\powerone\Base\Common\Common\function.php 第 104 行.
NOTIC: [8] Undefined variable: type D:\Program Files\PHPStudy\WWW\powerone\Base\Common\Common\function.php 第 105 行.
NOTIC: [2] Missing argument 2 for timestamp_to_timeline(), called in D:\Program Files\PHPStudy\WWW\powerone\Base\Runtime\Cache\Home\9addb1f73dbdde7b1052d3156ece9eb1.php on line 95 and defined D:\Program Files\PHPStudy\WWW\powerone\Base\Common\Common\function.php 第 104 行.
NOTIC: [8] Undefined variable: type D:\Program Files\PHPStudy\WWW\powerone\Base\Common\Common\function.php 第 105 行.
NOTIC: [2] Missing argument 2 for timestamp_to_timeline(), called in D:\Program Files\PHPStudy\WWW\powerone\Base\Runtime\Cache\Home\9addb1f73dbdde7b1052d3156ece9eb1.php on line 95 and defined D:\Program Files\PHPStudy\WWW\powerone\Base\Common\Common\function.php 第 104 行.
NOTIC: [8] Undefined variable: type D:\Program Files\PHPStudy\WWW\powerone\Base\Common\Common\function.php 第 105 行.
NOTIC: [2] Missing argument 2 for timestamp_to_timeline(), called in D:\Program Files\PHPStudy\WWW\powerone\Base\Runtime\Cache\Home\9addb1f73dbdde7b1052d3156ece9eb1.php on line 95 and defined D:\Program Files\PHPStudy\WWW\powerone\Base\Common\Common\function.php 第 104 行.
NOTIC: [8] Undefined variable: type D:\Program Files\PHPStudy\WWW\powerone\Base\Common\Common\function.php 第 105 行.
NOTIC: [2] Missing argument 2 for timestamp_to_timeline(), called in D:\Program Files\PHPStudy\WWW\powerone\Base\Runtime\Cache\Home\9addb1f73dbdde7b1052d3156ece9eb1.php on line 113 and defined D:\Program Files\PHPStudy\WWW\powerone\Base\Common\Common\function.php 第 104 行.
NOTIC: [8] Undefined variable: type D:\Program Files\PHPStudy\WWW\powerone\Base\Common\Common\function.php 第 105 行.
NOTIC: [2] Missing argument 2 for timestamp_to_timeline(), called in D:\Program Files\PHPStudy\WWW\powerone\Base\Runtime\Cache\Home\9addb1f73dbdde7b1052d3156ece9eb1.php on line 113 and defined D:\Program Files\PHPStudy\WWW\powerone\Base\Common\Common\function.php 第 104 行.
NOTIC: [8] Undefined variable: type D:\Program Files\PHPStudy\WWW\powerone\Base\Common\Common\function.php 第 105 行.
INFO: Run Behavior\ParseTemplateBehavior [ RunTime:0.015625s ]
INFO: [ view_parse ] --END-- [ RunTime:0.015625s ]
INFO: [ view_filter ] --START--
INFO: Run Behavior\WriteHtmlCacheBehavior [ RunTime:0.015625s ]
INFO: [ view_filter ] --END-- [ RunTime:0.015625s ]
INFO: [ app_end ] --START--
INFO: Run Behavior\ShowPageTraceBehavior [ RunTime:0.000000s ]
INFO: [ app_end ] --END-- [ RunTime:0.000000s ]

[ 2016-04-19T23:54:36+08:00 ] 127.0.0.1 /powerone/Public/img/bg1.png
INFO: [ app_init ] --START--
INFO: Run Behavior\BuildLiteBehavior [ RunTime:0.000000s ]
INFO: [ app_init ] --END-- [ RunTime:0.015625s ]

[ 2016-04-19T23:55:41+08:00 ] 127.0.0.1 /powerone/
INFO: [ app_init ] --START--
INFO: Run Behavior\BuildLiteBehavior [ RunTime:0.000000s ]
INFO: [ app_init ] --END-- [ RunTime:0.000000s ]
INFO: [ app_begin ] --START--
INFO: Run Behavior\ReadHtmlCacheBehavior [ RunTime:0.000000s ]
INFO: [ app_begin ] --END-- [ RunTime:0.000000s ]
NOTIC: [8] Undefined variable: parameter D:\Program Files\PHPStudy\WWW\powerone\Base\Home\Common\function.php 第 73 行.
NOTIC: [8] Undefined variable: return D:\Program Files\PHPStudy\WWW\powerone\Base\Home\Common\function.php 第 76 行.
SQL: SHOW COLUMNS FROM `base_notice` [ RunTime:0.0000s ]
SQL: SELECT * FROM `base_notice` WHERE ( no_type=2 ) ORDER BY no_time desc LIMIT 1   [ RunTime:0.0000s ]
SQL: SHOW COLUMNS FROM `base_article` [ RunTime:0.0156s ]
SQL: SELECT `ar_id`,`ar_title` FROM `base_article` WHERE `ar_state` = 1 ORDER BY ar_hits desc LIMIT 9   [ RunTime:0.0000s ]
SQL: SELECT `ar_id`,`ar_title` FROM `base_article` WHERE `ar_state` = 1 ORDER BY ar_time desc LIMIT 9   [ RunTime:0.0000s ]
SQL: SELECT `ar_id`,`ar_title` FROM `base_article` WHERE `ar_state` = 1 AND `ar_position` IN ('1','3') ORDER BY ar_time desc LIMIT 9   [ RunTime:0.0000s ]
SQL: SHOW COLUMNS FROM `base_link` [ RunTime:0.0000s ]
SQL: SELECT `li_url`,`li_title` FROM `base_link` WHERE ( li_state=1 ) ORDER BY li_time asc  [ RunTime:0.0000s ]
SQL: SELECT * FROM `base_notice` WHERE ( no_type=3 ) ORDER BY no_time desc  [ RunTime:0.0000s ]
SQL: SHOW COLUMNS FROM `base_Articleclass` [ RunTime:0.0000s ]
SQL: SELECT `ar_parent` FROM `base_Articleclass` WHERE `ar_class` = 1 LIMIT 1   [ RunTime:0.0000s ]
SQL: SELECT `ar_class` FROM `base_Articleclass` WHERE `ar_parent` = 1  [ RunTime:0.0000s ]
SQL: SHOW COLUMNS FROM `base_article` [ RunTime:0.0156s ]
SQL: SELECT * FROM `base_article` WHERE `ar_class` IN (1,'5') AND `ar_state` = 1 ORDER BY ar_time desc LIMIT 0,8   [ RunTime:0.0000s ]
SQL: SELECT `ar_parent` FROM `base_Articleclass` WHERE `ar_class` = 2 LIMIT 1   [ RunTime:0.0000s ]
SQL: SELECT `ar_class` FROM `base_Articleclass` WHERE `ar_parent` = 2  [ RunTime:0.0000s ]
SQL: SELECT * FROM `base_article` WHERE `ar_class` IN (2,'3','4') AND `ar_state` = 1 ORDER BY ar_time desc LIMIT 0,8   [ RunTime:0.0000s ]
NOTIC: [8] Undefined variable: page D:\Program Files\PHPStudy\WWW\powerone\Base\Home\Controller\IndexController.class.php 第 25 行.
NOTIC: [8] Trying to get property of non-object D:\Program Files\PHPStudy\WWW\powerone\Base\Home\Controller\IndexController.class.php 第 25 行.
NOTIC: [8] Undefined variable: page D:\Program Files\PHPStudy\WWW\powerone\Base\Home\Controller\IndexController.class.php 第 25 行.
NOTIC: [8] Trying to get property of non-object D:\Program Files\PHPStudy\WWW\powerone\Base\Home\Controller\IndexController.class.php 第 25 行.
SQL: SELECT * FROM `base_notice` WHERE ( no_type=1 ) ORDER BY no_time desc  [ RunTime:0.0000s ]
SQL: SHOW COLUMNS FROM `base_useradmin` [ RunTime:0.0000s ]
SQL: SELECT * FROM `base_useradmin` WHERE ( ad_id=1 ) LIMIT 1   [ RunTime:0.0000s ]
SQL: SELECT * FROM `base_useradmin` WHERE ( ad_id=1 ) LIMIT 1   [ RunTime:0.0156s ]
SQL: SELECT * FROM `base_useradmin` WHERE ( ad_id=1 ) LIMIT 1   [ RunTime:0.0000s ]
INFO: [ view_parse ] --START--
INFO: [ template_filter ] --START--
INFO: Run Behavior\ContentReplaceBehavior [ RunTime:0.000000s ]
INFO: [ template_filter ] --END-- [ RunTime:0.000000s ]
NOTIC: [8] Undefined index: site_name_suffix D:\Program Files\PHPStudy\WWW\powerone\Base\Runtime\Cache\Home\9addb1f73dbdde7b1052d3156ece9eb1.php 第 7 行.
NOTIC: [8] Undefined index: site_keywords D:\Program Files\PHPStudy\WWW\powerone\Base\Runtime\Cache\Home\9addb1f73dbdde7b1052d3156ece9eb1.php 第 8 行.
NOTIC: [8] Undefined index: site_description D:\Program Files\PHPStudy\WWW\powerone\Base\Runtime\Cache\Home\9addb1f73dbdde7b1052d3156ece9eb1.php 第 9 行.
NOTIC: [8] Undefined index: site_version D:\Program Files\PHPStudy\WWW\powerone\Base\Runtime\Cache\Home\9addb1f73dbdde7b1052d3156ece9eb1.php 第 10 行.
NOTIC: [8] Undefined index: site_author D:\Program Files\PHPStudy\WWW\powerone\Base\Runtime\Cache\Home\9addb1f73dbdde7b1052d3156ece9eb1.php 第 11 行.
NOTIC: [8] Undefined index: mood D:\Program Files\PHPStudy\WWW\powerone\Base\Runtime\Cache\Home\9addb1f73dbdde7b1052d3156ece9eb1.php 第 31 行.
NOTIC: [8] Undefined index: articles D:\Program Files\PHPStudy\WWW\powerone\Base\Runtime\Cache\Home\9addb1f73dbdde7b1052d3156ece9eb1.php 第 32 行.
NOTIC: [8] Undefined index: 2 D:\Program Files\PHPStudy\WWW\powerone\Base\Runtime\Cache\Home\9addb1f73dbdde7b1052d3156ece9eb1.php 第 33 行.
NOTIC: [8] Undefined index:  D:\Program Files\PHPStudy\WWW\powerone\Base\Runtime\Cache\Home\9addb1f73dbdde7b1052d3156ece9eb1.php 第 34 行.
NOTIC: [2] Missing argument 2 for timestamp_to_timeline(), called in D:\Program Files\PHPStudy\WWW\powerone\Base\Runtime\Cache\Home\9addb1f73dbdde7b1052d3156ece9eb1.php on line 77 and defined D:\Program Files\PHPStudy\WWW\powerone\Base\Common\Common\function.php 第 104 行.
NOTIC: [8] Undefined variable: type D:\Program Files\PHPStudy\WWW\powerone\Base\Common\Common\function.php 第 105 行.
NOTIC: [2] Missing argument 2 for timestamp_to_timeline(), called in D:\Program Files\PHPStudy\WWW\powerone\Base\Runtime\Cache\Home\9addb1f73dbdde7b1052d3156ece9eb1.php on line 77 and defined D:\Program Files\PHPStudy\WWW\powerone\Base\Common\Common\function.php 第 104 行.
NOTIC: [8] Undefined variable: type D:\Program Files\PHPStudy\WWW\powerone\Base\Common\Common\function.php 第 105 行.
NOTIC: [2] Missing argument 2 for timestamp_to_timeline(), called in D:\Program Files\PHPStudy\WWW\powerone\Base\Runtime\Cache\Home\9addb1f73dbdde7b1052d3156ece9eb1.php on line 77 and defined D:\Program Files\PHPStudy\WWW\powerone\Base\Common\Common\function.php 第 104 行.
NOTIC: [8] Undefined variable: type D:\Program Files\PHPStudy\WWW\powerone\Base\Common\Common\function.php 第 105 行.
NOTIC: [2] Missing argument 2 for timestamp_to_timeline(), called in D:\Program Files\PHPStudy\WWW\powerone\Base\Runtime\Cache\Home\9addb1f73dbdde7b1052d3156ece9eb1.php on line 95 and defined D:\Program Files\PHPStudy\WWW\powerone\Base\Common\Common\function.php 第 104 行.
NOTIC: [8] Undefined variable: type D:\Program Files\PHPStudy\WWW\powerone\Base\Common\Common\function.php 第 105 行.
NOTIC: [2] Missing argument 2 for timestamp_to_timeline(), called in D:\Program Files\PHPStudy\WWW\powerone\Base\Runtime\Cache\Home\9addb1f73dbdde7b1052d3156ece9eb1.php on line 95 and defined D:\Program Files\PHPStudy\WWW\powerone\Base\Common\Common\function.php 第 104 行.
NOTIC: [8] Undefined variable: type D:\Program Files\PHPStudy\WWW\powerone\Base\Common\Common\function.php 第 105 行.
NOTIC: [2] Missing argument 2 for timestamp_to_timeline(), called in D:\Program Files\PHPStudy\WWW\powerone\Base\Runtime\Cache\Home\9addb1f73dbdde7b1052d3156ece9eb1.php on line 95 and defined D:\Program Files\PHPStudy\WWW\powerone\Base\Common\Common\function.php 第 104 行.
NOTIC: [8] Undefined variable: type D:\Program Files\PHPStudy\WWW\powerone\Base\Common\Common\function.php 第 105 行.
NOTIC: [2] Missing argument 2 for timestamp_to_timeline(), called in D:\Program Files\PHPStudy\WWW\powerone\Base\Runtime\Cache\Home\9addb1f73dbdde7b1052d3156ece9eb1.php on line 95 and defined D:\Program Files\PHPStudy\WWW\powerone\Base\Common\Common\function.php 第 104 行.
NOTIC: [8] Undefined variable: type D:\Program Files\PHPStudy\WWW\powerone\Base\Common\Common\function.php 第 105 行.
NOTIC: [2] Missing argument 2 for timestamp_to_timeline(), called in D:\Program Files\PHPStudy\WWW\powerone\Base\Runtime\Cache\Home\9addb1f73dbdde7b1052d3156ece9eb1.php on line 95 and defined D:\Program Files\PHPStudy\WWW\powerone\Base\Common\Common\function.php 第 104 行.
NOTIC: [8] Undefined variable: type D:\Program Files\PHPStudy\WWW\powerone\Base\Common\Common\function.php 第 105 行.
NOTIC: [2] Missing argument 2 for timestamp_to_timeline(), called in D:\Program Files\PHPStudy\WWW\powerone\Base\Runtime\Cache\Home\9addb1f73dbdde7b1052d3156ece9eb1.php on line 95 and defined D:\Program Files\PHPStudy\WWW\powerone\Base\Common\Common\function.php 第 104 行.
NOTIC: [8] Undefined variable: type D:\Program Files\PHPStudy\WWW\powerone\Base\Common\Common\function.php 第 105 行.
NOTIC: [2] Missing argument 2 for timestamp_to_timeline(), called in D:\Program Files\PHPStudy\WWW\powerone\Base\Runtime\Cache\Home\9addb1f73dbdde7b1052d3156ece9eb1.php on line 95 and defined D:\Program Files\PHPStudy\WWW\powerone\Base\Common\Common\function.php 第 104 行.
NOTIC: [8] Undefined variable: type D:\Program Files\PHPStudy\WWW\powerone\Base\Common\Common\function.php 第 105 行.
NOTIC: [2] Missing argument 2 for timestamp_to_timeline(), called in D:\Program Files\PHPStudy\WWW\powerone\Base\Runtime\Cache\Home\9addb1f73dbdde7b1052d3156ece9eb1.php on line 113 and defined D:\Program Files\PHPStudy\WWW\powerone\Base\Common\Common\function.php 第 104 行.
NOTIC: [8] Undefined variable: type D:\Program Files\PHPStudy\WWW\powerone\Base\Common\Common\function.php 第 105 行.
NOTIC: [2] Missing argument 2 for timestamp_to_timeline(), called in D:\Program Files\PHPStudy\WWW\powerone\Base\Runtime\Cache\Home\9addb1f73dbdde7b1052d3156ece9eb1.php on line 113 and defined D:\Program Files\PHPStudy\WWW\powerone\Base\Common\Common\function.php 第 104 行.
NOTIC: [8] Undefined variable: type D:\Program Files\PHPStudy\WWW\powerone\Base\Common\Common\function.php 第 105 行.
INFO: Run Behavior\ParseTemplateBehavior [ RunTime:0.015625s ]
INFO: [ view_parse ] --END-- [ RunTime:0.015625s ]
INFO: [ view_filter ] --START--
INFO: Run Behavior\WriteHtmlCacheBehavior [ RunTime:0.000000s ]
INFO: [ view_filter ] --END-- [ RunTime:0.000000s ]
INFO: [ app_end ] --START--
INFO: Run Behavior\ShowPageTraceBehavior [ RunTime:0.015625s ]
INFO: [ app_end ] --END-- [ RunTime:0.015625s ]

[ 2016-04-19T23:55:41+08:00 ] 127.0.0.1 /powerone/Public/img/bg1.png
INFO: [ app_init ] --START--
INFO: Run Behavior\BuildLiteBehavior [ RunTime:0.000000s ]
INFO: [ app_init ] --END-- [ RunTime:0.000000s ]

[ 2016-04-19T23:55:42+08:00 ] 127.0.0.1 /powerone/
INFO: [ app_init ] --START--
INFO: Run Behavior\BuildLiteBehavior [ RunTime:0.000000s ]
INFO: [ app_init ] --END-- [ RunTime:0.000000s ]
INFO: [ app_begin ] --START--
INFO: Run Behavior\ReadHtmlCacheBehavior [ RunTime:0.000000s ]
INFO: [ app_begin ] --END-- [ RunTime:0.000000s ]
NOTIC: [8] Undefined variable: parameter D:\Program Files\PHPStudy\WWW\powerone\Base\Home\Common\function.php 第 73 行.
NOTIC: [8] Undefined variable: return D:\Program Files\PHPStudy\WWW\powerone\Base\Home\Common\function.php 第 76 行.
SQL: SHOW COLUMNS FROM `base_notice` [ RunTime:0.0313s ]
SQL: SELECT * FROM `base_notice` WHERE ( no_type=2 ) ORDER BY no_time desc LIMIT 1   [ RunTime:0.0000s ]
SQL: SHOW COLUMNS FROM `base_article` [ RunTime:0.0000s ]
SQL: SELECT `ar_id`,`ar_title` FROM `base_article` WHERE `ar_state` = 1 ORDER BY ar_hits desc LIMIT 9   [ RunTime:0.0000s ]
SQL: SELECT `ar_id`,`ar_title` FROM `base_article` WHERE `ar_state` = 1 ORDER BY ar_time desc LIMIT 9   [ RunTime:0.0000s ]
SQL: SELECT `ar_id`,`ar_title` FROM `base_article` WHERE `ar_state` = 1 AND `ar_position` IN ('1','3') ORDER BY ar_time desc LIMIT 9   [ RunTime:0.0000s ]
SQL: SHOW COLUMNS FROM `base_link` [ RunTime:0.0625s ]
SQL: SELECT `li_url`,`li_title` FROM `base_link` WHERE ( li_state=1 ) ORDER BY li_time asc  [ RunTime:0.0000s ]
SQL: SELECT * FROM `base_notice` WHERE ( no_type=3 ) ORDER BY no_time desc  [ RunTime:0.0156s ]
SQL: SHOW COLUMNS FROM `base_Articleclass` [ RunTime:0.0313s ]
SQL: SELECT `ar_parent` FROM `base_Articleclass` WHERE `ar_class` = 1 LIMIT 1   [ RunTime:0.0000s ]
SQL: SELECT `ar_class` FROM `base_Articleclass` WHERE `ar_parent` = 1  [ RunTime:0.0000s ]
SQL: SHOW COLUMNS FROM `base_article` [ RunTime:0.0156s ]
SQL: SELECT * FROM `base_article` WHERE `ar_class` IN (1,'5') AND `ar_state` = 1 ORDER BY ar_time desc LIMIT 0,8   [ RunTime:0.0000s ]
SQL: SELECT `ar_parent` FROM `base_Articleclass` WHERE `ar_class` = 2 LIMIT 1   [ RunTime:0.0000s ]
SQL: SELECT `ar_class` FROM `base_Articleclass` WHERE `ar_parent` = 2  [ RunTime:0.0000s ]
SQL: SELECT * FROM `base_article` WHERE `ar_class` IN (2,'3','4') AND `ar_state` = 1 ORDER BY ar_time desc LIMIT 0,8   [ RunTime:0.0156s ]
NOTIC: [8] Undefined variable: page D:\Program Files\PHPStudy\WWW\powerone\Base\Home\Controller\IndexController.class.php 第 25 行.
NOTIC: [8] Trying to get property of non-object D:\Program Files\PHPStudy\WWW\powerone\Base\Home\Controller\IndexController.class.php 第 25 行.
NOTIC: [8] Undefined variable: page D:\Program Files\PHPStudy\WWW\powerone\Base\Home\Controller\IndexController.class.php 第 25 行.
NOTIC: [8] Trying to get property of non-object D:\Program Files\PHPStudy\WWW\powerone\Base\Home\Controller\IndexController.class.php 第 25 行.
SQL: SELECT * FROM `base_notice` WHERE ( no_type=1 ) ORDER BY no_time desc  [ RunTime:0.0000s ]
SQL: SHOW COLUMNS FROM `base_useradmin` [ RunTime:0.0000s ]
SQL: SELECT * FROM `base_useradmin` WHERE ( ad_id=1 ) LIMIT 1   [ RunTime:0.0000s ]
SQL: SELECT * FROM `base_useradmin` WHERE ( ad_id=1 ) LIMIT 1   [ RunTime:0.0156s ]
SQL: SELECT * FROM `base_useradmin` WHERE ( ad_id=1 ) LIMIT 1   [ RunTime:0.0000s ]
INFO: [ view_parse ] --START--
INFO: [ template_filter ] --START--
INFO: Run Behavior\ContentReplaceBehavior [ RunTime:0.000000s ]
INFO: [ template_filter ] --END-- [ RunTime:0.000000s ]
NOTIC: [8] Undefined index: site_name_suffix D:\Program Files\PHPStudy\WWW\powerone\Base\Runtime\Cache\Home\9addb1f73dbdde7b1052d3156ece9eb1.php 第 7 行.
NOTIC: [8] Undefined index: site_keywords D:\Program Files\PHPStudy\WWW\powerone\Base\Runtime\Cache\Home\9addb1f73dbdde7b1052d3156ece9eb1.php 第 8 行.
NOTIC: [8] Undefined index: site_description D:\Program Files\PHPStudy\WWW\powerone\Base\Runtime\Cache\Home\9addb1f73dbdde7b1052d3156ece9eb1.php 第 9 行.
NOTIC: [8] Undefined index: site_version D:\Program Files\PHPStudy\WWW\powerone\Base\Runtime\Cache\Home\9addb1f73dbdde7b1052d3156ece9eb1.php 第 10 行.
NOTIC: [8] Undefined index: site_author D:\Program Files\PHPStudy\WWW\powerone\Base\Runtime\Cache\Home\9addb1f73dbdde7b1052d3156ece9eb1.php 第 11 行.
NOTIC: [8] Undefined index: mood D:\Program Files\PHPStudy\WWW\powerone\Base\Runtime\Cache\Home\9addb1f73dbdde7b1052d3156ece9eb1.php 第 31 行.
NOTIC: [8] Undefined index: articles D:\Program Files\PHPStudy\WWW\powerone\Base\Runtime\Cache\Home\9addb1f73dbdde7b1052d3156ece9eb1.php 第 32 行.
NOTIC: [8] Undefined index: 2 D:\Program Files\PHPStudy\WWW\powerone\Base\Runtime\Cache\Home\9addb1f73dbdde7b1052d3156ece9eb1.php 第 33 行.
NOTIC: [8] Undefined index:  D:\Program Files\PHPStudy\WWW\powerone\Base\Runtime\Cache\Home\9addb1f73dbdde7b1052d3156ece9eb1.php 第 34 行.
NOTIC: [2] Missing argument 2 for timestamp_to_timeline(), called in D:\Program Files\PHPStudy\WWW\powerone\Base\Runtime\Cache\Home\9addb1f73dbdde7b1052d3156ece9eb1.php on line 77 and defined D:\Program Files\PHPStudy\WWW\powerone\Base\Common\Common\function.php 第 104 行.
NOTIC: [8] Undefined variable: type D:\Program Files\PHPStudy\WWW\powerone\Base\Common\Common\function.php 第 105 行.
NOTIC: [2] Missing argument 2 for timestamp_to_timeline(), called in D:\Program Files\PHPStudy\WWW\powerone\Base\Runtime\Cache\Home\9addb1f73dbdde7b1052d3156ece9eb1.php on line 77 and defined D:\Program Files\PHPStudy\WWW\powerone\Base\Common\Common\function.php 第 104 行.
NOTIC: [8] Undefined variable: type D:\Program Files\PHPStudy\WWW\powerone\Base\Common\Common\function.php 第 105 行.
NOTIC: [2] Missing argument 2 for timestamp_to_timeline(), called in D:\Program Files\PHPStudy\WWW\powerone\Base\Runtime\Cache\Home\9addb1f73dbdde7b1052d3156ece9eb1.php on line 77 and defined D:\Program Files\PHPStudy\WWW\powerone\Base\Common\Common\function.php 第 104 行.
NOTIC: [8] Undefined variable: type D:\Program Files\PHPStudy\WWW\powerone\Base\Common\Common\function.php 第 105 行.
NOTIC: [2] Missing argument 2 for timestamp_to_timeline(), called in D:\Program Files\PHPStudy\WWW\powerone\Base\Runtime\Cache\Home\9addb1f73dbdde7b1052d3156ece9eb1.php on line 95 and defined D:\Program Files\PHPStudy\WWW\powerone\Base\Common\Common\function.php 第 104 行.
NOTIC: [8] Undefined variable: type D:\Program Files\PHPStudy\WWW\powerone\Base\Common\Common\function.php 第 105 行.
NOTIC: [2] Missing argument 2 for timestamp_to_timeline(), called in D:\Program Files\PHPStudy\WWW\powerone\Base\Runtime\Cache\Home\9addb1f73dbdde7b1052d3156ece9eb1.php on line 95 and defined D:\Program Files\PHPStudy\WWW\powerone\Base\Common\Common\function.php 第 104 行.
NOTIC: [8] Undefined variable: type D:\Program Files\PHPStudy\WWW\powerone\Base\Common\Common\function.php 第 105 行.
NOTIC: [2] Missing argument 2 for timestamp_to_timeline(), called in D:\Program Files\PHPStudy\WWW\powerone\Base\Runtime\Cache\Home\9addb1f73dbdde7b1052d3156ece9eb1.php on line 95 and defined D:\Program Files\PHPStudy\WWW\powerone\Base\Common\Common\function.php 第 104 行.
NOTIC: [8] Undefined variable: type D:\Program Files\PHPStudy\WWW\powerone\Base\Common\Common\function.php 第 105 行.
NOTIC: [2] Missing argument 2 for timestamp_to_timeline(), called in D:\Program Files\PHPStudy\WWW\powerone\Base\Runtime\Cache\Home\9addb1f73dbdde7b1052d3156ece9eb1.php on line 95 and defined D:\Program Files\PHPStudy\WWW\powerone\Base\Common\Common\function.php 第 104 行.
NOTIC: [8] Undefined variable: type D:\Program Files\PHPStudy\WWW\powerone\Base\Common\Common\function.php 第 105 行.
NOTIC: [2] Missing argument 2 for timestamp_to_timeline(), called in D:\Program Files\PHPStudy\WWW\powerone\Base\Runtime\Cache\Home\9addb1f73dbdde7b1052d3156ece9eb1.php on line 95 and defined D:\Program Files\PHPStudy\WWW\powerone\Base\Common\Common\function.php 第 104 行.
NOTIC: [8] Undefined variable: type D:\Program Files\PHPStudy\WWW\powerone\Base\Common\Common\function.php 第 105 行.
NOTIC: [2] Missing argument 2 for timestamp_to_timeline(), called in D:\Program Files\PHPStudy\WWW\powerone\Base\Runtime\Cache\Home\9addb1f73dbdde7b1052d3156ece9eb1.php on line 95 and defined D:\Program Files\PHPStudy\WWW\powerone\Base\Common\Common\function.php 第 104 行.
NOTIC: [8] Undefined variable: type D:\Program Files\PHPStudy\WWW\powerone\Base\Common\Common\function.php 第 105 行.
NOTIC: [2] Missing argument 2 for timestamp_to_timeline(), called in D:\Program Files\PHPStudy\WWW\powerone\Base\Runtime\Cache\Home\9addb1f73dbdde7b1052d3156ece9eb1.php on line 95 and defined D:\Program Files\PHPStudy\WWW\powerone\Base\Common\Common\function.php 第 104 行.
NOTIC: [8] Undefined variable: type D:\Program Files\PHPStudy\WWW\powerone\Base\Common\Common\function.php 第 105 行.
NOTIC: [2] Missing argument 2 for timestamp_to_timeline(), called in D:\Program Files\PHPStudy\WWW\powerone\Base\Runtime\Cache\Home\9addb1f73dbdde7b1052d3156ece9eb1.php on line 113 and defined D:\Program Files\PHPStudy\WWW\powerone\Base\Common\Common\function.php 第 104 行.
NOTIC: [8] Undefined variable: type D:\Program Files\PHPStudy\WWW\powerone\Base\Common\Common\function.php 第 105 行.
NOTIC: [2] Missing argument 2 for timestamp_to_timeline(), called in D:\Program Files\PHPStudy\WWW\powerone\Base\Runtime\Cache\Home\9addb1f73dbdde7b1052d3156ece9eb1.php on line 113 and defined D:\Program Files\PHPStudy\WWW\powerone\Base\Common\Common\function.php 第 104 行.
NOTIC: [8] Undefined variable: type D:\Program Files\PHPStudy\WWW\powerone\Base\Common\Common\function.php 第 105 行.
INFO: Run Behavior\ParseTemplateBehavior [ RunTime:0.031250s ]
INFO: [ view_parse ] --END-- [ RunTime:0.031250s ]
INFO: [ view_filter ] --START--
INFO: Run Behavior\WriteHtmlCacheBehavior [ RunTime:0.000000s ]
INFO: [ view_filter ] --END-- [ RunTime:0.000000s ]
INFO: [ app_end ] --START--
INFO: Run Behavior\ShowPageTraceBehavior [ RunTime:0.000000s ]
INFO: [ app_end ] --END-- [ RunTime:0.000000s ]

[ 2016-04-19T23:55:43+08:00 ] 127.0.0.1 /powerone/Public/img/bg1.png
INFO: [ app_init ] --START--
INFO: Run Behavior\BuildLiteBehavior [ RunTime:0.000000s ]
INFO: [ app_init ] --END-- [ RunTime:0.000000s ]

[ 2016-04-19T23:58:57+08:00 ] 127.0.0.1 /powerone/
INFO: [ app_init ] --START--
INFO: Run Behavior\BuildLiteBehavior [ RunTime:0.000000s ]
INFO: [ app_init ] --END-- [ RunTime:0.000000s ]
INFO: [ app_begin ] --START--
INFO: Run Behavior\ReadHtmlCacheBehavior [ RunTime:0.000000s ]
INFO: [ app_begin ] --END-- [ RunTime:0.000000s ]
SQL: SHOW COLUMNS FROM `base_user` [ RunTime:0.0000s ]
SQL: SELECT * FROM `base_user` WHERE `us_last_ip` = '127.0.0.1' ORDER BY us_last_time desc LIMIT 1   [ RunTime:0.0000s ]
SQL: UPDATE `base_user` SET `us_login_sum`=us_login_sum+1 WHERE `us_last_ip` = '127.0.0.1' [ RunTime:0.0000s ]
NOTIC: [8] Undefined variable: parameter D:\Program Files\PHPStudy\WWW\powerone\Base\Home\Common\function.php 第 73 行.
NOTIC: [8] Undefined variable: return D:\Program Files\PHPStudy\WWW\powerone\Base\Home\Common\function.php 第 76 行.
SQL: SHOW COLUMNS FROM `base_notice` [ RunTime:0.0000s ]
SQL: SELECT * FROM `base_notice` WHERE ( no_type=2 ) ORDER BY no_time desc LIMIT 1   [ RunTime:0.0000s ]
SQL: SHOW COLUMNS FROM `base_article` [ RunTime:0.0000s ]
SQL: SELECT `ar_id`,`ar_title` FROM `base_article` WHERE `ar_state` = 1 ORDER BY ar_hits desc LIMIT 9   [ RunTime:0.0156s ]
SQL: SELECT `ar_id`,`ar_title` FROM `base_article` WHERE `ar_state` = 1 ORDER BY ar_time desc LIMIT 9   [ RunTime:0.0000s ]
SQL: SELECT `ar_id`,`ar_title` FROM `base_article` WHERE `ar_state` = 1 AND `ar_position` IN ('1','3') ORDER BY ar_time desc LIMIT 9   [ RunTime:0.0000s ]
SQL: SHOW COLUMNS FROM `base_link` [ RunTime:0.0000s ]
SQL: SELECT `li_url`,`li_title` FROM `base_link` WHERE ( li_state=1 ) ORDER BY li_time asc  [ RunTime:0.0000s ]
SQL: SELECT * FROM `base_notice` WHERE ( no_type=3 ) ORDER BY no_time desc  [ RunTime:0.0000s ]
SQL: SHOW COLUMNS FROM `base_Articleclass` [ RunTime:0.0156s ]
SQL: SELECT `ar_parent` FROM `base_Articleclass` WHERE `ar_class` = 1 LIMIT 1   [ RunTime:0.0000s ]
SQL: SELECT `ar_class` FROM `base_Articleclass` WHERE `ar_parent` = 1  [ RunTime:0.0000s ]
ERR: 1146:Table 'common.base_article' doesn't exist
 [ SQL语句 ] : SHOW COLUMNS FROM `Common`.`base_article`
ERR: 1146:Table 'common.base_article' doesn't exist
 [ SQL语句 ] : SHOW COLUMNS FROM `Common`.`base_article`

[ 2016-04-19T23:59:09+08:00 ] 127.0.0.1 /powerone/
INFO: [ app_init ] --START--
INFO: Run Behavior\BuildLiteBehavior [ RunTime:0.000000s ]
INFO: [ app_init ] --END-- [ RunTime:0.000000s ]
INFO: [ app_begin ] --START--
INFO: Run Behavior\ReadHtmlCacheBehavior [ RunTime:0.000000s ]
INFO: [ app_begin ] --END-- [ RunTime:0.000000s ]
NOTIC: [8] Undefined variable: parameter D:\Program Files\PHPStudy\WWW\powerone\Base\Home\Common\function.php 第 73 行.
NOTIC: [8] Undefined variable: return D:\Program Files\PHPStudy\WWW\powerone\Base\Home\Common\function.php 第 76 行.
SQL: SHOW COLUMNS FROM `base_notice` [ RunTime:0.0000s ]
SQL: SELECT * FROM `base_notice` WHERE ( no_type=2 ) ORDER BY no_time desc LIMIT 1   [ RunTime:0.0000s ]
SQL: SHOW COLUMNS FROM `base_article` [ RunTime:0.0156s ]
SQL: SELECT `ar_id`,`ar_title` FROM `base_article` WHERE `ar_state` = 1 ORDER BY ar_hits desc LIMIT 9   [ RunTime:0.0000s ]
SQL: SELECT `ar_id`,`ar_title` FROM `base_article` WHERE `ar_state` = 1 ORDER BY ar_time desc LIMIT 9   [ RunTime:0.0000s ]
SQL: SELECT `ar_id`,`ar_title` FROM `base_article` WHERE `ar_state` = 1 AND `ar_position` IN ('1','3') ORDER BY ar_time desc LIMIT 9   [ RunTime:0.0000s ]
SQL: SHOW COLUMNS FROM `base_link` [ RunTime:0.0156s ]
SQL: SELECT `li_url`,`li_title` FROM `base_link` WHERE ( li_state=1 ) ORDER BY li_time asc  [ RunTime:0.0000s ]
SQL: SELECT * FROM `base_notice` WHERE ( no_type=3 ) ORDER BY no_time desc  [ RunTime:0.0000s ]
SQL: SHOW COLUMNS FROM `base_Articleclass` [ RunTime:0.0156s ]
SQL: SELECT `ar_parent` FROM `base_Articleclass` WHERE `ar_class` = 1 LIMIT 1   [ RunTime:0.0000s ]
SQL: SELECT `ar_class` FROM `base_Articleclass` WHERE `ar_parent` = 1  [ RunTime:0.0000s ]
SQL: SHOW COLUMNS FROM `base_article` [ RunTime:0.0156s ]
SQL: SELECT * FROM `base_article` WHERE `ar_class` IN (1,'5') AND `ar_state` = 1 ORDER BY ar_time desc LIMIT 0,8   [ RunTime:0.0000s ]
SQL: SELECT `ar_parent` FROM `base_Articleclass` WHERE `ar_class` = 2 LIMIT 1   [ RunTime:0.0000s ]
SQL: SELECT `ar_class` FROM `base_Articleclass` WHERE `ar_parent` = 2  [ RunTime:0.0000s ]
SQL: SELECT * FROM `base_article` WHERE `ar_class` IN (2,'3','4') AND `ar_state` = 1 ORDER BY ar_time desc LIMIT 0,8   [ RunTime:0.0000s ]
NOTIC: [8] Undefined variable: page D:\Program Files\PHPStudy\WWW\powerone\Base\Home\Controller\IndexController.class.php 第 25 行.
NOTIC: [8] Trying to get property of non-object D:\Program Files\PHPStudy\WWW\powerone\Base\Home\Controller\IndexController.class.php 第 25 行.
NOTIC: [8] Undefined variable: page D:\Program Files\PHPStudy\WWW\powerone\Base\Home\Controller\IndexController.class.php 第 25 行.
NOTIC: [8] Trying to get property of non-object D:\Program Files\PHPStudy\WWW\powerone\Base\Home\Controller\IndexController.class.php 第 25 行.
SQL: SELECT * FROM `base_notice` WHERE ( no_type=1 ) ORDER BY no_time desc  [ RunTime:0.0000s ]
SQL: SHOW COLUMNS FROM `base_useradmin` [ RunTime:0.0156s ]
SQL: SELECT * FROM `base_useradmin` WHERE ( ad_id=1 ) LIMIT 1   [ RunTime:0.0000s ]
SQL: SELECT * FROM `base_useradmin` WHERE ( ad_id=1 ) LIMIT 1   [ RunTime:0.0000s ]
SQL: SELECT * FROM `base_useradmin` WHERE ( ad_id=1 ) LIMIT 1   [ RunTime:0.0000s ]
INFO: [ view_parse ] --START--
INFO: [ template_filter ] --START--
INFO: Run Behavior\ContentReplaceBehavior [ RunTime:0.000000s ]
INFO: [ template_filter ] --END-- [ RunTime:0.000000s ]
NOTIC: [8] Undefined index: site_name_suffix D:\Program Files\PHPStudy\WWW\powerone\Base\Runtime\Cache\Home\9addb1f73dbdde7b1052d3156ece9eb1.php 第 7 行.
NOTIC: [8] Undefined index: site_keywords D:\Program Files\PHPStudy\WWW\powerone\Base\Runtime\Cache\Home\9addb1f73dbdde7b1052d3156ece9eb1.php 第 8 行.
NOTIC: [8] Undefined index: site_description D:\Program Files\PHPStudy\WWW\powerone\Base\Runtime\Cache\Home\9addb1f73dbdde7b1052d3156ece9eb1.php 第 9 行.
NOTIC: [8] Undefined index: site_version D:\Program Files\PHPStudy\WWW\powerone\Base\Runtime\Cache\Home\9addb1f73dbdde7b1052d3156ece9eb1.php 第 10 行.
NOTIC: [8] Undefined index: site_author D:\Program Files\PHPStudy\WWW\powerone\Base\Runtime\Cache\Home\9addb1f73dbdde7b1052d3156ece9eb1.php 第 11 行.
NOTIC: [8] Undefined index: mood D:\Program Files\PHPStudy\WWW\powerone\Base\Runtime\Cache\Home\9addb1f73dbdde7b1052d3156ece9eb1.php 第 31 行.
NOTIC: [8] Undefined index: articles D:\Program Files\PHPStudy\WWW\powerone\Base\Runtime\Cache\Home\9addb1f73dbdde7b1052d3156ece9eb1.php 第 32 行.
NOTIC: [8] Undefined index: 2 D:\Program Files\PHPStudy\WWW\powerone\Base\Runtime\Cache\Home\9addb1f73dbdde7b1052d3156ece9eb1.php 第 33 行.
NOTIC: [8] Undefined index:  D:\Program Files\PHPStudy\WWW\powerone\Base\Runtime\Cache\Home\9addb1f73dbdde7b1052d3156ece9eb1.php 第 34 行.
NOTIC: [2] Missing argument 2 for timestamp_to_timeline(), called in D:\Program Files\PHPStudy\WWW\powerone\Base\Runtime\Cache\Home\9addb1f73dbdde7b1052d3156ece9eb1.php on line 77 and defined D:\Program Files\PHPStudy\WWW\powerone\Base\Common\Common\function.php 第 104 行.
NOTIC: [8] Undefined variable: type D:\Program Files\PHPStudy\WWW\powerone\Base\Common\Common\function.php 第 105 行.
NOTIC: [2] Missing argument 2 for timestamp_to_timeline(), called in D:\Program Files\PHPStudy\WWW\powerone\Base\Runtime\Cache\Home\9addb1f73dbdde7b1052d3156ece9eb1.php on line 77 and defined D:\Program Files\PHPStudy\WWW\powerone\Base\Common\Common\function.php 第 104 行.
NOTIC: [8] Undefined variable: type D:\Program Files\PHPStudy\WWW\powerone\Base\Common\Common\function.php 第 105 行.
NOTIC: [2] Missing argument 2 for timestamp_to_timeline(), called in D:\Program Files\PHPStudy\WWW\powerone\Base\Runtime\Cache\Home\9addb1f73dbdde7b1052d3156ece9eb1.php on line 77 and defined D:\Program Files\PHPStudy\WWW\powerone\Base\Common\Common\function.php 第 104 行.
NOTIC: [8] Undefined variable: type D:\Program Files\PHPStudy\WWW\powerone\Base\Common\Common\function.php 第 105 行.
NOTIC: [2] Missing argument 2 for timestamp_to_timeline(), called in D:\Program Files\PHPStudy\WWW\powerone\Base\Runtime\Cache\Home\9addb1f73dbdde7b1052d3156ece9eb1.php on line 95 and defined D:\Program Files\PHPStudy\WWW\powerone\Base\Common\Common\function.php 第 104 行.
NOTIC: [8] Undefined variable: type D:\Program Files\PHPStudy\WWW\powerone\Base\Common\Common\function.php 第 105 行.
NOTIC: [2] Missing argument 2 for timestamp_to_timeline(), called in D:\Program Files\PHPStudy\WWW\powerone\Base\Runtime\Cache\Home\9addb1f73dbdde7b1052d3156ece9eb1.php on line 95 and defined D:\Program Files\PHPStudy\WWW\powerone\Base\Common\Common\function.php 第 104 行.
NOTIC: [8] Undefined variable: type D:\Program Files\PHPStudy\WWW\powerone\Base\Common\Common\function.php 第 105 行.
NOTIC: [2] Missing argument 2 for timestamp_to_timeline(), called in D:\Program Files\PHPStudy\WWW\powerone\Base\Runtime\Cache\Home\9addb1f73dbdde7b1052d3156ece9eb1.php on line 95 and defined D:\Program Files\PHPStudy\WWW\powerone\Base\Common\Common\function.php 第 104 行.
NOTIC: [8] Undefined variable: type D:\Program Files\PHPStudy\WWW\powerone\Base\Common\Common\function.php 第 105 行.
NOTIC: [2] Missing argument 2 for timestamp_to_timeline(), called in D:\Program Files\PHPStudy\WWW\powerone\Base\Runtime\Cache\Home\9addb1f73dbdde7b1052d3156ece9eb1.php on line 95 and defined D:\Program Files\PHPStudy\WWW\powerone\Base\Common\Common\function.php 第 104 行.
NOTIC: [8] Undefined variable: type D:\Program Files\PHPStudy\WWW\powerone\Base\Common\Common\function.php 第 105 行.
NOTIC: [2] Missing argument 2 for timestamp_to_timeline(), called in D:\Program Files\PHPStudy\WWW\powerone\Base\Runtime\Cache\Home\9addb1f73dbdde7b1052d3156ece9eb1.php on line 95 and defined D:\Program Files\PHPStudy\WWW\powerone\Base\Common\Common\function.php 第 104 行.
NOTIC: [8] Undefined variable: type D:\Program Files\PHPStudy\WWW\powerone\Base\Common\Common\function.php 第 105 行.
NOTIC: [2] Missing argument 2 for timestamp_to_timeline(), called in D:\Program Files\PHPStudy\WWW\powerone\Base\Runtime\Cache\Home\9addb1f73dbdde7b1052d3156ece9eb1.php on line 95 and defined D:\Program Files\PHPStudy\WWW\powerone\Base\Common\Common\function.php 第 104 行.
NOTIC: [8] Undefined variable: type D:\Program Files\PHPStudy\WWW\powerone\Base\Common\Common\function.php 第 105 行.
NOTIC: [2] Missing argument 2 for timestamp_to_timeline(), called in D:\Program Files\PHPStudy\WWW\powerone\Base\Runtime\Cache\Home\9addb1f73dbdde7b1052d3156ece9eb1.php on line 95 and defined D:\Program Files\PHPStudy\WWW\powerone\Base\Common\Common\function.php 第 104 行.
NOTIC: [8] Undefined variable: type D:\Program Files\PHPStudy\WWW\powerone\Base\Common\Common\function.php 第 105 行.
NOTIC: [2] Missing argument 2 for timestamp_to_timeline(), called in D:\Program Files\PHPStudy\WWW\powerone\Base\Runtime\Cache\Home\9addb1f73dbdde7b1052d3156ece9eb1.php on line 113 and defined D:\Program Files\PHPStudy\WWW\powerone\Base\Common\Common\function.php 第 104 行.
NOTIC: [8] Undefined variable: type D:\Program Files\PHPStudy\WWW\powerone\Base\Common\Common\function.php 第 105 行.
NOTIC: [2] Missing argument 2 for timestamp_to_timeline(), called in D:\Program Files\PHPStudy\WWW\powerone\Base\Runtime\Cache\Home\9addb1f73dbdde7b1052d3156ece9eb1.php on line 113 and defined D:\Program Files\PHPStudy\WWW\powerone\Base\Common\Common\function.php 第 104 行.
NOTIC: [8] Undefined variable: type D:\Program Files\PHPStudy\WWW\powerone\Base\Common\Common\function.php 第 105 行.
INFO: Run Behavior\ParseTemplateBehavior [ RunTime:0.046875s ]
INFO: [ view_parse ] --END-- [ RunTime:0.046875s ]
INFO: [ view_filter ] --START--
INFO: Run Behavior\WriteHtmlCacheBehavior [ RunTime:0.000000s ]
INFO: [ view_filter ] --END-- [ RunTime:0.000000s ]
INFO: [ app_end ] --START--
INFO: Run Behavior\ShowPageTraceBehavior [ RunTime:0.015625s ]
INFO: [ app_end ] --END-- [ RunTime:0.015625s ]

[ 2016-04-19T23:59:09+08:00 ] 127.0.0.1 /powerone/Public/img/bg1.png
INFO: [ app_init ] --START--
INFO: Run Behavior\BuildLiteBehavior [ RunTime:0.000000s ]
INFO: [ app_init ] --END-- [ RunTime:0.000000s ]

[ 2016-04-19T23:59:17+08:00 ] 127.0.0.1 /powerone/
INFO: [ app_init ] --START--
INFO: Run Behavior\BuildLiteBehavior [ RunTime:0.000000s ]
INFO: [ app_init ] --END-- [ RunTime:0.000000s ]
INFO: [ app_begin ] --START--
INFO: Run Behavior\ReadHtmlCacheBehavior [ RunTime:0.000000s ]
INFO: [ app_begin ] --END-- [ RunTime:0.000000s ]
NOTIC: [8] Undefined variable: parameter D:\Program Files\PHPStudy\WWW\powerone\Base\Home\Common\function.php 第 73 行.
NOTIC: [8] Undefined variable: return D:\Program Files\PHPStudy\WWW\powerone\Base\Home\Common\function.php 第 76 行.
SQL: SHOW COLUMNS FROM `base_notice` [ RunTime:0.0000s ]
SQL: SELECT * FROM `base_notice` WHERE ( no_type=2 ) ORDER BY no_time desc LIMIT 1   [ RunTime:0.0000s ]
SQL: SHOW COLUMNS FROM `base_article` [ RunTime:0.0156s ]
SQL: SELECT `ar_id`,`ar_title` FROM `base_article` WHERE `ar_state` = 1 ORDER BY ar_hits desc LIMIT 9   [ RunTime:0.0000s ]
SQL: SELECT `ar_id`,`ar_title` FROM `base_article` WHERE `ar_state` = 1 ORDER BY ar_time desc LIMIT 9   [ RunTime:0.0000s ]
SQL: SELECT `ar_id`,`ar_title` FROM `base_article` WHERE `ar_state` = 1 AND `ar_position` IN ('1','3') ORDER BY ar_time desc LIMIT 9   [ RunTime:0.0000s ]
SQL: SHOW COLUMNS FROM `base_link` [ RunTime:0.0156s ]
SQL: SELECT `li_url`,`li_title` FROM `base_link` WHERE ( li_state=1 ) ORDER BY li_time asc  [ RunTime:0.0000s ]
SQL: SELECT * FROM `base_notice` WHERE ( no_type=3 ) ORDER BY no_time desc  [ RunTime:0.0000s ]
SQL: SHOW COLUMNS FROM `base_Articleclass` [ RunTime:0.0000s ]
SQL: SELECT `ar_parent` FROM `base_Articleclass` WHERE `ar_class` = 1 LIMIT 1   [ RunTime:0.0000s ]
SQL: SELECT `ar_class` FROM `base_Articleclass` WHERE `ar_parent` = 1  [ RunTime:0.0000s ]
ERR: 1146:Table 'common.base_article' doesn't exist
 [ SQL语句 ] : SHOW COLUMNS FROM `Common`.`base_article`
ERR: 1146:Table 'common.base_article' doesn't exist
 [ SQL语句 ] : SHOW COLUMNS FROM `Common`.`base_article`

